[2025-05-21T14:01:13.839+0000] {local_task_job_runner.py:123} INFO - ::group::Pre task execution logs
[2025-05-21T14:01:13.858+0000] {taskinstance.py:2613} INFO - Dependencies all met for dep_context=non-requeueable deps ti=<TaskInstance: 04_transform_data.run_dbt manual__2025-05-21T14:01:11.823629+00:00 [queued]>
[2025-05-21T14:01:13.867+0000] {taskinstance.py:2613} INFO - Dependencies all met for dep_context=requeueable deps ti=<TaskInstance: 04_transform_data.run_dbt manual__2025-05-21T14:01:11.823629+00:00 [queued]>
[2025-05-21T14:01:13.868+0000] {taskinstance.py:2866} INFO - Starting attempt 1 of 1
[2025-05-21T14:01:13.888+0000] {taskinstance.py:2889} INFO - Executing <Task(PythonOperator): run_dbt> on 2025-05-21 14:01:11.823629+00:00
[2025-05-21T14:01:13.894+0000] {standard_task_runner.py:72} INFO - Started process 1083 to run task
[2025-05-21T14:01:13.898+0000] {standard_task_runner.py:104} INFO - Running: ['***', 'tasks', 'run', '04_transform_data', 'run_dbt', 'manual__2025-05-21T14:01:11.823629+00:00', '--job-id', '85', '--raw', '--subdir', 'DAGS_FOLDER/04_transform_data.py', '--cfg-path', '/tmp/tmpan99ndb7']
[2025-05-21T14:01:13.900+0000] {standard_task_runner.py:105} INFO - Job 85: Subtask run_dbt
[2025-05-21T14:01:13.962+0000] {task_command.py:467} INFO - Running <TaskInstance: 04_transform_data.run_dbt manual__2025-05-21T14:01:11.823629+00:00 [running]> on host e27e96d1841a
[2025-05-21T14:01:14.057+0000] {taskinstance.py:3132} INFO - Exporting env vars: AIRFLOW_CTX_DAG_OWNER='***' AIRFLOW_CTX_DAG_ID='04_transform_data' AIRFLOW_CTX_TASK_ID='run_dbt' AIRFLOW_CTX_EXECUTION_DATE='2025-05-21T14:01:11.823629+00:00' AIRFLOW_CTX_TRY_NUMBER='1' AIRFLOW_CTX_DAG_RUN_ID='manual__2025-05-21T14:01:11.823629+00:00'
[2025-05-21T14:01:14.059+0000] {taskinstance.py:731} INFO - ::endgroup::
[2025-05-21T14:01:16.122+0000] {logging_mixin.py:190} INFO - 14:01:16  Running with dbt=1.9.4
[2025-05-21T14:01:16.501+0000] {logging_mixin.py:190} INFO - 14:01:16  Registered adapter: postgres=1.9.0
[2025-05-21T14:01:17.786+0000] {logging_mixin.py:190} INFO - 14:01:17  [WARNING]: Configuration paths exist in your dbt_project.yml file which do not apply to any resources.
There are 1 unused configuration paths:
- models.e_commerce_sales.example
[2025-05-21T14:01:17.976+0000] {logging_mixin.py:190} INFO - 14:01:17  Found 8 models, 12 sources, 433 macros
[2025-05-21T14:01:17.983+0000] {logging_mixin.py:190} INFO - 14:01:17
[2025-05-21T14:01:17.986+0000] {logging_mixin.py:190} INFO - 14:01:17  Concurrency: 4 threads (target='dev')
[2025-05-21T14:01:17.988+0000] {logging_mixin.py:190} INFO - 14:01:17
[2025-05-21T14:01:18.141+0000] {logging_mixin.py:190} INFO - 14:01:18  1 of 8 START sql incremental model sales.mercadolivre_orders_results ........... [RUN]
[2025-05-21T14:01:18.144+0000] {logging_mixin.py:190} INFO - 14:01:18  2 of 8 START sql incremental model sales.shopee_new_id ......................... [RUN]
[2025-05-21T14:01:18.547+0000] {logging_mixin.py:190} INFO - 14:01:18  2 of 8 OK created sql incremental model sales.shopee_new_id .................... [MERGE 0 in 0.39s]
[2025-05-21T14:01:18.550+0000] {logging_mixin.py:190} INFO - 14:01:18  1 of 8 OK created sql incremental model sales.mercadolivre_orders_results ...... [MERGE 255 in 0.40s]
[2025-05-21T14:01:18.556+0000] {logging_mixin.py:190} INFO - 14:01:18  3 of 8 START sql incremental model sales.shopee_orders_results ................. [RUN]
[2025-05-21T14:01:18.559+0000] {logging_mixin.py:190} INFO - 14:01:18  4 of 8 START sql incremental model sales.mercadolivre_profits .................. [RUN]
[2025-05-21T14:01:18.759+0000] {logging_mixin.py:190} INFO - 14:01:18  3 of 8 OK created sql incremental model sales.shopee_orders_results ............ [MERGE 0 in 0.19s]
[2025-05-21T14:01:18.768+0000] {logging_mixin.py:190} INFO - 14:01:18  5 of 8 START sql incremental model sales.dim_shopee_buyer_id ................... [RUN]
[2025-05-21T14:01:18.770+0000] {logging_mixin.py:190} INFO - 14:01:18  6 of 8 START sql incremental model sales.dim_shopee_orders ..................... [RUN]
[2025-05-21T14:01:18.774+0000] {logging_mixin.py:190} INFO - 14:01:18  7 of 8 START sql incremental model sales.dim_shopee_orders_status .............. [RUN]
[2025-05-21T14:01:18.782+0000] {logging_mixin.py:190} INFO - 14:01:18  4 of 8 OK created sql incremental model sales.mercadolivre_profits ............. [MERGE 250 in 0.21s]
[2025-05-21T14:01:18.816+0000] {logging_mixin.py:190} INFO - 14:01:18  8 of 8 START sql incremental model sales.dim_shopee_product .................... [RUN]
[2025-05-21T14:01:18.908+0000] {logging_mixin.py:190} INFO - 14:01:18  5 of 8 ERROR creating sql incremental model sales.dim_shopee_buyer_id .......... [ERROR in 0.13s]
[2025-05-21T14:01:18.940+0000] {logging_mixin.py:190} INFO - 14:01:18  7 of 8 ERROR creating sql incremental model sales.dim_shopee_orders_status ..... [ERROR in 0.15s]
[2025-05-21T14:01:19.017+0000] {logging_mixin.py:190} INFO - 14:01:19  6 of 8 OK created sql incremental model sales.dim_shopee_orders ................ [MERGE 0 in 0.23s]
[2025-05-21T14:01:19.028+0000] {logging_mixin.py:190} INFO - 14:01:19  8 of 8 OK created sql incremental model sales.dim_shopee_product ............... [MERGE 0 in 0.18s]
[2025-05-21T14:01:19.052+0000] {logging_mixin.py:190} INFO - 14:01:19
[2025-05-21T14:01:19.054+0000] {logging_mixin.py:190} INFO - 14:01:19  Finished running 8 incremental models in 0 hours 0 minutes and 1.06 seconds (1.06s).
[2025-05-21T14:01:19.129+0000] {logging_mixin.py:190} INFO - 14:01:19
[2025-05-21T14:01:19.131+0000] {logging_mixin.py:190} INFO - 14:01:19  Completed with 2 errors, 0 partial successes, and 0 warnings:
[2025-05-21T14:01:19.133+0000] {logging_mixin.py:190} INFO - 14:01:19
[2025-05-21T14:01:19.135+0000] {logging_mixin.py:190} INFO - 14:01:19    Database Error in model dim_shopee_buyer_id (models/core/dim_shopee_buyer_id.sql)
  aggregate functions are not allowed in WHERE
  LINE 31: ...        WHERE stg_shopee.load_timestamp > (SELECT MAX(ld_tim...
                                                                ^
[2025-05-21T14:01:19.136+0000] {logging_mixin.py:190} INFO - 14:01:19
[2025-05-21T14:01:19.138+0000] {logging_mixin.py:190} INFO - 14:01:19    Database Error in model dim_shopee_orders_status (models/core/dim_shopee_orders_status.sql)
  syntax error at or near "AS"
  LINE 35:     LEFT JOIN AS delivery_data
                         ^
  compiled code at target/run/e_commerce_sales/models/core/dim_shopee_orders_status.sql
[2025-05-21T14:01:19.140+0000] {logging_mixin.py:190} INFO - 14:01:19
[2025-05-21T14:01:19.142+0000] {logging_mixin.py:190} INFO - 14:01:19  Done. PASS=6 WARN=0 ERROR=2 SKIP=0 TOTAL=8
[2025-05-21T14:01:20.498+0000] {logging_mixin.py:190} INFO - dbt run failed!
[2025-05-21T14:01:20.499+0000] {logging_mixin.py:190} INFO - None
[2025-05-21T14:01:20.501+0000] {taskinstance.py:3311} ERROR - Task failed with exception
Traceback (most recent call last):
  File "/home/airflow/.local/lib/python3.9/site-packages/airflow/models/taskinstance.py", line 767, in _execute_task
    result = _execute_callable(context=context, **execute_callable_kwargs)
  File "/home/airflow/.local/lib/python3.9/site-packages/airflow/models/taskinstance.py", line 733, in _execute_callable
    return ExecutionCallableRunner(
  File "/home/airflow/.local/lib/python3.9/site-packages/airflow/utils/operator_helpers.py", line 252, in run
    return self.func(*args, **kwargs)
  File "/home/airflow/.local/lib/python3.9/site-packages/airflow/models/baseoperator.py", line 422, in wrapper
    return func(self, *args, **kwargs)
  File "/home/airflow/.local/lib/python3.9/site-packages/airflow/operators/python.py", line 238, in execute
    return_value = self.execute_callable()
  File "/home/airflow/.local/lib/python3.9/site-packages/airflow/operators/python.py", line 256, in execute_callable
    return runner.run(*self.op_args, **self.op_kwargs)
  File "/home/airflow/.local/lib/python3.9/site-packages/airflow/utils/operator_helpers.py", line 252, in run
    return self.func(*args, **kwargs)
  File "/opt/airflow/dbt/run_dbt.py", line 22, in transform_data
    raise RuntimeError("dbt run failed")
RuntimeError: dbt run failed
[2025-05-21T14:01:20.513+0000] {taskinstance.py:1225} INFO - Marking task as FAILED. dag_id=04_transform_data, task_id=run_dbt, run_id=manual__2025-05-21T14:01:11.823629+00:00, execution_date=20250521T140111, start_date=20250521T140113, end_date=20250521T140120
[2025-05-21T14:01:20.525+0000] {taskinstance.py:340} INFO - ::group::Post task execution logs
[2025-05-21T14:01:20.527+0000] {standard_task_runner.py:124} ERROR - Failed to execute job 85 for task run_dbt (dbt run failed; 1083)
Traceback (most recent call last):
  File "/home/airflow/.local/lib/python3.9/site-packages/airflow/task/task_runner/standard_task_runner.py", line 117, in _start_by_fork
    ret = args.func(args, dag=self.dag)
  File "/home/airflow/.local/lib/python3.9/site-packages/airflow/cli/cli_config.py", line 49, in command
    return func(*args, **kwargs)
  File "/home/airflow/.local/lib/python3.9/site-packages/airflow/utils/cli.py", line 116, in wrapper
    return f(*args, **kwargs)
  File "/home/airflow/.local/lib/python3.9/site-packages/airflow/cli/commands/task_command.py", line 483, in task_run
    task_return_code = _run_task_by_selected_method(args, _dag, ti)
  File "/home/airflow/.local/lib/python3.9/site-packages/airflow/cli/commands/task_command.py", line 256, in _run_task_by_selected_method
    return _run_raw_task(args, ti)
  File "/home/airflow/.local/lib/python3.9/site-packages/airflow/cli/commands/task_command.py", line 341, in _run_raw_task
    return ti._run_raw_task(
  File "/home/airflow/.local/lib/python3.9/site-packages/airflow/utils/session.py", line 97, in wrapper
    return func(*args, session=session, **kwargs)
  File "/home/airflow/.local/lib/python3.9/site-packages/airflow/models/taskinstance.py", line 3005, in _run_raw_task
    return _run_raw_task(
  File "/home/airflow/.local/lib/python3.9/site-packages/airflow/models/taskinstance.py", line 273, in _run_raw_task
    TaskInstance._execute_task_with_callbacks(
  File "/home/airflow/.local/lib/python3.9/site-packages/airflow/models/taskinstance.py", line 3159, in _execute_task_with_callbacks
    result = self._execute_task(context, task_orig)
  File "/home/airflow/.local/lib/python3.9/site-packages/airflow/models/taskinstance.py", line 3183, in _execute_task
    return _execute_task(self, context, task_orig)
  File "/home/airflow/.local/lib/python3.9/site-packages/airflow/models/taskinstance.py", line 767, in _execute_task
    result = _execute_callable(context=context, **execute_callable_kwargs)
  File "/home/airflow/.local/lib/python3.9/site-packages/airflow/models/taskinstance.py", line 733, in _execute_callable
    return ExecutionCallableRunner(
  File "/home/airflow/.local/lib/python3.9/site-packages/airflow/utils/operator_helpers.py", line 252, in run
    return self.func(*args, **kwargs)
  File "/home/airflow/.local/lib/python3.9/site-packages/airflow/models/baseoperator.py", line 422, in wrapper
    return func(self, *args, **kwargs)
  File "/home/airflow/.local/lib/python3.9/site-packages/airflow/operators/python.py", line 238, in execute
    return_value = self.execute_callable()
  File "/home/airflow/.local/lib/python3.9/site-packages/airflow/operators/python.py", line 256, in execute_callable
    return runner.run(*self.op_args, **self.op_kwargs)
  File "/home/airflow/.local/lib/python3.9/site-packages/airflow/utils/operator_helpers.py", line 252, in run
    return self.func(*args, **kwargs)
  File "/opt/airflow/dbt/run_dbt.py", line 22, in transform_data
    raise RuntimeError("dbt run failed")
RuntimeError: dbt run failed
[2025-05-21T14:01:20.552+0000] {local_task_job_runner.py:266} INFO - Task exited with return code 1
[2025-05-21T14:01:20.570+0000] {taskinstance.py:3895} INFO - 0 downstream tasks scheduled from follow-on schedule check
[2025-05-21T14:01:20.573+0000] {local_task_job_runner.py:245} INFO - ::endgroup::
