[2025-05-21T20:24:27.990+0000] {local_task_job_runner.py:123} INFO - ::group::Pre task execution logs
[2025-05-21T20:24:28.018+0000] {taskinstance.py:2613} INFO - Dependencies all met for dep_context=non-requeueable deps ti=<TaskInstance: 04_transform_data.run_dbt manual__2025-05-21T20:24:27.302771+00:00 [queued]>
[2025-05-21T20:24:28.032+0000] {taskinstance.py:2613} INFO - Dependencies all met for dep_context=requeueable deps ti=<TaskInstance: 04_transform_data.run_dbt manual__2025-05-21T20:24:27.302771+00:00 [queued]>
[2025-05-21T20:24:28.034+0000] {taskinstance.py:2866} INFO - Starting attempt 1 of 1
[2025-05-21T20:24:28.052+0000] {taskinstance.py:2889} INFO - Executing <Task(PythonOperator): run_dbt> on 2025-05-21 20:24:27.302771+00:00
[2025-05-21T20:24:28.058+0000] {standard_task_runner.py:72} INFO - Started process 5015 to run task
[2025-05-21T20:24:28.063+0000] {standard_task_runner.py:104} INFO - Running: ['***', 'tasks', 'run', '04_transform_data', 'run_dbt', 'manual__2025-05-21T20:24:27.302771+00:00', '--job-id', '125', '--raw', '--subdir', 'DAGS_FOLDER/04_transform_data.py', '--cfg-path', '/tmp/tmprq8rz0wv']
[2025-05-21T20:24:28.067+0000] {standard_task_runner.py:105} INFO - Job 125: Subtask run_dbt
[2025-05-21T20:24:28.132+0000] {task_command.py:467} INFO - Running <TaskInstance: 04_transform_data.run_dbt manual__2025-05-21T20:24:27.302771+00:00 [running]> on host e27e96d1841a
[2025-05-21T20:24:28.222+0000] {taskinstance.py:3132} INFO - Exporting env vars: AIRFLOW_CTX_DAG_OWNER='***' AIRFLOW_CTX_DAG_ID='04_transform_data' AIRFLOW_CTX_TASK_ID='run_dbt' AIRFLOW_CTX_EXECUTION_DATE='2025-05-21T20:24:27.302771+00:00' AIRFLOW_CTX_TRY_NUMBER='1' AIRFLOW_CTX_DAG_RUN_ID='manual__2025-05-21T20:24:27.302771+00:00'
[2025-05-21T20:24:28.224+0000] {taskinstance.py:731} INFO - ::endgroup::
[2025-05-21T20:24:29.828+0000] {logging_mixin.py:190} INFO - 20:24:29  Running with dbt=1.9.4
[2025-05-21T20:24:30.185+0000] {logging_mixin.py:190} INFO - 20:24:30  Registered adapter: postgres=1.9.0
[2025-05-21T20:24:31.376+0000] {logging_mixin.py:190} INFO - 20:24:31  [WARNING]: Configuration paths exist in your dbt_project.yml file which do not apply to any resources.
There are 1 unused configuration paths:
- models.e_commerce_sales.example
[2025-05-21T20:24:31.547+0000] {logging_mixin.py:190} INFO - 20:24:31  Found 11 models, 12 sources, 433 macros
[2025-05-21T20:24:31.552+0000] {logging_mixin.py:190} INFO - 20:24:31
[2025-05-21T20:24:31.554+0000] {logging_mixin.py:190} INFO - 20:24:31  Concurrency: 4 threads (target='dev')
[2025-05-21T20:24:31.555+0000] {logging_mixin.py:190} INFO - 20:24:31
[2025-05-21T20:24:31.690+0000] {logging_mixin.py:190} INFO - 20:24:31  1 of 11 START sql incremental model sales.mercadolivre_orders_results .......... [RUN]
[2025-05-21T20:24:31.691+0000] {logging_mixin.py:190} INFO - 20:24:31  2 of 11 START sql incremental model sales.shopee_new_id ........................ [RUN]
[2025-05-21T20:24:32.062+0000] {logging_mixin.py:190} INFO - 20:24:32  2 of 11 OK created sql incremental model sales.shopee_new_id ................... [MERGE 0 in 0.36s]
[2025-05-21T20:24:32.064+0000] {logging_mixin.py:190} INFO - 20:24:32  1 of 11 OK created sql incremental model sales.mercadolivre_orders_results ..... [MERGE 255 in 0.37s]
[2025-05-21T20:24:32.073+0000] {logging_mixin.py:190} INFO - 20:24:32  3 of 11 START sql incremental model sales.shopee_orders_results ................ [RUN]
[2025-05-21T20:24:32.075+0000] {logging_mixin.py:190} INFO - 20:24:32  4 of 11 START sql incremental model sales.dim_mercadolivre_buyer ............... [RUN]
[2025-05-21T20:24:32.077+0000] {logging_mixin.py:190} INFO - 20:24:32  5 of 11 START sql incremental model sales.dim_mercadolivre_date ................ [RUN]
[2025-05-21T20:24:32.078+0000] {logging_mixin.py:190} INFO - 20:24:32  6 of 11 START sql incremental model sales.dim_mercadolivre_product ............. [RUN]
[2025-05-21T20:24:32.359+0000] {logging_mixin.py:190} INFO - 20:24:32  4 of 11 ERROR creating sql incremental model sales.dim_mercadolivre_buyer ...... [ERROR in 0.28s]
[2025-05-21T20:24:32.362+0000] {logging_mixin.py:190} INFO - 20:24:32  5 of 11 ERROR creating sql incremental model sales.dim_mercadolivre_date ....... [ERROR in 0.28s]
[2025-05-21T20:24:32.364+0000] {logging_mixin.py:190} INFO - 20:24:32  3 of 11 OK created sql incremental model sales.shopee_orders_results ........... [MERGE 0 in 0.28s]
[2025-05-21T20:24:32.374+0000] {logging_mixin.py:190} INFO - 20:24:32  6 of 11 OK created sql incremental model sales.dim_mercadolivre_product ........ [MERGE 250 in 0.29s]
[2025-05-21T20:24:32.376+0000] {logging_mixin.py:190} INFO - 20:24:32  7 of 11 START sql incremental model sales.mercadolivre_profits ................. [RUN]
[2025-05-21T20:24:32.383+0000] {logging_mixin.py:190} INFO - 20:24:32  8 of 11 START sql incremental model sales.dim_shopee_buyer_id .................. [RUN]
[2025-05-21T20:24:32.385+0000] {logging_mixin.py:190} INFO - 20:24:32  9 of 11 START sql incremental model sales.dim_shopee_date ...................... [RUN]
[2025-05-21T20:24:32.387+0000] {logging_mixin.py:190} INFO - 20:24:32  10 of 11 START sql incremental model sales.dim_shopee_orders_status ............ [RUN]
[2025-05-21T20:24:32.651+0000] {logging_mixin.py:190} INFO - 20:24:32  7 of 11 OK created sql incremental model sales.mercadolivre_profits ............ [MERGE 250 in 0.26s]
[2025-05-21T20:24:32.658+0000] {logging_mixin.py:190} INFO - 20:24:32  8 of 11 OK created sql incremental model sales.dim_shopee_buyer_id ............. [MERGE 0 in 0.26s]
[2025-05-21T20:24:32.667+0000] {logging_mixin.py:190} INFO - 20:24:32  11 of 11 START sql incremental model sales.dim_shopee_product .................. [RUN]
[2025-05-21T20:24:32.688+0000] {logging_mixin.py:190} INFO - 20:24:32  9 of 11 OK created sql incremental model sales.dim_shopee_date ................. [MERGE 0 in 0.28s]
[2025-05-21T20:24:32.690+0000] {logging_mixin.py:190} INFO - 20:24:32  10 of 11 OK created sql incremental model sales.dim_shopee_orders_status ....... [MERGE 0 in 0.28s]
[2025-05-21T20:24:32.779+0000] {logging_mixin.py:190} INFO - 20:24:32  11 of 11 OK created sql incremental model sales.dim_shopee_product ............. [MERGE 0 in 0.11s]
[2025-05-21T20:24:32.803+0000] {logging_mixin.py:190} INFO - 20:24:32
[2025-05-21T20:24:32.805+0000] {logging_mixin.py:190} INFO - 20:24:32  Finished running 11 incremental models in 0 hours 0 minutes and 1.25 seconds (1.25s).
[2025-05-21T20:24:32.871+0000] {logging_mixin.py:190} INFO - 20:24:32
[2025-05-21T20:24:32.872+0000] {logging_mixin.py:190} INFO - 20:24:32  Completed with 2 errors, 0 partial successes, and 0 warnings:
[2025-05-21T20:24:32.874+0000] {logging_mixin.py:190} INFO - 20:24:32
[2025-05-21T20:24:32.876+0000] {logging_mixin.py:190} INFO - 20:24:32    Database Error in model dim_mercadolivre_buyer (models/core/dim_mercadolivre_buyer.sql)
  MERGE command cannot affect row a second time
  HINT:  Ensure that not more than one source row matches any one target row.
  compiled code at target/run/e_commerce_sales/models/core/dim_mercadolivre_buyer.sql
[2025-05-21T20:24:32.877+0000] {logging_mixin.py:190} INFO - 20:24:32
[2025-05-21T20:24:32.879+0000] {logging_mixin.py:190} INFO - 20:24:32    Database Error in model dim_mercadolivre_date (models/core/dim_mercadolivre_date.sql)
  MERGE command cannot affect row a second time
  HINT:  Ensure that not more than one source row matches any one target row.
  compiled code at target/run/e_commerce_sales/models/core/dim_mercadolivre_date.sql
[2025-05-21T20:24:32.880+0000] {logging_mixin.py:190} INFO - 20:24:32
[2025-05-21T20:24:32.882+0000] {logging_mixin.py:190} INFO - 20:24:32  Done. PASS=9 WARN=0 ERROR=2 SKIP=0 TOTAL=11
[2025-05-21T20:24:33.955+0000] {logging_mixin.py:190} INFO - dbt run failed!
[2025-05-21T20:24:33.956+0000] {logging_mixin.py:190} INFO - None
[2025-05-21T20:24:33.957+0000] {taskinstance.py:3311} ERROR - Task failed with exception
Traceback (most recent call last):
  File "/home/airflow/.local/lib/python3.9/site-packages/airflow/models/taskinstance.py", line 767, in _execute_task
    result = _execute_callable(context=context, **execute_callable_kwargs)
  File "/home/airflow/.local/lib/python3.9/site-packages/airflow/models/taskinstance.py", line 733, in _execute_callable
    return ExecutionCallableRunner(
  File "/home/airflow/.local/lib/python3.9/site-packages/airflow/utils/operator_helpers.py", line 252, in run
    return self.func(*args, **kwargs)
  File "/home/airflow/.local/lib/python3.9/site-packages/airflow/models/baseoperator.py", line 422, in wrapper
    return func(self, *args, **kwargs)
  File "/home/airflow/.local/lib/python3.9/site-packages/airflow/operators/python.py", line 238, in execute
    return_value = self.execute_callable()
  File "/home/airflow/.local/lib/python3.9/site-packages/airflow/operators/python.py", line 256, in execute_callable
    return runner.run(*self.op_args, **self.op_kwargs)
  File "/home/airflow/.local/lib/python3.9/site-packages/airflow/utils/operator_helpers.py", line 252, in run
    return self.func(*args, **kwargs)
  File "/opt/airflow/dbt/run_dbt.py", line 22, in transform_data
    raise RuntimeError("dbt run failed")
RuntimeError: dbt run failed
[2025-05-21T20:24:33.970+0000] {taskinstance.py:1225} INFO - Marking task as FAILED. dag_id=04_transform_data, task_id=run_dbt, run_id=manual__2025-05-21T20:24:27.302771+00:00, execution_date=20250521T202427, start_date=20250521T202428, end_date=20250521T202433
[2025-05-21T20:24:33.984+0000] {taskinstance.py:340} INFO - ::group::Post task execution logs
[2025-05-21T20:24:33.986+0000] {standard_task_runner.py:124} ERROR - Failed to execute job 125 for task run_dbt (dbt run failed; 5015)
Traceback (most recent call last):
  File "/home/airflow/.local/lib/python3.9/site-packages/airflow/task/task_runner/standard_task_runner.py", line 117, in _start_by_fork
    ret = args.func(args, dag=self.dag)
  File "/home/airflow/.local/lib/python3.9/site-packages/airflow/cli/cli_config.py", line 49, in command
    return func(*args, **kwargs)
  File "/home/airflow/.local/lib/python3.9/site-packages/airflow/utils/cli.py", line 116, in wrapper
    return f(*args, **kwargs)
  File "/home/airflow/.local/lib/python3.9/site-packages/airflow/cli/commands/task_command.py", line 483, in task_run
    task_return_code = _run_task_by_selected_method(args, _dag, ti)
  File "/home/airflow/.local/lib/python3.9/site-packages/airflow/cli/commands/task_command.py", line 256, in _run_task_by_selected_method
    return _run_raw_task(args, ti)
  File "/home/airflow/.local/lib/python3.9/site-packages/airflow/cli/commands/task_command.py", line 341, in _run_raw_task
    return ti._run_raw_task(
  File "/home/airflow/.local/lib/python3.9/site-packages/airflow/utils/session.py", line 97, in wrapper
    return func(*args, session=session, **kwargs)
  File "/home/airflow/.local/lib/python3.9/site-packages/airflow/models/taskinstance.py", line 3005, in _run_raw_task
    return _run_raw_task(
  File "/home/airflow/.local/lib/python3.9/site-packages/airflow/models/taskinstance.py", line 273, in _run_raw_task
    TaskInstance._execute_task_with_callbacks(
  File "/home/airflow/.local/lib/python3.9/site-packages/airflow/models/taskinstance.py", line 3159, in _execute_task_with_callbacks
    result = self._execute_task(context, task_orig)
  File "/home/airflow/.local/lib/python3.9/site-packages/airflow/models/taskinstance.py", line 3183, in _execute_task
    return _execute_task(self, context, task_orig)
  File "/home/airflow/.local/lib/python3.9/site-packages/airflow/models/taskinstance.py", line 767, in _execute_task
    result = _execute_callable(context=context, **execute_callable_kwargs)
  File "/home/airflow/.local/lib/python3.9/site-packages/airflow/models/taskinstance.py", line 733, in _execute_callable
    return ExecutionCallableRunner(
  File "/home/airflow/.local/lib/python3.9/site-packages/airflow/utils/operator_helpers.py", line 252, in run
    return self.func(*args, **kwargs)
  File "/home/airflow/.local/lib/python3.9/site-packages/airflow/models/baseoperator.py", line 422, in wrapper
    return func(self, *args, **kwargs)
  File "/home/airflow/.local/lib/python3.9/site-packages/airflow/operators/python.py", line 238, in execute
    return_value = self.execute_callable()
  File "/home/airflow/.local/lib/python3.9/site-packages/airflow/operators/python.py", line 256, in execute_callable
    return runner.run(*self.op_args, **self.op_kwargs)
  File "/home/airflow/.local/lib/python3.9/site-packages/airflow/utils/operator_helpers.py", line 252, in run
    return self.func(*args, **kwargs)
  File "/opt/airflow/dbt/run_dbt.py", line 22, in transform_data
    raise RuntimeError("dbt run failed")
RuntimeError: dbt run failed
[2025-05-21T20:24:34.015+0000] {local_task_job_runner.py:266} INFO - Task exited with return code 1
[2025-05-21T20:24:34.034+0000] {taskinstance.py:3895} INFO - 0 downstream tasks scheduled from follow-on schedule check
[2025-05-21T20:24:34.036+0000] {local_task_job_runner.py:245} INFO - ::endgroup::
