[2025-06-10T21:56:39.345+0000] {local_task_job_runner.py:123} INFO - ::group::Pre task execution logs
[2025-06-10T21:56:39.370+0000] {taskinstance.py:2613} INFO - Dependencies all met for dep_context=non-requeueable deps ti=<TaskInstance: 05_transform_data.run_dbt manual__2025-06-10T21:56:30.259745+00:00 [queued]>
[2025-06-10T21:56:39.379+0000] {taskinstance.py:2613} INFO - Dependencies all met for dep_context=requeueable deps ti=<TaskInstance: 05_transform_data.run_dbt manual__2025-06-10T21:56:30.259745+00:00 [queued]>
[2025-06-10T21:56:39.380+0000] {taskinstance.py:2866} INFO - Starting attempt 1 of 1
[2025-06-10T21:56:39.394+0000] {taskinstance.py:2889} INFO - Executing <Task(PythonOperator): run_dbt> on 2025-06-10 21:56:30.259745+00:00
[2025-06-10T21:56:39.401+0000] {standard_task_runner.py:72} INFO - Started process 8710 to run task
[2025-06-10T21:56:39.404+0000] {standard_task_runner.py:104} INFO - Running: ['***', 'tasks', 'run', '05_transform_data', 'run_dbt', 'manual__2025-06-10T21:56:30.259745+00:00', '--job-id', '769', '--raw', '--subdir', 'DAGS_FOLDER/05_transform_data.py', '--cfg-path', '/tmp/tmpy2vm79dz']
[2025-06-10T21:56:39.407+0000] {standard_task_runner.py:105} INFO - Job 769: Subtask run_dbt
[2025-06-10T21:56:39.475+0000] {task_command.py:467} INFO - Running <TaskInstance: 05_transform_data.run_dbt manual__2025-06-10T21:56:30.259745+00:00 [running]> on host 28e6a58e4107
[2025-06-10T21:56:39.558+0000] {taskinstance.py:3132} INFO - Exporting env vars: AIRFLOW_CTX_DAG_OWNER='***' AIRFLOW_CTX_DAG_ID='05_transform_data' AIRFLOW_CTX_TASK_ID='run_dbt' AIRFLOW_CTX_EXECUTION_DATE='2025-06-10T21:56:30.259745+00:00' AIRFLOW_CTX_TRY_NUMBER='1' AIRFLOW_CTX_DAG_RUN_ID='manual__2025-06-10T21:56:30.259745+00:00'
[2025-06-10T21:56:39.559+0000] {taskinstance.py:731} INFO - ::endgroup::
[2025-06-10T21:56:41.221+0000] {logging_mixin.py:190} INFO - 21:56:41  Running with dbt=1.9.5
[2025-06-10T21:56:41.649+0000] {logging_mixin.py:190} INFO - 21:56:41  Registered adapter: postgres=1.9.0
[2025-06-10T21:56:43.183+0000] {logging_mixin.py:190} INFO - 21:56:43  [WARNING]: Configuration paths exist in your dbt_project.yml file which do not apply to any resources.
There are 1 unused configuration paths:
- models.e_commerce_sales.example
[2025-06-10T21:56:43.545+0000] {logging_mixin.py:190} INFO - 21:56:43  Found 21 models, 12 sources, 549 macros, 1 unit test
[2025-06-10T21:56:43.550+0000] {logging_mixin.py:190} INFO - 21:56:43
[2025-06-10T21:56:43.551+0000] {logging_mixin.py:190} INFO - 21:56:43  Concurrency: 4 threads (target='dev')
[2025-06-10T21:56:43.553+0000] {logging_mixin.py:190} INFO - 21:56:43
[2025-06-10T21:56:43.718+0000] {logging_mixin.py:190} INFO - 21:56:43  1 of 21 START sql incremental model sales_stg.stg_mercadolivre ................. [RUN]
[2025-06-10T21:56:43.720+0000] {logging_mixin.py:190} INFO - 21:56:43  2 of 21 START sql incremental model sales_stg.stg_mercadolivre__order_items .... [RUN]
[2025-06-10T21:56:43.722+0000] {logging_mixin.py:190} INFO - 21:56:43  3 of 21 START sql incremental model sales_stg.stg_mercadolivre__payments ....... [RUN]
[2025-06-10T21:56:43.724+0000] {logging_mixin.py:190} INFO - 21:56:43  4 of 21 START sql incremental model sales_stg.stg_mercadolivre_sh .............. [RUN]
[2025-06-10T21:56:44.227+0000] {logging_mixin.py:190} INFO - 21:56:44  1 of 21 OK created sql incremental model sales_stg.stg_mercadolivre ............ [MERGE 290 in 0.49s]
[2025-06-10T21:56:44.231+0000] {logging_mixin.py:190} INFO - 21:56:44  3 of 21 OK created sql incremental model sales_stg.stg_mercadolivre__payments .. [MERGE 306 in 0.50s]
[2025-06-10T21:56:44.236+0000] {logging_mixin.py:190} INFO - 21:56:44  2 of 21 OK created sql incremental model sales_stg.stg_mercadolivre__order_items  [MERGE 290 in 0.50s]
[2025-06-10T21:56:44.240+0000] {logging_mixin.py:190} INFO - 21:56:44  4 of 21 ERROR creating sql incremental model sales_stg.stg_mercadolivre_sh ..... [ERROR in 0.50s]
[2025-06-10T21:56:44.244+0000] {logging_mixin.py:190} INFO - 21:56:44  5 of 21 START sql incremental model sales_stg.stg_shopee ....................... [RUN]
[2025-06-10T21:56:44.258+0000] {logging_mixin.py:190} INFO - 21:56:44  6 of 21 SKIP relation sales.mercadolivre_orders_results ........................ [SKIP]
[2025-06-10T21:56:44.265+0000] {logging_mixin.py:190} INFO - 21:56:44  7 of 21 SKIP relation sales.dim_mercadolivre_buyer ............................. [SKIP]
[2025-06-10T21:56:44.266+0000] {logging_mixin.py:190} INFO - 21:56:44  8 of 21 SKIP relation sales.dim_mercadolivre_date .............................. [SKIP]
[2025-06-10T21:56:44.269+0000] {logging_mixin.py:190} INFO - 21:56:44  9 of 21 SKIP relation sales.dim_mercadolivre_orders_status ..................... [SKIP]
[2025-06-10T21:56:44.284+0000] {logging_mixin.py:190} INFO - 21:56:44  10 of 21 SKIP relation sales.dim_mercadolivre_product .......................... [SKIP]
[2025-06-10T21:56:44.287+0000] {logging_mixin.py:190} INFO - 21:56:44  11 of 21 SKIP relation sales.sum_mercadolivre_monthly_profit ................... [SKIP]
[2025-06-10T21:56:44.290+0000] {logging_mixin.py:190} INFO - 21:56:44  12 of 21 SKIP relation sales.sum_mercadolivre_monthly_revenue .................. [SKIP]
[2025-06-10T21:56:44.296+0000] {logging_mixin.py:190} INFO - 21:56:44  13 of 21 SKIP relation sales.sum_mercadolivre_monthly_sold ..................... [SKIP]
[2025-06-10T21:56:44.376+0000] {logging_mixin.py:190} INFO - 21:56:44  5 of 21 OK created sql incremental model sales_stg.stg_shopee .................. [MERGE 0 in 0.13s]
[2025-06-10T21:56:44.381+0000] {logging_mixin.py:190} INFO - 21:56:44  14 of 21 START sql incremental model sales.shopee_orders_results ............... [RUN]
[2025-06-10T21:56:44.507+0000] {logging_mixin.py:190} INFO - 21:56:44  14 of 21 OK created sql incremental model sales.shopee_orders_results .......... [MERGE 0 in 0.12s]
[2025-06-10T21:56:44.513+0000] {logging_mixin.py:190} INFO - 21:56:44  15 of 21 START sql incremental model sales.dim_shopee_buyer .................... [RUN]
[2025-06-10T21:56:44.516+0000] {logging_mixin.py:190} INFO - 21:56:44  16 of 21 START sql incremental model sales.dim_shopee_date ..................... [RUN]
[2025-06-10T21:56:44.517+0000] {logging_mixin.py:190} INFO - 21:56:44  17 of 21 START sql incremental model sales.dim_shopee_orders_status ............ [RUN]
[2025-06-10T21:56:44.519+0000] {logging_mixin.py:190} INFO - 21:56:44  18 of 21 START sql incremental model sales.dim_shopee_product .................. [RUN]
[2025-06-10T21:56:44.792+0000] {logging_mixin.py:190} INFO - 21:56:44  17 of 21 OK created sql incremental model sales.dim_shopee_orders_status ....... [MERGE 0 in 0.27s]
[2025-06-10T21:56:44.796+0000] {logging_mixin.py:190} INFO - 21:56:44  15 of 21 OK created sql incremental model sales.dim_shopee_buyer ............... [MERGE 0 in 0.27s]
[2025-06-10T21:56:44.804+0000] {logging_mixin.py:190} INFO - 21:56:44  18 of 21 OK created sql incremental model sales.dim_shopee_product ............. [MERGE 0 in 0.28s]
[2025-06-10T21:56:44.807+0000] {logging_mixin.py:190} INFO - 21:56:44  16 of 21 OK created sql incremental model sales.dim_shopee_date ................ [MERGE 0 in 0.28s]
[2025-06-10T21:56:44.814+0000] {logging_mixin.py:190} INFO - 21:56:44  19 of 21 START sql view model sales.sum_shopee_monthly_profit .................. [RUN]
[2025-06-10T21:56:44.816+0000] {logging_mixin.py:190} INFO - 21:56:44  20 of 21 START sql view model sales.sum_shopee_monthly_revenue ................. [RUN]
[2025-06-10T21:56:44.818+0000] {logging_mixin.py:190} INFO - 21:56:44  21 of 21 START sql view model sales.sum_shopee_products_sold ................... [RUN]
[2025-06-10T21:56:45.047+0000] {logging_mixin.py:190} INFO - 21:56:45  19 of 21 OK created sql view model sales.sum_shopee_monthly_profit ............. [CREATE VIEW in 0.22s]
[2025-06-10T21:56:45.049+0000] {logging_mixin.py:190} INFO - 21:56:45  20 of 21 OK created sql view model sales.sum_shopee_monthly_revenue ............ [CREATE VIEW in 0.22s]
[2025-06-10T21:56:45.052+0000] {logging_mixin.py:190} INFO - 21:56:45  21 of 21 OK created sql view model sales.sum_shopee_products_sold .............. [CREATE VIEW in 0.22s]
[2025-06-10T21:56:45.083+0000] {logging_mixin.py:190} INFO - 21:56:45
[2025-06-10T21:56:45.085+0000] {logging_mixin.py:190} INFO - 21:56:45  Finished running 15 incremental models, 6 view models in 0 hours 0 minutes and 1.53 seconds (1.53s).
[2025-06-10T21:56:45.169+0000] {logging_mixin.py:190} INFO - 21:56:45
[2025-06-10T21:56:45.171+0000] {logging_mixin.py:190} INFO - 21:56:45  Completed with 1 error, 0 partial successes, and 0 warnings:
[2025-06-10T21:56:45.172+0000] {logging_mixin.py:190} INFO - 21:56:45
[2025-06-10T21:56:45.174+0000] {logging_mixin.py:190} INFO - 21:56:45    Database Error in model stg_mercadolivre_sh (models/staging/stg_mercadolivre_sh.sql)
  MERGE command cannot affect row a second time
  HINT:  Ensure that not more than one source row matches any one target row.
  compiled code at target/run/e_commerce_sales/models/staging/stg_mercadolivre_sh.sql
[2025-06-10T21:56:45.175+0000] {logging_mixin.py:190} INFO - 21:56:45
[2025-06-10T21:56:45.177+0000] {logging_mixin.py:190} INFO - 21:56:45  Done. PASS=12 WARN=0 ERROR=1 SKIP=8 TOTAL=21
[2025-06-10T21:56:46.035+0000] {logging_mixin.py:190} INFO - dbt run failed!
[2025-06-10T21:56:46.036+0000] {logging_mixin.py:190} INFO - None
[2025-06-10T21:56:46.037+0000] {taskinstance.py:3311} ERROR - Task failed with exception
Traceback (most recent call last):
  File "/home/airflow/.local/lib/python3.9/site-packages/airflow/models/taskinstance.py", line 767, in _execute_task
    result = _execute_callable(context=context, **execute_callable_kwargs)
  File "/home/airflow/.local/lib/python3.9/site-packages/airflow/models/taskinstance.py", line 733, in _execute_callable
    return ExecutionCallableRunner(
  File "/home/airflow/.local/lib/python3.9/site-packages/airflow/utils/operator_helpers.py", line 252, in run
    return self.func(*args, **kwargs)
  File "/home/airflow/.local/lib/python3.9/site-packages/airflow/models/baseoperator.py", line 422, in wrapper
    return func(self, *args, **kwargs)
  File "/home/airflow/.local/lib/python3.9/site-packages/airflow/operators/python.py", line 238, in execute
    return_value = self.execute_callable()
  File "/home/airflow/.local/lib/python3.9/site-packages/airflow/operators/python.py", line 256, in execute_callable
    return runner.run(*self.op_args, **self.op_kwargs)
  File "/home/airflow/.local/lib/python3.9/site-packages/airflow/utils/operator_helpers.py", line 252, in run
    return self.func(*args, **kwargs)
  File "/opt/airflow/dbt_files/run_dbt.py", line 22, in transform_data
    raise RuntimeError("dbt run failed")
RuntimeError: dbt run failed
[2025-06-10T21:56:46.048+0000] {taskinstance.py:1225} INFO - Marking task as FAILED. dag_id=05_transform_data, task_id=run_dbt, run_id=manual__2025-06-10T21:56:30.259745+00:00, execution_date=20250610T215630, start_date=20250610T215639, end_date=20250610T215646
[2025-06-10T21:56:46.061+0000] {taskinstance.py:340} INFO - ::group::Post task execution logs
[2025-06-10T21:56:46.062+0000] {standard_task_runner.py:124} ERROR - Failed to execute job 769 for task run_dbt (dbt run failed; 8710)
Traceback (most recent call last):
  File "/home/airflow/.local/lib/python3.9/site-packages/airflow/task/task_runner/standard_task_runner.py", line 117, in _start_by_fork
    ret = args.func(args, dag=self.dag)
  File "/home/airflow/.local/lib/python3.9/site-packages/airflow/cli/cli_config.py", line 49, in command
    return func(*args, **kwargs)
  File "/home/airflow/.local/lib/python3.9/site-packages/airflow/utils/cli.py", line 116, in wrapper
    return f(*args, **kwargs)
  File "/home/airflow/.local/lib/python3.9/site-packages/airflow/cli/commands/task_command.py", line 483, in task_run
    task_return_code = _run_task_by_selected_method(args, _dag, ti)
  File "/home/airflow/.local/lib/python3.9/site-packages/airflow/cli/commands/task_command.py", line 256, in _run_task_by_selected_method
    return _run_raw_task(args, ti)
  File "/home/airflow/.local/lib/python3.9/site-packages/airflow/cli/commands/task_command.py", line 341, in _run_raw_task
    return ti._run_raw_task(
  File "/home/airflow/.local/lib/python3.9/site-packages/airflow/utils/session.py", line 97, in wrapper
    return func(*args, session=session, **kwargs)
  File "/home/airflow/.local/lib/python3.9/site-packages/airflow/models/taskinstance.py", line 3005, in _run_raw_task
    return _run_raw_task(
  File "/home/airflow/.local/lib/python3.9/site-packages/airflow/models/taskinstance.py", line 273, in _run_raw_task
    TaskInstance._execute_task_with_callbacks(
  File "/home/airflow/.local/lib/python3.9/site-packages/airflow/models/taskinstance.py", line 3159, in _execute_task_with_callbacks
    result = self._execute_task(context, task_orig)
  File "/home/airflow/.local/lib/python3.9/site-packages/airflow/models/taskinstance.py", line 3183, in _execute_task
    return _execute_task(self, context, task_orig)
  File "/home/airflow/.local/lib/python3.9/site-packages/airflow/models/taskinstance.py", line 767, in _execute_task
    result = _execute_callable(context=context, **execute_callable_kwargs)
  File "/home/airflow/.local/lib/python3.9/site-packages/airflow/models/taskinstance.py", line 733, in _execute_callable
    return ExecutionCallableRunner(
  File "/home/airflow/.local/lib/python3.9/site-packages/airflow/utils/operator_helpers.py", line 252, in run
    return self.func(*args, **kwargs)
  File "/home/airflow/.local/lib/python3.9/site-packages/airflow/models/baseoperator.py", line 422, in wrapper
    return func(self, *args, **kwargs)
  File "/home/airflow/.local/lib/python3.9/site-packages/airflow/operators/python.py", line 238, in execute
    return_value = self.execute_callable()
  File "/home/airflow/.local/lib/python3.9/site-packages/airflow/operators/python.py", line 256, in execute_callable
    return runner.run(*self.op_args, **self.op_kwargs)
  File "/home/airflow/.local/lib/python3.9/site-packages/airflow/utils/operator_helpers.py", line 252, in run
    return self.func(*args, **kwargs)
  File "/opt/airflow/dbt_files/run_dbt.py", line 22, in transform_data
    raise RuntimeError("dbt run failed")
RuntimeError: dbt run failed
[2025-06-10T21:56:46.083+0000] {local_task_job_runner.py:266} INFO - Task exited with return code 1
[2025-06-10T21:56:46.100+0000] {taskinstance.py:3895} INFO - 0 downstream tasks scheduled from follow-on schedule check
[2025-06-10T21:56:46.103+0000] {local_task_job_runner.py:245} INFO - ::endgroup::
