[2025-05-21T14:09:38.683+0000] {local_task_job_runner.py:123} INFO - ::group::Pre task execution logs
[2025-05-21T14:09:38.701+0000] {taskinstance.py:2613} INFO - Dependencies all met for dep_context=non-requeueable deps ti=<TaskInstance: 04_transform_data.run_dbt manual__2025-05-21T14:09:37.745105+00:00 [queued]>
[2025-05-21T14:09:38.710+0000] {taskinstance.py:2613} INFO - Dependencies all met for dep_context=requeueable deps ti=<TaskInstance: 04_transform_data.run_dbt manual__2025-05-21T14:09:37.745105+00:00 [queued]>
[2025-05-21T14:09:38.711+0000] {taskinstance.py:2866} INFO - Starting attempt 1 of 1
[2025-05-21T14:09:38.724+0000] {taskinstance.py:2889} INFO - Executing <Task(PythonOperator): run_dbt> on 2025-05-21 14:09:37.745105+00:00
[2025-05-21T14:09:38.728+0000] {standard_task_runner.py:72} INFO - Started process 1261 to run task
[2025-05-21T14:09:38.731+0000] {standard_task_runner.py:104} INFO - Running: ['***', 'tasks', 'run', '04_transform_data', 'run_dbt', 'manual__2025-05-21T14:09:37.745105+00:00', '--job-id', '90', '--raw', '--subdir', 'DAGS_FOLDER/04_transform_data.py', '--cfg-path', '/tmp/tmp5nl1jh1h']
[2025-05-21T14:09:38.733+0000] {standard_task_runner.py:105} INFO - Job 90: Subtask run_dbt
[2025-05-21T14:09:38.786+0000] {task_command.py:467} INFO - Running <TaskInstance: 04_transform_data.run_dbt manual__2025-05-21T14:09:37.745105+00:00 [running]> on host e27e96d1841a
[2025-05-21T14:09:38.873+0000] {taskinstance.py:3132} INFO - Exporting env vars: AIRFLOW_CTX_DAG_OWNER='***' AIRFLOW_CTX_DAG_ID='04_transform_data' AIRFLOW_CTX_TASK_ID='run_dbt' AIRFLOW_CTX_EXECUTION_DATE='2025-05-21T14:09:37.745105+00:00' AIRFLOW_CTX_TRY_NUMBER='1' AIRFLOW_CTX_DAG_RUN_ID='manual__2025-05-21T14:09:37.745105+00:00'
[2025-05-21T14:09:38.875+0000] {taskinstance.py:731} INFO - ::endgroup::
[2025-05-21T14:09:40.527+0000] {logging_mixin.py:190} INFO - 14:09:40  Running with dbt=1.9.4
[2025-05-21T14:09:40.878+0000] {logging_mixin.py:190} INFO - 14:09:40  Registered adapter: postgres=1.9.0
[2025-05-21T14:09:42.023+0000] {logging_mixin.py:190} INFO - 14:09:42  [WARNING]: Configuration paths exist in your dbt_project.yml file which do not apply to any resources.
There are 1 unused configuration paths:
- models.e_commerce_sales.example
[2025-05-21T14:09:42.195+0000] {logging_mixin.py:190} INFO - 14:09:42  Found 8 models, 12 sources, 433 macros
[2025-05-21T14:09:42.200+0000] {logging_mixin.py:190} INFO - 14:09:42
[2025-05-21T14:09:42.201+0000] {logging_mixin.py:190} INFO - 14:09:42  Concurrency: 4 threads (target='dev')
[2025-05-21T14:09:42.204+0000] {logging_mixin.py:190} INFO - 14:09:42
[2025-05-21T14:09:42.365+0000] {logging_mixin.py:190} INFO - 14:09:42  1 of 8 START sql incremental model sales.mercadolivre_orders_results ........... [RUN]
[2025-05-21T14:09:42.367+0000] {logging_mixin.py:190} INFO - 14:09:42  2 of 8 START sql incremental model sales.shopee_new_id ......................... [RUN]
[2025-05-21T14:09:42.793+0000] {logging_mixin.py:190} INFO - 14:09:42  2 of 8 OK created sql incremental model sales.shopee_new_id .................... [MERGE 0 in 0.42s]
[2025-05-21T14:09:42.796+0000] {logging_mixin.py:190} INFO - 14:09:42  1 of 8 OK created sql incremental model sales.mercadolivre_orders_results ...... [MERGE 255 in 0.43s]
[2025-05-21T14:09:42.804+0000] {logging_mixin.py:190} INFO - 14:09:42  3 of 8 START sql incremental model sales.shopee_orders_results ................. [RUN]
[2025-05-21T14:09:42.805+0000] {logging_mixin.py:190} INFO - 14:09:42  4 of 8 START sql incremental model sales.mercadolivre_profits .................. [RUN]
[2025-05-21T14:09:42.969+0000] {logging_mixin.py:190} INFO - 14:09:42  3 of 8 OK created sql incremental model sales.shopee_orders_results ............ [MERGE 0 in 0.16s]
[2025-05-21T14:09:42.974+0000] {logging_mixin.py:190} INFO - 14:09:42  4 of 8 OK created sql incremental model sales.mercadolivre_profits ............. [MERGE 250 in 0.16s]
[2025-05-21T14:09:42.979+0000] {logging_mixin.py:190} INFO - 14:09:42  5 of 8 START sql incremental model sales.dim_shopee_buyer_id ................... [RUN]
[2025-05-21T14:09:42.981+0000] {logging_mixin.py:190} INFO - 14:09:42  6 of 8 START sql incremental model sales.dim_shopee_orders ..................... [RUN]
[2025-05-21T14:09:42.983+0000] {logging_mixin.py:190} INFO - 14:09:42  7 of 8 START sql incremental model sales.dim_shopee_orders_status .............. [RUN]
[2025-05-21T14:09:42.989+0000] {logging_mixin.py:190} INFO - 14:09:42  8 of 8 START sql incremental model sales.dim_shopee_product .................... [RUN]
[2025-05-21T14:09:43.148+0000] {logging_mixin.py:190} INFO - 14:09:43  7 of 8 ERROR creating sql incremental model sales.dim_shopee_orders_status ..... [ERROR in 0.16s]
[2025-05-21T14:09:43.225+0000] {logging_mixin.py:190} INFO - 14:09:43  6 of 8 OK created sql incremental model sales.dim_shopee_orders ................ [MERGE 0 in 0.23s]
[2025-05-21T14:09:43.238+0000] {logging_mixin.py:190} INFO - 14:09:43  8 of 8 OK created sql incremental model sales.dim_shopee_product ............... [MERGE 0 in 0.24s]
[2025-05-21T14:09:43.240+0000] {logging_mixin.py:190} INFO - 14:09:43  5 of 8 OK created sql incremental model sales.dim_shopee_buyer_id .............. [MERGE 0 in 0.25s]
[2025-05-21T14:09:43.265+0000] {logging_mixin.py:190} INFO - 14:09:43
[2025-05-21T14:09:43.266+0000] {logging_mixin.py:190} INFO - 14:09:43  Finished running 8 incremental models in 0 hours 0 minutes and 1.06 seconds (1.06s).
[2025-05-21T14:09:43.330+0000] {logging_mixin.py:190} INFO - 14:09:43
[2025-05-21T14:09:43.332+0000] {logging_mixin.py:190} INFO - 14:09:43  Completed with 1 error, 0 partial successes, and 0 warnings:
[2025-05-21T14:09:43.333+0000] {logging_mixin.py:190} INFO - 14:09:43
[2025-05-21T14:09:43.336+0000] {logging_mixin.py:190} INFO - 14:09:43    Database Error in model dim_shopee_orders_status (models/core/dim_shopee_orders_status.sql)
  column update_data.opcao_de_envio does not exist
  LINE 65:         update_data.opcao_de_envio,
                   ^
  compiled code at target/run/e_commerce_sales/models/core/dim_shopee_orders_status.sql
[2025-05-21T14:09:43.338+0000] {logging_mixin.py:190} INFO - 14:09:43
[2025-05-21T14:09:43.340+0000] {logging_mixin.py:190} INFO - 14:09:43  Done. PASS=7 WARN=0 ERROR=1 SKIP=0 TOTAL=8
[2025-05-21T14:09:44.340+0000] {logging_mixin.py:190} INFO - dbt run failed!
[2025-05-21T14:09:44.342+0000] {logging_mixin.py:190} INFO - None
[2025-05-21T14:09:44.343+0000] {taskinstance.py:3311} ERROR - Task failed with exception
Traceback (most recent call last):
  File "/home/airflow/.local/lib/python3.9/site-packages/airflow/models/taskinstance.py", line 767, in _execute_task
    result = _execute_callable(context=context, **execute_callable_kwargs)
  File "/home/airflow/.local/lib/python3.9/site-packages/airflow/models/taskinstance.py", line 733, in _execute_callable
    return ExecutionCallableRunner(
  File "/home/airflow/.local/lib/python3.9/site-packages/airflow/utils/operator_helpers.py", line 252, in run
    return self.func(*args, **kwargs)
  File "/home/airflow/.local/lib/python3.9/site-packages/airflow/models/baseoperator.py", line 422, in wrapper
    return func(self, *args, **kwargs)
  File "/home/airflow/.local/lib/python3.9/site-packages/airflow/operators/python.py", line 238, in execute
    return_value = self.execute_callable()
  File "/home/airflow/.local/lib/python3.9/site-packages/airflow/operators/python.py", line 256, in execute_callable
    return runner.run(*self.op_args, **self.op_kwargs)
  File "/home/airflow/.local/lib/python3.9/site-packages/airflow/utils/operator_helpers.py", line 252, in run
    return self.func(*args, **kwargs)
  File "/opt/airflow/dbt/run_dbt.py", line 22, in transform_data
    raise RuntimeError("dbt run failed")
RuntimeError: dbt run failed
[2025-05-21T14:09:44.357+0000] {taskinstance.py:1225} INFO - Marking task as FAILED. dag_id=04_transform_data, task_id=run_dbt, run_id=manual__2025-05-21T14:09:37.745105+00:00, execution_date=20250521T140937, start_date=20250521T140938, end_date=20250521T140944
[2025-05-21T14:09:44.369+0000] {taskinstance.py:340} INFO - ::group::Post task execution logs
[2025-05-21T14:09:44.371+0000] {standard_task_runner.py:124} ERROR - Failed to execute job 90 for task run_dbt (dbt run failed; 1261)
Traceback (most recent call last):
  File "/home/airflow/.local/lib/python3.9/site-packages/airflow/task/task_runner/standard_task_runner.py", line 117, in _start_by_fork
    ret = args.func(args, dag=self.dag)
  File "/home/airflow/.local/lib/python3.9/site-packages/airflow/cli/cli_config.py", line 49, in command
    return func(*args, **kwargs)
  File "/home/airflow/.local/lib/python3.9/site-packages/airflow/utils/cli.py", line 116, in wrapper
    return f(*args, **kwargs)
  File "/home/airflow/.local/lib/python3.9/site-packages/airflow/cli/commands/task_command.py", line 483, in task_run
    task_return_code = _run_task_by_selected_method(args, _dag, ti)
  File "/home/airflow/.local/lib/python3.9/site-packages/airflow/cli/commands/task_command.py", line 256, in _run_task_by_selected_method
    return _run_raw_task(args, ti)
  File "/home/airflow/.local/lib/python3.9/site-packages/airflow/cli/commands/task_command.py", line 341, in _run_raw_task
    return ti._run_raw_task(
  File "/home/airflow/.local/lib/python3.9/site-packages/airflow/utils/session.py", line 97, in wrapper
    return func(*args, session=session, **kwargs)
  File "/home/airflow/.local/lib/python3.9/site-packages/airflow/models/taskinstance.py", line 3005, in _run_raw_task
    return _run_raw_task(
  File "/home/airflow/.local/lib/python3.9/site-packages/airflow/models/taskinstance.py", line 273, in _run_raw_task
    TaskInstance._execute_task_with_callbacks(
  File "/home/airflow/.local/lib/python3.9/site-packages/airflow/models/taskinstance.py", line 3159, in _execute_task_with_callbacks
    result = self._execute_task(context, task_orig)
  File "/home/airflow/.local/lib/python3.9/site-packages/airflow/models/taskinstance.py", line 3183, in _execute_task
    return _execute_task(self, context, task_orig)
  File "/home/airflow/.local/lib/python3.9/site-packages/airflow/models/taskinstance.py", line 767, in _execute_task
    result = _execute_callable(context=context, **execute_callable_kwargs)
  File "/home/airflow/.local/lib/python3.9/site-packages/airflow/models/taskinstance.py", line 733, in _execute_callable
    return ExecutionCallableRunner(
  File "/home/airflow/.local/lib/python3.9/site-packages/airflow/utils/operator_helpers.py", line 252, in run
    return self.func(*args, **kwargs)
  File "/home/airflow/.local/lib/python3.9/site-packages/airflow/models/baseoperator.py", line 422, in wrapper
    return func(self, *args, **kwargs)
  File "/home/airflow/.local/lib/python3.9/site-packages/airflow/operators/python.py", line 238, in execute
    return_value = self.execute_callable()
  File "/home/airflow/.local/lib/python3.9/site-packages/airflow/operators/python.py", line 256, in execute_callable
    return runner.run(*self.op_args, **self.op_kwargs)
  File "/home/airflow/.local/lib/python3.9/site-packages/airflow/utils/operator_helpers.py", line 252, in run
    return self.func(*args, **kwargs)
  File "/opt/airflow/dbt/run_dbt.py", line 22, in transform_data
    raise RuntimeError("dbt run failed")
RuntimeError: dbt run failed
[2025-05-21T14:09:44.421+0000] {local_task_job_runner.py:266} INFO - Task exited with return code 1
[2025-05-21T14:09:44.437+0000] {taskinstance.py:3895} INFO - 0 downstream tasks scheduled from follow-on schedule check
[2025-05-21T14:09:44.440+0000] {local_task_job_runner.py:245} INFO - ::endgroup::
