[2025-05-22T18:58:54.512+0000] {local_task_job_runner.py:123} INFO - ::group::Pre task execution logs
[2025-05-22T18:58:54.531+0000] {taskinstance.py:2613} INFO - Dependencies all met for dep_context=non-requeueable deps ti=<TaskInstance: 04_transform_data.run_dbt manual__2025-05-22T18:58:46.056608+00:00 [queued]>
[2025-05-22T18:58:54.540+0000] {taskinstance.py:2613} INFO - Dependencies all met for dep_context=requeueable deps ti=<TaskInstance: 04_transform_data.run_dbt manual__2025-05-22T18:58:46.056608+00:00 [queued]>
[2025-05-22T18:58:54.541+0000] {taskinstance.py:2866} INFO - Starting attempt 1 of 1
[2025-05-22T18:58:54.554+0000] {taskinstance.py:2889} INFO - Executing <Task(PythonOperator): run_dbt> on 2025-05-22 18:58:46.056608+00:00
[2025-05-22T18:58:54.559+0000] {standard_task_runner.py:72} INFO - Started process 3667 to run task
[2025-05-22T18:58:54.562+0000] {standard_task_runner.py:104} INFO - Running: ['***', 'tasks', 'run', '04_transform_data', 'run_dbt', 'manual__2025-05-22T18:58:46.056608+00:00', '--job-id', '206', '--raw', '--subdir', 'DAGS_FOLDER/04_transform_data.py', '--cfg-path', '/tmp/tmpv5zuc_q7']
[2025-05-22T18:58:54.564+0000] {standard_task_runner.py:105} INFO - Job 206: Subtask run_dbt
[2025-05-22T18:58:54.617+0000] {task_command.py:467} INFO - Running <TaskInstance: 04_transform_data.run_dbt manual__2025-05-22T18:58:46.056608+00:00 [running]> on host e27e96d1841a
[2025-05-22T18:58:54.700+0000] {taskinstance.py:3132} INFO - Exporting env vars: AIRFLOW_CTX_DAG_OWNER='***' AIRFLOW_CTX_DAG_ID='04_transform_data' AIRFLOW_CTX_TASK_ID='run_dbt' AIRFLOW_CTX_EXECUTION_DATE='2025-05-22T18:58:46.056608+00:00' AIRFLOW_CTX_TRY_NUMBER='1' AIRFLOW_CTX_DAG_RUN_ID='manual__2025-05-22T18:58:46.056608+00:00'
[2025-05-22T18:58:54.702+0000] {taskinstance.py:731} INFO - ::endgroup::
[2025-05-22T18:58:56.296+0000] {logging_mixin.py:190} INFO - 18:58:56  Running with dbt=1.9.4
[2025-05-22T18:58:56.709+0000] {logging_mixin.py:190} INFO - 18:58:56  Registered adapter: postgres=1.9.0
[2025-05-22T18:58:57.226+0000] {logging_mixin.py:190} INFO - 18:58:57  Unable to do partial parsing because a project dependency has been added
[2025-05-22T18:59:00.155+0000] {logging_mixin.py:190} INFO - 18:59:00  [WARNING]: Configuration paths exist in your dbt_project.yml file which do not apply to any resources.
There are 1 unused configuration paths:
- models.e_commerce_sales.example
[2025-05-22T18:59:00.334+0000] {logging_mixin.py:190} INFO - 18:59:00  Found 11 models, 12 sources, 549 macros
[2025-05-22T18:59:00.339+0000] {logging_mixin.py:190} INFO - 18:59:00
[2025-05-22T18:59:00.341+0000] {logging_mixin.py:190} INFO - 18:59:00  Concurrency: 4 threads (target='dev')
[2025-05-22T18:59:00.343+0000] {logging_mixin.py:190} INFO - 18:59:00
[2025-05-22T18:59:00.477+0000] {logging_mixin.py:190} INFO - 18:59:00  1 of 11 START sql incremental model sales.mercadolivre_orders_results .......... [RUN]
[2025-05-22T18:59:00.478+0000] {logging_mixin.py:190} INFO - 18:59:00  2 of 11 START sql incremental model sales.shopee_new_id ........................ [RUN]
[2025-05-22T18:59:00.522+0000] {logging_mixin.py:190} INFO - 18:59:00  1 of 11 ERROR creating sql incremental model sales.mercadolivre_orders_results . [ERROR in 0.04s]
[2025-05-22T18:59:00.601+0000] {logging_mixin.py:190} INFO - 18:59:00  3 of 11 SKIP relation sales.dim_mercadolivre_buyer ............................. [SKIP]
[2025-05-22T18:59:00.603+0000] {logging_mixin.py:190} INFO - 18:59:00  4 of 11 SKIP relation sales.dim_mercadolivre_date .............................. [SKIP]
[2025-05-22T18:59:00.607+0000] {logging_mixin.py:190} INFO - 18:59:00  5 of 11 SKIP relation sales.dim_mercadolivre_orders_status ..................... [SKIP]
[2025-05-22T18:59:00.615+0000] {logging_mixin.py:190} INFO - 18:59:00  6 of 11 SKIP relation sales.dim_mercadolivre_product ........................... [SKIP]
[2025-05-22T18:59:00.765+0000] {logging_mixin.py:190} INFO - 18:59:00  2 of 11 OK created sql incremental model sales.shopee_new_id ................... [MERGE 0 in 0.28s]
[2025-05-22T18:59:00.770+0000] {logging_mixin.py:190} INFO - 18:59:00  7 of 11 START sql incremental model sales.shopee_orders_results ................ [RUN]
[2025-05-22T18:59:00.889+0000] {logging_mixin.py:190} INFO - 18:59:00  7 of 11 OK created sql incremental model sales.shopee_orders_results ........... [MERGE 0 in 0.12s]
[2025-05-22T18:59:00.895+0000] {logging_mixin.py:190} INFO - 18:59:00  8 of 11 START sql incremental model sales.dim_shopee_buyer_id .................. [RUN]
[2025-05-22T18:59:00.897+0000] {logging_mixin.py:190} INFO - 18:59:00  9 of 11 START sql incremental model sales.dim_shopee_date ...................... [RUN]
[2025-05-22T18:59:00.899+0000] {logging_mixin.py:190} INFO - 18:59:00  10 of 11 START sql incremental model sales.dim_shopee_orders_status ............ [RUN]
[2025-05-22T18:59:00.901+0000] {logging_mixin.py:190} INFO - 18:59:00  11 of 11 START sql incremental model sales.dim_shopee_product .................. [RUN]
[2025-05-22T18:59:01.182+0000] {logging_mixin.py:190} INFO - 18:59:01  8 of 11 OK created sql incremental model sales.dim_shopee_buyer_id ............. [MERGE 0 in 0.28s]
[2025-05-22T18:59:01.195+0000] {logging_mixin.py:190} INFO - 18:59:01  9 of 11 OK created sql incremental model sales.dim_shopee_date ................. [MERGE 0 in 0.29s]
[2025-05-22T18:59:01.197+0000] {logging_mixin.py:190} INFO - 18:59:01  10 of 11 OK created sql incremental model sales.dim_shopee_orders_status ....... [MERGE 0 in 0.29s]
[2025-05-22T18:59:01.199+0000] {logging_mixin.py:190} INFO - 18:59:01  11 of 11 OK created sql incremental model sales.dim_shopee_product ............. [MERGE 0 in 0.29s]
[2025-05-22T18:59:01.226+0000] {logging_mixin.py:190} INFO - 18:59:01
[2025-05-22T18:59:01.228+0000] {logging_mixin.py:190} INFO - 18:59:01  Finished running 11 incremental models in 0 hours 0 minutes and 0.88 seconds (0.88s).
[2025-05-22T18:59:01.302+0000] {logging_mixin.py:190} INFO - 18:59:01
[2025-05-22T18:59:01.304+0000] {logging_mixin.py:190} INFO - 18:59:01  Completed with 1 error, 0 partial successes, and 0 warnings:
[2025-05-22T18:59:01.305+0000] {logging_mixin.py:190} INFO - 18:59:01
[2025-05-22T18:59:01.307+0000] {logging_mixin.py:190} INFO - 18:59:01    Compilation Error in model mercadolivre_orders_results (models/core/mercadolivre_orders_results.sql)
  'buyers' is undefined. This can happen when calling a macro that does not exist. Check for typos and/or install package dependencies with "dbt deps".
[2025-05-22T18:59:01.308+0000] {logging_mixin.py:190} INFO - 18:59:01
[2025-05-22T18:59:01.310+0000] {logging_mixin.py:190} INFO - 18:59:01  Done. PASS=6 WARN=0 ERROR=1 SKIP=4 TOTAL=11
[2025-05-22T18:59:04.490+0000] {logging_mixin.py:190} INFO - dbt run failed!
[2025-05-22T18:59:04.491+0000] {logging_mixin.py:190} INFO - None
[2025-05-22T18:59:04.492+0000] {taskinstance.py:3311} ERROR - Task failed with exception
Traceback (most recent call last):
  File "/home/airflow/.local/lib/python3.9/site-packages/airflow/models/taskinstance.py", line 767, in _execute_task
    result = _execute_callable(context=context, **execute_callable_kwargs)
  File "/home/airflow/.local/lib/python3.9/site-packages/airflow/models/taskinstance.py", line 733, in _execute_callable
    return ExecutionCallableRunner(
  File "/home/airflow/.local/lib/python3.9/site-packages/airflow/utils/operator_helpers.py", line 252, in run
    return self.func(*args, **kwargs)
  File "/home/airflow/.local/lib/python3.9/site-packages/airflow/models/baseoperator.py", line 422, in wrapper
    return func(self, *args, **kwargs)
  File "/home/airflow/.local/lib/python3.9/site-packages/airflow/operators/python.py", line 238, in execute
    return_value = self.execute_callable()
  File "/home/airflow/.local/lib/python3.9/site-packages/airflow/operators/python.py", line 256, in execute_callable
    return runner.run(*self.op_args, **self.op_kwargs)
  File "/home/airflow/.local/lib/python3.9/site-packages/airflow/utils/operator_helpers.py", line 252, in run
    return self.func(*args, **kwargs)
  File "/opt/airflow/dbt/run_dbt.py", line 22, in transform_data
    raise RuntimeError("dbt run failed")
RuntimeError: dbt run failed
[2025-05-22T18:59:04.503+0000] {taskinstance.py:1225} INFO - Marking task as FAILED. dag_id=04_transform_data, task_id=run_dbt, run_id=manual__2025-05-22T18:58:46.056608+00:00, execution_date=20250522T185846, start_date=20250522T185854, end_date=20250522T185904
[2025-05-22T18:59:04.516+0000] {taskinstance.py:340} INFO - ::group::Post task execution logs
[2025-05-22T18:59:04.517+0000] {standard_task_runner.py:124} ERROR - Failed to execute job 206 for task run_dbt (dbt run failed; 3667)
Traceback (most recent call last):
  File "/home/airflow/.local/lib/python3.9/site-packages/airflow/task/task_runner/standard_task_runner.py", line 117, in _start_by_fork
    ret = args.func(args, dag=self.dag)
  File "/home/airflow/.local/lib/python3.9/site-packages/airflow/cli/cli_config.py", line 49, in command
    return func(*args, **kwargs)
  File "/home/airflow/.local/lib/python3.9/site-packages/airflow/utils/cli.py", line 116, in wrapper
    return f(*args, **kwargs)
  File "/home/airflow/.local/lib/python3.9/site-packages/airflow/cli/commands/task_command.py", line 483, in task_run
    task_return_code = _run_task_by_selected_method(args, _dag, ti)
  File "/home/airflow/.local/lib/python3.9/site-packages/airflow/cli/commands/task_command.py", line 256, in _run_task_by_selected_method
    return _run_raw_task(args, ti)
  File "/home/airflow/.local/lib/python3.9/site-packages/airflow/cli/commands/task_command.py", line 341, in _run_raw_task
    return ti._run_raw_task(
  File "/home/airflow/.local/lib/python3.9/site-packages/airflow/utils/session.py", line 97, in wrapper
    return func(*args, session=session, **kwargs)
  File "/home/airflow/.local/lib/python3.9/site-packages/airflow/models/taskinstance.py", line 3005, in _run_raw_task
    return _run_raw_task(
  File "/home/airflow/.local/lib/python3.9/site-packages/airflow/models/taskinstance.py", line 273, in _run_raw_task
    TaskInstance._execute_task_with_callbacks(
  File "/home/airflow/.local/lib/python3.9/site-packages/airflow/models/taskinstance.py", line 3159, in _execute_task_with_callbacks
    result = self._execute_task(context, task_orig)
  File "/home/airflow/.local/lib/python3.9/site-packages/airflow/models/taskinstance.py", line 3183, in _execute_task
    return _execute_task(self, context, task_orig)
  File "/home/airflow/.local/lib/python3.9/site-packages/airflow/models/taskinstance.py", line 767, in _execute_task
    result = _execute_callable(context=context, **execute_callable_kwargs)
  File "/home/airflow/.local/lib/python3.9/site-packages/airflow/models/taskinstance.py", line 733, in _execute_callable
    return ExecutionCallableRunner(
  File "/home/airflow/.local/lib/python3.9/site-packages/airflow/utils/operator_helpers.py", line 252, in run
    return self.func(*args, **kwargs)
  File "/home/airflow/.local/lib/python3.9/site-packages/airflow/models/baseoperator.py", line 422, in wrapper
    return func(self, *args, **kwargs)
  File "/home/airflow/.local/lib/python3.9/site-packages/airflow/operators/python.py", line 238, in execute
    return_value = self.execute_callable()
  File "/home/airflow/.local/lib/python3.9/site-packages/airflow/operators/python.py", line 256, in execute_callable
    return runner.run(*self.op_args, **self.op_kwargs)
  File "/home/airflow/.local/lib/python3.9/site-packages/airflow/utils/operator_helpers.py", line 252, in run
    return self.func(*args, **kwargs)
  File "/opt/airflow/dbt/run_dbt.py", line 22, in transform_data
    raise RuntimeError("dbt run failed")
RuntimeError: dbt run failed
[2025-05-22T18:59:04.537+0000] {local_task_job_runner.py:266} INFO - Task exited with return code 1
[2025-05-22T18:59:04.555+0000] {taskinstance.py:3895} INFO - 0 downstream tasks scheduled from follow-on schedule check
[2025-05-22T18:59:04.559+0000] {local_task_job_runner.py:245} INFO - ::endgroup::
[2025-05-22T18:59:04.572+0000] {standard_task_runner.py:217} INFO - Process not found (most likely exited), stop collecting metrics
