[2025-05-16T13:07:04.031+0000] {local_task_job_runner.py:123} INFO - ::group::Pre task execution logs
[2025-05-16T13:07:04.049+0000] {taskinstance.py:2613} INFO - Dependencies all met for dep_context=non-requeueable deps ti=<TaskInstance: 04_transform_data.run_dbt manual__2025-05-16T13:07:01.594555+00:00 [queued]>
[2025-05-16T13:07:04.057+0000] {taskinstance.py:2613} INFO - Dependencies all met for dep_context=requeueable deps ti=<TaskInstance: 04_transform_data.run_dbt manual__2025-05-16T13:07:01.594555+00:00 [queued]>
[2025-05-16T13:07:04.059+0000] {taskinstance.py:2866} INFO - Starting attempt 1 of 1
[2025-05-16T13:07:04.069+0000] {taskinstance.py:2889} INFO - Executing <Task(PythonOperator): run_dbt> on 2025-05-16 13:07:01.594555+00:00
[2025-05-16T13:07:04.073+0000] {standard_task_runner.py:72} INFO - Started process 218 to run task
[2025-05-16T13:07:04.075+0000] {standard_task_runner.py:104} INFO - Running: ['***', 'tasks', 'run', '04_transform_data', 'run_dbt', 'manual__2025-05-16T13:07:01.594555+00:00', '--job-id', '28', '--raw', '--subdir', 'DAGS_FOLDER/04_transform_data.py', '--cfg-path', '/tmp/tmp24u92vw2']
[2025-05-16T13:07:04.077+0000] {standard_task_runner.py:105} INFO - Job 28: Subtask run_dbt
[2025-05-16T13:07:04.125+0000] {task_command.py:467} INFO - Running <TaskInstance: 04_transform_data.run_dbt manual__2025-05-16T13:07:01.594555+00:00 [running]> on host b43b94ab59b1
[2025-05-16T13:07:04.192+0000] {taskinstance.py:3132} INFO - Exporting env vars: AIRFLOW_CTX_DAG_OWNER='***' AIRFLOW_CTX_DAG_ID='04_transform_data' AIRFLOW_CTX_TASK_ID='run_dbt' AIRFLOW_CTX_EXECUTION_DATE='2025-05-16T13:07:01.594555+00:00' AIRFLOW_CTX_TRY_NUMBER='1' AIRFLOW_CTX_DAG_RUN_ID='manual__2025-05-16T13:07:01.594555+00:00'
[2025-05-16T13:07:04.194+0000] {taskinstance.py:731} INFO - ::endgroup::
[2025-05-16T13:07:05.706+0000] {logging_mixin.py:190} INFO - 13:07:05  Running with dbt=1.9.4
[2025-05-16T13:07:06.034+0000] {logging_mixin.py:190} INFO - 13:07:06  Registered adapter: postgres=1.9.0
[2025-05-16T13:07:07.040+0000] {logging_mixin.py:190} INFO - 13:07:07  [WARNING]: Configuration paths exist in your dbt_project.yml file which do not apply to any resources.
There are 1 unused configuration paths:
- models.e_commerce_sales.example
[2025-05-16T13:07:07.187+0000] {logging_mixin.py:190} INFO - 13:07:07  Found 5 models, 12 sources, 433 macros
[2025-05-16T13:07:07.190+0000] {logging_mixin.py:190} INFO - 13:07:07
[2025-05-16T13:07:07.192+0000] {logging_mixin.py:190} INFO - 13:07:07  Concurrency: 4 threads (target='dev')
[2025-05-16T13:07:07.193+0000] {logging_mixin.py:190} INFO - 13:07:07
[2025-05-16T13:07:07.307+0000] {logging_mixin.py:190} INFO - 13:07:07  1 of 5 START sql incremental model sales.mercadolivre_orders_results ........... [RUN]
[2025-05-16T13:07:07.309+0000] {logging_mixin.py:190} INFO - 13:07:07  2 of 5 START sql incremental model sales.shopee_new_id ......................... [RUN]
[2025-05-16T13:07:07.485+0000] {logging_mixin.py:190} INFO - 13:07:07  2 of 5 ERROR creating sql incremental model sales.shopee_new_id ................ [ERROR in 0.17s]
[2025-05-16T13:07:07.490+0000] {logging_mixin.py:190} INFO - 13:07:07  3 of 5 SKIP relation sales.shopee_orders_results ............................... [SKIP]
[2025-05-16T13:07:07.519+0000] {logging_mixin.py:190} INFO - 13:07:07  4 of 5 SKIP relation sales.shopee_profits ...................................... [SKIP]
[2025-05-16T13:07:07.528+0000] {logging_mixin.py:190} INFO - 13:07:07  1 of 5 OK created sql incremental model sales.mercadolivre_orders_results ...... [SELECT 45 in 0.22s]
[2025-05-16T13:07:07.532+0000] {logging_mixin.py:190} INFO - 13:07:07  5 of 5 START sql incremental model sales.mercadolivre_profits .................. [RUN]
[2025-05-16T13:07:07.575+0000] {logging_mixin.py:190} INFO - 13:07:07  5 of 5 ERROR creating sql incremental model sales.mercadolivre_profits ......... [ERROR in 0.04s]
[2025-05-16T13:07:07.600+0000] {logging_mixin.py:190} INFO - 13:07:07
[2025-05-16T13:07:07.601+0000] {logging_mixin.py:190} INFO - 13:07:07  Finished running 5 incremental models in 0 hours 0 minutes and 0.41 seconds (0.41s).
[2025-05-16T13:07:07.654+0000] {logging_mixin.py:190} INFO - 13:07:07
[2025-05-16T13:07:07.656+0000] {logging_mixin.py:190} INFO - 13:07:07  Completed with 2 errors, 0 partial successes, and 0 warnings:
[2025-05-16T13:07:07.657+0000] {logging_mixin.py:190} INFO - 13:07:07
[2025-05-16T13:07:07.658+0000] {logging_mixin.py:190} INFO - 13:07:07    Database Error in model shopee_new_id (models/staging/shopee_new_id.sql)
  relation "stg.stg_shopee" does not exist
  LINE 20:     FROM "sales_db"."stg"."stg_shopee"
                    ^
  compiled code at target/run/e_commerce_sales/models/staging/shopee_new_id.sql
[2025-05-16T13:07:07.660+0000] {logging_mixin.py:190} INFO - 13:07:07
[2025-05-16T13:07:07.661+0000] {logging_mixin.py:190} INFO - 13:07:07    Database Error in model mercadolivre_profits (models/core/mercadolivre_profits.sql)
  operator does not exist: text >= timestamp with time zone
  LINE 50:   AND (costs.end_date >= order_date.date_paid OR costs.end_d...
                                 ^
  HINT:  No operator matches the given name and argument types. You might need to add explicit type casts.
  compiled code at target/run/e_commerce_sales/models/core/mercadolivre_profits.sql
[2025-05-16T13:07:07.663+0000] {logging_mixin.py:190} INFO - 13:07:07
[2025-05-16T13:07:07.664+0000] {logging_mixin.py:190} INFO - 13:07:07  Done. PASS=1 WARN=0 ERROR=2 SKIP=2 TOTAL=5
[2025-05-16T13:07:08.380+0000] {logging_mixin.py:190} INFO - dbt run failed!
[2025-05-16T13:07:08.381+0000] {logging_mixin.py:190} INFO - None
[2025-05-16T13:07:08.382+0000] {taskinstance.py:3311} ERROR - Task failed with exception
Traceback (most recent call last):
  File "/home/airflow/.local/lib/python3.9/site-packages/airflow/models/taskinstance.py", line 767, in _execute_task
    result = _execute_callable(context=context, **execute_callable_kwargs)
  File "/home/airflow/.local/lib/python3.9/site-packages/airflow/models/taskinstance.py", line 733, in _execute_callable
    return ExecutionCallableRunner(
  File "/home/airflow/.local/lib/python3.9/site-packages/airflow/utils/operator_helpers.py", line 252, in run
    return self.func(*args, **kwargs)
  File "/home/airflow/.local/lib/python3.9/site-packages/airflow/models/baseoperator.py", line 422, in wrapper
    return func(self, *args, **kwargs)
  File "/home/airflow/.local/lib/python3.9/site-packages/airflow/operators/python.py", line 238, in execute
    return_value = self.execute_callable()
  File "/home/airflow/.local/lib/python3.9/site-packages/airflow/operators/python.py", line 256, in execute_callable
    return runner.run(*self.op_args, **self.op_kwargs)
  File "/home/airflow/.local/lib/python3.9/site-packages/airflow/utils/operator_helpers.py", line 252, in run
    return self.func(*args, **kwargs)
  File "/opt/airflow/dbt/run_dbt.py", line 22, in transform_data
    raise RuntimeError("dbt run failed")
RuntimeError: dbt run failed
[2025-05-16T13:07:08.393+0000] {taskinstance.py:1225} INFO - Marking task as FAILED. dag_id=04_transform_data, task_id=run_dbt, run_id=manual__2025-05-16T13:07:01.594555+00:00, execution_date=20250516T130701, start_date=20250516T130704, end_date=20250516T130708
[2025-05-16T13:07:08.405+0000] {taskinstance.py:340} INFO - ::group::Post task execution logs
[2025-05-16T13:07:08.406+0000] {standard_task_runner.py:124} ERROR - Failed to execute job 28 for task run_dbt (dbt run failed; 218)
Traceback (most recent call last):
  File "/home/airflow/.local/lib/python3.9/site-packages/airflow/task/task_runner/standard_task_runner.py", line 117, in _start_by_fork
    ret = args.func(args, dag=self.dag)
  File "/home/airflow/.local/lib/python3.9/site-packages/airflow/cli/cli_config.py", line 49, in command
    return func(*args, **kwargs)
  File "/home/airflow/.local/lib/python3.9/site-packages/airflow/utils/cli.py", line 116, in wrapper
    return f(*args, **kwargs)
  File "/home/airflow/.local/lib/python3.9/site-packages/airflow/cli/commands/task_command.py", line 483, in task_run
    task_return_code = _run_task_by_selected_method(args, _dag, ti)
  File "/home/airflow/.local/lib/python3.9/site-packages/airflow/cli/commands/task_command.py", line 256, in _run_task_by_selected_method
    return _run_raw_task(args, ti)
  File "/home/airflow/.local/lib/python3.9/site-packages/airflow/cli/commands/task_command.py", line 341, in _run_raw_task
    return ti._run_raw_task(
  File "/home/airflow/.local/lib/python3.9/site-packages/airflow/utils/session.py", line 97, in wrapper
    return func(*args, session=session, **kwargs)
  File "/home/airflow/.local/lib/python3.9/site-packages/airflow/models/taskinstance.py", line 3005, in _run_raw_task
    return _run_raw_task(
  File "/home/airflow/.local/lib/python3.9/site-packages/airflow/models/taskinstance.py", line 273, in _run_raw_task
    TaskInstance._execute_task_with_callbacks(
  File "/home/airflow/.local/lib/python3.9/site-packages/airflow/models/taskinstance.py", line 3159, in _execute_task_with_callbacks
    result = self._execute_task(context, task_orig)
  File "/home/airflow/.local/lib/python3.9/site-packages/airflow/models/taskinstance.py", line 3183, in _execute_task
    return _execute_task(self, context, task_orig)
  File "/home/airflow/.local/lib/python3.9/site-packages/airflow/models/taskinstance.py", line 767, in _execute_task
    result = _execute_callable(context=context, **execute_callable_kwargs)
  File "/home/airflow/.local/lib/python3.9/site-packages/airflow/models/taskinstance.py", line 733, in _execute_callable
    return ExecutionCallableRunner(
  File "/home/airflow/.local/lib/python3.9/site-packages/airflow/utils/operator_helpers.py", line 252, in run
    return self.func(*args, **kwargs)
  File "/home/airflow/.local/lib/python3.9/site-packages/airflow/models/baseoperator.py", line 422, in wrapper
    return func(self, *args, **kwargs)
  File "/home/airflow/.local/lib/python3.9/site-packages/airflow/operators/python.py", line 238, in execute
    return_value = self.execute_callable()
  File "/home/airflow/.local/lib/python3.9/site-packages/airflow/operators/python.py", line 256, in execute_callable
    return runner.run(*self.op_args, **self.op_kwargs)
  File "/home/airflow/.local/lib/python3.9/site-packages/airflow/utils/operator_helpers.py", line 252, in run
    return self.func(*args, **kwargs)
  File "/opt/airflow/dbt/run_dbt.py", line 22, in transform_data
    raise RuntimeError("dbt run failed")
RuntimeError: dbt run failed
[2025-05-16T13:07:08.422+0000] {local_task_job_runner.py:266} INFO - Task exited with return code 1
[2025-05-16T13:07:08.441+0000] {taskinstance.py:3895} INFO - 0 downstream tasks scheduled from follow-on schedule check
[2025-05-16T13:07:08.444+0000] {local_task_job_runner.py:245} INFO - ::endgroup::
