[2025-06-06T18:33:23.340+0000] {local_task_job_runner.py:123} INFO - ::group::Pre task execution logs
[2025-06-06T18:33:23.358+0000] {taskinstance.py:2613} INFO - Dependencies all met for dep_context=non-requeueable deps ti=<TaskInstance: 04_transform_data.run_dbt manual__2025-06-06T18:33:13.230317+00:00 [queued]>
[2025-06-06T18:33:23.368+0000] {taskinstance.py:2613} INFO - Dependencies all met for dep_context=requeueable deps ti=<TaskInstance: 04_transform_data.run_dbt manual__2025-06-06T18:33:13.230317+00:00 [queued]>
[2025-06-06T18:33:23.369+0000] {taskinstance.py:2866} INFO - Starting attempt 1 of 1
[2025-06-06T18:33:23.381+0000] {taskinstance.py:2889} INFO - Executing <Task(PythonOperator): run_dbt> on 2025-06-06 18:33:13.230317+00:00
[2025-06-06T18:33:23.386+0000] {standard_task_runner.py:72} INFO - Started process 1450 to run task
[2025-06-06T18:33:23.389+0000] {standard_task_runner.py:104} INFO - Running: ['***', 'tasks', 'run', '04_transform_data', 'run_dbt', 'manual__2025-06-06T18:33:13.230317+00:00', '--job-id', '384', '--raw', '--subdir', 'DAGS_FOLDER/04_transform_data.py', '--cfg-path', '/tmp/tmpbi5u8fn0']
[2025-06-06T18:33:23.391+0000] {standard_task_runner.py:105} INFO - Job 384: Subtask run_dbt
[2025-06-06T18:33:23.444+0000] {task_command.py:467} INFO - Running <TaskInstance: 04_transform_data.run_dbt manual__2025-06-06T18:33:13.230317+00:00 [running]> on host 28e6a58e4107
[2025-06-06T18:33:23.537+0000] {taskinstance.py:3132} INFO - Exporting env vars: AIRFLOW_CTX_DAG_OWNER='***' AIRFLOW_CTX_DAG_ID='04_transform_data' AIRFLOW_CTX_TASK_ID='run_dbt' AIRFLOW_CTX_EXECUTION_DATE='2025-06-06T18:33:13.230317+00:00' AIRFLOW_CTX_TRY_NUMBER='1' AIRFLOW_CTX_DAG_RUN_ID='manual__2025-06-06T18:33:13.230317+00:00'
[2025-06-06T18:33:23.539+0000] {taskinstance.py:731} INFO - ::endgroup::
[2025-06-06T18:33:25.216+0000] {logging_mixin.py:190} INFO - 18:33:25  Running with dbt=1.9.5
[2025-06-06T18:33:25.645+0000] {logging_mixin.py:190} INFO - 18:33:25  Registered adapter: postgres=1.9.0
[2025-06-06T18:33:27.132+0000] {logging_mixin.py:190} INFO - 18:33:27  [WARNING]: Configuration paths exist in your dbt_project.yml file which do not apply to any resources.
There are 1 unused configuration paths:
- models.e_commerce_sales.example
[2025-06-06T18:33:27.544+0000] {logging_mixin.py:190} INFO - 18:33:27  Found 15 models, 12 sources, 549 macros, 1 unit test
[2025-06-06T18:33:27.549+0000] {logging_mixin.py:190} INFO - 18:33:27
[2025-06-06T18:33:27.551+0000] {logging_mixin.py:190} INFO - 18:33:27  Concurrency: 4 threads (target='dev')
[2025-06-06T18:33:27.554+0000] {logging_mixin.py:190} INFO - 18:33:27
[2025-06-06T18:33:27.697+0000] {logging_mixin.py:190} INFO - 18:33:27  1 of 15 START sql incremental model sales.mercadolivre_orders_results .......... [RUN]
[2025-06-06T18:33:27.699+0000] {logging_mixin.py:190} INFO - 18:33:27  2 of 15 START sql incremental model sales.stg_shopee ........................... [RUN]
[2025-06-06T18:33:27.701+0000] {logging_mixin.py:190} INFO - 18:33:27  3 of 15 START sql view model sales.sum_shopee_monthly_profit ................... [RUN]
[2025-06-06T18:33:27.702+0000] {logging_mixin.py:190} INFO - 18:33:27  4 of 15 START sql view model sales.sum_shopee_monthly_revenue .................. [RUN]
[2025-06-06T18:33:28.059+0000] {logging_mixin.py:190} INFO - 18:33:28  4 of 15 ERROR creating sql view model sales.sum_shopee_monthly_revenue ......... [ERROR in 0.33s]
[2025-06-06T18:33:28.180+0000] {logging_mixin.py:190} INFO - 18:33:28  3 of 15 OK created sql view model sales.sum_shopee_monthly_profit .............. [CREATE VIEW in 0.47s]
[2025-06-06T18:33:28.206+0000] {logging_mixin.py:190} INFO - 18:33:28  2 of 15 OK created sql incremental model sales.stg_shopee ...................... [MERGE 0 in 0.50s]
[2025-06-06T18:33:28.208+0000] {logging_mixin.py:190} INFO - 18:33:28  1 of 15 OK created sql incremental model sales.mercadolivre_orders_results ..... [MERGE 190 in 0.50s]
[2025-06-06T18:33:28.214+0000] {logging_mixin.py:190} INFO - 18:33:28  5 of 15 START sql incremental model sales.shopee_new_id ........................ [RUN]
[2025-06-06T18:33:28.219+0000] {logging_mixin.py:190} INFO - 18:33:28  6 of 15 START sql incremental model sales.dim_mercadolivre_buyer ............... [RUN]
[2025-06-06T18:33:28.221+0000] {logging_mixin.py:190} INFO - 18:33:28  7 of 15 START sql incremental model sales.dim_mercadolivre_date ................ [RUN]
[2025-06-06T18:33:28.223+0000] {logging_mixin.py:190} INFO - 18:33:28  8 of 15 START sql incremental model sales.dim_mercadolivre_orders_status ....... [RUN]
[2025-06-06T18:33:28.459+0000] {logging_mixin.py:190} INFO - 18:33:28  5 of 15 OK created sql incremental model sales.shopee_new_id ................... [MERGE 0 in 0.24s]
[2025-06-06T18:33:28.485+0000] {logging_mixin.py:190} INFO - 18:33:28  9 of 15 START sql incremental model sales.dim_mercadolivre_product ............. [RUN]
[2025-06-06T18:33:28.535+0000] {logging_mixin.py:190} INFO - 18:33:28  8 of 15 OK created sql incremental model sales.dim_mercadolivre_orders_status .. [MERGE 190 in 0.30s]
[2025-06-06T18:33:28.550+0000] {logging_mixin.py:190} INFO - 18:33:28  6 of 15 OK created sql incremental model sales.dim_mercadolivre_buyer .......... [MERGE 188 in 0.31s]
[2025-06-06T18:33:28.558+0000] {logging_mixin.py:190} INFO - 18:33:28  10 of 15 START sql incremental model sales.shopee_orders_results ............... [RUN]
[2025-06-06T18:33:28.592+0000] {logging_mixin.py:190} INFO - 18:33:28  7 of 15 OK created sql incremental model sales.dim_mercadolivre_date ........... [MERGE 190 in 0.36s]
[2025-06-06T18:33:28.717+0000] {logging_mixin.py:190} INFO - 18:33:28  10 of 15 OK created sql incremental model sales.shopee_orders_results .......... [MERGE 0 in 0.15s]
[2025-06-06T18:33:28.725+0000] {logging_mixin.py:190} INFO - 18:33:28  11 of 15 START sql incremental model sales.dim_shopee_buyer .................... [RUN]
[2025-06-06T18:33:28.726+0000] {logging_mixin.py:190} INFO - 18:33:28  12 of 15 START sql incremental model sales.dim_shopee_date ..................... [RUN]
[2025-06-06T18:33:28.728+0000] {logging_mixin.py:190} INFO - 18:33:28  13 of 15 START sql incremental model sales.dim_shopee_orders_status ............ [RUN]
[2025-06-06T18:33:28.734+0000] {logging_mixin.py:190} INFO - 18:33:28  9 of 15 OK created sql incremental model sales.dim_mercadolivre_product ........ [MERGE 65 in 0.23s]
[2025-06-06T18:33:28.768+0000] {logging_mixin.py:190} INFO - 18:33:28  14 of 15 START sql incremental model sales.dim_shopee_product .................. [RUN]
[2025-06-06T18:33:29.029+0000] {logging_mixin.py:190} INFO - 18:33:29  11 of 15 OK created sql incremental model sales.dim_shopee_buyer ............... [MERGE 0 in 0.29s]
[2025-06-06T18:33:29.034+0000] {logging_mixin.py:190} INFO - 18:33:29  12 of 15 OK created sql incremental model sales.dim_shopee_date ................ [MERGE 0 in 0.29s]
[2025-06-06T18:33:29.038+0000] {logging_mixin.py:190} INFO - 18:33:29  13 of 15 OK created sql incremental model sales.dim_shopee_orders_status ....... [MERGE 0 in 0.30s]
[2025-06-06T18:33:29.047+0000] {logging_mixin.py:190} INFO - 18:33:29  14 of 15 OK created sql incremental model sales.dim_shopee_product ............. [MERGE 0 in 0.27s]
[2025-06-06T18:33:29.052+0000] {logging_mixin.py:190} INFO - 18:33:29  15 of 15 START sql view model sales.sum_shopee_products_sold ................... [RUN]
[2025-06-06T18:33:29.139+0000] {logging_mixin.py:190} INFO - 18:33:29  15 of 15 OK created sql view model sales.sum_shopee_products_sold .............. [CREATE VIEW in 0.08s]
[2025-06-06T18:33:29.164+0000] {logging_mixin.py:190} INFO - 18:33:29
[2025-06-06T18:33:29.165+0000] {logging_mixin.py:190} INFO - 18:33:29  Finished running 12 incremental models, 3 view models in 0 hours 0 minutes and 1.61 seconds (1.61s).
[2025-06-06T18:33:29.247+0000] {logging_mixin.py:190} INFO - 18:33:29
[2025-06-06T18:33:29.249+0000] {logging_mixin.py:190} INFO - 18:33:29  Completed with 1 error, 0 partial successes, and 0 warnings:
[2025-06-06T18:33:29.251+0000] {logging_mixin.py:190} INFO - 18:33:29
[2025-06-06T18:33:29.252+0000] {logging_mixin.py:190} INFO - 18:33:29    Database Error in model sum_shopee_monthly_revenue (models/core/sum_shopee_monthly_revenue.sql)
  function round(double precision, integer) does not exist
  LINE 10:     ROUND(SUM(results.qt * results.price), 2)
               ^
  HINT:  No function matches the given name and argument types. You might need to add explicit type casts.
  compiled code at target/run/e_commerce_sales/models/core/sum_shopee_monthly_revenue.sql
[2025-06-06T18:33:29.254+0000] {logging_mixin.py:190} INFO - 18:33:29
[2025-06-06T18:33:29.256+0000] {logging_mixin.py:190} INFO - 18:33:29  Done. PASS=14 WARN=0 ERROR=1 SKIP=0 TOTAL=15
[2025-06-06T18:33:30.130+0000] {logging_mixin.py:190} INFO - dbt run failed!
[2025-06-06T18:33:30.133+0000] {logging_mixin.py:190} INFO - None
[2025-06-06T18:33:30.135+0000] {taskinstance.py:3311} ERROR - Task failed with exception
Traceback (most recent call last):
  File "/home/airflow/.local/lib/python3.9/site-packages/airflow/models/taskinstance.py", line 767, in _execute_task
    result = _execute_callable(context=context, **execute_callable_kwargs)
  File "/home/airflow/.local/lib/python3.9/site-packages/airflow/models/taskinstance.py", line 733, in _execute_callable
    return ExecutionCallableRunner(
  File "/home/airflow/.local/lib/python3.9/site-packages/airflow/utils/operator_helpers.py", line 252, in run
    return self.func(*args, **kwargs)
  File "/home/airflow/.local/lib/python3.9/site-packages/airflow/models/baseoperator.py", line 422, in wrapper
    return func(self, *args, **kwargs)
  File "/home/airflow/.local/lib/python3.9/site-packages/airflow/operators/python.py", line 238, in execute
    return_value = self.execute_callable()
  File "/home/airflow/.local/lib/python3.9/site-packages/airflow/operators/python.py", line 256, in execute_callable
    return runner.run(*self.op_args, **self.op_kwargs)
  File "/home/airflow/.local/lib/python3.9/site-packages/airflow/utils/operator_helpers.py", line 252, in run
    return self.func(*args, **kwargs)
  File "/opt/airflow/dbt_files/run_dbt.py", line 22, in transform_data
    raise RuntimeError("dbt run failed")
RuntimeError: dbt run failed
[2025-06-06T18:33:30.148+0000] {taskinstance.py:1225} INFO - Marking task as FAILED. dag_id=04_transform_data, task_id=run_dbt, run_id=manual__2025-06-06T18:33:13.230317+00:00, execution_date=20250606T183313, start_date=20250606T183323, end_date=20250606T183330
[2025-06-06T18:33:30.161+0000] {taskinstance.py:340} INFO - ::group::Post task execution logs
[2025-06-06T18:33:30.162+0000] {standard_task_runner.py:124} ERROR - Failed to execute job 384 for task run_dbt (dbt run failed; 1450)
Traceback (most recent call last):
  File "/home/airflow/.local/lib/python3.9/site-packages/airflow/task/task_runner/standard_task_runner.py", line 117, in _start_by_fork
    ret = args.func(args, dag=self.dag)
  File "/home/airflow/.local/lib/python3.9/site-packages/airflow/cli/cli_config.py", line 49, in command
    return func(*args, **kwargs)
  File "/home/airflow/.local/lib/python3.9/site-packages/airflow/utils/cli.py", line 116, in wrapper
    return f(*args, **kwargs)
  File "/home/airflow/.local/lib/python3.9/site-packages/airflow/cli/commands/task_command.py", line 483, in task_run
    task_return_code = _run_task_by_selected_method(args, _dag, ti)
  File "/home/airflow/.local/lib/python3.9/site-packages/airflow/cli/commands/task_command.py", line 256, in _run_task_by_selected_method
    return _run_raw_task(args, ti)
  File "/home/airflow/.local/lib/python3.9/site-packages/airflow/cli/commands/task_command.py", line 341, in _run_raw_task
    return ti._run_raw_task(
  File "/home/airflow/.local/lib/python3.9/site-packages/airflow/utils/session.py", line 97, in wrapper
    return func(*args, session=session, **kwargs)
  File "/home/airflow/.local/lib/python3.9/site-packages/airflow/models/taskinstance.py", line 3005, in _run_raw_task
    return _run_raw_task(
  File "/home/airflow/.local/lib/python3.9/site-packages/airflow/models/taskinstance.py", line 273, in _run_raw_task
    TaskInstance._execute_task_with_callbacks(
  File "/home/airflow/.local/lib/python3.9/site-packages/airflow/models/taskinstance.py", line 3159, in _execute_task_with_callbacks
    result = self._execute_task(context, task_orig)
  File "/home/airflow/.local/lib/python3.9/site-packages/airflow/models/taskinstance.py", line 3183, in _execute_task
    return _execute_task(self, context, task_orig)
  File "/home/airflow/.local/lib/python3.9/site-packages/airflow/models/taskinstance.py", line 767, in _execute_task
    result = _execute_callable(context=context, **execute_callable_kwargs)
  File "/home/airflow/.local/lib/python3.9/site-packages/airflow/models/taskinstance.py", line 733, in _execute_callable
    return ExecutionCallableRunner(
  File "/home/airflow/.local/lib/python3.9/site-packages/airflow/utils/operator_helpers.py", line 252, in run
    return self.func(*args, **kwargs)
  File "/home/airflow/.local/lib/python3.9/site-packages/airflow/models/baseoperator.py", line 422, in wrapper
    return func(self, *args, **kwargs)
  File "/home/airflow/.local/lib/python3.9/site-packages/airflow/operators/python.py", line 238, in execute
    return_value = self.execute_callable()
  File "/home/airflow/.local/lib/python3.9/site-packages/airflow/operators/python.py", line 256, in execute_callable
    return runner.run(*self.op_args, **self.op_kwargs)
  File "/home/airflow/.local/lib/python3.9/site-packages/airflow/utils/operator_helpers.py", line 252, in run
    return self.func(*args, **kwargs)
  File "/opt/airflow/dbt_files/run_dbt.py", line 22, in transform_data
    raise RuntimeError("dbt run failed")
RuntimeError: dbt run failed
[2025-06-06T18:33:30.191+0000] {local_task_job_runner.py:266} INFO - Task exited with return code 1
[2025-06-06T18:33:30.210+0000] {taskinstance.py:3895} INFO - 0 downstream tasks scheduled from follow-on schedule check
[2025-06-06T18:33:30.213+0000] {local_task_job_runner.py:245} INFO - ::endgroup::
