[2025-06-06T20:20:52.895+0000] {local_task_job_runner.py:123} INFO - ::group::Pre task execution logs
[2025-06-06T20:20:52.912+0000] {taskinstance.py:2613} INFO - Dependencies all met for dep_context=non-requeueable deps ti=<TaskInstance: 05_transform_data.run_dbt manual__2025-06-06T20:20:44.499500+00:00 [queued]>
[2025-06-06T20:20:52.921+0000] {taskinstance.py:2613} INFO - Dependencies all met for dep_context=requeueable deps ti=<TaskInstance: 05_transform_data.run_dbt manual__2025-06-06T20:20:44.499500+00:00 [queued]>
[2025-06-06T20:20:52.922+0000] {taskinstance.py:2866} INFO - Starting attempt 1 of 1
[2025-06-06T20:20:52.934+0000] {taskinstance.py:2889} INFO - Executing <Task(PythonOperator): run_dbt> on 2025-06-06 20:20:44.499500+00:00
[2025-06-06T20:20:52.939+0000] {standard_task_runner.py:72} INFO - Started process 4743 to run task
[2025-06-06T20:20:52.941+0000] {standard_task_runner.py:104} INFO - Running: ['***', 'tasks', 'run', '05_transform_data', 'run_dbt', 'manual__2025-06-06T20:20:44.499500+00:00', '--job-id', '442', '--raw', '--subdir', 'DAGS_FOLDER/05_transform_data.py', '--cfg-path', '/tmp/tmp814kh30h']
[2025-06-06T20:20:52.943+0000] {standard_task_runner.py:105} INFO - Job 442: Subtask run_dbt
[2025-06-06T20:20:52.993+0000] {task_command.py:467} INFO - Running <TaskInstance: 05_transform_data.run_dbt manual__2025-06-06T20:20:44.499500+00:00 [running]> on host 28e6a58e4107
[2025-06-06T20:20:53.070+0000] {taskinstance.py:3132} INFO - Exporting env vars: AIRFLOW_CTX_DAG_OWNER='***' AIRFLOW_CTX_DAG_ID='05_transform_data' AIRFLOW_CTX_TASK_ID='run_dbt' AIRFLOW_CTX_EXECUTION_DATE='2025-06-06T20:20:44.499500+00:00' AIRFLOW_CTX_TRY_NUMBER='1' AIRFLOW_CTX_DAG_RUN_ID='manual__2025-06-06T20:20:44.499500+00:00'
[2025-06-06T20:20:53.072+0000] {taskinstance.py:731} INFO - ::endgroup::
[2025-06-06T20:20:54.541+0000] {logging_mixin.py:190} INFO - 20:20:54  Running with dbt=1.9.5
[2025-06-06T20:20:54.910+0000] {logging_mixin.py:190} INFO - 20:20:54  Registered adapter: postgres=1.9.0
[2025-06-06T20:20:56.204+0000] {logging_mixin.py:190} INFO - 20:20:56  [WARNING]: Configuration paths exist in your dbt_project.yml file which do not apply to any resources.
There are 1 unused configuration paths:
- models.e_commerce_sales.example
[2025-06-06T20:20:56.558+0000] {logging_mixin.py:190} INFO - 20:20:56  Found 15 models, 12 sources, 549 macros, 1 unit test
[2025-06-06T20:20:56.563+0000] {logging_mixin.py:190} INFO - 20:20:56
[2025-06-06T20:20:56.565+0000] {logging_mixin.py:190} INFO - 20:20:56  Concurrency: 4 threads (target='dev')
[2025-06-06T20:20:56.567+0000] {logging_mixin.py:190} INFO - 20:20:56
[2025-06-06T20:20:56.714+0000] {logging_mixin.py:190} INFO - 20:20:56  1 of 15 START sql incremental model sales.mercadolivre_orders_results .......... [RUN]
[2025-06-06T20:20:56.715+0000] {logging_mixin.py:190} INFO - 20:20:56  2 of 15 START sql incremental model sales.stg_shopee ........................... [RUN]
[2025-06-06T20:20:57.152+0000] {logging_mixin.py:190} INFO - 20:20:57  2 of 15 OK created sql incremental model sales.stg_shopee ...................... [MERGE 2875 in 0.43s]
[2025-06-06T20:20:57.159+0000] {logging_mixin.py:190} INFO - 20:20:57  3 of 15 START sql incremental model sales.shopee_new_id ........................ [RUN]
[2025-06-06T20:20:57.285+0000] {logging_mixin.py:190} INFO - 20:20:57  3 of 15 OK created sql incremental model sales.shopee_new_id ................... [MERGE 2875 in 0.12s]
[2025-06-06T20:20:57.290+0000] {logging_mixin.py:190} INFO - 20:20:57  4 of 15 START sql incremental model sales.shopee_orders_results ................ [RUN]
[2025-06-06T20:20:57.987+0000] {logging_mixin.py:190} INFO - 20:20:57  4 of 15 OK created sql incremental model sales.shopee_orders_results ........... [MERGE 2727 in 0.69s]
[2025-06-06T20:20:57.998+0000] {logging_mixin.py:190} INFO - 20:20:57  5 of 15 START sql incremental model sales.dim_shopee_buyer ..................... [RUN]
[2025-06-06T20:20:58.000+0000] {logging_mixin.py:190} INFO - 20:20:58  6 of 15 START sql incremental model sales.dim_shopee_date ...................... [RUN]
[2025-06-06T20:20:58.003+0000] {logging_mixin.py:190} INFO - 20:20:58  7 of 15 START sql incremental model sales.dim_shopee_orders_status ............. [RUN]
[2025-06-06T20:20:58.254+0000] {logging_mixin.py:190} INFO - 20:20:58  5 of 15 ERROR creating sql incremental model sales.dim_shopee_buyer ............ [ERROR in 0.25s]
[2025-06-06T20:20:58.256+0000] {logging_mixin.py:190} INFO - 20:20:58  7 of 15 ERROR creating sql incremental model sales.dim_shopee_orders_status .... [ERROR in 0.24s]
[2025-06-06T20:20:58.265+0000] {logging_mixin.py:190} INFO - 20:20:58  8 of 15 START sql incremental model sales.dim_shopee_product ................... [RUN]
[2025-06-06T20:20:58.273+0000] {logging_mixin.py:190} INFO - 20:20:58  6 of 15 OK created sql incremental model sales.dim_shopee_date ................. [MERGE 2727 in 0.26s]
[2025-06-06T20:20:58.290+0000] {logging_mixin.py:190} INFO - 20:20:58  9 of 15 START sql view model sales.sum_shopee_monthly_profit ................... [RUN]
[2025-06-06T20:20:58.292+0000] {logging_mixin.py:190} INFO - 20:20:58  10 of 15 START sql view model sales.sum_shopee_monthly_revenue ................. [RUN]
[2025-06-06T20:20:58.611+0000] {logging_mixin.py:190} INFO - 20:20:58  8 of 15 ERROR creating sql incremental model sales.dim_shopee_product .......... [ERROR in 0.33s]
[2025-06-06T20:20:58.613+0000] {logging_mixin.py:190} INFO - 20:20:58  9 of 15 OK created sql view model sales.sum_shopee_monthly_profit .............. [CREATE VIEW in 0.31s]
[2025-06-06T20:20:58.624+0000] {logging_mixin.py:190} INFO - 20:20:58  10 of 15 OK created sql view model sales.sum_shopee_monthly_revenue ............ [CREATE VIEW in 0.32s]
[2025-06-06T20:20:58.634+0000] {logging_mixin.py:190} INFO - 20:20:58  11 of 15 SKIP relation sales.sum_shopee_products_sold .......................... [SKIP]
[2025-06-06T20:21:00.309+0000] {logging_mixin.py:190} INFO - 20:21:00  1 of 15 OK created sql incremental model sales.mercadolivre_orders_results ..... [MERGE 190 in 3.59s]
[2025-06-06T20:21:00.318+0000] {logging_mixin.py:190} INFO - 20:21:00  12 of 15 START sql incremental model sales.dim_mercadolivre_buyer .............. [RUN]
[2025-06-06T20:21:00.320+0000] {logging_mixin.py:190} INFO - 20:21:00  13 of 15 START sql incremental model sales.dim_mercadolivre_date ............... [RUN]
[2025-06-06T20:21:00.322+0000] {logging_mixin.py:190} INFO - 20:21:00  14 of 15 START sql incremental model sales.dim_mercadolivre_orders_status ...... [RUN]
[2025-06-06T20:21:00.324+0000] {logging_mixin.py:190} INFO - 20:21:00  15 of 15 START sql incremental model sales.dim_mercadolivre_product ............ [RUN]
[2025-06-06T20:21:00.574+0000] {logging_mixin.py:190} INFO - 20:21:00  14 of 15 OK created sql incremental model sales.dim_mercadolivre_orders_status . [MERGE 190 in 0.24s]
[2025-06-06T20:21:00.597+0000] {logging_mixin.py:190} INFO - 20:21:00  12 of 15 OK created sql incremental model sales.dim_mercadolivre_buyer ......... [MERGE 188 in 0.27s]
[2025-06-06T20:21:01.082+0000] {logging_mixin.py:190} INFO - 20:21:01  13 of 15 OK created sql incremental model sales.dim_mercadolivre_date .......... [MERGE 190 in 0.75s]
[2025-06-06T20:21:01.720+0000] {logging_mixin.py:190} INFO - 20:21:01  15 of 15 OK created sql incremental model sales.dim_mercadolivre_product ....... [MERGE 65 in 1.39s]
[2025-06-06T20:21:01.747+0000] {logging_mixin.py:190} INFO - 20:21:01
[2025-06-06T20:21:01.748+0000] {logging_mixin.py:190} INFO - 20:21:01  Finished running 12 incremental models, 3 view models in 0 hours 0 minutes and 5.18 seconds (5.18s).
[2025-06-06T20:21:01.830+0000] {logging_mixin.py:190} INFO - 20:21:01
[2025-06-06T20:21:01.832+0000] {logging_mixin.py:190} INFO - 20:21:01  Completed with 3 errors, 0 partial successes, and 0 warnings:
[2025-06-06T20:21:01.833+0000] {logging_mixin.py:190} INFO - 20:21:01
[2025-06-06T20:21:01.834+0000] {logging_mixin.py:190} INFO - 20:21:01    Database Error in model dim_shopee_buyer (models/core/dim_shopee_buyer.sql)
  MERGE command cannot affect row a second time
  HINT:  Ensure that not more than one source row matches any one target row.
  compiled code at target/run/e_commerce_sales/models/core/dim_shopee_buyer.sql
[2025-06-06T20:21:01.836+0000] {logging_mixin.py:190} INFO - 20:21:01
[2025-06-06T20:21:01.837+0000] {logging_mixin.py:190} INFO - 20:21:01    Database Error in model dim_shopee_orders_status (models/core/dim_shopee_orders_status.sql)
  MERGE command cannot affect row a second time
  HINT:  Ensure that not more than one source row matches any one target row.
  compiled code at target/run/e_commerce_sales/models/core/dim_shopee_orders_status.sql
[2025-06-06T20:21:01.839+0000] {logging_mixin.py:190} INFO - 20:21:01
[2025-06-06T20:21:01.840+0000] {logging_mixin.py:190} INFO - 20:21:01    Database Error in model dim_shopee_product (models/core/dim_shopee_product.sql)
  MERGE command cannot affect row a second time
  HINT:  Ensure that not more than one source row matches any one target row.
  compiled code at target/run/e_commerce_sales/models/core/dim_shopee_product.sql
[2025-06-06T20:21:01.842+0000] {logging_mixin.py:190} INFO - 20:21:01
[2025-06-06T20:21:01.843+0000] {logging_mixin.py:190} INFO - 20:21:01  Done. PASS=11 WARN=0 ERROR=3 SKIP=1 TOTAL=15
[2025-06-06T20:21:02.694+0000] {logging_mixin.py:190} INFO - dbt run failed!
[2025-06-06T20:21:02.695+0000] {logging_mixin.py:190} INFO - None
[2025-06-06T20:21:02.696+0000] {taskinstance.py:3311} ERROR - Task failed with exception
Traceback (most recent call last):
  File "/home/airflow/.local/lib/python3.9/site-packages/airflow/models/taskinstance.py", line 767, in _execute_task
    result = _execute_callable(context=context, **execute_callable_kwargs)
  File "/home/airflow/.local/lib/python3.9/site-packages/airflow/models/taskinstance.py", line 733, in _execute_callable
    return ExecutionCallableRunner(
  File "/home/airflow/.local/lib/python3.9/site-packages/airflow/utils/operator_helpers.py", line 252, in run
    return self.func(*args, **kwargs)
  File "/home/airflow/.local/lib/python3.9/site-packages/airflow/models/baseoperator.py", line 422, in wrapper
    return func(self, *args, **kwargs)
  File "/home/airflow/.local/lib/python3.9/site-packages/airflow/operators/python.py", line 238, in execute
    return_value = self.execute_callable()
  File "/home/airflow/.local/lib/python3.9/site-packages/airflow/operators/python.py", line 256, in execute_callable
    return runner.run(*self.op_args, **self.op_kwargs)
  File "/home/airflow/.local/lib/python3.9/site-packages/airflow/utils/operator_helpers.py", line 252, in run
    return self.func(*args, **kwargs)
  File "/opt/airflow/dbt_files/run_dbt.py", line 22, in transform_data
    raise RuntimeError("dbt run failed")
RuntimeError: dbt run failed
[2025-06-06T20:21:02.710+0000] {taskinstance.py:1225} INFO - Marking task as FAILED. dag_id=05_transform_data, task_id=run_dbt, run_id=manual__2025-06-06T20:20:44.499500+00:00, execution_date=20250606T202044, start_date=20250606T202052, end_date=20250606T202102
[2025-06-06T20:21:02.724+0000] {taskinstance.py:340} INFO - ::group::Post task execution logs
[2025-06-06T20:21:02.726+0000] {standard_task_runner.py:124} ERROR - Failed to execute job 442 for task run_dbt (dbt run failed; 4743)
Traceback (most recent call last):
  File "/home/airflow/.local/lib/python3.9/site-packages/airflow/task/task_runner/standard_task_runner.py", line 117, in _start_by_fork
    ret = args.func(args, dag=self.dag)
  File "/home/airflow/.local/lib/python3.9/site-packages/airflow/cli/cli_config.py", line 49, in command
    return func(*args, **kwargs)
  File "/home/airflow/.local/lib/python3.9/site-packages/airflow/utils/cli.py", line 116, in wrapper
    return f(*args, **kwargs)
  File "/home/airflow/.local/lib/python3.9/site-packages/airflow/cli/commands/task_command.py", line 483, in task_run
    task_return_code = _run_task_by_selected_method(args, _dag, ti)
  File "/home/airflow/.local/lib/python3.9/site-packages/airflow/cli/commands/task_command.py", line 256, in _run_task_by_selected_method
    return _run_raw_task(args, ti)
  File "/home/airflow/.local/lib/python3.9/site-packages/airflow/cli/commands/task_command.py", line 341, in _run_raw_task
    return ti._run_raw_task(
  File "/home/airflow/.local/lib/python3.9/site-packages/airflow/utils/session.py", line 97, in wrapper
    return func(*args, session=session, **kwargs)
  File "/home/airflow/.local/lib/python3.9/site-packages/airflow/models/taskinstance.py", line 3005, in _run_raw_task
    return _run_raw_task(
  File "/home/airflow/.local/lib/python3.9/site-packages/airflow/models/taskinstance.py", line 273, in _run_raw_task
    TaskInstance._execute_task_with_callbacks(
  File "/home/airflow/.local/lib/python3.9/site-packages/airflow/models/taskinstance.py", line 3159, in _execute_task_with_callbacks
    result = self._execute_task(context, task_orig)
  File "/home/airflow/.local/lib/python3.9/site-packages/airflow/models/taskinstance.py", line 3183, in _execute_task
    return _execute_task(self, context, task_orig)
  File "/home/airflow/.local/lib/python3.9/site-packages/airflow/models/taskinstance.py", line 767, in _execute_task
    result = _execute_callable(context=context, **execute_callable_kwargs)
  File "/home/airflow/.local/lib/python3.9/site-packages/airflow/models/taskinstance.py", line 733, in _execute_callable
    return ExecutionCallableRunner(
  File "/home/airflow/.local/lib/python3.9/site-packages/airflow/utils/operator_helpers.py", line 252, in run
    return self.func(*args, **kwargs)
  File "/home/airflow/.local/lib/python3.9/site-packages/airflow/models/baseoperator.py", line 422, in wrapper
    return func(self, *args, **kwargs)
  File "/home/airflow/.local/lib/python3.9/site-packages/airflow/operators/python.py", line 238, in execute
    return_value = self.execute_callable()
  File "/home/airflow/.local/lib/python3.9/site-packages/airflow/operators/python.py", line 256, in execute_callable
    return runner.run(*self.op_args, **self.op_kwargs)
  File "/home/airflow/.local/lib/python3.9/site-packages/airflow/utils/operator_helpers.py", line 252, in run
    return self.func(*args, **kwargs)
  File "/opt/airflow/dbt_files/run_dbt.py", line 22, in transform_data
    raise RuntimeError("dbt run failed")
RuntimeError: dbt run failed
[2025-06-06T20:21:02.762+0000] {local_task_job_runner.py:266} INFO - Task exited with return code 1
[2025-06-06T20:21:02.785+0000] {taskinstance.py:3895} INFO - 0 downstream tasks scheduled from follow-on schedule check
[2025-06-06T20:21:02.789+0000] {local_task_job_runner.py:245} INFO - ::endgroup::
