[2025-06-06T19:56:29.671+0000] {local_task_job_runner.py:123} INFO - ::group::Pre task execution logs
[2025-06-06T19:56:29.688+0000] {taskinstance.py:2613} INFO - Dependencies all met for dep_context=non-requeueable deps ti=<TaskInstance: 05_transform_data.run_dbt manual__2025-06-06T19:56:21.433680+00:00 [queued]>
[2025-06-06T19:56:29.696+0000] {taskinstance.py:2613} INFO - Dependencies all met for dep_context=requeueable deps ti=<TaskInstance: 05_transform_data.run_dbt manual__2025-06-06T19:56:21.433680+00:00 [queued]>
[2025-06-06T19:56:29.697+0000] {taskinstance.py:2866} INFO - Starting attempt 1 of 1
[2025-06-06T19:56:29.709+0000] {taskinstance.py:2889} INFO - Executing <Task(PythonOperator): run_dbt> on 2025-06-06 19:56:21.433680+00:00
[2025-06-06T19:56:29.713+0000] {standard_task_runner.py:72} INFO - Started process 4073 to run task
[2025-06-06T19:56:29.716+0000] {standard_task_runner.py:104} INFO - Running: ['***', 'tasks', 'run', '05_transform_data', 'run_dbt', 'manual__2025-06-06T19:56:21.433680+00:00', '--job-id', '420', '--raw', '--subdir', 'DAGS_FOLDER/05_transform_data.py', '--cfg-path', '/tmp/tmpkkszge98']
[2025-06-06T19:56:29.718+0000] {standard_task_runner.py:105} INFO - Job 420: Subtask run_dbt
[2025-06-06T19:56:29.768+0000] {task_command.py:467} INFO - Running <TaskInstance: 05_transform_data.run_dbt manual__2025-06-06T19:56:21.433680+00:00 [running]> on host 28e6a58e4107
[2025-06-06T19:56:29.860+0000] {taskinstance.py:3132} INFO - Exporting env vars: AIRFLOW_CTX_DAG_OWNER='***' AIRFLOW_CTX_DAG_ID='05_transform_data' AIRFLOW_CTX_TASK_ID='run_dbt' AIRFLOW_CTX_EXECUTION_DATE='2025-06-06T19:56:21.433680+00:00' AIRFLOW_CTX_TRY_NUMBER='1' AIRFLOW_CTX_DAG_RUN_ID='manual__2025-06-06T19:56:21.433680+00:00'
[2025-06-06T19:56:29.862+0000] {taskinstance.py:731} INFO - ::endgroup::
[2025-06-06T19:56:31.339+0000] {logging_mixin.py:190} INFO - 19:56:31  Running with dbt=1.9.5
[2025-06-06T19:56:31.704+0000] {logging_mixin.py:190} INFO - 19:56:31  Registered adapter: postgres=1.9.0
[2025-06-06T19:56:32.977+0000] {logging_mixin.py:190} INFO - 19:56:32  [WARNING]: Configuration paths exist in your dbt_project.yml file which do not apply to any resources.
There are 1 unused configuration paths:
- models.e_commerce_sales.example
[2025-06-06T19:56:33.330+0000] {logging_mixin.py:190} INFO - 19:56:33  Found 15 models, 12 sources, 549 macros, 1 unit test
[2025-06-06T19:56:33.335+0000] {logging_mixin.py:190} INFO - 19:56:33
[2025-06-06T19:56:33.337+0000] {logging_mixin.py:190} INFO - 19:56:33  Concurrency: 4 threads (target='dev')
[2025-06-06T19:56:33.338+0000] {logging_mixin.py:190} INFO - 19:56:33
[2025-06-06T19:56:33.473+0000] {logging_mixin.py:190} INFO - 19:56:33  1 of 15 START sql incremental model sales.mercadolivre_orders_results .......... [RUN]
[2025-06-06T19:56:33.475+0000] {logging_mixin.py:190} INFO - 19:56:33  2 of 15 START sql incremental model sales.stg_shopee ........................... [RUN]
[2025-06-06T19:56:33.956+0000] {logging_mixin.py:190} INFO - 19:56:33  2 of 15 OK created sql incremental model sales.stg_shopee ...................... [MERGE 5750 in 0.47s]
[2025-06-06T19:56:33.963+0000] {logging_mixin.py:190} INFO - 19:56:33  3 of 15 START sql incremental model sales.shopee_new_id ........................ [RUN]
[2025-06-06T19:56:34.009+0000] {logging_mixin.py:190} INFO - 19:56:34  1 of 15 OK created sql incremental model sales.mercadolivre_orders_results ..... [MERGE 190 in 0.53s]
[2025-06-06T19:56:34.015+0000] {logging_mixin.py:190} INFO - 19:56:34  4 of 15 START sql incremental model sales.dim_mercadolivre_buyer ............... [RUN]
[2025-06-06T19:56:34.017+0000] {logging_mixin.py:190} INFO - 19:56:34  5 of 15 START sql incremental model sales.dim_mercadolivre_date ................ [RUN]
[2025-06-06T19:56:34.019+0000] {logging_mixin.py:190} INFO - 19:56:34  6 of 15 START sql incremental model sales.dim_mercadolivre_orders_status ....... [RUN]
[2025-06-06T19:56:34.212+0000] {logging_mixin.py:190} INFO - 19:56:34  3 of 15 OK created sql incremental model sales.shopee_new_id ................... [MERGE 2875 in 0.23s]
[2025-06-06T19:56:34.224+0000] {logging_mixin.py:190} INFO - 19:56:34  7 of 15 START sql incremental model sales.dim_mercadolivre_product ............. [RUN]
[2025-06-06T19:56:34.278+0000] {logging_mixin.py:190} INFO - 19:56:34  4 of 15 OK created sql incremental model sales.dim_mercadolivre_buyer .......... [MERGE 188 in 0.25s]
[2025-06-06T19:56:34.280+0000] {logging_mixin.py:190} INFO - 19:56:34  6 of 15 OK created sql incremental model sales.dim_mercadolivre_orders_status .. [MERGE 190 in 0.25s]
[2025-06-06T19:56:34.287+0000] {logging_mixin.py:190} INFO - 19:56:34  8 of 15 START sql incremental model sales.shopee_orders_results ................ [RUN]
[2025-06-06T19:56:34.385+0000] {logging_mixin.py:190} INFO - 19:56:34  5 of 15 OK created sql incremental model sales.dim_mercadolivre_date ........... [MERGE 190 in 0.36s]
[2025-06-06T19:56:34.788+0000] {logging_mixin.py:190} INFO - 19:56:34  7 of 15 OK created sql incremental model sales.dim_mercadolivre_product ........ [MERGE 65 in 0.56s]
[2025-06-06T19:56:35.687+0000] {logging_mixin.py:190} INFO - 19:56:35  8 of 15 OK created sql incremental model sales.shopee_orders_results ........... [MERGE 2727 in 1.40s]
[2025-06-06T19:56:35.694+0000] {logging_mixin.py:190} INFO - 19:56:35  9 of 15 START sql incremental model sales.dim_shopee_buyer ..................... [RUN]
[2025-06-06T19:56:35.696+0000] {logging_mixin.py:190} INFO - 19:56:35  10 of 15 START sql incremental model sales.dim_shopee_date ..................... [RUN]
[2025-06-06T19:56:35.697+0000] {logging_mixin.py:190} INFO - 19:56:35  11 of 15 START sql incremental model sales.dim_shopee_orders_status ............ [RUN]
[2025-06-06T19:56:35.699+0000] {logging_mixin.py:190} INFO - 19:56:35  12 of 15 START sql incremental model sales.dim_shopee_product .................. [RUN]
[2025-06-06T19:56:35.961+0000] {logging_mixin.py:190} INFO - 19:56:35  12 of 15 ERROR creating sql incremental model sales.dim_shopee_product ......... [ERROR in 0.25s]
[2025-06-06T19:56:35.975+0000] {logging_mixin.py:190} INFO - 19:56:35  9 of 15 ERROR creating sql incremental model sales.dim_shopee_buyer ............ [ERROR in 0.27s]
[2025-06-06T19:56:35.994+0000] {logging_mixin.py:190} INFO - 19:56:35  11 of 15 ERROR creating sql incremental model sales.dim_shopee_orders_status ... [ERROR in 0.29s]
[2025-06-06T19:56:36.012+0000] {logging_mixin.py:190} INFO - 19:56:36  10 of 15 OK created sql incremental model sales.dim_shopee_date ................ [MERGE 5454 in 0.31s]
[2025-06-06T19:56:36.019+0000] {logging_mixin.py:190} INFO - 19:56:36  13 of 15 START sql view model sales.sum_shopee_monthly_profit .................. [RUN]
[2025-06-06T19:56:36.020+0000] {logging_mixin.py:190} INFO - 19:56:36  14 of 15 START sql view model sales.sum_shopee_monthly_revenue ................. [RUN]
[2025-06-06T19:56:36.022+0000] {logging_mixin.py:190} INFO - 19:56:36  15 of 15 SKIP relation sales.sum_shopee_products_sold .......................... [SKIP]
[2025-06-06T19:56:36.189+0000] {logging_mixin.py:190} INFO - 19:56:36  13 of 15 OK created sql view model sales.sum_shopee_monthly_profit ............. [CREATE VIEW in 0.16s]
[2025-06-06T19:56:36.192+0000] {logging_mixin.py:190} INFO - 19:56:36  14 of 15 OK created sql view model sales.sum_shopee_monthly_revenue ............ [CREATE VIEW in 0.17s]
[2025-06-06T19:56:36.218+0000] {logging_mixin.py:190} INFO - 19:56:36
[2025-06-06T19:56:36.220+0000] {logging_mixin.py:190} INFO - 19:56:36  Finished running 12 incremental models, 3 view models in 0 hours 0 minutes and 2.88 seconds (2.88s).
[2025-06-06T19:56:36.293+0000] {logging_mixin.py:190} INFO - 19:56:36
[2025-06-06T19:56:36.295+0000] {logging_mixin.py:190} INFO - 19:56:36  Completed with 3 errors, 0 partial successes, and 0 warnings:
[2025-06-06T19:56:36.296+0000] {logging_mixin.py:190} INFO - 19:56:36
[2025-06-06T19:56:36.297+0000] {logging_mixin.py:190} INFO - 19:56:36    Database Error in model dim_shopee_product (models/core/dim_shopee_product.sql)
  MERGE command cannot affect row a second time
  HINT:  Ensure that not more than one source row matches any one target row.
  compiled code at target/run/e_commerce_sales/models/core/dim_shopee_product.sql
[2025-06-06T19:56:36.299+0000] {logging_mixin.py:190} INFO - 19:56:36
[2025-06-06T19:56:36.300+0000] {logging_mixin.py:190} INFO - 19:56:36    Database Error in model dim_shopee_buyer (models/core/dim_shopee_buyer.sql)
  MERGE command cannot affect row a second time
  HINT:  Ensure that not more than one source row matches any one target row.
  compiled code at target/run/e_commerce_sales/models/core/dim_shopee_buyer.sql
[2025-06-06T19:56:36.301+0000] {logging_mixin.py:190} INFO - 19:56:36
[2025-06-06T19:56:36.303+0000] {logging_mixin.py:190} INFO - 19:56:36    Database Error in model dim_shopee_orders_status (models/core/dim_shopee_orders_status.sql)
  MERGE command cannot affect row a second time
  HINT:  Ensure that not more than one source row matches any one target row.
  compiled code at target/run/e_commerce_sales/models/core/dim_shopee_orders_status.sql
[2025-06-06T19:56:36.305+0000] {logging_mixin.py:190} INFO - 19:56:36
[2025-06-06T19:56:36.306+0000] {logging_mixin.py:190} INFO - 19:56:36  Done. PASS=11 WARN=0 ERROR=3 SKIP=1 TOTAL=15
[2025-06-06T19:56:37.173+0000] {logging_mixin.py:190} INFO - dbt run failed!
[2025-06-06T19:56:37.174+0000] {logging_mixin.py:190} INFO - None
[2025-06-06T19:56:37.175+0000] {taskinstance.py:3311} ERROR - Task failed with exception
Traceback (most recent call last):
  File "/home/airflow/.local/lib/python3.9/site-packages/airflow/models/taskinstance.py", line 767, in _execute_task
    result = _execute_callable(context=context, **execute_callable_kwargs)
  File "/home/airflow/.local/lib/python3.9/site-packages/airflow/models/taskinstance.py", line 733, in _execute_callable
    return ExecutionCallableRunner(
  File "/home/airflow/.local/lib/python3.9/site-packages/airflow/utils/operator_helpers.py", line 252, in run
    return self.func(*args, **kwargs)
  File "/home/airflow/.local/lib/python3.9/site-packages/airflow/models/baseoperator.py", line 422, in wrapper
    return func(self, *args, **kwargs)
  File "/home/airflow/.local/lib/python3.9/site-packages/airflow/operators/python.py", line 238, in execute
    return_value = self.execute_callable()
  File "/home/airflow/.local/lib/python3.9/site-packages/airflow/operators/python.py", line 256, in execute_callable
    return runner.run(*self.op_args, **self.op_kwargs)
  File "/home/airflow/.local/lib/python3.9/site-packages/airflow/utils/operator_helpers.py", line 252, in run
    return self.func(*args, **kwargs)
  File "/opt/airflow/dbt_files/run_dbt.py", line 22, in transform_data
    raise RuntimeError("dbt run failed")
RuntimeError: dbt run failed
[2025-06-06T19:56:37.188+0000] {taskinstance.py:1225} INFO - Marking task as FAILED. dag_id=05_transform_data, task_id=run_dbt, run_id=manual__2025-06-06T19:56:21.433680+00:00, execution_date=20250606T195621, start_date=20250606T195629, end_date=20250606T195637
[2025-06-06T19:56:37.200+0000] {taskinstance.py:340} INFO - ::group::Post task execution logs
[2025-06-06T19:56:37.201+0000] {standard_task_runner.py:124} ERROR - Failed to execute job 420 for task run_dbt (dbt run failed; 4073)
Traceback (most recent call last):
  File "/home/airflow/.local/lib/python3.9/site-packages/airflow/task/task_runner/standard_task_runner.py", line 117, in _start_by_fork
    ret = args.func(args, dag=self.dag)
  File "/home/airflow/.local/lib/python3.9/site-packages/airflow/cli/cli_config.py", line 49, in command
    return func(*args, **kwargs)
  File "/home/airflow/.local/lib/python3.9/site-packages/airflow/utils/cli.py", line 116, in wrapper
    return f(*args, **kwargs)
  File "/home/airflow/.local/lib/python3.9/site-packages/airflow/cli/commands/task_command.py", line 483, in task_run
    task_return_code = _run_task_by_selected_method(args, _dag, ti)
  File "/home/airflow/.local/lib/python3.9/site-packages/airflow/cli/commands/task_command.py", line 256, in _run_task_by_selected_method
    return _run_raw_task(args, ti)
  File "/home/airflow/.local/lib/python3.9/site-packages/airflow/cli/commands/task_command.py", line 341, in _run_raw_task
    return ti._run_raw_task(
  File "/home/airflow/.local/lib/python3.9/site-packages/airflow/utils/session.py", line 97, in wrapper
    return func(*args, session=session, **kwargs)
  File "/home/airflow/.local/lib/python3.9/site-packages/airflow/models/taskinstance.py", line 3005, in _run_raw_task
    return _run_raw_task(
  File "/home/airflow/.local/lib/python3.9/site-packages/airflow/models/taskinstance.py", line 273, in _run_raw_task
    TaskInstance._execute_task_with_callbacks(
  File "/home/airflow/.local/lib/python3.9/site-packages/airflow/models/taskinstance.py", line 3159, in _execute_task_with_callbacks
    result = self._execute_task(context, task_orig)
  File "/home/airflow/.local/lib/python3.9/site-packages/airflow/models/taskinstance.py", line 3183, in _execute_task
    return _execute_task(self, context, task_orig)
  File "/home/airflow/.local/lib/python3.9/site-packages/airflow/models/taskinstance.py", line 767, in _execute_task
    result = _execute_callable(context=context, **execute_callable_kwargs)
  File "/home/airflow/.local/lib/python3.9/site-packages/airflow/models/taskinstance.py", line 733, in _execute_callable
    return ExecutionCallableRunner(
  File "/home/airflow/.local/lib/python3.9/site-packages/airflow/utils/operator_helpers.py", line 252, in run
    return self.func(*args, **kwargs)
  File "/home/airflow/.local/lib/python3.9/site-packages/airflow/models/baseoperator.py", line 422, in wrapper
    return func(self, *args, **kwargs)
  File "/home/airflow/.local/lib/python3.9/site-packages/airflow/operators/python.py", line 238, in execute
    return_value = self.execute_callable()
  File "/home/airflow/.local/lib/python3.9/site-packages/airflow/operators/python.py", line 256, in execute_callable
    return runner.run(*self.op_args, **self.op_kwargs)
  File "/home/airflow/.local/lib/python3.9/site-packages/airflow/utils/operator_helpers.py", line 252, in run
    return self.func(*args, **kwargs)
  File "/opt/airflow/dbt_files/run_dbt.py", line 22, in transform_data
    raise RuntimeError("dbt run failed")
RuntimeError: dbt run failed
[2025-06-06T19:56:37.248+0000] {local_task_job_runner.py:266} INFO - Task exited with return code 1
[2025-06-06T19:56:37.267+0000] {taskinstance.py:3895} INFO - 0 downstream tasks scheduled from follow-on schedule check
[2025-06-06T19:56:37.270+0000] {local_task_job_runner.py:245} INFO - ::endgroup::
