[2025-05-21T17:27:55.172+0000] {local_task_job_runner.py:123} INFO - ::group::Pre task execution logs
[2025-05-21T17:27:55.189+0000] {taskinstance.py:2613} INFO - Dependencies all met for dep_context=non-requeueable deps ti=<TaskInstance: 04_transform_data.run_dbt manual__2025-05-21T17:27:53.543827+00:00 [queued]>
[2025-05-21T17:27:55.198+0000] {taskinstance.py:2613} INFO - Dependencies all met for dep_context=requeueable deps ti=<TaskInstance: 04_transform_data.run_dbt manual__2025-05-21T17:27:53.543827+00:00 [queued]>
[2025-05-21T17:27:55.199+0000] {taskinstance.py:2866} INFO - Starting attempt 1 of 1
[2025-05-21T17:27:55.211+0000] {taskinstance.py:2889} INFO - Executing <Task(PythonOperator): run_dbt> on 2025-05-21 17:27:53.543827+00:00
[2025-05-21T17:27:55.215+0000] {standard_task_runner.py:72} INFO - Started process 2345 to run task
[2025-05-21T17:27:55.218+0000] {standard_task_runner.py:104} INFO - Running: ['***', 'tasks', 'run', '04_transform_data', 'run_dbt', 'manual__2025-05-21T17:27:53.543827+00:00', '--job-id', '95', '--raw', '--subdir', 'DAGS_FOLDER/04_transform_data.py', '--cfg-path', '/tmp/tmpaq2xbgfo']
[2025-05-21T17:27:55.220+0000] {standard_task_runner.py:105} INFO - Job 95: Subtask run_dbt
[2025-05-21T17:27:55.271+0000] {task_command.py:467} INFO - Running <TaskInstance: 04_transform_data.run_dbt manual__2025-05-21T17:27:53.543827+00:00 [running]> on host e27e96d1841a
[2025-05-21T17:27:55.353+0000] {taskinstance.py:3132} INFO - Exporting env vars: AIRFLOW_CTX_DAG_OWNER='***' AIRFLOW_CTX_DAG_ID='04_transform_data' AIRFLOW_CTX_TASK_ID='run_dbt' AIRFLOW_CTX_EXECUTION_DATE='2025-05-21T17:27:53.543827+00:00' AIRFLOW_CTX_TRY_NUMBER='1' AIRFLOW_CTX_DAG_RUN_ID='manual__2025-05-21T17:27:53.543827+00:00'
[2025-05-21T17:27:55.354+0000] {taskinstance.py:731} INFO - ::endgroup::
[2025-05-21T17:27:57.142+0000] {logging_mixin.py:190} INFO - 17:27:57  Running with dbt=1.9.4
[2025-05-21T17:27:57.479+0000] {logging_mixin.py:190} INFO - 17:27:57  Registered adapter: postgres=1.9.0
[2025-05-21T17:27:58.674+0000] {logging_mixin.py:190} INFO - 17:27:58  [WARNING]: Configuration paths exist in your dbt_project.yml file which do not apply to any resources.
There are 1 unused configuration paths:
- models.e_commerce_sales.example
[2025-05-21T17:27:58.849+0000] {logging_mixin.py:190} INFO - 17:27:58  Found 9 models, 12 sources, 433 macros
[2025-05-21T17:27:58.853+0000] {logging_mixin.py:190} INFO - 17:27:58
[2025-05-21T17:27:58.855+0000] {logging_mixin.py:190} INFO - 17:27:58  Concurrency: 4 threads (target='dev')
[2025-05-21T17:27:58.856+0000] {logging_mixin.py:190} INFO - 17:27:58
[2025-05-21T17:27:58.993+0000] {logging_mixin.py:190} INFO - 17:27:58  1 of 9 START sql incremental model sales.mercadolivre_orders_results ........... [RUN]
[2025-05-21T17:27:58.995+0000] {logging_mixin.py:190} INFO - 17:27:58  2 of 9 START sql incremental model sales.shopee_new_id ......................... [RUN]
[2025-05-21T17:27:59.338+0000] {logging_mixin.py:190} INFO - 17:27:59  2 of 9 OK created sql incremental model sales.shopee_new_id .................... [MERGE 0 in 0.33s]
[2025-05-21T17:27:59.341+0000] {logging_mixin.py:190} INFO - 17:27:59  1 of 9 OK created sql incremental model sales.mercadolivre_orders_results ...... [MERGE 255 in 0.34s]
[2025-05-21T17:27:59.349+0000] {logging_mixin.py:190} INFO - 17:27:59  3 of 9 START sql incremental model sales.shopee_orders_results ................. [RUN]
[2025-05-21T17:27:59.350+0000] {logging_mixin.py:190} INFO - 17:27:59  4 of 9 START sql incremental model sales.dim_mercadolivre_product .............. [RUN]
[2025-05-21T17:27:59.352+0000] {logging_mixin.py:190} INFO - 17:27:59  5 of 9 START sql incremental model sales.mercadolivre_profits .................. [RUN]
[2025-05-21T17:27:59.472+0000] {logging_mixin.py:190} INFO - 17:27:59  4 of 9 ERROR creating sql incremental model sales.dim_mercadolivre_product ..... [ERROR in 0.11s]
[2025-05-21T17:27:59.554+0000] {logging_mixin.py:190} INFO - 17:27:59  3 of 9 OK created sql incremental model sales.shopee_orders_results ............ [MERGE 0 in 0.20s]
[2025-05-21T17:27:59.559+0000] {logging_mixin.py:190} INFO - 17:27:59  5 of 9 OK created sql incremental model sales.mercadolivre_profits ............. [MERGE 250 in 0.20s]
[2025-05-21T17:27:59.564+0000] {logging_mixin.py:190} INFO - 17:27:59  6 of 9 START sql incremental model sales.dim_shopee_buyer_id ................... [RUN]
[2025-05-21T17:27:59.565+0000] {logging_mixin.py:190} INFO - 17:27:59  7 of 9 START sql incremental model sales.dim_shopee_orders ..................... [RUN]
[2025-05-21T17:27:59.567+0000] {logging_mixin.py:190} INFO - 17:27:59  8 of 9 START sql incremental model sales.dim_shopee_orders_status .............. [RUN]
[2025-05-21T17:27:59.572+0000] {logging_mixin.py:190} INFO - 17:27:59  9 of 9 START sql incremental model sales.dim_shopee_product .................... [RUN]
[2025-05-21T17:27:59.824+0000] {logging_mixin.py:190} INFO - 17:27:59  8 of 9 OK created sql incremental model sales.dim_shopee_orders_status ......... [MERGE 0 in 0.25s]
[2025-05-21T17:27:59.827+0000] {logging_mixin.py:190} INFO - 17:27:59  6 of 9 OK created sql incremental model sales.dim_shopee_buyer_id .............. [MERGE 0 in 0.25s]
[2025-05-21T17:27:59.831+0000] {logging_mixin.py:190} INFO - 17:27:59  7 of 9 OK created sql incremental model sales.dim_shopee_orders ................ [MERGE 0 in 0.26s]
[2025-05-21T17:27:59.838+0000] {logging_mixin.py:190} INFO - 17:27:59  9 of 9 OK created sql incremental model sales.dim_shopee_product ............... [MERGE 0 in 0.26s]
[2025-05-21T17:27:59.861+0000] {logging_mixin.py:190} INFO - 17:27:59
[2025-05-21T17:27:59.862+0000] {logging_mixin.py:190} INFO - 17:27:59  Finished running 9 incremental models in 0 hours 0 minutes and 1.00 seconds (1.00s).
[2025-05-21T17:27:59.921+0000] {logging_mixin.py:190} INFO - 17:27:59
[2025-05-21T17:27:59.923+0000] {logging_mixin.py:190} INFO - 17:27:59  Completed with 1 error, 0 partial successes, and 0 warnings:
[2025-05-21T17:27:59.925+0000] {logging_mixin.py:190} INFO - 17:27:59
[2025-05-21T17:27:59.926+0000] {logging_mixin.py:190} INFO - 17:27:59    Database Error in model dim_mercadolivre_product (models/core/dim_mercadolivre_product.sql)
  column stg_mercadolivre.load_timestamp does not exist
  LINE 19:            stg_mercadolivre.load_timestamp AS ld_timestamp
                      ^
  compiled code at target/run/e_commerce_sales/models/core/dim_mercadolivre_product.sql
[2025-05-21T17:27:59.928+0000] {logging_mixin.py:190} INFO - 17:27:59
[2025-05-21T17:27:59.929+0000] {logging_mixin.py:190} INFO - 17:27:59  Done. PASS=8 WARN=0 ERROR=1 SKIP=0 TOTAL=9
[2025-05-21T17:28:00.895+0000] {logging_mixin.py:190} INFO - dbt run failed!
[2025-05-21T17:28:00.899+0000] {logging_mixin.py:190} INFO - None
[2025-05-21T17:28:00.900+0000] {taskinstance.py:3311} ERROR - Task failed with exception
Traceback (most recent call last):
  File "/home/airflow/.local/lib/python3.9/site-packages/airflow/models/taskinstance.py", line 767, in _execute_task
    result = _execute_callable(context=context, **execute_callable_kwargs)
  File "/home/airflow/.local/lib/python3.9/site-packages/airflow/models/taskinstance.py", line 733, in _execute_callable
    return ExecutionCallableRunner(
  File "/home/airflow/.local/lib/python3.9/site-packages/airflow/utils/operator_helpers.py", line 252, in run
    return self.func(*args, **kwargs)
  File "/home/airflow/.local/lib/python3.9/site-packages/airflow/models/baseoperator.py", line 422, in wrapper
    return func(self, *args, **kwargs)
  File "/home/airflow/.local/lib/python3.9/site-packages/airflow/operators/python.py", line 238, in execute
    return_value = self.execute_callable()
  File "/home/airflow/.local/lib/python3.9/site-packages/airflow/operators/python.py", line 256, in execute_callable
    return runner.run(*self.op_args, **self.op_kwargs)
  File "/home/airflow/.local/lib/python3.9/site-packages/airflow/utils/operator_helpers.py", line 252, in run
    return self.func(*args, **kwargs)
  File "/opt/airflow/dbt/run_dbt.py", line 22, in transform_data
    raise RuntimeError("dbt run failed")
RuntimeError: dbt run failed
[2025-05-21T17:28:00.913+0000] {taskinstance.py:1225} INFO - Marking task as FAILED. dag_id=04_transform_data, task_id=run_dbt, run_id=manual__2025-05-21T17:27:53.543827+00:00, execution_date=20250521T172753, start_date=20250521T172755, end_date=20250521T172800
[2025-05-21T17:28:00.927+0000] {taskinstance.py:340} INFO - ::group::Post task execution logs
[2025-05-21T17:28:00.928+0000] {standard_task_runner.py:124} ERROR - Failed to execute job 95 for task run_dbt (dbt run failed; 2345)
Traceback (most recent call last):
  File "/home/airflow/.local/lib/python3.9/site-packages/airflow/task/task_runner/standard_task_runner.py", line 117, in _start_by_fork
    ret = args.func(args, dag=self.dag)
  File "/home/airflow/.local/lib/python3.9/site-packages/airflow/cli/cli_config.py", line 49, in command
    return func(*args, **kwargs)
  File "/home/airflow/.local/lib/python3.9/site-packages/airflow/utils/cli.py", line 116, in wrapper
    return f(*args, **kwargs)
  File "/home/airflow/.local/lib/python3.9/site-packages/airflow/cli/commands/task_command.py", line 483, in task_run
    task_return_code = _run_task_by_selected_method(args, _dag, ti)
  File "/home/airflow/.local/lib/python3.9/site-packages/airflow/cli/commands/task_command.py", line 256, in _run_task_by_selected_method
    return _run_raw_task(args, ti)
  File "/home/airflow/.local/lib/python3.9/site-packages/airflow/cli/commands/task_command.py", line 341, in _run_raw_task
    return ti._run_raw_task(
  File "/home/airflow/.local/lib/python3.9/site-packages/airflow/utils/session.py", line 97, in wrapper
    return func(*args, session=session, **kwargs)
  File "/home/airflow/.local/lib/python3.9/site-packages/airflow/models/taskinstance.py", line 3005, in _run_raw_task
    return _run_raw_task(
  File "/home/airflow/.local/lib/python3.9/site-packages/airflow/models/taskinstance.py", line 273, in _run_raw_task
    TaskInstance._execute_task_with_callbacks(
  File "/home/airflow/.local/lib/python3.9/site-packages/airflow/models/taskinstance.py", line 3159, in _execute_task_with_callbacks
    result = self._execute_task(context, task_orig)
  File "/home/airflow/.local/lib/python3.9/site-packages/airflow/models/taskinstance.py", line 3183, in _execute_task
    return _execute_task(self, context, task_orig)
  File "/home/airflow/.local/lib/python3.9/site-packages/airflow/models/taskinstance.py", line 767, in _execute_task
    result = _execute_callable(context=context, **execute_callable_kwargs)
  File "/home/airflow/.local/lib/python3.9/site-packages/airflow/models/taskinstance.py", line 733, in _execute_callable
    return ExecutionCallableRunner(
  File "/home/airflow/.local/lib/python3.9/site-packages/airflow/utils/operator_helpers.py", line 252, in run
    return self.func(*args, **kwargs)
  File "/home/airflow/.local/lib/python3.9/site-packages/airflow/models/baseoperator.py", line 422, in wrapper
    return func(self, *args, **kwargs)
  File "/home/airflow/.local/lib/python3.9/site-packages/airflow/operators/python.py", line 238, in execute
    return_value = self.execute_callable()
  File "/home/airflow/.local/lib/python3.9/site-packages/airflow/operators/python.py", line 256, in execute_callable
    return runner.run(*self.op_args, **self.op_kwargs)
  File "/home/airflow/.local/lib/python3.9/site-packages/airflow/utils/operator_helpers.py", line 252, in run
    return self.func(*args, **kwargs)
  File "/opt/airflow/dbt/run_dbt.py", line 22, in transform_data
    raise RuntimeError("dbt run failed")
RuntimeError: dbt run failed
[2025-05-21T17:28:00.979+0000] {local_task_job_runner.py:266} INFO - Task exited with return code 1
[2025-05-21T17:28:00.997+0000] {taskinstance.py:3895} INFO - 0 downstream tasks scheduled from follow-on schedule check
[2025-05-21T17:28:01.001+0000] {local_task_job_runner.py:245} INFO - ::endgroup::
