[2025-05-20T18:53:44.231+0000] {local_task_job_runner.py:123} INFO - ::group::Pre task execution logs
[2025-05-20T18:53:44.249+0000] {taskinstance.py:2613} INFO - Dependencies all met for dep_context=non-requeueable deps ti=<TaskInstance: 04_transform_data.run_dbt manual__2025-05-20T18:53:42.075169+00:00 [queued]>
[2025-05-20T18:53:44.258+0000] {taskinstance.py:2613} INFO - Dependencies all met for dep_context=requeueable deps ti=<TaskInstance: 04_transform_data.run_dbt manual__2025-05-20T18:53:42.075169+00:00 [queued]>
[2025-05-20T18:53:44.259+0000] {taskinstance.py:2866} INFO - Starting attempt 1 of 1
[2025-05-20T18:53:44.272+0000] {taskinstance.py:2889} INFO - Executing <Task(PythonOperator): run_dbt> on 2025-05-20 18:53:42.075169+00:00
[2025-05-20T18:53:44.277+0000] {standard_task_runner.py:72} INFO - Started process 3303 to run task
[2025-05-20T18:53:44.279+0000] {standard_task_runner.py:104} INFO - Running: ['***', 'tasks', 'run', '04_transform_data', 'run_dbt', 'manual__2025-05-20T18:53:42.075169+00:00', '--job-id', '39', '--raw', '--subdir', 'DAGS_FOLDER/04_transform_data.py', '--cfg-path', '/tmp/tmpir8y1q6e']
[2025-05-20T18:53:44.281+0000] {standard_task_runner.py:105} INFO - Job 39: Subtask run_dbt
[2025-05-20T18:53:44.334+0000] {task_command.py:467} INFO - Running <TaskInstance: 04_transform_data.run_dbt manual__2025-05-20T18:53:42.075169+00:00 [running]> on host e27e96d1841a
[2025-05-20T18:53:44.417+0000] {taskinstance.py:3132} INFO - Exporting env vars: AIRFLOW_CTX_DAG_OWNER='***' AIRFLOW_CTX_DAG_ID='04_transform_data' AIRFLOW_CTX_TASK_ID='run_dbt' AIRFLOW_CTX_EXECUTION_DATE='2025-05-20T18:53:42.075169+00:00' AIRFLOW_CTX_TRY_NUMBER='1' AIRFLOW_CTX_DAG_RUN_ID='manual__2025-05-20T18:53:42.075169+00:00'
[2025-05-20T18:53:44.418+0000] {taskinstance.py:731} INFO - ::endgroup::
[2025-05-20T18:53:46.062+0000] {logging_mixin.py:190} INFO - 18:53:46  Running with dbt=1.9.4
[2025-05-20T18:53:46.457+0000] {logging_mixin.py:190} INFO - 18:53:46  Registered adapter: postgres=1.9.0
[2025-05-20T18:53:47.581+0000] {logging_mixin.py:190} INFO - 18:53:47  [WARNING]: Configuration paths exist in your dbt_project.yml file which do not apply to any resources.
There are 1 unused configuration paths:
- models.e_commerce_sales.example
[2025-05-20T18:53:47.743+0000] {logging_mixin.py:190} INFO - 18:53:47  Found 6 models, 12 sources, 433 macros
[2025-05-20T18:53:47.746+0000] {logging_mixin.py:190} INFO - 18:53:47
[2025-05-20T18:53:47.748+0000] {logging_mixin.py:190} INFO - 18:53:47  Concurrency: 4 threads (target='dev')
[2025-05-20T18:53:47.750+0000] {logging_mixin.py:190} INFO - 18:53:47
[2025-05-20T18:53:47.885+0000] {logging_mixin.py:190} INFO - 18:53:47  1 of 6 START sql incremental model sales.mercadolivre_orders_results ........... [RUN]
[2025-05-20T18:53:47.887+0000] {logging_mixin.py:190} INFO - 18:53:47  2 of 6 START sql incremental model sales.shopee_new_id ......................... [RUN]
[2025-05-20T18:53:48.250+0000] {logging_mixin.py:190} INFO - 18:53:48  2 of 6 OK created sql incremental model sales.shopee_new_id .................... [MERGE 0 in 0.35s]
[2025-05-20T18:53:48.252+0000] {logging_mixin.py:190} INFO - 18:53:48  1 of 6 OK created sql incremental model sales.mercadolivre_orders_results ...... [MERGE 255 in 0.36s]
[2025-05-20T18:53:48.257+0000] {logging_mixin.py:190} INFO - 18:53:48  3 of 6 START sql incremental model sales.shopee_orders_results ................. [RUN]
[2025-05-20T18:53:48.261+0000] {logging_mixin.py:190} INFO - 18:53:48  4 of 6 START sql incremental model sales.mercadolivre_profits .................. [RUN]
[2025-05-20T18:53:48.343+0000] {logging_mixin.py:190} INFO - 18:53:48  3 of 6 ERROR creating sql incremental model sales.shopee_orders_results ........ [ERROR in 0.08s]
[2025-05-20T18:53:48.355+0000] {logging_mixin.py:190} INFO - 18:53:48  5 of 6 SKIP relation sales.dim_shopee_orders ................................... [SKIP]
[2025-05-20T18:53:48.357+0000] {logging_mixin.py:190} INFO - 18:53:48  6 of 6 SKIP relation sales.dim_shopee_product .................................. [SKIP]
[2025-05-20T18:53:48.408+0000] {logging_mixin.py:190} INFO - 18:53:48  4 of 6 OK created sql incremental model sales.mercadolivre_profits ............. [MERGE 250 in 0.13s]
[2025-05-20T18:53:48.432+0000] {logging_mixin.py:190} INFO - 18:53:48
[2025-05-20T18:53:48.433+0000] {logging_mixin.py:190} INFO - 18:53:48  Finished running 6 incremental models in 0 hours 0 minutes and 0.68 seconds (0.68s).
[2025-05-20T18:53:48.504+0000] {logging_mixin.py:190} INFO - 18:53:48
[2025-05-20T18:53:48.507+0000] {logging_mixin.py:190} INFO - 18:53:48  Completed with 1 error, 0 partial successes, and 0 warnings:
[2025-05-20T18:53:48.508+0000] {logging_mixin.py:190} INFO - 18:53:48
[2025-05-20T18:53:48.509+0000] {logging_mixin.py:190} INFO - 18:53:48    Database Error in model shopee_orders_results (models/core/shopee_orders_results.sql)
  syntax error at or near "AND"
  LINE 182:         AND new_id.main_id NOT IN (SELECT main_id FROM updat...
                    ^
  compiled code at target/run/e_commerce_sales/models/core/shopee_orders_results.sql
[2025-05-20T18:53:48.511+0000] {logging_mixin.py:190} INFO - 18:53:48
[2025-05-20T18:53:48.513+0000] {logging_mixin.py:190} INFO - 18:53:48  Done. PASS=3 WARN=0 ERROR=1 SKIP=2 TOTAL=6
[2025-05-20T18:53:49.226+0000] {logging_mixin.py:190} INFO - dbt run failed!
[2025-05-20T18:53:49.228+0000] {logging_mixin.py:190} INFO - None
[2025-05-20T18:53:49.229+0000] {taskinstance.py:3311} ERROR - Task failed with exception
Traceback (most recent call last):
  File "/home/airflow/.local/lib/python3.9/site-packages/airflow/models/taskinstance.py", line 767, in _execute_task
    result = _execute_callable(context=context, **execute_callable_kwargs)
  File "/home/airflow/.local/lib/python3.9/site-packages/airflow/models/taskinstance.py", line 733, in _execute_callable
    return ExecutionCallableRunner(
  File "/home/airflow/.local/lib/python3.9/site-packages/airflow/utils/operator_helpers.py", line 252, in run
    return self.func(*args, **kwargs)
  File "/home/airflow/.local/lib/python3.9/site-packages/airflow/models/baseoperator.py", line 422, in wrapper
    return func(self, *args, **kwargs)
  File "/home/airflow/.local/lib/python3.9/site-packages/airflow/operators/python.py", line 238, in execute
    return_value = self.execute_callable()
  File "/home/airflow/.local/lib/python3.9/site-packages/airflow/operators/python.py", line 256, in execute_callable
    return runner.run(*self.op_args, **self.op_kwargs)
  File "/home/airflow/.local/lib/python3.9/site-packages/airflow/utils/operator_helpers.py", line 252, in run
    return self.func(*args, **kwargs)
  File "/opt/airflow/dbt/run_dbt.py", line 22, in transform_data
    raise RuntimeError("dbt run failed")
RuntimeError: dbt run failed
[2025-05-20T18:53:49.240+0000] {taskinstance.py:1225} INFO - Marking task as FAILED. dag_id=04_transform_data, task_id=run_dbt, run_id=manual__2025-05-20T18:53:42.075169+00:00, execution_date=20250520T185342, start_date=20250520T185344, end_date=20250520T185349
[2025-05-20T18:53:49.252+0000] {taskinstance.py:340} INFO - ::group::Post task execution logs
[2025-05-20T18:53:49.254+0000] {standard_task_runner.py:124} ERROR - Failed to execute job 39 for task run_dbt (dbt run failed; 3303)
Traceback (most recent call last):
  File "/home/airflow/.local/lib/python3.9/site-packages/airflow/task/task_runner/standard_task_runner.py", line 117, in _start_by_fork
    ret = args.func(args, dag=self.dag)
  File "/home/airflow/.local/lib/python3.9/site-packages/airflow/cli/cli_config.py", line 49, in command
    return func(*args, **kwargs)
  File "/home/airflow/.local/lib/python3.9/site-packages/airflow/utils/cli.py", line 116, in wrapper
    return f(*args, **kwargs)
  File "/home/airflow/.local/lib/python3.9/site-packages/airflow/cli/commands/task_command.py", line 483, in task_run
    task_return_code = _run_task_by_selected_method(args, _dag, ti)
  File "/home/airflow/.local/lib/python3.9/site-packages/airflow/cli/commands/task_command.py", line 256, in _run_task_by_selected_method
    return _run_raw_task(args, ti)
  File "/home/airflow/.local/lib/python3.9/site-packages/airflow/cli/commands/task_command.py", line 341, in _run_raw_task
    return ti._run_raw_task(
  File "/home/airflow/.local/lib/python3.9/site-packages/airflow/utils/session.py", line 97, in wrapper
    return func(*args, session=session, **kwargs)
  File "/home/airflow/.local/lib/python3.9/site-packages/airflow/models/taskinstance.py", line 3005, in _run_raw_task
    return _run_raw_task(
  File "/home/airflow/.local/lib/python3.9/site-packages/airflow/models/taskinstance.py", line 273, in _run_raw_task
    TaskInstance._execute_task_with_callbacks(
  File "/home/airflow/.local/lib/python3.9/site-packages/airflow/models/taskinstance.py", line 3159, in _execute_task_with_callbacks
    result = self._execute_task(context, task_orig)
  File "/home/airflow/.local/lib/python3.9/site-packages/airflow/models/taskinstance.py", line 3183, in _execute_task
    return _execute_task(self, context, task_orig)
  File "/home/airflow/.local/lib/python3.9/site-packages/airflow/models/taskinstance.py", line 767, in _execute_task
    result = _execute_callable(context=context, **execute_callable_kwargs)
  File "/home/airflow/.local/lib/python3.9/site-packages/airflow/models/taskinstance.py", line 733, in _execute_callable
    return ExecutionCallableRunner(
  File "/home/airflow/.local/lib/python3.9/site-packages/airflow/utils/operator_helpers.py", line 252, in run
    return self.func(*args, **kwargs)
  File "/home/airflow/.local/lib/python3.9/site-packages/airflow/models/baseoperator.py", line 422, in wrapper
    return func(self, *args, **kwargs)
  File "/home/airflow/.local/lib/python3.9/site-packages/airflow/operators/python.py", line 238, in execute
    return_value = self.execute_callable()
  File "/home/airflow/.local/lib/python3.9/site-packages/airflow/operators/python.py", line 256, in execute_callable
    return runner.run(*self.op_args, **self.op_kwargs)
  File "/home/airflow/.local/lib/python3.9/site-packages/airflow/utils/operator_helpers.py", line 252, in run
    return self.func(*args, **kwargs)
  File "/opt/airflow/dbt/run_dbt.py", line 22, in transform_data
    raise RuntimeError("dbt run failed")
RuntimeError: dbt run failed
[2025-05-20T18:53:49.273+0000] {local_task_job_runner.py:266} INFO - Task exited with return code 1
[2025-05-20T18:53:49.287+0000] {standard_task_runner.py:217} INFO - Process not found (most likely exited), stop collecting metrics
[2025-05-20T18:53:49.294+0000] {taskinstance.py:3895} INFO - 0 downstream tasks scheduled from follow-on schedule check
[2025-05-20T18:53:49.297+0000] {local_task_job_runner.py:245} INFO - ::endgroup::
