[2025-05-22T17:15:18.734+0000] {local_task_job_runner.py:123} INFO - ::group::Pre task execution logs
[2025-05-22T17:15:18.757+0000] {taskinstance.py:2613} INFO - Dependencies all met for dep_context=non-requeueable deps ti=<TaskInstance: 04_transform_data.run_dbt manual__2025-05-22T17:15:15.882946+00:00 [queued]>
[2025-05-22T17:15:18.766+0000] {taskinstance.py:2613} INFO - Dependencies all met for dep_context=requeueable deps ti=<TaskInstance: 04_transform_data.run_dbt manual__2025-05-22T17:15:15.882946+00:00 [queued]>
[2025-05-22T17:15:18.768+0000] {taskinstance.py:2866} INFO - Starting attempt 1 of 1
[2025-05-22T17:15:18.783+0000] {taskinstance.py:2889} INFO - Executing <Task(PythonOperator): run_dbt> on 2025-05-22 17:15:15.882946+00:00
[2025-05-22T17:15:18.787+0000] {standard_task_runner.py:72} INFO - Started process 2272 to run task
[2025-05-22T17:15:18.790+0000] {standard_task_runner.py:104} INFO - Running: ['***', 'tasks', 'run', '04_transform_data', 'run_dbt', 'manual__2025-05-22T17:15:15.882946+00:00', '--job-id', '186', '--raw', '--subdir', 'DAGS_FOLDER/04_transform_data.py', '--cfg-path', '/tmp/tmpdm25kon1']
[2025-05-22T17:15:18.793+0000] {standard_task_runner.py:105} INFO - Job 186: Subtask run_dbt
[2025-05-22T17:15:18.845+0000] {task_command.py:467} INFO - Running <TaskInstance: 04_transform_data.run_dbt manual__2025-05-22T17:15:15.882946+00:00 [running]> on host e27e96d1841a
[2025-05-22T17:15:18.939+0000] {taskinstance.py:3132} INFO - Exporting env vars: AIRFLOW_CTX_DAG_OWNER='***' AIRFLOW_CTX_DAG_ID='04_transform_data' AIRFLOW_CTX_TASK_ID='run_dbt' AIRFLOW_CTX_EXECUTION_DATE='2025-05-22T17:15:15.882946+00:00' AIRFLOW_CTX_TRY_NUMBER='1' AIRFLOW_CTX_DAG_RUN_ID='manual__2025-05-22T17:15:15.882946+00:00'
[2025-05-22T17:15:18.941+0000] {taskinstance.py:731} INFO - ::endgroup::
[2025-05-22T17:15:21.159+0000] {logging_mixin.py:190} INFO - 17:15:21  Running with dbt=1.9.4
[2025-05-22T17:15:21.525+0000] {logging_mixin.py:190} INFO - 17:15:21  Registered adapter: postgres=1.9.0
[2025-05-22T17:15:22.728+0000] {logging_mixin.py:190} INFO - 17:15:22  [WARNING]: Configuration paths exist in your dbt_project.yml file which do not apply to any resources.
There are 1 unused configuration paths:
- models.e_commerce_sales.example
[2025-05-22T17:15:22.916+0000] {logging_mixin.py:190} INFO - 17:15:22  Found 12 models, 12 sources, 433 macros
[2025-05-22T17:15:22.920+0000] {logging_mixin.py:190} INFO - 17:15:22
[2025-05-22T17:15:22.922+0000] {logging_mixin.py:190} INFO - 17:15:22  Concurrency: 4 threads (target='dev')
[2025-05-22T17:15:22.924+0000] {logging_mixin.py:190} INFO - 17:15:22
[2025-05-22T17:15:23.110+0000] {logging_mixin.py:190} INFO - 17:15:23  1 of 12 START sql incremental model sales.mercadolivre_orders_results .......... [RUN]
[2025-05-22T17:15:23.112+0000] {logging_mixin.py:190} INFO - 17:15:23  2 of 12 START sql incremental model sales.shopee_new_id ........................ [RUN]
[2025-05-22T17:15:23.558+0000] {logging_mixin.py:190} INFO - 17:15:23  2 of 12 OK created sql incremental model sales.shopee_new_id ................... [MERGE 0 in 0.44s]
[2025-05-22T17:15:23.560+0000] {logging_mixin.py:190} INFO - 17:15:23  1 of 12 OK created sql incremental model sales.mercadolivre_orders_results ..... [MERGE 292 in 0.44s]
[2025-05-22T17:15:23.566+0000] {logging_mixin.py:190} INFO - 17:15:23  3 of 12 START sql incremental model sales.shopee_orders_results ................ [RUN]
[2025-05-22T17:15:23.573+0000] {logging_mixin.py:190} INFO - 17:15:23  4 of 12 START sql incremental model sales.dim_mercadolivre_buyer ............... [RUN]
[2025-05-22T17:15:23.575+0000] {logging_mixin.py:190} INFO - 17:15:23  5 of 12 START sql incremental model sales.dim_mercadolivre_date ................ [RUN]
[2025-05-22T17:15:23.577+0000] {logging_mixin.py:190} INFO - 17:15:23  6 of 12 START sql incremental model sales.dim_mercadolivre_orders_status ....... [RUN]
[2025-05-22T17:15:23.932+0000] {logging_mixin.py:190} INFO - 17:15:23  3 of 12 OK created sql incremental model sales.shopee_orders_results ........... [MERGE 0 in 0.36s]
[2025-05-22T17:15:23.949+0000] {logging_mixin.py:190} INFO - 17:15:23  5 of 12 OK created sql incremental model sales.dim_mercadolivre_date ........... [MERGE 203 in 0.36s]
[2025-05-22T17:15:23.952+0000] {logging_mixin.py:190} INFO - 17:15:23  7 of 12 START sql incremental model sales.dim_mercadolivre_product ............. [RUN]
[2025-05-22T17:15:23.955+0000] {logging_mixin.py:190} INFO - 17:15:23  6 of 12 OK created sql incremental model sales.dim_mercadolivre_orders_status .. [MERGE 190 in 0.35s]
[2025-05-22T17:15:23.957+0000] {logging_mixin.py:190} INFO - 17:15:23  4 of 12 OK created sql incremental model sales.dim_mercadolivre_buyer .......... [MERGE 188 in 0.37s]
[2025-05-22T17:15:23.968+0000] {logging_mixin.py:190} INFO - 17:15:23  8 of 12 START sql incremental model sales.mercadolivre_profits ................. [RUN]
[2025-05-22T17:15:23.981+0000] {logging_mixin.py:190} INFO - 17:15:23  9 of 12 START sql incremental model sales.dim_shopee_buyer_id .................. [RUN]
[2025-05-22T17:15:23.984+0000] {logging_mixin.py:190} INFO - 17:15:23  10 of 12 START sql incremental model sales.dim_shopee_date ..................... [RUN]
[2025-05-22T17:15:24.131+0000] {logging_mixin.py:190} INFO - 17:15:24  8 of 12 ERROR creating sql incremental model sales.mercadolivre_profits ........ [ERROR in 0.14s]
[2025-05-22T17:15:24.159+0000] {logging_mixin.py:190} INFO - 17:15:24  11 of 12 START sql incremental model sales.dim_shopee_orders_status ............ [RUN]
[2025-05-22T17:15:24.275+0000] {logging_mixin.py:190} INFO - 17:15:24  7 of 12 OK created sql incremental model sales.dim_mercadolivre_product ........ [MERGE 186 in 0.30s]
[2025-05-22T17:15:24.292+0000] {logging_mixin.py:190} INFO - 17:15:24  12 of 12 START sql incremental model sales.dim_shopee_product .................. [RUN]
[2025-05-22T17:15:24.303+0000] {logging_mixin.py:190} INFO - 17:15:24  9 of 12 OK created sql incremental model sales.dim_shopee_buyer_id ............. [MERGE 0 in 0.31s]
[2025-05-22T17:15:24.310+0000] {logging_mixin.py:190} INFO - 17:15:24  10 of 12 OK created sql incremental model sales.dim_shopee_date ................ [MERGE 0 in 0.32s]
[2025-05-22T17:15:24.397+0000] {logging_mixin.py:190} INFO - 17:15:24  11 of 12 OK created sql incremental model sales.dim_shopee_orders_status ....... [MERGE 0 in 0.22s]
[2025-05-22T17:15:24.449+0000] {logging_mixin.py:190} INFO - 17:15:24  12 of 12 OK created sql incremental model sales.dim_shopee_product ............. [MERGE 0 in 0.15s]
[2025-05-22T17:15:24.477+0000] {logging_mixin.py:190} INFO - 17:15:24
[2025-05-22T17:15:24.480+0000] {logging_mixin.py:190} INFO - 17:15:24  Finished running 12 incremental models in 0 hours 0 minutes and 1.55 seconds (1.55s).
[2025-05-22T17:15:24.553+0000] {logging_mixin.py:190} INFO - 17:15:24
[2025-05-22T17:15:24.555+0000] {logging_mixin.py:190} INFO - 17:15:24  Completed with 1 error, 0 partial successes, and 0 warnings:
[2025-05-22T17:15:24.557+0000] {logging_mixin.py:190} INFO - 17:15:24
[2025-05-22T17:15:24.559+0000] {logging_mixin.py:190} INFO - 17:15:24    Database Error in model mercadolivre_profits (models/core/mercadolivre_profits.sql)
  column reference "seller_ship_cost" is ambiguous
  LINE 100: ...rs_results.fee + orders_costs.total_prod_cost)) - seller_shi...
                                                                 ^
[2025-05-22T17:15:24.560+0000] {logging_mixin.py:190} INFO - 17:15:24
[2025-05-22T17:15:24.562+0000] {logging_mixin.py:190} INFO - 17:15:24  Done. PASS=11 WARN=0 ERROR=1 SKIP=0 TOTAL=12
[2025-05-22T17:15:25.467+0000] {logging_mixin.py:190} INFO - dbt run failed!
[2025-05-22T17:15:25.469+0000] {logging_mixin.py:190} INFO - None
[2025-05-22T17:15:25.471+0000] {taskinstance.py:3311} ERROR - Task failed with exception
Traceback (most recent call last):
  File "/home/airflow/.local/lib/python3.9/site-packages/airflow/models/taskinstance.py", line 767, in _execute_task
    result = _execute_callable(context=context, **execute_callable_kwargs)
  File "/home/airflow/.local/lib/python3.9/site-packages/airflow/models/taskinstance.py", line 733, in _execute_callable
    return ExecutionCallableRunner(
  File "/home/airflow/.local/lib/python3.9/site-packages/airflow/utils/operator_helpers.py", line 252, in run
    return self.func(*args, **kwargs)
  File "/home/airflow/.local/lib/python3.9/site-packages/airflow/models/baseoperator.py", line 422, in wrapper
    return func(self, *args, **kwargs)
  File "/home/airflow/.local/lib/python3.9/site-packages/airflow/operators/python.py", line 238, in execute
    return_value = self.execute_callable()
  File "/home/airflow/.local/lib/python3.9/site-packages/airflow/operators/python.py", line 256, in execute_callable
    return runner.run(*self.op_args, **self.op_kwargs)
  File "/home/airflow/.local/lib/python3.9/site-packages/airflow/utils/operator_helpers.py", line 252, in run
    return self.func(*args, **kwargs)
  File "/opt/airflow/dbt/run_dbt.py", line 22, in transform_data
    raise RuntimeError("dbt run failed")
RuntimeError: dbt run failed
[2025-05-22T17:15:25.487+0000] {taskinstance.py:1225} INFO - Marking task as FAILED. dag_id=04_transform_data, task_id=run_dbt, run_id=manual__2025-05-22T17:15:15.882946+00:00, execution_date=20250522T171515, start_date=20250522T171518, end_date=20250522T171525
[2025-05-22T17:15:25.507+0000] {taskinstance.py:340} INFO - ::group::Post task execution logs
[2025-05-22T17:15:25.509+0000] {standard_task_runner.py:124} ERROR - Failed to execute job 186 for task run_dbt (dbt run failed; 2272)
Traceback (most recent call last):
  File "/home/airflow/.local/lib/python3.9/site-packages/airflow/task/task_runner/standard_task_runner.py", line 117, in _start_by_fork
    ret = args.func(args, dag=self.dag)
  File "/home/airflow/.local/lib/python3.9/site-packages/airflow/cli/cli_config.py", line 49, in command
    return func(*args, **kwargs)
  File "/home/airflow/.local/lib/python3.9/site-packages/airflow/utils/cli.py", line 116, in wrapper
    return f(*args, **kwargs)
  File "/home/airflow/.local/lib/python3.9/site-packages/airflow/cli/commands/task_command.py", line 483, in task_run
    task_return_code = _run_task_by_selected_method(args, _dag, ti)
  File "/home/airflow/.local/lib/python3.9/site-packages/airflow/cli/commands/task_command.py", line 256, in _run_task_by_selected_method
    return _run_raw_task(args, ti)
  File "/home/airflow/.local/lib/python3.9/site-packages/airflow/cli/commands/task_command.py", line 341, in _run_raw_task
    return ti._run_raw_task(
  File "/home/airflow/.local/lib/python3.9/site-packages/airflow/utils/session.py", line 97, in wrapper
    return func(*args, session=session, **kwargs)
  File "/home/airflow/.local/lib/python3.9/site-packages/airflow/models/taskinstance.py", line 3005, in _run_raw_task
    return _run_raw_task(
  File "/home/airflow/.local/lib/python3.9/site-packages/airflow/models/taskinstance.py", line 273, in _run_raw_task
    TaskInstance._execute_task_with_callbacks(
  File "/home/airflow/.local/lib/python3.9/site-packages/airflow/models/taskinstance.py", line 3159, in _execute_task_with_callbacks
    result = self._execute_task(context, task_orig)
  File "/home/airflow/.local/lib/python3.9/site-packages/airflow/models/taskinstance.py", line 3183, in _execute_task
    return _execute_task(self, context, task_orig)
  File "/home/airflow/.local/lib/python3.9/site-packages/airflow/models/taskinstance.py", line 767, in _execute_task
    result = _execute_callable(context=context, **execute_callable_kwargs)
  File "/home/airflow/.local/lib/python3.9/site-packages/airflow/models/taskinstance.py", line 733, in _execute_callable
    return ExecutionCallableRunner(
  File "/home/airflow/.local/lib/python3.9/site-packages/airflow/utils/operator_helpers.py", line 252, in run
    return self.func(*args, **kwargs)
  File "/home/airflow/.local/lib/python3.9/site-packages/airflow/models/baseoperator.py", line 422, in wrapper
    return func(self, *args, **kwargs)
  File "/home/airflow/.local/lib/python3.9/site-packages/airflow/operators/python.py", line 238, in execute
    return_value = self.execute_callable()
  File "/home/airflow/.local/lib/python3.9/site-packages/airflow/operators/python.py", line 256, in execute_callable
    return runner.run(*self.op_args, **self.op_kwargs)
  File "/home/airflow/.local/lib/python3.9/site-packages/airflow/utils/operator_helpers.py", line 252, in run
    return self.func(*args, **kwargs)
  File "/opt/airflow/dbt/run_dbt.py", line 22, in transform_data
    raise RuntimeError("dbt run failed")
RuntimeError: dbt run failed
[2025-05-22T17:15:25.555+0000] {local_task_job_runner.py:266} INFO - Task exited with return code 1
[2025-05-22T17:15:25.578+0000] {taskinstance.py:3895} INFO - 0 downstream tasks scheduled from follow-on schedule check
[2025-05-22T17:15:25.581+0000] {local_task_job_runner.py:245} INFO - ::endgroup::
