[2025-05-19T18:40:20.495+0000] {local_task_job_runner.py:123} INFO - ::group::Pre task execution logs
[2025-05-19T18:40:20.513+0000] {taskinstance.py:2613} INFO - Dependencies all met for dep_context=non-requeueable deps ti=<TaskInstance: 04_transform_data.run_dbt manual__2025-05-19T18:40:18.045533+00:00 [queued]>
[2025-05-19T18:40:20.521+0000] {taskinstance.py:2613} INFO - Dependencies all met for dep_context=requeueable deps ti=<TaskInstance: 04_transform_data.run_dbt manual__2025-05-19T18:40:18.045533+00:00 [queued]>
[2025-05-19T18:40:20.522+0000] {taskinstance.py:2866} INFO - Starting attempt 1 of 1
[2025-05-19T18:40:20.535+0000] {taskinstance.py:2889} INFO - Executing <Task(PythonOperator): run_dbt> on 2025-05-19 18:40:18.045533+00:00
[2025-05-19T18:40:20.539+0000] {standard_task_runner.py:72} INFO - Started process 2062 to run task
[2025-05-19T18:40:20.542+0000] {standard_task_runner.py:104} INFO - Running: ['***', 'tasks', 'run', '04_transform_data', 'run_dbt', 'manual__2025-05-19T18:40:18.045533+00:00', '--job-id', '35', '--raw', '--subdir', 'DAGS_FOLDER/04_transform_data.py', '--cfg-path', '/tmp/tmpox7pplec']
[2025-05-19T18:40:20.544+0000] {standard_task_runner.py:105} INFO - Job 35: Subtask run_dbt
[2025-05-19T18:40:20.598+0000] {task_command.py:467} INFO - Running <TaskInstance: 04_transform_data.run_dbt manual__2025-05-19T18:40:18.045533+00:00 [running]> on host 68e8d748c575
[2025-05-19T18:40:20.682+0000] {taskinstance.py:3132} INFO - Exporting env vars: AIRFLOW_CTX_DAG_OWNER='***' AIRFLOW_CTX_DAG_ID='04_transform_data' AIRFLOW_CTX_TASK_ID='run_dbt' AIRFLOW_CTX_EXECUTION_DATE='2025-05-19T18:40:18.045533+00:00' AIRFLOW_CTX_TRY_NUMBER='1' AIRFLOW_CTX_DAG_RUN_ID='manual__2025-05-19T18:40:18.045533+00:00'
[2025-05-19T18:40:20.684+0000] {taskinstance.py:731} INFO - ::endgroup::
[2025-05-19T18:40:22.323+0000] {logging_mixin.py:190} INFO - 18:40:22  Running with dbt=1.9.4
[2025-05-19T18:40:22.674+0000] {logging_mixin.py:190} INFO - 18:40:22  Registered adapter: postgres=1.9.0
[2025-05-19T18:40:23.786+0000] {logging_mixin.py:190} INFO - 18:40:23  [WARNING]: Configuration paths exist in your dbt_project.yml file which do not apply to any resources.
There are 1 unused configuration paths:
- models.e_commerce_sales.example
[2025-05-19T18:40:23.956+0000] {logging_mixin.py:190} INFO - 18:40:23  Found 6 models, 12 sources, 433 macros
[2025-05-19T18:40:23.959+0000] {logging_mixin.py:190} INFO - 18:40:23
[2025-05-19T18:40:23.962+0000] {logging_mixin.py:190} INFO - 18:40:23  Concurrency: 4 threads (target='dev')
[2025-05-19T18:40:23.963+0000] {logging_mixin.py:190} INFO - 18:40:23
[2025-05-19T18:40:24.096+0000] {logging_mixin.py:190} INFO - 18:40:24  1 of 6 START sql incremental model sales.mercadolivre_orders_results ........... [RUN]
[2025-05-19T18:40:24.100+0000] {logging_mixin.py:190} INFO - 18:40:24  2 of 6 START sql incremental model sales.shopee_new_id ......................... [RUN]
[2025-05-19T18:40:24.478+0000] {logging_mixin.py:190} INFO - 18:40:24  2 of 6 OK created sql incremental model sales.shopee_new_id .................... [MERGE 0 in 0.37s]
[2025-05-19T18:40:24.484+0000] {logging_mixin.py:190} INFO - 18:40:24  1 of 6 OK created sql incremental model sales.mercadolivre_orders_results ...... [MERGE 255 in 0.38s]
[2025-05-19T18:40:24.489+0000] {logging_mixin.py:190} INFO - 18:40:24  3 of 6 START sql incremental model sales.shopee_orders_results ................. [RUN]
[2025-05-19T18:40:24.493+0000] {logging_mixin.py:190} INFO - 18:40:24  4 of 6 START sql incremental model sales.mercadolivre_profits .................. [RUN]
[2025-05-19T18:40:24.647+0000] {logging_mixin.py:190} INFO - 18:40:24  3 of 6 OK created sql incremental model sales.shopee_orders_results ............ [MERGE 0 in 0.15s]
[2025-05-19T18:40:24.651+0000] {logging_mixin.py:190} INFO - 18:40:24  4 of 6 OK created sql incremental model sales.mercadolivre_profits ............. [MERGE 250 in 0.14s]
[2025-05-19T18:40:24.656+0000] {logging_mixin.py:190} INFO - 18:40:24  5 of 6 START sql incremental model sales.dim_shopee_orders ..................... [RUN]
[2025-05-19T18:40:24.657+0000] {logging_mixin.py:190} INFO - 18:40:24  6 of 6 START sql incremental model sales.shopee_profits ........................ [RUN]
[2025-05-19T18:40:24.730+0000] {logging_mixin.py:190} INFO - 18:40:24  5 of 6 ERROR creating sql incremental model sales.dim_shopee_orders ............ [ERROR in 0.07s]
[2025-05-19T18:40:24.809+0000] {logging_mixin.py:190} INFO - 18:40:24  6 of 6 OK created sql incremental model sales.shopee_profits ................... [MERGE 2727 in 0.15s]
[2025-05-19T18:40:24.835+0000] {logging_mixin.py:190} INFO - 18:40:24
[2025-05-19T18:40:24.837+0000] {logging_mixin.py:190} INFO - 18:40:24  Finished running 6 incremental models in 0 hours 0 minutes and 0.87 seconds (0.87s).
[2025-05-19T18:40:24.903+0000] {logging_mixin.py:190} INFO - 18:40:24
[2025-05-19T18:40:24.905+0000] {logging_mixin.py:190} INFO - 18:40:24  Completed with 1 error, 0 partial successes, and 0 warnings:
[2025-05-19T18:40:24.907+0000] {logging_mixin.py:190} INFO - 18:40:24
[2025-05-19T18:40:24.909+0000] {logging_mixin.py:190} INFO - 18:40:24    Database Error in model dim_shopee_orders (models/core/dim_shopee_orders.sql)
  missing FROM-clause entry for table "update_data"
  LINE 66:        update_data.ld_timestamp
                  ^
  compiled code at target/run/e_commerce_sales/models/core/dim_shopee_orders.sql
[2025-05-19T18:40:24.910+0000] {logging_mixin.py:190} INFO - 18:40:24
[2025-05-19T18:40:24.912+0000] {logging_mixin.py:190} INFO - 18:40:24  Done. PASS=5 WARN=0 ERROR=1 SKIP=0 TOTAL=6
[2025-05-19T18:40:25.773+0000] {logging_mixin.py:190} INFO - dbt run failed!
[2025-05-19T18:40:25.774+0000] {logging_mixin.py:190} INFO - None
[2025-05-19T18:40:25.775+0000] {taskinstance.py:3311} ERROR - Task failed with exception
Traceback (most recent call last):
  File "/home/airflow/.local/lib/python3.9/site-packages/airflow/models/taskinstance.py", line 767, in _execute_task
    result = _execute_callable(context=context, **execute_callable_kwargs)
  File "/home/airflow/.local/lib/python3.9/site-packages/airflow/models/taskinstance.py", line 733, in _execute_callable
    return ExecutionCallableRunner(
  File "/home/airflow/.local/lib/python3.9/site-packages/airflow/utils/operator_helpers.py", line 252, in run
    return self.func(*args, **kwargs)
  File "/home/airflow/.local/lib/python3.9/site-packages/airflow/models/baseoperator.py", line 422, in wrapper
    return func(self, *args, **kwargs)
  File "/home/airflow/.local/lib/python3.9/site-packages/airflow/operators/python.py", line 238, in execute
    return_value = self.execute_callable()
  File "/home/airflow/.local/lib/python3.9/site-packages/airflow/operators/python.py", line 256, in execute_callable
    return runner.run(*self.op_args, **self.op_kwargs)
  File "/home/airflow/.local/lib/python3.9/site-packages/airflow/utils/operator_helpers.py", line 252, in run
    return self.func(*args, **kwargs)
  File "/opt/airflow/dbt/run_dbt.py", line 22, in transform_data
    raise RuntimeError("dbt run failed")
RuntimeError: dbt run failed
[2025-05-19T18:40:25.785+0000] {taskinstance.py:1225} INFO - Marking task as FAILED. dag_id=04_transform_data, task_id=run_dbt, run_id=manual__2025-05-19T18:40:18.045533+00:00, execution_date=20250519T184018, start_date=20250519T184020, end_date=20250519T184025
[2025-05-19T18:40:25.797+0000] {taskinstance.py:340} INFO - ::group::Post task execution logs
[2025-05-19T18:40:25.798+0000] {standard_task_runner.py:124} ERROR - Failed to execute job 35 for task run_dbt (dbt run failed; 2062)
Traceback (most recent call last):
  File "/home/airflow/.local/lib/python3.9/site-packages/airflow/task/task_runner/standard_task_runner.py", line 117, in _start_by_fork
    ret = args.func(args, dag=self.dag)
  File "/home/airflow/.local/lib/python3.9/site-packages/airflow/cli/cli_config.py", line 49, in command
    return func(*args, **kwargs)
  File "/home/airflow/.local/lib/python3.9/site-packages/airflow/utils/cli.py", line 116, in wrapper
    return f(*args, **kwargs)
  File "/home/airflow/.local/lib/python3.9/site-packages/airflow/cli/commands/task_command.py", line 483, in task_run
    task_return_code = _run_task_by_selected_method(args, _dag, ti)
  File "/home/airflow/.local/lib/python3.9/site-packages/airflow/cli/commands/task_command.py", line 256, in _run_task_by_selected_method
    return _run_raw_task(args, ti)
  File "/home/airflow/.local/lib/python3.9/site-packages/airflow/cli/commands/task_command.py", line 341, in _run_raw_task
    return ti._run_raw_task(
  File "/home/airflow/.local/lib/python3.9/site-packages/airflow/utils/session.py", line 97, in wrapper
    return func(*args, session=session, **kwargs)
  File "/home/airflow/.local/lib/python3.9/site-packages/airflow/models/taskinstance.py", line 3005, in _run_raw_task
    return _run_raw_task(
  File "/home/airflow/.local/lib/python3.9/site-packages/airflow/models/taskinstance.py", line 273, in _run_raw_task
    TaskInstance._execute_task_with_callbacks(
  File "/home/airflow/.local/lib/python3.9/site-packages/airflow/models/taskinstance.py", line 3159, in _execute_task_with_callbacks
    result = self._execute_task(context, task_orig)
  File "/home/airflow/.local/lib/python3.9/site-packages/airflow/models/taskinstance.py", line 3183, in _execute_task
    return _execute_task(self, context, task_orig)
  File "/home/airflow/.local/lib/python3.9/site-packages/airflow/models/taskinstance.py", line 767, in _execute_task
    result = _execute_callable(context=context, **execute_callable_kwargs)
  File "/home/airflow/.local/lib/python3.9/site-packages/airflow/models/taskinstance.py", line 733, in _execute_callable
    return ExecutionCallableRunner(
  File "/home/airflow/.local/lib/python3.9/site-packages/airflow/utils/operator_helpers.py", line 252, in run
    return self.func(*args, **kwargs)
  File "/home/airflow/.local/lib/python3.9/site-packages/airflow/models/baseoperator.py", line 422, in wrapper
    return func(self, *args, **kwargs)
  File "/home/airflow/.local/lib/python3.9/site-packages/airflow/operators/python.py", line 238, in execute
    return_value = self.execute_callable()
  File "/home/airflow/.local/lib/python3.9/site-packages/airflow/operators/python.py", line 256, in execute_callable
    return runner.run(*self.op_args, **self.op_kwargs)
  File "/home/airflow/.local/lib/python3.9/site-packages/airflow/utils/operator_helpers.py", line 252, in run
    return self.func(*args, **kwargs)
  File "/opt/airflow/dbt/run_dbt.py", line 22, in transform_data
    raise RuntimeError("dbt run failed")
RuntimeError: dbt run failed
[2025-05-19T18:40:25.847+0000] {local_task_job_runner.py:266} INFO - Task exited with return code 1
[2025-05-19T18:40:25.865+0000] {taskinstance.py:3895} INFO - 0 downstream tasks scheduled from follow-on schedule check
[2025-05-19T18:40:25.868+0000] {local_task_job_runner.py:245} INFO - ::endgroup::
