[2025-05-22T17:49:33.944+0000] {local_task_job_runner.py:123} INFO - ::group::Pre task execution logs
[2025-05-22T17:49:33.964+0000] {taskinstance.py:2613} INFO - Dependencies all met for dep_context=non-requeueable deps ti=<TaskInstance: 04_transform_data.run_dbt manual__2025-05-22T17:49:32.349788+00:00 [queued]>
[2025-05-22T17:49:33.973+0000] {taskinstance.py:2613} INFO - Dependencies all met for dep_context=requeueable deps ti=<TaskInstance: 04_transform_data.run_dbt manual__2025-05-22T17:49:32.349788+00:00 [queued]>
[2025-05-22T17:49:33.976+0000] {taskinstance.py:2866} INFO - Starting attempt 1 of 1
[2025-05-22T17:49:33.988+0000] {taskinstance.py:2889} INFO - Executing <Task(PythonOperator): run_dbt> on 2025-05-22 17:49:32.349788+00:00
[2025-05-22T17:49:33.992+0000] {standard_task_runner.py:72} INFO - Started process 2770 to run task
[2025-05-22T17:49:33.995+0000] {standard_task_runner.py:104} INFO - Running: ['***', 'tasks', 'run', '04_transform_data', 'run_dbt', 'manual__2025-05-22T17:49:32.349788+00:00', '--job-id', '193', '--raw', '--subdir', 'DAGS_FOLDER/04_transform_data.py', '--cfg-path', '/tmp/tmp4oceos3c']
[2025-05-22T17:49:33.997+0000] {standard_task_runner.py:105} INFO - Job 193: Subtask run_dbt
[2025-05-22T17:49:34.049+0000] {task_command.py:467} INFO - Running <TaskInstance: 04_transform_data.run_dbt manual__2025-05-22T17:49:32.349788+00:00 [running]> on host e27e96d1841a
[2025-05-22T17:49:34.132+0000] {taskinstance.py:3132} INFO - Exporting env vars: AIRFLOW_CTX_DAG_OWNER='***' AIRFLOW_CTX_DAG_ID='04_transform_data' AIRFLOW_CTX_TASK_ID='run_dbt' AIRFLOW_CTX_EXECUTION_DATE='2025-05-22T17:49:32.349788+00:00' AIRFLOW_CTX_TRY_NUMBER='1' AIRFLOW_CTX_DAG_RUN_ID='manual__2025-05-22T17:49:32.349788+00:00'
[2025-05-22T17:49:34.133+0000] {taskinstance.py:731} INFO - ::endgroup::
[2025-05-22T17:49:35.784+0000] {logging_mixin.py:190} INFO - 17:49:35  Running with dbt=1.9.4
[2025-05-22T17:49:36.170+0000] {logging_mixin.py:190} INFO - 17:49:36  Registered adapter: postgres=1.9.0
[2025-05-22T17:49:37.388+0000] {logging_mixin.py:190} INFO - 17:49:37  [WARNING]: Configuration paths exist in your dbt_project.yml file which do not apply to any resources.
There are 1 unused configuration paths:
- models.e_commerce_sales.example
[2025-05-22T17:49:37.552+0000] {logging_mixin.py:190} INFO - 17:49:37  Found 11 models, 12 sources, 433 macros
[2025-05-22T17:49:37.556+0000] {logging_mixin.py:190} INFO - 17:49:37
[2025-05-22T17:49:37.557+0000] {logging_mixin.py:190} INFO - 17:49:37  Concurrency: 4 threads (target='dev')
[2025-05-22T17:49:37.559+0000] {logging_mixin.py:190} INFO - 17:49:37
[2025-05-22T17:49:37.695+0000] {logging_mixin.py:190} INFO - 17:49:37  1 of 11 START sql incremental model sales.mercadolivre_orders_results .......... [RUN]
[2025-05-22T17:49:37.697+0000] {logging_mixin.py:190} INFO - 17:49:37  2 of 11 START sql incremental model sales.shopee_new_id ........................ [RUN]
[2025-05-22T17:49:38.004+0000] {logging_mixin.py:190} INFO - 17:49:38  1 of 11 OK created sql incremental model sales.mercadolivre_orders_results ..... [SELECT 190 in 0.30s]
[2025-05-22T17:49:38.011+0000] {logging_mixin.py:190} INFO - 17:49:38  3 of 11 START sql incremental model sales.dim_mercadolivre_buyer ............... [RUN]
[2025-05-22T17:49:38.015+0000] {logging_mixin.py:190} INFO - 17:49:38  4 of 11 START sql incremental model sales.dim_mercadolivre_date ................ [RUN]
[2025-05-22T17:49:38.017+0000] {logging_mixin.py:190} INFO - 17:49:38  5 of 11 START sql incremental model sales.dim_mercadolivre_orders_status ....... [RUN]
[2025-05-22T17:49:38.097+0000] {logging_mixin.py:190} INFO - 17:49:38  2 of 11 OK created sql incremental model sales.shopee_new_id ................... [MERGE 0 in 0.39s]
[2025-05-22T17:49:38.105+0000] {logging_mixin.py:190} INFO - 17:49:38  6 of 11 START sql incremental model sales.dim_mercadolivre_product ............. [RUN]
[2025-05-22T17:49:38.143+0000] {logging_mixin.py:190} INFO - 17:49:38  3 of 11 ERROR creating sql incremental model sales.dim_mercadolivre_buyer ...... [ERROR in 0.12s]
[2025-05-22T17:49:38.164+0000] {logging_mixin.py:190} INFO - 17:49:38  7 of 11 START sql incremental model sales.shopee_orders_results ................ [RUN]
[2025-05-22T17:49:38.325+0000] {logging_mixin.py:190} INFO - 17:49:38  4 of 11 OK created sql incremental model sales.dim_mercadolivre_date ........... [MERGE 203 in 0.30s]
[2025-05-22T17:49:38.333+0000] {logging_mixin.py:190} INFO - 17:49:38  5 of 11 OK created sql incremental model sales.dim_mercadolivre_orders_status .. [MERGE 190 in 0.30s]
[2025-05-22T17:49:38.360+0000] {logging_mixin.py:190} INFO - 17:49:38  6 of 11 OK created sql incremental model sales.dim_mercadolivre_product ........ [MERGE 186 in 0.25s]
[2025-05-22T17:49:38.376+0000] {logging_mixin.py:190} INFO - 17:49:38  7 of 11 OK created sql incremental model sales.shopee_orders_results ........... [MERGE 0 in 0.21s]
[2025-05-22T17:49:38.382+0000] {logging_mixin.py:190} INFO - 17:49:38  8 of 11 START sql incremental model sales.dim_shopee_buyer_id .................. [RUN]
[2025-05-22T17:49:38.384+0000] {logging_mixin.py:190} INFO - 17:49:38  9 of 11 START sql incremental model sales.dim_shopee_date ...................... [RUN]
[2025-05-22T17:49:38.385+0000] {logging_mixin.py:190} INFO - 17:49:38  10 of 11 START sql incremental model sales.dim_shopee_orders_status ............ [RUN]
[2025-05-22T17:49:38.387+0000] {logging_mixin.py:190} INFO - 17:49:38  11 of 11 START sql incremental model sales.dim_shopee_product .................. [RUN]
[2025-05-22T17:49:38.652+0000] {logging_mixin.py:190} INFO - 17:49:38  8 of 11 OK created sql incremental model sales.dim_shopee_buyer_id ............. [MERGE 0 in 0.26s]
[2025-05-22T17:49:38.668+0000] {logging_mixin.py:190} INFO - 17:49:38  9 of 11 OK created sql incremental model sales.dim_shopee_date ................. [MERGE 0 in 0.27s]
[2025-05-22T17:49:38.671+0000] {logging_mixin.py:190} INFO - 17:49:38  11 of 11 OK created sql incremental model sales.dim_shopee_product ............. [MERGE 0 in 0.27s]
[2025-05-22T17:49:38.674+0000] {logging_mixin.py:190} INFO - 17:49:38  10 of 11 OK created sql incremental model sales.dim_shopee_orders_status ....... [MERGE 0 in 0.28s]
[2025-05-22T17:49:38.699+0000] {logging_mixin.py:190} INFO - 17:49:38
[2025-05-22T17:49:38.701+0000] {logging_mixin.py:190} INFO - 17:49:38  Finished running 11 incremental models in 0 hours 0 minutes and 1.14 seconds (1.14s).
[2025-05-22T17:49:38.766+0000] {logging_mixin.py:190} INFO - 17:49:38
[2025-05-22T17:49:38.768+0000] {logging_mixin.py:190} INFO - 17:49:38  Completed with 1 error, 0 partial successes, and 0 warnings:
[2025-05-22T17:49:38.769+0000] {logging_mixin.py:190} INFO - 17:49:38
[2025-05-22T17:49:38.771+0000] {logging_mixin.py:190} INFO - 17:49:38    Database Error in model dim_mercadolivre_buyer (models/core/dim_mercadolivre_buyer.sql)
  column orders_results.buyer__id does not exist
  LINE 23:             ON orders_results.buyer__id = stg_mercadolivre.b...
                          ^
[2025-05-22T17:49:38.773+0000] {logging_mixin.py:190} INFO - 17:49:38
[2025-05-22T17:49:38.774+0000] {logging_mixin.py:190} INFO - 17:49:38  Done. PASS=10 WARN=0 ERROR=1 SKIP=0 TOTAL=11
[2025-05-22T17:49:39.679+0000] {logging_mixin.py:190} INFO - dbt run failed!
[2025-05-22T17:49:39.681+0000] {logging_mixin.py:190} INFO - None
[2025-05-22T17:49:39.682+0000] {taskinstance.py:3311} ERROR - Task failed with exception
Traceback (most recent call last):
  File "/home/airflow/.local/lib/python3.9/site-packages/airflow/models/taskinstance.py", line 767, in _execute_task
    result = _execute_callable(context=context, **execute_callable_kwargs)
  File "/home/airflow/.local/lib/python3.9/site-packages/airflow/models/taskinstance.py", line 733, in _execute_callable
    return ExecutionCallableRunner(
  File "/home/airflow/.local/lib/python3.9/site-packages/airflow/utils/operator_helpers.py", line 252, in run
    return self.func(*args, **kwargs)
  File "/home/airflow/.local/lib/python3.9/site-packages/airflow/models/baseoperator.py", line 422, in wrapper
    return func(self, *args, **kwargs)
  File "/home/airflow/.local/lib/python3.9/site-packages/airflow/operators/python.py", line 238, in execute
    return_value = self.execute_callable()
  File "/home/airflow/.local/lib/python3.9/site-packages/airflow/operators/python.py", line 256, in execute_callable
    return runner.run(*self.op_args, **self.op_kwargs)
  File "/home/airflow/.local/lib/python3.9/site-packages/airflow/utils/operator_helpers.py", line 252, in run
    return self.func(*args, **kwargs)
  File "/opt/airflow/dbt/run_dbt.py", line 22, in transform_data
    raise RuntimeError("dbt run failed")
RuntimeError: dbt run failed
[2025-05-22T17:49:39.696+0000] {taskinstance.py:1225} INFO - Marking task as FAILED. dag_id=04_transform_data, task_id=run_dbt, run_id=manual__2025-05-22T17:49:32.349788+00:00, execution_date=20250522T174932, start_date=20250522T174933, end_date=20250522T174939
[2025-05-22T17:49:39.713+0000] {taskinstance.py:340} INFO - ::group::Post task execution logs
[2025-05-22T17:49:39.715+0000] {standard_task_runner.py:124} ERROR - Failed to execute job 193 for task run_dbt (dbt run failed; 2770)
Traceback (most recent call last):
  File "/home/airflow/.local/lib/python3.9/site-packages/airflow/task/task_runner/standard_task_runner.py", line 117, in _start_by_fork
    ret = args.func(args, dag=self.dag)
  File "/home/airflow/.local/lib/python3.9/site-packages/airflow/cli/cli_config.py", line 49, in command
    return func(*args, **kwargs)
  File "/home/airflow/.local/lib/python3.9/site-packages/airflow/utils/cli.py", line 116, in wrapper
    return f(*args, **kwargs)
  File "/home/airflow/.local/lib/python3.9/site-packages/airflow/cli/commands/task_command.py", line 483, in task_run
    task_return_code = _run_task_by_selected_method(args, _dag, ti)
  File "/home/airflow/.local/lib/python3.9/site-packages/airflow/cli/commands/task_command.py", line 256, in _run_task_by_selected_method
    return _run_raw_task(args, ti)
  File "/home/airflow/.local/lib/python3.9/site-packages/airflow/cli/commands/task_command.py", line 341, in _run_raw_task
    return ti._run_raw_task(
  File "/home/airflow/.local/lib/python3.9/site-packages/airflow/utils/session.py", line 97, in wrapper
    return func(*args, session=session, **kwargs)
  File "/home/airflow/.local/lib/python3.9/site-packages/airflow/models/taskinstance.py", line 3005, in _run_raw_task
    return _run_raw_task(
  File "/home/airflow/.local/lib/python3.9/site-packages/airflow/models/taskinstance.py", line 273, in _run_raw_task
    TaskInstance._execute_task_with_callbacks(
  File "/home/airflow/.local/lib/python3.9/site-packages/airflow/models/taskinstance.py", line 3159, in _execute_task_with_callbacks
    result = self._execute_task(context, task_orig)
  File "/home/airflow/.local/lib/python3.9/site-packages/airflow/models/taskinstance.py", line 3183, in _execute_task
    return _execute_task(self, context, task_orig)
  File "/home/airflow/.local/lib/python3.9/site-packages/airflow/models/taskinstance.py", line 767, in _execute_task
    result = _execute_callable(context=context, **execute_callable_kwargs)
  File "/home/airflow/.local/lib/python3.9/site-packages/airflow/models/taskinstance.py", line 733, in _execute_callable
    return ExecutionCallableRunner(
  File "/home/airflow/.local/lib/python3.9/site-packages/airflow/utils/operator_helpers.py", line 252, in run
    return self.func(*args, **kwargs)
  File "/home/airflow/.local/lib/python3.9/site-packages/airflow/models/baseoperator.py", line 422, in wrapper
    return func(self, *args, **kwargs)
  File "/home/airflow/.local/lib/python3.9/site-packages/airflow/operators/python.py", line 238, in execute
    return_value = self.execute_callable()
  File "/home/airflow/.local/lib/python3.9/site-packages/airflow/operators/python.py", line 256, in execute_callable
    return runner.run(*self.op_args, **self.op_kwargs)
  File "/home/airflow/.local/lib/python3.9/site-packages/airflow/utils/operator_helpers.py", line 252, in run
    return self.func(*args, **kwargs)
  File "/opt/airflow/dbt/run_dbt.py", line 22, in transform_data
    raise RuntimeError("dbt run failed")
RuntimeError: dbt run failed
[2025-05-22T17:49:39.756+0000] {local_task_job_runner.py:266} INFO - Task exited with return code 1
[2025-05-22T17:49:39.775+0000] {taskinstance.py:3895} INFO - 0 downstream tasks scheduled from follow-on schedule check
[2025-05-22T17:49:39.778+0000] {local_task_job_runner.py:245} INFO - ::endgroup::
