[2025-05-21T17:37:19.291+0000] {local_task_job_runner.py:123} INFO - ::group::Pre task execution logs
[2025-05-21T17:37:19.311+0000] {taskinstance.py:2613} INFO - Dependencies all met for dep_context=non-requeueable deps ti=<TaskInstance: 04_transform_data.run_dbt manual__2025-05-21T17:37:17.166408+00:00 [queued]>
[2025-05-21T17:37:19.320+0000] {taskinstance.py:2613} INFO - Dependencies all met for dep_context=requeueable deps ti=<TaskInstance: 04_transform_data.run_dbt manual__2025-05-21T17:37:17.166408+00:00 [queued]>
[2025-05-21T17:37:19.321+0000] {taskinstance.py:2866} INFO - Starting attempt 1 of 1
[2025-05-21T17:37:19.332+0000] {taskinstance.py:2889} INFO - Executing <Task(PythonOperator): run_dbt> on 2025-05-21 17:37:17.166408+00:00
[2025-05-21T17:37:19.338+0000] {standard_task_runner.py:72} INFO - Started process 2491 to run task
[2025-05-21T17:37:19.341+0000] {standard_task_runner.py:104} INFO - Running: ['***', 'tasks', 'run', '04_transform_data', 'run_dbt', 'manual__2025-05-21T17:37:17.166408+00:00', '--job-id', '97', '--raw', '--subdir', 'DAGS_FOLDER/04_transform_data.py', '--cfg-path', '/tmp/tmpv0x45joi']
[2025-05-21T17:37:19.343+0000] {standard_task_runner.py:105} INFO - Job 97: Subtask run_dbt
[2025-05-21T17:37:19.401+0000] {task_command.py:467} INFO - Running <TaskInstance: 04_transform_data.run_dbt manual__2025-05-21T17:37:17.166408+00:00 [running]> on host e27e96d1841a
[2025-05-21T17:37:19.489+0000] {taskinstance.py:3132} INFO - Exporting env vars: AIRFLOW_CTX_DAG_OWNER='***' AIRFLOW_CTX_DAG_ID='04_transform_data' AIRFLOW_CTX_TASK_ID='run_dbt' AIRFLOW_CTX_EXECUTION_DATE='2025-05-21T17:37:17.166408+00:00' AIRFLOW_CTX_TRY_NUMBER='1' AIRFLOW_CTX_DAG_RUN_ID='manual__2025-05-21T17:37:17.166408+00:00'
[2025-05-21T17:37:19.491+0000] {taskinstance.py:731} INFO - ::endgroup::
[2025-05-21T17:37:21.176+0000] {logging_mixin.py:190} INFO - 17:37:21  Running with dbt=1.9.4
[2025-05-21T17:37:21.541+0000] {logging_mixin.py:190} INFO - 17:37:21  Registered adapter: postgres=1.9.0
[2025-05-21T17:37:22.846+0000] {logging_mixin.py:190} INFO - 17:37:22  [WARNING]: Configuration paths exist in your dbt_project.yml file which do not apply to any resources.
There are 1 unused configuration paths:
- models.e_commerce_sales.example
[2025-05-21T17:37:23.056+0000] {logging_mixin.py:190} INFO - 17:37:23  Found 9 models, 12 sources, 433 macros
[2025-05-21T17:37:23.062+0000] {logging_mixin.py:190} INFO - 17:37:23
[2025-05-21T17:37:23.064+0000] {logging_mixin.py:190} INFO - 17:37:23  Concurrency: 4 threads (target='dev')
[2025-05-21T17:37:23.066+0000] {logging_mixin.py:190} INFO - 17:37:23
[2025-05-21T17:37:23.209+0000] {logging_mixin.py:190} INFO - 17:37:23  1 of 9 START sql incremental model sales.mercadolivre_orders_results ........... [RUN]
[2025-05-21T17:37:23.210+0000] {logging_mixin.py:190} INFO - 17:37:23  2 of 9 START sql incremental model sales.shopee_new_id ......................... [RUN]
[2025-05-21T17:37:23.583+0000] {logging_mixin.py:190} INFO - 17:37:23  2 of 9 OK created sql incremental model sales.shopee_new_id .................... [MERGE 0 in 0.36s]
[2025-05-21T17:37:23.588+0000] {logging_mixin.py:190} INFO - 17:37:23  1 of 9 OK created sql incremental model sales.mercadolivre_orders_results ...... [MERGE 255 in 0.37s]
[2025-05-21T17:37:23.592+0000] {logging_mixin.py:190} INFO - 17:37:23  3 of 9 START sql incremental model sales.shopee_orders_results ................. [RUN]
[2025-05-21T17:37:23.597+0000] {logging_mixin.py:190} INFO - 17:37:23  4 of 9 START sql incremental model sales.dim_mercadolivre_product .............. [RUN]
[2025-05-21T17:37:23.599+0000] {logging_mixin.py:190} INFO - 17:37:23  5 of 9 START sql incremental model sales.mercadolivre_profits .................. [RUN]
[2025-05-21T17:37:23.756+0000] {logging_mixin.py:190} INFO - 17:37:23  4 of 9 ERROR creating sql incremental model sales.dim_mercadolivre_product ..... [ERROR in 0.14s]
[2025-05-21T17:37:23.802+0000] {logging_mixin.py:190} INFO - 17:37:23  3 of 9 OK created sql incremental model sales.shopee_orders_results ............ [MERGE 0 in 0.20s]
[2025-05-21T17:37:23.814+0000] {logging_mixin.py:190} INFO - 17:37:23  6 of 9 START sql incremental model sales.dim_shopee_buyer_id ................... [RUN]
[2025-05-21T17:37:23.817+0000] {logging_mixin.py:190} INFO - 17:37:23  7 of 9 START sql incremental model sales.dim_shopee_orders ..................... [RUN]
[2025-05-21T17:37:23.819+0000] {logging_mixin.py:190} INFO - 17:37:23  8 of 9 START sql incremental model sales.dim_shopee_orders_status .............. [RUN]
[2025-05-21T17:37:23.869+0000] {logging_mixin.py:190} INFO - 17:37:23  5 of 9 OK created sql incremental model sales.mercadolivre_profits ............. [MERGE 250 in 0.25s]
[2025-05-21T17:37:23.908+0000] {logging_mixin.py:190} INFO - 17:37:23  9 of 9 START sql incremental model sales.dim_shopee_product .................... [RUN]
[2025-05-21T17:37:24.132+0000] {logging_mixin.py:190} INFO - 17:37:24  7 of 9 OK created sql incremental model sales.dim_shopee_orders ................ [MERGE 0 in 0.30s]
[2025-05-21T17:37:24.134+0000] {logging_mixin.py:190} INFO - 17:37:24  8 of 9 OK created sql incremental model sales.dim_shopee_orders_status ......... [MERGE 0 in 0.30s]
[2025-05-21T17:37:24.137+0000] {logging_mixin.py:190} INFO - 17:37:24  6 of 9 OK created sql incremental model sales.dim_shopee_buyer_id .............. [MERGE 0 in 0.31s]
[2025-05-21T17:37:24.153+0000] {logging_mixin.py:190} INFO - 17:37:24  9 of 9 OK created sql incremental model sales.dim_shopee_product ............... [MERGE 0 in 0.24s]
[2025-05-21T17:37:24.177+0000] {logging_mixin.py:190} INFO - 17:37:24
[2025-05-21T17:37:24.178+0000] {logging_mixin.py:190} INFO - 17:37:24  Finished running 9 incremental models in 0 hours 0 minutes and 1.11 seconds (1.11s).
[2025-05-21T17:37:24.243+0000] {logging_mixin.py:190} INFO - 17:37:24
[2025-05-21T17:37:24.244+0000] {logging_mixin.py:190} INFO - 17:37:24  Completed with 1 error, 0 partial successes, and 0 warnings:
[2025-05-21T17:37:24.246+0000] {logging_mixin.py:190} INFO - 17:37:24
[2025-05-21T17:37:24.248+0000] {logging_mixin.py:190} INFO - 17:37:24    Database Error in model dim_mercadolivre_product (models/core/dim_mercadolivre_product.sql)
  column ad_name.load_timestamp does not exist
  LINE 30:            ad_name.load_timestamp
                      ^
  HINT:  Perhaps you meant to reference the column "ad_name.ld_timestamp".
  compiled code at target/run/e_commerce_sales/models/core/dim_mercadolivre_product.sql
[2025-05-21T17:37:24.249+0000] {logging_mixin.py:190} INFO - 17:37:24
[2025-05-21T17:37:24.250+0000] {logging_mixin.py:190} INFO - 17:37:24  Done. PASS=8 WARN=0 ERROR=1 SKIP=0 TOTAL=9
[2025-05-21T17:37:25.176+0000] {logging_mixin.py:190} INFO - dbt run failed!
[2025-05-21T17:37:25.180+0000] {logging_mixin.py:190} INFO - None
[2025-05-21T17:37:25.184+0000] {taskinstance.py:3311} ERROR - Task failed with exception
Traceback (most recent call last):
  File "/home/airflow/.local/lib/python3.9/site-packages/airflow/models/taskinstance.py", line 767, in _execute_task
    result = _execute_callable(context=context, **execute_callable_kwargs)
  File "/home/airflow/.local/lib/python3.9/site-packages/airflow/models/taskinstance.py", line 733, in _execute_callable
    return ExecutionCallableRunner(
  File "/home/airflow/.local/lib/python3.9/site-packages/airflow/utils/operator_helpers.py", line 252, in run
    return self.func(*args, **kwargs)
  File "/home/airflow/.local/lib/python3.9/site-packages/airflow/models/baseoperator.py", line 422, in wrapper
    return func(self, *args, **kwargs)
  File "/home/airflow/.local/lib/python3.9/site-packages/airflow/operators/python.py", line 238, in execute
    return_value = self.execute_callable()
  File "/home/airflow/.local/lib/python3.9/site-packages/airflow/operators/python.py", line 256, in execute_callable
    return runner.run(*self.op_args, **self.op_kwargs)
  File "/home/airflow/.local/lib/python3.9/site-packages/airflow/utils/operator_helpers.py", line 252, in run
    return self.func(*args, **kwargs)
  File "/opt/airflow/dbt/run_dbt.py", line 22, in transform_data
    raise RuntimeError("dbt run failed")
RuntimeError: dbt run failed
[2025-05-21T17:37:25.199+0000] {taskinstance.py:1225} INFO - Marking task as FAILED. dag_id=04_transform_data, task_id=run_dbt, run_id=manual__2025-05-21T17:37:17.166408+00:00, execution_date=20250521T173717, start_date=20250521T173719, end_date=20250521T173725
[2025-05-21T17:37:25.212+0000] {taskinstance.py:340} INFO - ::group::Post task execution logs
[2025-05-21T17:37:25.213+0000] {standard_task_runner.py:124} ERROR - Failed to execute job 97 for task run_dbt (dbt run failed; 2491)
Traceback (most recent call last):
  File "/home/airflow/.local/lib/python3.9/site-packages/airflow/task/task_runner/standard_task_runner.py", line 117, in _start_by_fork
    ret = args.func(args, dag=self.dag)
  File "/home/airflow/.local/lib/python3.9/site-packages/airflow/cli/cli_config.py", line 49, in command
    return func(*args, **kwargs)
  File "/home/airflow/.local/lib/python3.9/site-packages/airflow/utils/cli.py", line 116, in wrapper
    return f(*args, **kwargs)
  File "/home/airflow/.local/lib/python3.9/site-packages/airflow/cli/commands/task_command.py", line 483, in task_run
    task_return_code = _run_task_by_selected_method(args, _dag, ti)
  File "/home/airflow/.local/lib/python3.9/site-packages/airflow/cli/commands/task_command.py", line 256, in _run_task_by_selected_method
    return _run_raw_task(args, ti)
  File "/home/airflow/.local/lib/python3.9/site-packages/airflow/cli/commands/task_command.py", line 341, in _run_raw_task
    return ti._run_raw_task(
  File "/home/airflow/.local/lib/python3.9/site-packages/airflow/utils/session.py", line 97, in wrapper
    return func(*args, session=session, **kwargs)
  File "/home/airflow/.local/lib/python3.9/site-packages/airflow/models/taskinstance.py", line 3005, in _run_raw_task
    return _run_raw_task(
  File "/home/airflow/.local/lib/python3.9/site-packages/airflow/models/taskinstance.py", line 273, in _run_raw_task
    TaskInstance._execute_task_with_callbacks(
  File "/home/airflow/.local/lib/python3.9/site-packages/airflow/models/taskinstance.py", line 3159, in _execute_task_with_callbacks
    result = self._execute_task(context, task_orig)
  File "/home/airflow/.local/lib/python3.9/site-packages/airflow/models/taskinstance.py", line 3183, in _execute_task
    return _execute_task(self, context, task_orig)
  File "/home/airflow/.local/lib/python3.9/site-packages/airflow/models/taskinstance.py", line 767, in _execute_task
    result = _execute_callable(context=context, **execute_callable_kwargs)
  File "/home/airflow/.local/lib/python3.9/site-packages/airflow/models/taskinstance.py", line 733, in _execute_callable
    return ExecutionCallableRunner(
  File "/home/airflow/.local/lib/python3.9/site-packages/airflow/utils/operator_helpers.py", line 252, in run
    return self.func(*args, **kwargs)
  File "/home/airflow/.local/lib/python3.9/site-packages/airflow/models/baseoperator.py", line 422, in wrapper
    return func(self, *args, **kwargs)
  File "/home/airflow/.local/lib/python3.9/site-packages/airflow/operators/python.py", line 238, in execute
    return_value = self.execute_callable()
  File "/home/airflow/.local/lib/python3.9/site-packages/airflow/operators/python.py", line 256, in execute_callable
    return runner.run(*self.op_args, **self.op_kwargs)
  File "/home/airflow/.local/lib/python3.9/site-packages/airflow/utils/operator_helpers.py", line 252, in run
    return self.func(*args, **kwargs)
  File "/opt/airflow/dbt/run_dbt.py", line 22, in transform_data
    raise RuntimeError("dbt run failed")
RuntimeError: dbt run failed
[2025-05-21T17:37:25.263+0000] {local_task_job_runner.py:266} INFO - Task exited with return code 1
[2025-05-21T17:37:25.279+0000] {taskinstance.py:3895} INFO - 0 downstream tasks scheduled from follow-on schedule check
[2025-05-21T17:37:25.283+0000] {local_task_job_runner.py:245} INFO - ::endgroup::
