[2025-05-21T19:30:38.925+0000] {local_task_job_runner.py:123} INFO - ::group::Pre task execution logs
[2025-05-21T19:30:38.945+0000] {taskinstance.py:2613} INFO - Dependencies all met for dep_context=non-requeueable deps ti=<TaskInstance: 04_transform_data.run_dbt manual__2025-05-21T19:30:37.671821+00:00 [queued]>
[2025-05-21T19:30:38.954+0000] {taskinstance.py:2613} INFO - Dependencies all met for dep_context=requeueable deps ti=<TaskInstance: 04_transform_data.run_dbt manual__2025-05-21T19:30:37.671821+00:00 [queued]>
[2025-05-21T19:30:38.955+0000] {taskinstance.py:2866} INFO - Starting attempt 1 of 1
[2025-05-21T19:30:38.969+0000] {taskinstance.py:2889} INFO - Executing <Task(PythonOperator): run_dbt> on 2025-05-21 19:30:37.671821+00:00
[2025-05-21T19:30:38.974+0000] {standard_task_runner.py:72} INFO - Started process 4156 to run task
[2025-05-21T19:30:38.977+0000] {standard_task_runner.py:104} INFO - Running: ['***', 'tasks', 'run', '04_transform_data', 'run_dbt', 'manual__2025-05-21T19:30:37.671821+00:00', '--job-id', '113', '--raw', '--subdir', 'DAGS_FOLDER/04_transform_data.py', '--cfg-path', '/tmp/tmp_o5xo1s7']
[2025-05-21T19:30:38.979+0000] {standard_task_runner.py:105} INFO - Job 113: Subtask run_dbt
[2025-05-21T19:30:39.031+0000] {task_command.py:467} INFO - Running <TaskInstance: 04_transform_data.run_dbt manual__2025-05-21T19:30:37.671821+00:00 [running]> on host e27e96d1841a
[2025-05-21T19:30:39.115+0000] {taskinstance.py:3132} INFO - Exporting env vars: AIRFLOW_CTX_DAG_OWNER='***' AIRFLOW_CTX_DAG_ID='04_transform_data' AIRFLOW_CTX_TASK_ID='run_dbt' AIRFLOW_CTX_EXECUTION_DATE='2025-05-21T19:30:37.671821+00:00' AIRFLOW_CTX_TRY_NUMBER='1' AIRFLOW_CTX_DAG_RUN_ID='manual__2025-05-21T19:30:37.671821+00:00'
[2025-05-21T19:30:39.117+0000] {taskinstance.py:731} INFO - ::endgroup::
[2025-05-21T19:30:40.833+0000] {logging_mixin.py:190} INFO - 19:30:40  Running with dbt=1.9.4
[2025-05-21T19:30:41.198+0000] {logging_mixin.py:190} INFO - 19:30:41  Registered adapter: postgres=1.9.0
[2025-05-21T19:30:42.357+0000] {logging_mixin.py:190} INFO - 19:30:42  [WARNING]: Configuration paths exist in your dbt_project.yml file which do not apply to any resources.
There are 1 unused configuration paths:
- models.e_commerce_sales.example
[2025-05-21T19:30:42.531+0000] {logging_mixin.py:190} INFO - 19:30:42  Found 11 models, 12 sources, 433 macros
[2025-05-21T19:30:42.535+0000] {logging_mixin.py:190} INFO - 19:30:42
[2025-05-21T19:30:42.537+0000] {logging_mixin.py:190} INFO - 19:30:42  Concurrency: 4 threads (target='dev')
[2025-05-21T19:30:42.539+0000] {logging_mixin.py:190} INFO - 19:30:42
[2025-05-21T19:30:42.676+0000] {logging_mixin.py:190} INFO - 19:30:42  1 of 11 START sql incremental model sales.mercadolivre_orders_results .......... [RUN]
[2025-05-21T19:30:42.677+0000] {logging_mixin.py:190} INFO - 19:30:42  2 of 11 START sql incremental model sales.shopee_new_id ........................ [RUN]
[2025-05-21T19:30:43.064+0000] {logging_mixin.py:190} INFO - 19:30:43  2 of 11 OK created sql incremental model sales.shopee_new_id ................... [MERGE 0 in 0.38s]
[2025-05-21T19:30:43.066+0000] {logging_mixin.py:190} INFO - 19:30:43  1 of 11 OK created sql incremental model sales.mercadolivre_orders_results ..... [MERGE 255 in 0.38s]
[2025-05-21T19:30:43.072+0000] {logging_mixin.py:190} INFO - 19:30:43  3 of 11 START sql incremental model sales.shopee_orders_results ................ [RUN]
[2025-05-21T19:30:43.077+0000] {logging_mixin.py:190} INFO - 19:30:43  4 of 11 START sql incremental model sales.dim_mercadolivre_buyer ............... [RUN]
[2025-05-21T19:30:43.079+0000] {logging_mixin.py:190} INFO - 19:30:43  5 of 11 START sql incremental model sales.dim_mercadolivre_date ................ [RUN]
[2025-05-21T19:30:43.080+0000] {logging_mixin.py:190} INFO - 19:30:43  6 of 11 START sql incremental model sales.dim_mercadolivre_product ............. [RUN]
[2025-05-21T19:30:43.205+0000] {logging_mixin.py:190} INFO - 19:30:43  4 of 11 ERROR creating sql incremental model sales.dim_mercadolivre_buyer ...... [ERROR in 0.11s]
[2025-05-21T19:30:43.223+0000] {logging_mixin.py:190} INFO - 19:30:43  7 of 11 START sql incremental model sales.mercadolivre_profits ................. [RUN]
[2025-05-21T19:30:43.254+0000] {logging_mixin.py:190} INFO - 19:30:43  5 of 11 ERROR creating sql incremental model sales.dim_mercadolivre_date ....... [ERROR in 0.16s]
[2025-05-21T19:30:43.312+0000] {logging_mixin.py:190} INFO - 19:30:43  3 of 11 OK created sql incremental model sales.shopee_orders_results ........... [MERGE 0 in 0.23s]
[2025-05-21T19:30:43.326+0000] {logging_mixin.py:190} INFO - 19:30:43  8 of 11 START sql incremental model sales.dim_shopee_buyer_id .................. [RUN]
[2025-05-21T19:30:43.327+0000] {logging_mixin.py:190} INFO - 19:30:43  9 of 11 START sql incremental model sales.dim_shopee_date ...................... [RUN]
[2025-05-21T19:30:43.365+0000] {logging_mixin.py:190} INFO - 19:30:43  6 of 11 OK created sql incremental model sales.dim_mercadolivre_product ........ [MERGE 250 in 0.26s]
[2025-05-21T19:30:43.397+0000] {logging_mixin.py:190} INFO - 19:30:43  10 of 11 START sql incremental model sales.dim_shopee_orders_status ............ [RUN]
[2025-05-21T19:30:43.519+0000] {logging_mixin.py:190} INFO - 19:30:43  7 of 11 OK created sql incremental model sales.mercadolivre_profits ............ [MERGE 250 in 0.28s]
[2025-05-21T19:30:43.537+0000] {logging_mixin.py:190} INFO - 19:30:43  11 of 11 START sql incremental model sales.dim_shopee_product .................. [RUN]
[2025-05-21T19:30:43.609+0000] {logging_mixin.py:190} INFO - 19:30:43  8 of 11 OK created sql incremental model sales.dim_shopee_buyer_id ............. [MERGE 0 in 0.27s]
[2025-05-21T19:30:43.611+0000] {logging_mixin.py:190} INFO - 19:30:43  9 of 11 OK created sql incremental model sales.dim_shopee_date ................. [MERGE 0 in 0.27s]
[2025-05-21T19:30:43.637+0000] {logging_mixin.py:190} INFO - 19:30:43  10 of 11 OK created sql incremental model sales.dim_shopee_orders_status ....... [MERGE 0 in 0.23s]
[2025-05-21T19:30:43.683+0000] {logging_mixin.py:190} INFO - 19:30:43  11 of 11 OK created sql incremental model sales.dim_shopee_product ............. [MERGE 0 in 0.14s]
[2025-05-21T19:30:43.708+0000] {logging_mixin.py:190} INFO - 19:30:43
[2025-05-21T19:30:43.709+0000] {logging_mixin.py:190} INFO - 19:30:43  Finished running 11 incremental models in 0 hours 0 minutes and 1.17 seconds (1.17s).
[2025-05-21T19:30:43.775+0000] {logging_mixin.py:190} INFO - 19:30:43
[2025-05-21T19:30:43.776+0000] {logging_mixin.py:190} INFO - 19:30:43  Completed with 2 errors, 0 partial successes, and 0 warnings:
[2025-05-21T19:30:43.777+0000] {logging_mixin.py:190} INFO - 19:30:43
[2025-05-21T19:30:43.779+0000] {logging_mixin.py:190} INFO - 19:30:43    Database Error in model dim_mercadolivre_buyer (models/core/dim_mercadolivre_buyer.sql)
  aggregate functions are not allowed in WHERE
  LINE 26: ...      WHERE orders_results.ld_timestamp > (SELECT MAX(ld_tim...
                                                                ^
[2025-05-21T19:30:43.781+0000] {logging_mixin.py:190} INFO - 19:30:43
[2025-05-21T19:30:43.782+0000] {logging_mixin.py:190} INFO - 19:30:43    Database Error in model dim_mercadolivre_date (models/core/dim_mercadolivre_date.sql)
  column date_approved.shipping_id does not exist
  LINE 46:         ON date_approved.shipping_id = stg_mercadolivre_sh.i...
                      ^
  compiled code at target/run/e_commerce_sales/models/core/dim_mercadolivre_date.sql
[2025-05-21T19:30:43.784+0000] {logging_mixin.py:190} INFO - 19:30:43
[2025-05-21T19:30:43.786+0000] {logging_mixin.py:190} INFO - 19:30:43  Done. PASS=9 WARN=0 ERROR=2 SKIP=0 TOTAL=11
[2025-05-21T19:30:45.707+0000] {logging_mixin.py:190} INFO - dbt run failed!
[2025-05-21T19:30:45.708+0000] {logging_mixin.py:190} INFO - None
[2025-05-21T19:30:45.709+0000] {taskinstance.py:3311} ERROR - Task failed with exception
Traceback (most recent call last):
  File "/home/airflow/.local/lib/python3.9/site-packages/airflow/models/taskinstance.py", line 767, in _execute_task
    result = _execute_callable(context=context, **execute_callable_kwargs)
  File "/home/airflow/.local/lib/python3.9/site-packages/airflow/models/taskinstance.py", line 733, in _execute_callable
    return ExecutionCallableRunner(
  File "/home/airflow/.local/lib/python3.9/site-packages/airflow/utils/operator_helpers.py", line 252, in run
    return self.func(*args, **kwargs)
  File "/home/airflow/.local/lib/python3.9/site-packages/airflow/models/baseoperator.py", line 422, in wrapper
    return func(self, *args, **kwargs)
  File "/home/airflow/.local/lib/python3.9/site-packages/airflow/operators/python.py", line 238, in execute
    return_value = self.execute_callable()
  File "/home/airflow/.local/lib/python3.9/site-packages/airflow/operators/python.py", line 256, in execute_callable
    return runner.run(*self.op_args, **self.op_kwargs)
  File "/home/airflow/.local/lib/python3.9/site-packages/airflow/utils/operator_helpers.py", line 252, in run
    return self.func(*args, **kwargs)
  File "/opt/airflow/dbt/run_dbt.py", line 22, in transform_data
    raise RuntimeError("dbt run failed")
RuntimeError: dbt run failed
[2025-05-21T19:30:45.722+0000] {taskinstance.py:1225} INFO - Marking task as FAILED. dag_id=04_transform_data, task_id=run_dbt, run_id=manual__2025-05-21T19:30:37.671821+00:00, execution_date=20250521T193037, start_date=20250521T193038, end_date=20250521T193045
[2025-05-21T19:30:45.737+0000] {taskinstance.py:340} INFO - ::group::Post task execution logs
[2025-05-21T19:30:45.739+0000] {standard_task_runner.py:124} ERROR - Failed to execute job 113 for task run_dbt (dbt run failed; 4156)
Traceback (most recent call last):
  File "/home/airflow/.local/lib/python3.9/site-packages/airflow/task/task_runner/standard_task_runner.py", line 117, in _start_by_fork
    ret = args.func(args, dag=self.dag)
  File "/home/airflow/.local/lib/python3.9/site-packages/airflow/cli/cli_config.py", line 49, in command
    return func(*args, **kwargs)
  File "/home/airflow/.local/lib/python3.9/site-packages/airflow/utils/cli.py", line 116, in wrapper
    return f(*args, **kwargs)
  File "/home/airflow/.local/lib/python3.9/site-packages/airflow/cli/commands/task_command.py", line 483, in task_run
    task_return_code = _run_task_by_selected_method(args, _dag, ti)
  File "/home/airflow/.local/lib/python3.9/site-packages/airflow/cli/commands/task_command.py", line 256, in _run_task_by_selected_method
    return _run_raw_task(args, ti)
  File "/home/airflow/.local/lib/python3.9/site-packages/airflow/cli/commands/task_command.py", line 341, in _run_raw_task
    return ti._run_raw_task(
  File "/home/airflow/.local/lib/python3.9/site-packages/airflow/utils/session.py", line 97, in wrapper
    return func(*args, session=session, **kwargs)
  File "/home/airflow/.local/lib/python3.9/site-packages/airflow/models/taskinstance.py", line 3005, in _run_raw_task
    return _run_raw_task(
  File "/home/airflow/.local/lib/python3.9/site-packages/airflow/models/taskinstance.py", line 273, in _run_raw_task
    TaskInstance._execute_task_with_callbacks(
  File "/home/airflow/.local/lib/python3.9/site-packages/airflow/models/taskinstance.py", line 3159, in _execute_task_with_callbacks
    result = self._execute_task(context, task_orig)
  File "/home/airflow/.local/lib/python3.9/site-packages/airflow/models/taskinstance.py", line 3183, in _execute_task
    return _execute_task(self, context, task_orig)
  File "/home/airflow/.local/lib/python3.9/site-packages/airflow/models/taskinstance.py", line 767, in _execute_task
    result = _execute_callable(context=context, **execute_callable_kwargs)
  File "/home/airflow/.local/lib/python3.9/site-packages/airflow/models/taskinstance.py", line 733, in _execute_callable
    return ExecutionCallableRunner(
  File "/home/airflow/.local/lib/python3.9/site-packages/airflow/utils/operator_helpers.py", line 252, in run
    return self.func(*args, **kwargs)
  File "/home/airflow/.local/lib/python3.9/site-packages/airflow/models/baseoperator.py", line 422, in wrapper
    return func(self, *args, **kwargs)
  File "/home/airflow/.local/lib/python3.9/site-packages/airflow/operators/python.py", line 238, in execute
    return_value = self.execute_callable()
  File "/home/airflow/.local/lib/python3.9/site-packages/airflow/operators/python.py", line 256, in execute_callable
    return runner.run(*self.op_args, **self.op_kwargs)
  File "/home/airflow/.local/lib/python3.9/site-packages/airflow/utils/operator_helpers.py", line 252, in run
    return self.func(*args, **kwargs)
  File "/opt/airflow/dbt/run_dbt.py", line 22, in transform_data
    raise RuntimeError("dbt run failed")
RuntimeError: dbt run failed
[2025-05-21T19:30:45.774+0000] {local_task_job_runner.py:266} INFO - Task exited with return code 1
[2025-05-21T19:30:45.796+0000] {taskinstance.py:3895} INFO - 0 downstream tasks scheduled from follow-on schedule check
[2025-05-21T19:30:45.799+0000] {local_task_job_runner.py:245} INFO - ::endgroup::
