[2025-06-09T19:10:50.436+0000] {local_task_job_runner.py:123} INFO - ::group::Pre task execution logs
[2025-06-09T19:10:50.456+0000] {taskinstance.py:2613} INFO - Dependencies all met for dep_context=non-requeueable deps ti=<TaskInstance: 05_transform_data.run_dbt manual__2025-06-09T19:10:41.029720+00:00 [queued]>
[2025-06-09T19:10:50.467+0000] {taskinstance.py:2613} INFO - Dependencies all met for dep_context=requeueable deps ti=<TaskInstance: 05_transform_data.run_dbt manual__2025-06-09T19:10:41.029720+00:00 [queued]>
[2025-06-09T19:10:50.468+0000] {taskinstance.py:2866} INFO - Starting attempt 1 of 1
[2025-06-09T19:10:50.481+0000] {taskinstance.py:2889} INFO - Executing <Task(PythonOperator): run_dbt> on 2025-06-09 19:10:41.029720+00:00
[2025-06-09T19:10:50.486+0000] {standard_task_runner.py:72} INFO - Started process 313 to run task
[2025-06-09T19:10:50.490+0000] {standard_task_runner.py:104} INFO - Running: ['***', 'tasks', 'run', '05_transform_data', 'run_dbt', 'manual__2025-06-09T19:10:41.029720+00:00', '--job-id', '512', '--raw', '--subdir', 'DAGS_FOLDER/05_transform_data.py', '--cfg-path', '/tmp/tmpj18k0o21']
[2025-06-09T19:10:50.492+0000] {standard_task_runner.py:105} INFO - Job 512: Subtask run_dbt
[2025-06-09T19:10:50.545+0000] {task_command.py:467} INFO - Running <TaskInstance: 05_transform_data.run_dbt manual__2025-06-09T19:10:41.029720+00:00 [running]> on host 28e6a58e4107
[2025-06-09T19:10:50.625+0000] {taskinstance.py:3132} INFO - Exporting env vars: AIRFLOW_CTX_DAG_OWNER='***' AIRFLOW_CTX_DAG_ID='05_transform_data' AIRFLOW_CTX_TASK_ID='run_dbt' AIRFLOW_CTX_EXECUTION_DATE='2025-06-09T19:10:41.029720+00:00' AIRFLOW_CTX_TRY_NUMBER='1' AIRFLOW_CTX_DAG_RUN_ID='manual__2025-06-09T19:10:41.029720+00:00'
[2025-06-09T19:10:50.626+0000] {taskinstance.py:731} INFO - ::endgroup::
[2025-06-09T19:10:52.115+0000] {logging_mixin.py:190} INFO - 19:10:52  Running with dbt=1.9.5
[2025-06-09T19:10:52.478+0000] {logging_mixin.py:190} INFO - 19:10:52  Registered adapter: postgres=1.9.0
[2025-06-09T19:10:53.787+0000] {logging_mixin.py:190} INFO - 19:10:53  [WARNING]: Configuration paths exist in your dbt_project.yml file which do not apply to any resources.
There are 1 unused configuration paths:
- models.e_commerce_sales.example
[2025-06-09T19:10:54.164+0000] {logging_mixin.py:190} INFO - 19:10:54  Found 15 models, 12 sources, 549 macros, 1 unit test
[2025-06-09T19:10:54.168+0000] {logging_mixin.py:190} INFO - 19:10:54
[2025-06-09T19:10:54.170+0000] {logging_mixin.py:190} INFO - 19:10:54  Concurrency: 4 threads (target='dev')
[2025-06-09T19:10:54.171+0000] {logging_mixin.py:190} INFO - 19:10:54
[2025-06-09T19:10:54.302+0000] {logging_mixin.py:190} INFO - 19:10:54  1 of 15 START sql incremental model sales.mercadolivre_orders_results .......... [RUN]
[2025-06-09T19:10:54.303+0000] {logging_mixin.py:190} INFO - 19:10:54  2 of 15 START sql incremental model sales.stg_shopee ........................... [RUN]
[2025-06-09T19:10:54.639+0000] {logging_mixin.py:190} INFO - 19:10:54  2 of 15 OK created sql incremental model sales.stg_shopee ...................... [MERGE 0 in 0.33s]
[2025-06-09T19:10:54.644+0000] {logging_mixin.py:190} INFO - 19:10:54  3 of 15 START sql incremental model sales.shopee_new_id ........................ [RUN]
[2025-06-09T19:10:54.645+0000] {logging_mixin.py:190} INFO - 19:10:54  4 of 15 START sql incremental model sales.shopee_orders_results ................ [RUN]
[2025-06-09T19:10:54.724+0000] {logging_mixin.py:190} INFO - 19:10:54  4 of 15 ERROR creating sql incremental model sales.shopee_orders_results ....... [ERROR in 0.07s]
[2025-06-09T19:10:54.736+0000] {logging_mixin.py:190} INFO - 19:10:54  5 of 15 SKIP relation sales.dim_shopee_buyer ................................... [SKIP]
[2025-06-09T19:10:54.738+0000] {logging_mixin.py:190} INFO - 19:10:54  6 of 15 SKIP relation sales.dim_shopee_date .................................... [SKIP]
[2025-06-09T19:10:54.747+0000] {logging_mixin.py:190} INFO - 19:10:54  7 of 15 SKIP relation sales.dim_shopee_orders_status ........................... [SKIP]
[2025-06-09T19:10:54.755+0000] {logging_mixin.py:190} INFO - 19:10:54  8 of 15 SKIP relation sales.dim_shopee_product ................................. [SKIP]
[2025-06-09T19:10:54.762+0000] {logging_mixin.py:190} INFO - 19:10:54  9 of 15 SKIP relation sales.sum_shopee_monthly_profit .......................... [SKIP]
[2025-06-09T19:10:54.765+0000] {logging_mixin.py:190} INFO - 19:10:54  10 of 15 SKIP relation sales.sum_shopee_monthly_revenue ........................ [SKIP]
[2025-06-09T19:10:54.775+0000] {logging_mixin.py:190} INFO - 19:10:54  11 of 15 SKIP relation sales.sum_shopee_products_sold .......................... [SKIP]
[2025-06-09T19:10:54.791+0000] {logging_mixin.py:190} INFO - 19:10:54  3 of 15 OK created sql incremental model sales.shopee_new_id ................... [MERGE 0 in 0.14s]
[2025-06-09T19:10:57.266+0000] {logging_mixin.py:190} INFO - 19:10:57  1 of 15 OK created sql incremental model sales.mercadolivre_orders_results ..... [MERGE 190 in 2.96s]
[2025-06-09T19:10:57.273+0000] {logging_mixin.py:190} INFO - 19:10:57  12 of 15 START sql incremental model sales.dim_mercadolivre_buyer .............. [RUN]
[2025-06-09T19:10:57.275+0000] {logging_mixin.py:190} INFO - 19:10:57  13 of 15 START sql incremental model sales.dim_mercadolivre_date ............... [RUN]
[2025-06-09T19:10:57.276+0000] {logging_mixin.py:190} INFO - 19:10:57  14 of 15 START sql incremental model sales.dim_mercadolivre_orders_status ...... [RUN]
[2025-06-09T19:10:57.278+0000] {logging_mixin.py:190} INFO - 19:10:57  15 of 15 START sql incremental model sales.dim_mercadolivre_product ............ [RUN]
[2025-06-09T19:10:57.530+0000] {logging_mixin.py:190} INFO - 19:10:57  14 of 15 OK created sql incremental model sales.dim_mercadolivre_orders_status . [MERGE 190 in 0.25s]
[2025-06-09T19:10:57.548+0000] {logging_mixin.py:190} INFO - 19:10:57  12 of 15 OK created sql incremental model sales.dim_mercadolivre_buyer ......... [MERGE 188 in 0.27s]
[2025-06-09T19:10:59.484+0000] {logging_mixin.py:190} INFO - 19:10:59  13 of 15 OK created sql incremental model sales.dim_mercadolivre_date .......... [MERGE 190 in 2.20s]
[2025-06-09T19:11:01.646+0000] {logging_mixin.py:190} INFO - 19:11:01  15 of 15 OK created sql incremental model sales.dim_mercadolivre_product ....... [MERGE 65 in 4.36s]
[2025-06-09T19:11:01.673+0000] {logging_mixin.py:190} INFO - 19:11:01
[2025-06-09T19:11:01.676+0000] {logging_mixin.py:190} INFO - 19:11:01  Finished running 12 incremental models, 3 view models in 0 hours 0 minutes and 7.50 seconds (7.50s).
[2025-06-09T19:11:01.753+0000] {logging_mixin.py:190} INFO - 19:11:01
[2025-06-09T19:11:01.755+0000] {logging_mixin.py:190} INFO - 19:11:01  Completed with 1 error, 0 partial successes, and 0 warnings:
[2025-06-09T19:11:01.756+0000] {logging_mixin.py:190} INFO - 19:11:01
[2025-06-09T19:11:01.758+0000] {logging_mixin.py:190} INFO - 19:11:01    Database Error in model shopee_orders_results (models/core/shopee_orders_results.sql)
  missing FROM-clause entry for table "id_buyer_sku"
  LINE 26:             WHERE id_buyer_sku.load_timestamp > (SELECT MAX(...
                             ^
[2025-06-09T19:11:01.759+0000] {logging_mixin.py:190} INFO - 19:11:01
[2025-06-09T19:11:01.761+0000] {logging_mixin.py:190} INFO - 19:11:01  Done. PASS=7 WARN=0 ERROR=1 SKIP=7 TOTAL=15
[2025-06-09T19:11:02.602+0000] {logging_mixin.py:190} INFO - dbt run failed!
[2025-06-09T19:11:02.603+0000] {logging_mixin.py:190} INFO - None
[2025-06-09T19:11:02.604+0000] {taskinstance.py:3311} ERROR - Task failed with exception
Traceback (most recent call last):
  File "/home/airflow/.local/lib/python3.9/site-packages/airflow/models/taskinstance.py", line 767, in _execute_task
    result = _execute_callable(context=context, **execute_callable_kwargs)
  File "/home/airflow/.local/lib/python3.9/site-packages/airflow/models/taskinstance.py", line 733, in _execute_callable
    return ExecutionCallableRunner(
  File "/home/airflow/.local/lib/python3.9/site-packages/airflow/utils/operator_helpers.py", line 252, in run
    return self.func(*args, **kwargs)
  File "/home/airflow/.local/lib/python3.9/site-packages/airflow/models/baseoperator.py", line 422, in wrapper
    return func(self, *args, **kwargs)
  File "/home/airflow/.local/lib/python3.9/site-packages/airflow/operators/python.py", line 238, in execute
    return_value = self.execute_callable()
  File "/home/airflow/.local/lib/python3.9/site-packages/airflow/operators/python.py", line 256, in execute_callable
    return runner.run(*self.op_args, **self.op_kwargs)
  File "/home/airflow/.local/lib/python3.9/site-packages/airflow/utils/operator_helpers.py", line 252, in run
    return self.func(*args, **kwargs)
  File "/opt/airflow/dbt_files/run_dbt.py", line 22, in transform_data
    raise RuntimeError("dbt run failed")
RuntimeError: dbt run failed
[2025-06-09T19:11:02.615+0000] {taskinstance.py:1225} INFO - Marking task as FAILED. dag_id=05_transform_data, task_id=run_dbt, run_id=manual__2025-06-09T19:10:41.029720+00:00, execution_date=20250609T191041, start_date=20250609T191050, end_date=20250609T191102
[2025-06-09T19:11:02.626+0000] {taskinstance.py:340} INFO - ::group::Post task execution logs
[2025-06-09T19:11:02.627+0000] {standard_task_runner.py:124} ERROR - Failed to execute job 512 for task run_dbt (dbt run failed; 313)
Traceback (most recent call last):
  File "/home/airflow/.local/lib/python3.9/site-packages/airflow/task/task_runner/standard_task_runner.py", line 117, in _start_by_fork
    ret = args.func(args, dag=self.dag)
  File "/home/airflow/.local/lib/python3.9/site-packages/airflow/cli/cli_config.py", line 49, in command
    return func(*args, **kwargs)
  File "/home/airflow/.local/lib/python3.9/site-packages/airflow/utils/cli.py", line 116, in wrapper
    return f(*args, **kwargs)
  File "/home/airflow/.local/lib/python3.9/site-packages/airflow/cli/commands/task_command.py", line 483, in task_run
    task_return_code = _run_task_by_selected_method(args, _dag, ti)
  File "/home/airflow/.local/lib/python3.9/site-packages/airflow/cli/commands/task_command.py", line 256, in _run_task_by_selected_method
    return _run_raw_task(args, ti)
  File "/home/airflow/.local/lib/python3.9/site-packages/airflow/cli/commands/task_command.py", line 341, in _run_raw_task
    return ti._run_raw_task(
  File "/home/airflow/.local/lib/python3.9/site-packages/airflow/utils/session.py", line 97, in wrapper
    return func(*args, session=session, **kwargs)
  File "/home/airflow/.local/lib/python3.9/site-packages/airflow/models/taskinstance.py", line 3005, in _run_raw_task
    return _run_raw_task(
  File "/home/airflow/.local/lib/python3.9/site-packages/airflow/models/taskinstance.py", line 273, in _run_raw_task
    TaskInstance._execute_task_with_callbacks(
  File "/home/airflow/.local/lib/python3.9/site-packages/airflow/models/taskinstance.py", line 3159, in _execute_task_with_callbacks
    result = self._execute_task(context, task_orig)
  File "/home/airflow/.local/lib/python3.9/site-packages/airflow/models/taskinstance.py", line 3183, in _execute_task
    return _execute_task(self, context, task_orig)
  File "/home/airflow/.local/lib/python3.9/site-packages/airflow/models/taskinstance.py", line 767, in _execute_task
    result = _execute_callable(context=context, **execute_callable_kwargs)
  File "/home/airflow/.local/lib/python3.9/site-packages/airflow/models/taskinstance.py", line 733, in _execute_callable
    return ExecutionCallableRunner(
  File "/home/airflow/.local/lib/python3.9/site-packages/airflow/utils/operator_helpers.py", line 252, in run
    return self.func(*args, **kwargs)
  File "/home/airflow/.local/lib/python3.9/site-packages/airflow/models/baseoperator.py", line 422, in wrapper
    return func(self, *args, **kwargs)
  File "/home/airflow/.local/lib/python3.9/site-packages/airflow/operators/python.py", line 238, in execute
    return_value = self.execute_callable()
  File "/home/airflow/.local/lib/python3.9/site-packages/airflow/operators/python.py", line 256, in execute_callable
    return runner.run(*self.op_args, **self.op_kwargs)
  File "/home/airflow/.local/lib/python3.9/site-packages/airflow/utils/operator_helpers.py", line 252, in run
    return self.func(*args, **kwargs)
  File "/opt/airflow/dbt_files/run_dbt.py", line 22, in transform_data
    raise RuntimeError("dbt run failed")
RuntimeError: dbt run failed
[2025-06-09T19:11:02.663+0000] {local_task_job_runner.py:266} INFO - Task exited with return code 1
[2025-06-09T19:11:02.685+0000] {taskinstance.py:3895} INFO - 0 downstream tasks scheduled from follow-on schedule check
[2025-06-09T19:11:02.688+0000] {local_task_job_runner.py:245} INFO - ::endgroup::
