[2025-06-16T14:16:29.668+0000] {local_task_job_runner.py:123} INFO - ::group::Pre task execution logs
[2025-06-16T14:16:29.687+0000] {taskinstance.py:2613} INFO - Dependencies all met for dep_context=non-requeueable deps ti=<TaskInstance: 05_transform_data_dev.run_dbt manual__2025-06-16T14:16:18.661528+00:00 [queued]>
[2025-06-16T14:16:29.696+0000] {taskinstance.py:2613} INFO - Dependencies all met for dep_context=requeueable deps ti=<TaskInstance: 05_transform_data_dev.run_dbt manual__2025-06-16T14:16:18.661528+00:00 [queued]>
[2025-06-16T14:16:29.697+0000] {taskinstance.py:2866} INFO - Starting attempt 1 of 1
[2025-06-16T14:16:29.708+0000] {taskinstance.py:2889} INFO - Executing <Task(PythonOperator): run_dbt> on 2025-06-16 14:16:18.661528+00:00
[2025-06-16T14:16:29.714+0000] {standard_task_runner.py:72} INFO - Started process 97 to run task
[2025-06-16T14:16:29.716+0000] {standard_task_runner.py:104} INFO - Running: ['***', 'tasks', 'run', '05_transform_data_dev', 'run_dbt', 'manual__2025-06-16T14:16:18.661528+00:00', '--job-id', '6', '--raw', '--subdir', 'DAGS_FOLDER/05_transform_data_dev.py', '--cfg-path', '/tmp/tmp_eexnctb']
[2025-06-16T14:16:29.718+0000] {standard_task_runner.py:105} INFO - Job 6: Subtask run_dbt
[2025-06-16T14:16:29.777+0000] {task_command.py:467} INFO - Running <TaskInstance: 05_transform_data_dev.run_dbt manual__2025-06-16T14:16:18.661528+00:00 [running]> on host 5b7cdd28fdf5
[2025-06-16T14:16:29.857+0000] {taskinstance.py:3132} INFO - Exporting env vars: AIRFLOW_CTX_DAG_OWNER='***' AIRFLOW_CTX_DAG_ID='05_transform_data_dev' AIRFLOW_CTX_TASK_ID='run_dbt' AIRFLOW_CTX_EXECUTION_DATE='2025-06-16T14:16:18.661528+00:00' AIRFLOW_CTX_TRY_NUMBER='1' AIRFLOW_CTX_DAG_RUN_ID='manual__2025-06-16T14:16:18.661528+00:00'
[2025-06-16T14:16:29.859+0000] {taskinstance.py:731} INFO - ::endgroup::
[2025-06-16T14:16:31.546+0000] {logging_mixin.py:190} INFO - 14:16:31  Running with dbt=1.9.5
[2025-06-16T14:16:32.023+0000] {logging_mixin.py:190} INFO - 14:16:32  Registered adapter: postgres=1.9.0
[2025-06-16T14:16:33.578+0000] {logging_mixin.py:190} INFO - 14:16:33  [WARNING]: Configuration paths exist in your dbt_project.yml file which do not apply to any resources.
There are 1 unused configuration paths:
- models.e_commerce_sales.example
[2025-06-16T14:16:33.932+0000] {logging_mixin.py:190} INFO - 14:16:33  Found 21 models, 12 sources, 549 macros, 1 unit test
[2025-06-16T14:16:33.937+0000] {logging_mixin.py:190} INFO - 14:16:33
[2025-06-16T14:16:33.939+0000] {logging_mixin.py:190} INFO - 14:16:33  Concurrency: 4 threads (target='dev')
[2025-06-16T14:16:33.941+0000] {logging_mixin.py:190} INFO - 14:16:33
[2025-06-16T14:16:34.022+0000] {logging_mixin.py:190} INFO - 14:16:34
[2025-06-16T14:16:34.023+0000] {logging_mixin.py:190} INFO - 14:16:34  Finished running  in 0 hours 0 minutes and 0.08 seconds (0.08s).
[2025-06-16T14:16:34.026+0000] {logging_mixin.py:190} INFO - 14:16:34  Encountered an error:
Database Error
  connection to server at "pgdatabase" (172.18.0.2), port 5432 failed: FATAL:  database "dev_sales_db" does not exist
[2025-06-16T14:16:34.710+0000] {logging_mixin.py:190} INFO - dbt run failed!
[2025-06-16T14:16:34.711+0000] {logging_mixin.py:190} INFO - Database Error
  connection to server at "pgdatabase" (172.18.0.2), port 5432 failed: FATAL:  database "dev_sales_db" does not exist
  
[2025-06-16T14:16:34.712+0000] {taskinstance.py:3311} ERROR - Task failed with exception
Traceback (most recent call last):
  File "/home/airflow/.local/lib/python3.9/site-packages/airflow/models/taskinstance.py", line 767, in _execute_task
    result = _execute_callable(context=context, **execute_callable_kwargs)
  File "/home/airflow/.local/lib/python3.9/site-packages/airflow/models/taskinstance.py", line 733, in _execute_callable
    return ExecutionCallableRunner(
  File "/home/airflow/.local/lib/python3.9/site-packages/airflow/utils/operator_helpers.py", line 252, in run
    return self.func(*args, **kwargs)
  File "/home/airflow/.local/lib/python3.9/site-packages/airflow/models/baseoperator.py", line 422, in wrapper
    return func(self, *args, **kwargs)
  File "/home/airflow/.local/lib/python3.9/site-packages/airflow/operators/python.py", line 238, in execute
    return_value = self.execute_callable()
  File "/home/airflow/.local/lib/python3.9/site-packages/airflow/operators/python.py", line 256, in execute_callable
    return runner.run(*self.op_args, **self.op_kwargs)
  File "/home/airflow/.local/lib/python3.9/site-packages/airflow/utils/operator_helpers.py", line 252, in run
    return self.func(*args, **kwargs)
  File "/opt/airflow/dbt_files/run_dbt.py", line 24, in transform_data
    raise RuntimeError("dbt run failed")
RuntimeError: dbt run failed
[2025-06-16T14:16:34.723+0000] {taskinstance.py:1225} INFO - Marking task as FAILED. dag_id=05_transform_data_dev, task_id=run_dbt, run_id=manual__2025-06-16T14:16:18.661528+00:00, execution_date=20250616T141618, start_date=20250616T141629, end_date=20250616T141634
[2025-06-16T14:16:34.734+0000] {taskinstance.py:340} INFO - ::group::Post task execution logs
[2025-06-16T14:16:34.736+0000] {standard_task_runner.py:124} ERROR - Failed to execute job 6 for task run_dbt (dbt run failed; 97)
Traceback (most recent call last):
  File "/home/airflow/.local/lib/python3.9/site-packages/airflow/task/task_runner/standard_task_runner.py", line 117, in _start_by_fork
    ret = args.func(args, dag=self.dag)
  File "/home/airflow/.local/lib/python3.9/site-packages/airflow/cli/cli_config.py", line 49, in command
    return func(*args, **kwargs)
  File "/home/airflow/.local/lib/python3.9/site-packages/airflow/utils/cli.py", line 116, in wrapper
    return f(*args, **kwargs)
  File "/home/airflow/.local/lib/python3.9/site-packages/airflow/cli/commands/task_command.py", line 483, in task_run
    task_return_code = _run_task_by_selected_method(args, _dag, ti)
  File "/home/airflow/.local/lib/python3.9/site-packages/airflow/cli/commands/task_command.py", line 256, in _run_task_by_selected_method
    return _run_raw_task(args, ti)
  File "/home/airflow/.local/lib/python3.9/site-packages/airflow/cli/commands/task_command.py", line 341, in _run_raw_task
    return ti._run_raw_task(
  File "/home/airflow/.local/lib/python3.9/site-packages/airflow/utils/session.py", line 97, in wrapper
    return func(*args, session=session, **kwargs)
  File "/home/airflow/.local/lib/python3.9/site-packages/airflow/models/taskinstance.py", line 3005, in _run_raw_task
    return _run_raw_task(
  File "/home/airflow/.local/lib/python3.9/site-packages/airflow/models/taskinstance.py", line 273, in _run_raw_task
    TaskInstance._execute_task_with_callbacks(
  File "/home/airflow/.local/lib/python3.9/site-packages/airflow/models/taskinstance.py", line 3159, in _execute_task_with_callbacks
    result = self._execute_task(context, task_orig)
  File "/home/airflow/.local/lib/python3.9/site-packages/airflow/models/taskinstance.py", line 3183, in _execute_task
    return _execute_task(self, context, task_orig)
  File "/home/airflow/.local/lib/python3.9/site-packages/airflow/models/taskinstance.py", line 767, in _execute_task
    result = _execute_callable(context=context, **execute_callable_kwargs)
  File "/home/airflow/.local/lib/python3.9/site-packages/airflow/models/taskinstance.py", line 733, in _execute_callable
    return ExecutionCallableRunner(
  File "/home/airflow/.local/lib/python3.9/site-packages/airflow/utils/operator_helpers.py", line 252, in run
    return self.func(*args, **kwargs)
  File "/home/airflow/.local/lib/python3.9/site-packages/airflow/models/baseoperator.py", line 422, in wrapper
    return func(self, *args, **kwargs)
  File "/home/airflow/.local/lib/python3.9/site-packages/airflow/operators/python.py", line 238, in execute
    return_value = self.execute_callable()
  File "/home/airflow/.local/lib/python3.9/site-packages/airflow/operators/python.py", line 256, in execute_callable
    return runner.run(*self.op_args, **self.op_kwargs)
  File "/home/airflow/.local/lib/python3.9/site-packages/airflow/utils/operator_helpers.py", line 252, in run
    return self.func(*args, **kwargs)
  File "/opt/airflow/dbt_files/run_dbt.py", line 24, in transform_data
    raise RuntimeError("dbt run failed")
RuntimeError: dbt run failed
[2025-06-16T14:16:34.751+0000] {local_task_job_runner.py:266} INFO - Task exited with return code 1
[2025-06-16T14:16:34.768+0000] {taskinstance.py:3895} INFO - 0 downstream tasks scheduled from follow-on schedule check
[2025-06-16T14:16:34.771+0000] {local_task_job_runner.py:245} INFO - ::endgroup::
