[2025-05-21T21:38:36.679+0000] {local_task_job_runner.py:123} INFO - ::group::Pre task execution logs
[2025-05-21T21:38:36.698+0000] {taskinstance.py:2613} INFO - Dependencies all met for dep_context=non-requeueable deps ti=<TaskInstance: 04_transform_data.run_dbt manual__2025-05-21T21:38:35.016657+00:00 [queued]>
[2025-05-21T21:38:36.707+0000] {taskinstance.py:2613} INFO - Dependencies all met for dep_context=requeueable deps ti=<TaskInstance: 04_transform_data.run_dbt manual__2025-05-21T21:38:35.016657+00:00 [queued]>
[2025-05-21T21:38:36.709+0000] {taskinstance.py:2866} INFO - Starting attempt 1 of 1
[2025-05-21T21:38:36.722+0000] {taskinstance.py:2889} INFO - Executing <Task(PythonOperator): run_dbt> on 2025-05-21 21:38:35.016657+00:00
[2025-05-21T21:38:36.727+0000] {standard_task_runner.py:72} INFO - Started process 6197 to run task
[2025-05-21T21:38:36.729+0000] {standard_task_runner.py:104} INFO - Running: ['***', 'tasks', 'run', '04_transform_data', 'run_dbt', 'manual__2025-05-21T21:38:35.016657+00:00', '--job-id', '142', '--raw', '--subdir', 'DAGS_FOLDER/04_transform_data.py', '--cfg-path', '/tmp/tmp59mebfxh']
[2025-05-21T21:38:36.731+0000] {standard_task_runner.py:105} INFO - Job 142: Subtask run_dbt
[2025-05-21T21:38:36.786+0000] {task_command.py:467} INFO - Running <TaskInstance: 04_transform_data.run_dbt manual__2025-05-21T21:38:35.016657+00:00 [running]> on host e27e96d1841a
[2025-05-21T21:38:36.873+0000] {taskinstance.py:3132} INFO - Exporting env vars: AIRFLOW_CTX_DAG_OWNER='***' AIRFLOW_CTX_DAG_ID='04_transform_data' AIRFLOW_CTX_TASK_ID='run_dbt' AIRFLOW_CTX_EXECUTION_DATE='2025-05-21T21:38:35.016657+00:00' AIRFLOW_CTX_TRY_NUMBER='1' AIRFLOW_CTX_DAG_RUN_ID='manual__2025-05-21T21:38:35.016657+00:00'
[2025-05-21T21:38:36.875+0000] {taskinstance.py:731} INFO - ::endgroup::
[2025-05-21T21:38:38.591+0000] {logging_mixin.py:190} INFO - 21:38:38  Running with dbt=1.9.4
[2025-05-21T21:38:38.970+0000] {logging_mixin.py:190} INFO - 21:38:38  Registered adapter: postgres=1.9.0
[2025-05-21T21:38:40.131+0000] {logging_mixin.py:190} INFO - 21:38:40  [WARNING]: Configuration paths exist in your dbt_project.yml file which do not apply to any resources.
There are 1 unused configuration paths:
- models.e_commerce_sales.example
[2025-05-21T21:38:40.299+0000] {logging_mixin.py:190} INFO - 21:38:40  Found 12 models, 12 sources, 433 macros
[2025-05-21T21:38:40.303+0000] {logging_mixin.py:190} INFO - 21:38:40
[2025-05-21T21:38:40.305+0000] {logging_mixin.py:190} INFO - 21:38:40  Concurrency: 4 threads (target='dev')
[2025-05-21T21:38:40.306+0000] {logging_mixin.py:190} INFO - 21:38:40
[2025-05-21T21:38:40.457+0000] {logging_mixin.py:190} INFO - 21:38:40  1 of 12 START sql incremental model sales.mercadolivre_orders_results .......... [RUN]
[2025-05-21T21:38:40.459+0000] {logging_mixin.py:190} INFO - 21:38:40  2 of 12 START sql incremental model sales.shopee_new_id ........................ [RUN]
[2025-05-21T21:38:40.840+0000] {logging_mixin.py:190} INFO - 21:38:40  2 of 12 OK created sql incremental model sales.shopee_new_id ................... [MERGE 0 in 0.37s]
[2025-05-21T21:38:40.842+0000] {logging_mixin.py:190} INFO - 21:38:40  1 of 12 OK created sql incremental model sales.mercadolivre_orders_results ..... [MERGE 255 in 0.38s]
[2025-05-21T21:38:40.848+0000] {logging_mixin.py:190} INFO - 21:38:40  3 of 12 START sql incremental model sales.shopee_orders_results ................ [RUN]
[2025-05-21T21:38:40.855+0000] {logging_mixin.py:190} INFO - 21:38:40  4 of 12 START sql incremental model sales.dim_mercadolivre_buyer ............... [RUN]
[2025-05-21T21:38:40.857+0000] {logging_mixin.py:190} INFO - 21:38:40  5 of 12 START sql incremental model sales.dim_mercadolivre_date ................ [RUN]
[2025-05-21T21:38:40.860+0000] {logging_mixin.py:190} INFO - 21:38:40  6 of 12 START sql incremental model sales.dim_mercadolivre_orders_status ....... [RUN]
[2025-05-21T21:38:41.047+0000] {logging_mixin.py:190} INFO - 21:38:41  6 of 12 ERROR creating sql incremental model sales.dim_mercadolivre_orders_status  [ERROR in 0.16s]
[2025-05-21T21:38:41.078+0000] {logging_mixin.py:190} INFO - 21:38:41  7 of 12 START sql incremental model sales.dim_mercadolivre_product ............. [RUN]
[2025-05-21T21:38:41.176+0000] {logging_mixin.py:190} INFO - 21:38:41  3 of 12 OK created sql incremental model sales.shopee_orders_results ........... [MERGE 0 in 0.32s]
[2025-05-21T21:38:41.195+0000] {logging_mixin.py:190} INFO - 21:38:41  4 of 12 OK created sql incremental model sales.dim_mercadolivre_buyer .......... [MERGE 252 in 0.32s]
[2025-05-21T21:38:41.200+0000] {logging_mixin.py:190} INFO - 21:38:41  5 of 12 OK created sql incremental model sales.dim_mercadolivre_date ........... [MERGE 272 in 0.33s]
[2025-05-21T21:38:41.202+0000] {logging_mixin.py:190} INFO - 21:38:41  8 of 12 START sql incremental model sales.mercadolivre_profits ................. [RUN]
[2025-05-21T21:38:41.213+0000] {logging_mixin.py:190} INFO - 21:38:41  9 of 12 START sql incremental model sales.dim_shopee_buyer_id .................. [RUN]
[2025-05-21T21:38:41.217+0000] {logging_mixin.py:190} INFO - 21:38:41  10 of 12 START sql incremental model sales.dim_shopee_date ..................... [RUN]
[2025-05-21T21:38:41.402+0000] {logging_mixin.py:190} INFO - 21:38:41  7 of 12 OK created sql incremental model sales.dim_mercadolivre_product ........ [MERGE 250 in 0.30s]
[2025-05-21T21:38:41.420+0000] {logging_mixin.py:190} INFO - 21:38:41  11 of 12 START sql incremental model sales.dim_shopee_orders_status ............ [RUN]
[2025-05-21T21:38:41.484+0000] {logging_mixin.py:190} INFO - 21:38:41  10 of 12 OK created sql incremental model sales.dim_shopee_date ................ [MERGE 0 in 0.25s]
[2025-05-21T21:38:41.497+0000] {logging_mixin.py:190} INFO - 21:38:41  9 of 12 OK created sql incremental model sales.dim_shopee_buyer_id ............. [MERGE 0 in 0.26s]
[2025-05-21T21:38:41.499+0000] {logging_mixin.py:190} INFO - 21:38:41  8 of 12 OK created sql incremental model sales.mercadolivre_profits ............ [MERGE 250 in 0.28s]
[2025-05-21T21:38:41.504+0000] {logging_mixin.py:190} INFO - 21:38:41  12 of 12 START sql incremental model sales.dim_shopee_product .................. [RUN]
[2025-05-21T21:38:41.594+0000] {logging_mixin.py:190} INFO - 21:38:41  11 of 12 OK created sql incremental model sales.dim_shopee_orders_status ....... [MERGE 0 in 0.16s]
[2025-05-21T21:38:41.631+0000] {logging_mixin.py:190} INFO - 21:38:41  12 of 12 OK created sql incremental model sales.dim_shopee_product ............. [MERGE 0 in 0.12s]
[2025-05-21T21:38:41.655+0000] {logging_mixin.py:190} INFO - 21:38:41
[2025-05-21T21:38:41.656+0000] {logging_mixin.py:190} INFO - 21:38:41  Finished running 12 incremental models in 0 hours 0 minutes and 1.35 seconds (1.35s).
[2025-05-21T21:38:41.732+0000] {logging_mixin.py:190} INFO - 21:38:41
[2025-05-21T21:38:41.734+0000] {logging_mixin.py:190} INFO - 21:38:41  Completed with 1 error, 0 partial successes, and 0 warnings:
[2025-05-21T21:38:41.736+0000] {logging_mixin.py:190} INFO - 21:38:41
[2025-05-21T21:38:41.737+0000] {logging_mixin.py:190} INFO - 21:38:41    Database Error in model dim_mercadolivre_orders_status (models/core/dim_mercadolivre_orders_status.sql)
  column stg_mercadolivre.shipping_id does not exist
  LINE 17:            stg_mercadolivre.shipping_id,
                      ^
  HINT:  Perhaps you meant to reference the column "stg_mercadolivre.shipping__id".
  compiled code at target/run/e_commerce_sales/models/core/dim_mercadolivre_orders_status.sql
[2025-05-21T21:38:41.740+0000] {logging_mixin.py:190} INFO - 21:38:41
[2025-05-21T21:38:41.742+0000] {logging_mixin.py:190} INFO - 21:38:41  Done. PASS=11 WARN=0 ERROR=1 SKIP=0 TOTAL=12
[2025-05-21T21:38:42.629+0000] {logging_mixin.py:190} INFO - dbt run failed!
[2025-05-21T21:38:42.630+0000] {logging_mixin.py:190} INFO - None
[2025-05-21T21:38:42.631+0000] {taskinstance.py:3311} ERROR - Task failed with exception
Traceback (most recent call last):
  File "/home/airflow/.local/lib/python3.9/site-packages/airflow/models/taskinstance.py", line 767, in _execute_task
    result = _execute_callable(context=context, **execute_callable_kwargs)
  File "/home/airflow/.local/lib/python3.9/site-packages/airflow/models/taskinstance.py", line 733, in _execute_callable
    return ExecutionCallableRunner(
  File "/home/airflow/.local/lib/python3.9/site-packages/airflow/utils/operator_helpers.py", line 252, in run
    return self.func(*args, **kwargs)
  File "/home/airflow/.local/lib/python3.9/site-packages/airflow/models/baseoperator.py", line 422, in wrapper
    return func(self, *args, **kwargs)
  File "/home/airflow/.local/lib/python3.9/site-packages/airflow/operators/python.py", line 238, in execute
    return_value = self.execute_callable()
  File "/home/airflow/.local/lib/python3.9/site-packages/airflow/operators/python.py", line 256, in execute_callable
    return runner.run(*self.op_args, **self.op_kwargs)
  File "/home/airflow/.local/lib/python3.9/site-packages/airflow/utils/operator_helpers.py", line 252, in run
    return self.func(*args, **kwargs)
  File "/opt/airflow/dbt/run_dbt.py", line 22, in transform_data
    raise RuntimeError("dbt run failed")
RuntimeError: dbt run failed
[2025-05-21T21:38:42.642+0000] {taskinstance.py:1225} INFO - Marking task as FAILED. dag_id=04_transform_data, task_id=run_dbt, run_id=manual__2025-05-21T21:38:35.016657+00:00, execution_date=20250521T213835, start_date=20250521T213836, end_date=20250521T213842
[2025-05-21T21:38:42.654+0000] {taskinstance.py:340} INFO - ::group::Post task execution logs
[2025-05-21T21:38:42.655+0000] {standard_task_runner.py:124} ERROR - Failed to execute job 142 for task run_dbt (dbt run failed; 6197)
Traceback (most recent call last):
  File "/home/airflow/.local/lib/python3.9/site-packages/airflow/task/task_runner/standard_task_runner.py", line 117, in _start_by_fork
    ret = args.func(args, dag=self.dag)
  File "/home/airflow/.local/lib/python3.9/site-packages/airflow/cli/cli_config.py", line 49, in command
    return func(*args, **kwargs)
  File "/home/airflow/.local/lib/python3.9/site-packages/airflow/utils/cli.py", line 116, in wrapper
    return f(*args, **kwargs)
  File "/home/airflow/.local/lib/python3.9/site-packages/airflow/cli/commands/task_command.py", line 483, in task_run
    task_return_code = _run_task_by_selected_method(args, _dag, ti)
  File "/home/airflow/.local/lib/python3.9/site-packages/airflow/cli/commands/task_command.py", line 256, in _run_task_by_selected_method
    return _run_raw_task(args, ti)
  File "/home/airflow/.local/lib/python3.9/site-packages/airflow/cli/commands/task_command.py", line 341, in _run_raw_task
    return ti._run_raw_task(
  File "/home/airflow/.local/lib/python3.9/site-packages/airflow/utils/session.py", line 97, in wrapper
    return func(*args, session=session, **kwargs)
  File "/home/airflow/.local/lib/python3.9/site-packages/airflow/models/taskinstance.py", line 3005, in _run_raw_task
    return _run_raw_task(
  File "/home/airflow/.local/lib/python3.9/site-packages/airflow/models/taskinstance.py", line 273, in _run_raw_task
    TaskInstance._execute_task_with_callbacks(
  File "/home/airflow/.local/lib/python3.9/site-packages/airflow/models/taskinstance.py", line 3159, in _execute_task_with_callbacks
    result = self._execute_task(context, task_orig)
  File "/home/airflow/.local/lib/python3.9/site-packages/airflow/models/taskinstance.py", line 3183, in _execute_task
    return _execute_task(self, context, task_orig)
  File "/home/airflow/.local/lib/python3.9/site-packages/airflow/models/taskinstance.py", line 767, in _execute_task
    result = _execute_callable(context=context, **execute_callable_kwargs)
  File "/home/airflow/.local/lib/python3.9/site-packages/airflow/models/taskinstance.py", line 733, in _execute_callable
    return ExecutionCallableRunner(
  File "/home/airflow/.local/lib/python3.9/site-packages/airflow/utils/operator_helpers.py", line 252, in run
    return self.func(*args, **kwargs)
  File "/home/airflow/.local/lib/python3.9/site-packages/airflow/models/baseoperator.py", line 422, in wrapper
    return func(self, *args, **kwargs)
  File "/home/airflow/.local/lib/python3.9/site-packages/airflow/operators/python.py", line 238, in execute
    return_value = self.execute_callable()
  File "/home/airflow/.local/lib/python3.9/site-packages/airflow/operators/python.py", line 256, in execute_callable
    return runner.run(*self.op_args, **self.op_kwargs)
  File "/home/airflow/.local/lib/python3.9/site-packages/airflow/utils/operator_helpers.py", line 252, in run
    return self.func(*args, **kwargs)
  File "/opt/airflow/dbt/run_dbt.py", line 22, in transform_data
    raise RuntimeError("dbt run failed")
RuntimeError: dbt run failed
[2025-05-21T21:38:42.697+0000] {local_task_job_runner.py:266} INFO - Task exited with return code 1
[2025-05-21T21:38:42.714+0000] {taskinstance.py:3895} INFO - 0 downstream tasks scheduled from follow-on schedule check
[2025-05-21T21:38:42.717+0000] {local_task_job_runner.py:245} INFO - ::endgroup::
