[2025-06-05T17:18:54.159+0000] {local_task_job_runner.py:123} INFO - ::group::Pre task execution logs
[2025-06-05T17:18:54.177+0000] {taskinstance.py:2613} INFO - Dependencies all met for dep_context=non-requeueable deps ti=<TaskInstance: 04_transform_data.run_dbt manual__2025-06-05T17:18:44.893514+00:00 [queued]>
[2025-06-05T17:18:54.186+0000] {taskinstance.py:2613} INFO - Dependencies all met for dep_context=requeueable deps ti=<TaskInstance: 04_transform_data.run_dbt manual__2025-06-05T17:18:44.893514+00:00 [queued]>
[2025-06-05T17:18:54.187+0000] {taskinstance.py:2866} INFO - Starting attempt 1 of 1
[2025-06-05T17:18:54.199+0000] {taskinstance.py:2889} INFO - Executing <Task(PythonOperator): run_dbt> on 2025-06-05 17:18:44.893514+00:00
[2025-06-05T17:18:54.204+0000] {standard_task_runner.py:72} INFO - Started process 99 to run task
[2025-06-05T17:18:54.206+0000] {standard_task_runner.py:104} INFO - Running: ['***', 'tasks', 'run', '04_transform_data', 'run_dbt', 'manual__2025-06-05T17:18:44.893514+00:00', '--job-id', '321', '--raw', '--subdir', 'DAGS_FOLDER/04_transform_data.py', '--cfg-path', '/tmp/tmpvu4qc4mz']
[2025-06-05T17:18:54.209+0000] {standard_task_runner.py:105} INFO - Job 321: Subtask run_dbt
[2025-06-05T17:18:54.260+0000] {task_command.py:467} INFO - Running <TaskInstance: 04_transform_data.run_dbt manual__2025-06-05T17:18:44.893514+00:00 [running]> on host 28e6a58e4107
[2025-06-05T17:18:54.342+0000] {taskinstance.py:3132} INFO - Exporting env vars: AIRFLOW_CTX_DAG_OWNER='***' AIRFLOW_CTX_DAG_ID='04_transform_data' AIRFLOW_CTX_TASK_ID='run_dbt' AIRFLOW_CTX_EXECUTION_DATE='2025-06-05T17:18:44.893514+00:00' AIRFLOW_CTX_TRY_NUMBER='1' AIRFLOW_CTX_DAG_RUN_ID='manual__2025-06-05T17:18:44.893514+00:00'
[2025-06-05T17:18:54.344+0000] {taskinstance.py:731} INFO - ::endgroup::
[2025-06-05T17:18:56.078+0000] {logging_mixin.py:190} INFO - 17:18:56  Running with dbt=1.9.5
[2025-06-05T17:18:56.498+0000] {logging_mixin.py:190} INFO - 17:18:56  Registered adapter: postgres=1.9.0
[2025-06-05T17:18:57.834+0000] {logging_mixin.py:190} INFO - 17:18:57  [WARNING]: Configuration paths exist in your dbt_project.yml file which do not apply to any resources.
There are 1 unused configuration paths:
- models.e_commerce_sales.example
[2025-06-05T17:18:58.208+0000] {logging_mixin.py:190} INFO - 17:18:58  Found 11 models, 12 sources, 549 macros, 1 unit test
[2025-06-05T17:18:58.213+0000] {logging_mixin.py:190} INFO - 17:18:58
[2025-06-05T17:18:58.214+0000] {logging_mixin.py:190} INFO - 17:18:58  Concurrency: 4 threads (target='dev')
[2025-06-05T17:18:58.216+0000] {logging_mixin.py:190} INFO - 17:18:58
[2025-06-05T17:18:58.351+0000] {logging_mixin.py:190} INFO - 17:18:58  1 of 11 START sql incremental model sales.mercadolivre_orders_results .......... [RUN]
[2025-06-05T17:18:58.353+0000] {logging_mixin.py:190} INFO - 17:18:58  2 of 11 START sql incremental model sales.shopee_new_id ........................ [RUN]
[2025-06-05T17:18:58.740+0000] {logging_mixin.py:190} INFO - 17:18:58  2 of 11 OK created sql incremental model sales.shopee_new_id ................... [MERGE 0 in 0.38s]
[2025-06-05T17:18:58.742+0000] {logging_mixin.py:190} INFO - 17:18:58  1 of 11 OK created sql incremental model sales.mercadolivre_orders_results ..... [MERGE 190 in 0.38s]
[2025-06-05T17:18:58.747+0000] {logging_mixin.py:190} INFO - 17:18:58  3 of 11 START sql incremental model sales.shopee_orders_results ................ [RUN]
[2025-06-05T17:18:58.753+0000] {logging_mixin.py:190} INFO - 17:18:58  4 of 11 START sql incremental model sales.dim_mercadolivre_buyer ............... [RUN]
[2025-06-05T17:18:58.755+0000] {logging_mixin.py:190} INFO - 17:18:58  5 of 11 START sql incremental model sales.dim_mercadolivre_date ................ [RUN]
[2025-06-05T17:18:58.757+0000] {logging_mixin.py:190} INFO - 17:18:58  6 of 11 START sql incremental model sales.dim_mercadolivre_orders_status ....... [RUN]
[2025-06-05T17:18:59.041+0000] {logging_mixin.py:190} INFO - 17:18:59  3 of 11 OK created sql incremental model sales.shopee_orders_results ........... [MERGE 0 in 0.28s]
[2025-06-05T17:18:59.048+0000] {logging_mixin.py:190} INFO - 17:18:59  6 of 11 OK created sql incremental model sales.dim_mercadolivre_orders_status .. [MERGE 190 in 0.27s]
[2025-06-05T17:18:59.057+0000] {logging_mixin.py:190} INFO - 17:18:59  7 of 11 START sql incremental model sales.dim_mercadolivre_product ............. [RUN]
[2025-06-05T17:18:59.060+0000] {logging_mixin.py:190} INFO - 17:18:59  4 of 11 OK created sql incremental model sales.dim_mercadolivre_buyer .......... [MERGE 188 in 0.30s]
[2025-06-05T17:18:59.064+0000] {logging_mixin.py:190} INFO - 17:18:59  5 of 11 OK created sql incremental model sales.dim_mercadolivre_date ........... [MERGE 190 in 0.30s]
[2025-06-05T17:18:59.065+0000] {logging_mixin.py:190} INFO - 17:18:59  8 of 11 START sql incremental model sales.dim_shopee_buyer ..................... [RUN]
[2025-06-05T17:18:59.086+0000] {logging_mixin.py:190} INFO - 17:18:59  9 of 11 START sql incremental model sales.dim_shopee_date ...................... [RUN]
[2025-06-05T17:18:59.089+0000] {logging_mixin.py:190} INFO - 17:18:59  10 of 11 START sql incremental model sales.dim_shopee_orders_status ............ [RUN]
[2025-06-05T17:18:59.331+0000] {logging_mixin.py:190} INFO - 17:18:59  8 of 11 OK created sql incremental model sales.dim_shopee_buyer ................ [MERGE 0 in 0.25s]
[2025-06-05T17:18:59.351+0000] {logging_mixin.py:190} INFO - 17:18:59  11 of 11 START sql incremental model sales.dim_shopee_product .................. [RUN]
[2025-06-05T17:18:59.356+0000] {logging_mixin.py:190} INFO - 17:18:59  7 of 11 ERROR creating sql incremental model sales.dim_mercadolivre_product .... [ERROR in 0.29s]
[2025-06-05T17:18:59.366+0000] {logging_mixin.py:190} INFO - 17:18:59  9 of 11 OK created sql incremental model sales.dim_shopee_date ................. [MERGE 0 in 0.26s]
[2025-06-05T17:18:59.383+0000] {logging_mixin.py:190} INFO - 17:18:59  10 of 11 OK created sql incremental model sales.dim_shopee_orders_status ....... [MERGE 0 in 0.28s]
[2025-06-05T17:18:59.473+0000] {logging_mixin.py:190} INFO - 17:18:59  11 of 11 OK created sql incremental model sales.dim_shopee_product ............. [MERGE 0 in 0.11s]
[2025-06-05T17:18:59.500+0000] {logging_mixin.py:190} INFO - 17:18:59
[2025-06-05T17:18:59.502+0000] {logging_mixin.py:190} INFO - 17:18:59  Finished running 11 incremental models in 0 hours 0 minutes and 1.28 seconds (1.28s).
[2025-06-05T17:18:59.586+0000] {logging_mixin.py:190} INFO - 17:18:59
[2025-06-05T17:18:59.587+0000] {logging_mixin.py:190} INFO - 17:18:59  Completed with 1 error, 0 partial successes, and 0 warnings:
[2025-06-05T17:18:59.589+0000] {logging_mixin.py:190} INFO - 17:18:59
[2025-06-05T17:18:59.591+0000] {logging_mixin.py:190} INFO - 17:18:59    Database Error in model dim_mercadolivre_product (models/core/dim_mercadolivre_product.sql)
  MERGE command cannot affect row a second time
  HINT:  Ensure that not more than one source row matches any one target row.
  compiled code at target/run/e_commerce_sales/models/core/dim_mercadolivre_product.sql
[2025-06-05T17:18:59.593+0000] {logging_mixin.py:190} INFO - 17:18:59
[2025-06-05T17:18:59.594+0000] {logging_mixin.py:190} INFO - 17:18:59  Done. PASS=10 WARN=0 ERROR=1 SKIP=0 TOTAL=11
[2025-06-05T17:19:00.441+0000] {logging_mixin.py:190} INFO - dbt run failed!
[2025-06-05T17:19:00.442+0000] {logging_mixin.py:190} INFO - None
[2025-06-05T17:19:00.443+0000] {taskinstance.py:3311} ERROR - Task failed with exception
Traceback (most recent call last):
  File "/home/airflow/.local/lib/python3.9/site-packages/airflow/models/taskinstance.py", line 767, in _execute_task
    result = _execute_callable(context=context, **execute_callable_kwargs)
  File "/home/airflow/.local/lib/python3.9/site-packages/airflow/models/taskinstance.py", line 733, in _execute_callable
    return ExecutionCallableRunner(
  File "/home/airflow/.local/lib/python3.9/site-packages/airflow/utils/operator_helpers.py", line 252, in run
    return self.func(*args, **kwargs)
  File "/home/airflow/.local/lib/python3.9/site-packages/airflow/models/baseoperator.py", line 422, in wrapper
    return func(self, *args, **kwargs)
  File "/home/airflow/.local/lib/python3.9/site-packages/airflow/operators/python.py", line 238, in execute
    return_value = self.execute_callable()
  File "/home/airflow/.local/lib/python3.9/site-packages/airflow/operators/python.py", line 256, in execute_callable
    return runner.run(*self.op_args, **self.op_kwargs)
  File "/home/airflow/.local/lib/python3.9/site-packages/airflow/utils/operator_helpers.py", line 252, in run
    return self.func(*args, **kwargs)
  File "/opt/airflow/dbt_files/run_dbt.py", line 22, in transform_data
    raise RuntimeError("dbt run failed")
RuntimeError: dbt run failed
[2025-06-05T17:19:00.454+0000] {taskinstance.py:1225} INFO - Marking task as FAILED. dag_id=04_transform_data, task_id=run_dbt, run_id=manual__2025-06-05T17:18:44.893514+00:00, execution_date=20250605T171844, start_date=20250605T171854, end_date=20250605T171900
[2025-06-05T17:19:00.465+0000] {taskinstance.py:340} INFO - ::group::Post task execution logs
[2025-06-05T17:19:00.466+0000] {standard_task_runner.py:124} ERROR - Failed to execute job 321 for task run_dbt (dbt run failed; 99)
Traceback (most recent call last):
  File "/home/airflow/.local/lib/python3.9/site-packages/airflow/task/task_runner/standard_task_runner.py", line 117, in _start_by_fork
    ret = args.func(args, dag=self.dag)
  File "/home/airflow/.local/lib/python3.9/site-packages/airflow/cli/cli_config.py", line 49, in command
    return func(*args, **kwargs)
  File "/home/airflow/.local/lib/python3.9/site-packages/airflow/utils/cli.py", line 116, in wrapper
    return f(*args, **kwargs)
  File "/home/airflow/.local/lib/python3.9/site-packages/airflow/cli/commands/task_command.py", line 483, in task_run
    task_return_code = _run_task_by_selected_method(args, _dag, ti)
  File "/home/airflow/.local/lib/python3.9/site-packages/airflow/cli/commands/task_command.py", line 256, in _run_task_by_selected_method
    return _run_raw_task(args, ti)
  File "/home/airflow/.local/lib/python3.9/site-packages/airflow/cli/commands/task_command.py", line 341, in _run_raw_task
    return ti._run_raw_task(
  File "/home/airflow/.local/lib/python3.9/site-packages/airflow/utils/session.py", line 97, in wrapper
    return func(*args, session=session, **kwargs)
  File "/home/airflow/.local/lib/python3.9/site-packages/airflow/models/taskinstance.py", line 3005, in _run_raw_task
    return _run_raw_task(
  File "/home/airflow/.local/lib/python3.9/site-packages/airflow/models/taskinstance.py", line 273, in _run_raw_task
    TaskInstance._execute_task_with_callbacks(
  File "/home/airflow/.local/lib/python3.9/site-packages/airflow/models/taskinstance.py", line 3159, in _execute_task_with_callbacks
    result = self._execute_task(context, task_orig)
  File "/home/airflow/.local/lib/python3.9/site-packages/airflow/models/taskinstance.py", line 3183, in _execute_task
    return _execute_task(self, context, task_orig)
  File "/home/airflow/.local/lib/python3.9/site-packages/airflow/models/taskinstance.py", line 767, in _execute_task
    result = _execute_callable(context=context, **execute_callable_kwargs)
  File "/home/airflow/.local/lib/python3.9/site-packages/airflow/models/taskinstance.py", line 733, in _execute_callable
    return ExecutionCallableRunner(
  File "/home/airflow/.local/lib/python3.9/site-packages/airflow/utils/operator_helpers.py", line 252, in run
    return self.func(*args, **kwargs)
  File "/home/airflow/.local/lib/python3.9/site-packages/airflow/models/baseoperator.py", line 422, in wrapper
    return func(self, *args, **kwargs)
  File "/home/airflow/.local/lib/python3.9/site-packages/airflow/operators/python.py", line 238, in execute
    return_value = self.execute_callable()
  File "/home/airflow/.local/lib/python3.9/site-packages/airflow/operators/python.py", line 256, in execute_callable
    return runner.run(*self.op_args, **self.op_kwargs)
  File "/home/airflow/.local/lib/python3.9/site-packages/airflow/utils/operator_helpers.py", line 252, in run
    return self.func(*args, **kwargs)
  File "/opt/airflow/dbt_files/run_dbt.py", line 22, in transform_data
    raise RuntimeError("dbt run failed")
RuntimeError: dbt run failed
[2025-06-05T17:19:00.485+0000] {local_task_job_runner.py:266} INFO - Task exited with return code 1
[2025-06-05T17:19:00.503+0000] {taskinstance.py:3895} INFO - 0 downstream tasks scheduled from follow-on schedule check
[2025-06-05T17:19:00.505+0000] {local_task_job_runner.py:245} INFO - ::endgroup::
