[2025-05-28T18:00:57.872+0000] {local_task_job_runner.py:123} INFO - ::group::Pre task execution logs
[2025-05-28T18:00:57.890+0000] {taskinstance.py:2613} INFO - Dependencies all met for dep_context=non-requeueable deps ti=<TaskInstance: 04_transform_data.run_dbt manual__2025-05-28T18:00:48.955178+00:00 [queued]>
[2025-05-28T18:00:57.899+0000] {taskinstance.py:2613} INFO - Dependencies all met for dep_context=requeueable deps ti=<TaskInstance: 04_transform_data.run_dbt manual__2025-05-28T18:00:48.955178+00:00 [queued]>
[2025-05-28T18:00:57.900+0000] {taskinstance.py:2866} INFO - Starting attempt 1 of 1
[2025-05-28T18:00:57.913+0000] {taskinstance.py:2889} INFO - Executing <Task(PythonOperator): run_dbt> on 2025-05-28 18:00:48.955178+00:00
[2025-05-28T18:00:57.918+0000] {standard_task_runner.py:72} INFO - Started process 177 to run task
[2025-05-28T18:00:57.921+0000] {standard_task_runner.py:104} INFO - Running: ['***', 'tasks', 'run', '04_transform_data', 'run_dbt', 'manual__2025-05-28T18:00:48.955178+00:00', '--job-id', '251', '--raw', '--subdir', 'DAGS_FOLDER/04_transform_data.py', '--cfg-path', '/tmp/tmpa1cu5y_q']
[2025-05-28T18:00:57.923+0000] {standard_task_runner.py:105} INFO - Job 251: Subtask run_dbt
[2025-05-28T18:00:57.977+0000] {task_command.py:467} INFO - Running <TaskInstance: 04_transform_data.run_dbt manual__2025-05-28T18:00:48.955178+00:00 [running]> on host 950204866fda
[2025-05-28T18:00:58.063+0000] {taskinstance.py:3132} INFO - Exporting env vars: AIRFLOW_CTX_DAG_OWNER='***' AIRFLOW_CTX_DAG_ID='04_transform_data' AIRFLOW_CTX_TASK_ID='run_dbt' AIRFLOW_CTX_EXECUTION_DATE='2025-05-28T18:00:48.955178+00:00' AIRFLOW_CTX_TRY_NUMBER='1' AIRFLOW_CTX_DAG_RUN_ID='manual__2025-05-28T18:00:48.955178+00:00'
[2025-05-28T18:00:58.065+0000] {taskinstance.py:731} INFO - ::endgroup::
[2025-05-28T18:00:59.734+0000] {logging_mixin.py:190} INFO - 18:00:59  Running with dbt=1.9.4
[2025-05-28T18:01:00.102+0000] {logging_mixin.py:190} INFO - 18:01:00  Registered adapter: postgres=1.9.0
[2025-05-28T18:01:01.380+0000] {logging_mixin.py:190} INFO - 18:01:01  [WARNING]: Configuration paths exist in your dbt_project.yml file which do not apply to any resources.
There are 1 unused configuration paths:
- models.e_commerce_sales.example
[2025-05-28T18:01:01.751+0000] {logging_mixin.py:190} INFO - 18:01:01  Found 14 models, 12 sources, 549 macros, 1 unit test
[2025-05-28T18:01:01.756+0000] {logging_mixin.py:190} INFO - 18:01:01
[2025-05-28T18:01:01.757+0000] {logging_mixin.py:190} INFO - 18:01:01  Concurrency: 4 threads (target='dev')
[2025-05-28T18:01:01.759+0000] {logging_mixin.py:190} INFO - 18:01:01
[2025-05-28T18:01:01.906+0000] {logging_mixin.py:190} INFO - 18:01:01  1 of 14 START sql table model sales.kit_components ............................. [RUN]
[2025-05-28T18:01:01.908+0000] {logging_mixin.py:190} INFO - 18:01:01  2 of 14 START sql incremental model sales.mercadolivre_orders_results .......... [RUN]
[2025-05-28T18:01:01.910+0000] {logging_mixin.py:190} INFO - 18:01:01  3 of 14 START sql table model sales.product_sku_cost ........................... [RUN]
[2025-05-28T18:01:01.913+0000] {logging_mixin.py:190} INFO - 18:01:01  4 of 14 START sql table model sales.stg_shopee ................................. [RUN]
[2025-05-28T18:01:02.381+0000] {logging_mixin.py:190} INFO - 18:01:02  1 of 14 OK created sql table model sales.kit_components ........................ [SELECT 1225 in 0.46s]
[2025-05-28T18:01:02.383+0000] {logging_mixin.py:190} INFO - 18:01:02  3 of 14 OK created sql table model sales.product_sku_cost ...................... [SELECT 403 in 0.46s]
[2025-05-28T18:01:02.385+0000] {logging_mixin.py:190} INFO - 18:01:02  4 of 14 OK created sql table model sales.stg_shopee ............................ [SELECT 2875 in 0.46s]
[2025-05-28T18:01:02.396+0000] {logging_mixin.py:190} INFO - 18:01:02  5 of 14 START sql incremental model sales.shopee_new_id ........................ [RUN]
[2025-05-28T18:01:02.419+0000] {logging_mixin.py:190} INFO - 18:01:02  2 of 14 OK created sql incremental model sales.mercadolivre_orders_results ..... [MERGE 190 in 0.50s]
[2025-05-28T18:01:02.433+0000] {logging_mixin.py:190} INFO - 18:01:02  6 of 14 START sql incremental model sales.dim_mercadolivre_buyer ............... [RUN]
[2025-05-28T18:01:02.435+0000] {logging_mixin.py:190} INFO - 18:01:02  7 of 14 START sql incremental model sales.dim_mercadolivre_date ................ [RUN]
[2025-05-28T18:01:02.437+0000] {logging_mixin.py:190} INFO - 18:01:02  8 of 14 START sql incremental model sales.dim_mercadolivre_orders_status ....... [RUN]
[2025-05-28T18:01:02.622+0000] {logging_mixin.py:190} INFO - 18:01:02  5 of 14 OK created sql incremental model sales.shopee_new_id ................... [MERGE 0 in 0.22s]
[2025-05-28T18:01:02.646+0000] {logging_mixin.py:190} INFO - 18:01:02  9 of 14 START sql incremental model sales.dim_mercadolivre_product ............. [RUN]
[2025-05-28T18:01:02.742+0000] {logging_mixin.py:190} INFO - 18:01:02  6 of 14 OK created sql incremental model sales.dim_mercadolivre_buyer .......... [MERGE 188 in 0.29s]
[2025-05-28T18:01:02.744+0000] {logging_mixin.py:190} INFO - 18:01:02  8 of 14 OK created sql incremental model sales.dim_mercadolivre_orders_status .. [MERGE 190 in 0.29s]
[2025-05-28T18:01:02.746+0000] {logging_mixin.py:190} INFO - 18:01:02  7 of 14 OK created sql incremental model sales.dim_mercadolivre_date ........... [MERGE 190 in 0.30s]
[2025-05-28T18:01:02.756+0000] {logging_mixin.py:190} INFO - 18:01:02  10 of 14 START sql incremental model sales.shopee_orders_results ............... [RUN]
[2025-05-28T18:01:02.833+0000] {logging_mixin.py:190} INFO - 18:01:02  9 of 14 ERROR creating sql incremental model sales.dim_mercadolivre_product .... [ERROR in 0.17s]
[2025-05-28T18:01:02.896+0000] {logging_mixin.py:190} INFO - 18:01:02  10 of 14 OK created sql incremental model sales.shopee_orders_results .......... [MERGE 0 in 0.14s]
[2025-05-28T18:01:02.903+0000] {logging_mixin.py:190} INFO - 18:01:02  11 of 14 START sql incremental model sales.dim_shopee_buyer .................... [RUN]
[2025-05-28T18:01:02.905+0000] {logging_mixin.py:190} INFO - 18:01:02  12 of 14 START sql incremental model sales.dim_shopee_date ..................... [RUN]
[2025-05-28T18:01:02.906+0000] {logging_mixin.py:190} INFO - 18:01:02  13 of 14 START sql incremental model sales.dim_shopee_orders_status ............ [RUN]
[2025-05-28T18:01:02.908+0000] {logging_mixin.py:190} INFO - 18:01:02  14 of 14 START sql incremental model sales.dim_shopee_product .................. [RUN]
[2025-05-28T18:01:03.193+0000] {logging_mixin.py:190} INFO - 18:01:03  11 of 14 OK created sql incremental model sales.dim_shopee_buyer ............... [MERGE 0 in 0.28s]
[2025-05-28T18:01:03.201+0000] {logging_mixin.py:190} INFO - 18:01:03  12 of 14 OK created sql incremental model sales.dim_shopee_date ................ [MERGE 0 in 0.29s]
[2025-05-28T18:01:03.203+0000] {logging_mixin.py:190} INFO - 18:01:03  13 of 14 OK created sql incremental model sales.dim_shopee_orders_status ....... [MERGE 0 in 0.29s]
[2025-05-28T18:01:03.205+0000] {logging_mixin.py:190} INFO - 18:01:03  14 of 14 OK created sql incremental model sales.dim_shopee_product ............. [MERGE 0 in 0.29s]
[2025-05-28T18:01:03.232+0000] {logging_mixin.py:190} INFO - 18:01:03
[2025-05-28T18:01:03.234+0000] {logging_mixin.py:190} INFO - 18:01:03  Finished running 11 incremental models, 3 table models in 0 hours 0 minutes and 1.47 seconds (1.47s).
[2025-05-28T18:01:03.315+0000] {logging_mixin.py:190} INFO - 18:01:03
[2025-05-28T18:01:03.317+0000] {logging_mixin.py:190} INFO - 18:01:03  Completed with 1 error, 0 partial successes, and 0 warnings:
[2025-05-28T18:01:03.318+0000] {logging_mixin.py:190} INFO - 18:01:03
[2025-05-28T18:01:03.320+0000] {logging_mixin.py:190} INFO - 18:01:03    Database Error in model dim_mercadolivre_product (models/core/dim_mercadolivre_product.sql)
  MERGE command cannot affect row a second time
  HINT:  Ensure that not more than one source row matches any one target row.
  compiled code at target/run/e_commerce_sales/models/core/dim_mercadolivre_product.sql
[2025-05-28T18:01:03.322+0000] {logging_mixin.py:190} INFO - 18:01:03
[2025-05-28T18:01:03.324+0000] {logging_mixin.py:190} INFO - 18:01:03  Done. PASS=13 WARN=0 ERROR=1 SKIP=0 TOTAL=14
[2025-05-28T18:01:04.212+0000] {logging_mixin.py:190} INFO - dbt run failed!
[2025-05-28T18:01:04.214+0000] {logging_mixin.py:190} INFO - None
[2025-05-28T18:01:04.215+0000] {taskinstance.py:3311} ERROR - Task failed with exception
Traceback (most recent call last):
  File "/home/airflow/.local/lib/python3.9/site-packages/airflow/models/taskinstance.py", line 767, in _execute_task
    result = _execute_callable(context=context, **execute_callable_kwargs)
  File "/home/airflow/.local/lib/python3.9/site-packages/airflow/models/taskinstance.py", line 733, in _execute_callable
    return ExecutionCallableRunner(
  File "/home/airflow/.local/lib/python3.9/site-packages/airflow/utils/operator_helpers.py", line 252, in run
    return self.func(*args, **kwargs)
  File "/home/airflow/.local/lib/python3.9/site-packages/airflow/models/baseoperator.py", line 422, in wrapper
    return func(self, *args, **kwargs)
  File "/home/airflow/.local/lib/python3.9/site-packages/airflow/operators/python.py", line 238, in execute
    return_value = self.execute_callable()
  File "/home/airflow/.local/lib/python3.9/site-packages/airflow/operators/python.py", line 256, in execute_callable
    return runner.run(*self.op_args, **self.op_kwargs)
  File "/home/airflow/.local/lib/python3.9/site-packages/airflow/utils/operator_helpers.py", line 252, in run
    return self.func(*args, **kwargs)
  File "/opt/airflow/dbt_files/run_dbt.py", line 22, in transform_data
    raise RuntimeError("dbt run failed")
RuntimeError: dbt run failed
[2025-05-28T18:01:04.228+0000] {taskinstance.py:1225} INFO - Marking task as FAILED. dag_id=04_transform_data, task_id=run_dbt, run_id=manual__2025-05-28T18:00:48.955178+00:00, execution_date=20250528T180048, start_date=20250528T180057, end_date=20250528T180104
[2025-05-28T18:01:04.244+0000] {taskinstance.py:340} INFO - ::group::Post task execution logs
[2025-05-28T18:01:04.246+0000] {standard_task_runner.py:124} ERROR - Failed to execute job 251 for task run_dbt (dbt run failed; 177)
Traceback (most recent call last):
  File "/home/airflow/.local/lib/python3.9/site-packages/airflow/task/task_runner/standard_task_runner.py", line 117, in _start_by_fork
    ret = args.func(args, dag=self.dag)
  File "/home/airflow/.local/lib/python3.9/site-packages/airflow/cli/cli_config.py", line 49, in command
    return func(*args, **kwargs)
  File "/home/airflow/.local/lib/python3.9/site-packages/airflow/utils/cli.py", line 116, in wrapper
    return f(*args, **kwargs)
  File "/home/airflow/.local/lib/python3.9/site-packages/airflow/cli/commands/task_command.py", line 483, in task_run
    task_return_code = _run_task_by_selected_method(args, _dag, ti)
  File "/home/airflow/.local/lib/python3.9/site-packages/airflow/cli/commands/task_command.py", line 256, in _run_task_by_selected_method
    return _run_raw_task(args, ti)
  File "/home/airflow/.local/lib/python3.9/site-packages/airflow/cli/commands/task_command.py", line 341, in _run_raw_task
    return ti._run_raw_task(
  File "/home/airflow/.local/lib/python3.9/site-packages/airflow/utils/session.py", line 97, in wrapper
    return func(*args, session=session, **kwargs)
  File "/home/airflow/.local/lib/python3.9/site-packages/airflow/models/taskinstance.py", line 3005, in _run_raw_task
    return _run_raw_task(
  File "/home/airflow/.local/lib/python3.9/site-packages/airflow/models/taskinstance.py", line 273, in _run_raw_task
    TaskInstance._execute_task_with_callbacks(
  File "/home/airflow/.local/lib/python3.9/site-packages/airflow/models/taskinstance.py", line 3159, in _execute_task_with_callbacks
    result = self._execute_task(context, task_orig)
  File "/home/airflow/.local/lib/python3.9/site-packages/airflow/models/taskinstance.py", line 3183, in _execute_task
    return _execute_task(self, context, task_orig)
  File "/home/airflow/.local/lib/python3.9/site-packages/airflow/models/taskinstance.py", line 767, in _execute_task
    result = _execute_callable(context=context, **execute_callable_kwargs)
  File "/home/airflow/.local/lib/python3.9/site-packages/airflow/models/taskinstance.py", line 733, in _execute_callable
    return ExecutionCallableRunner(
  File "/home/airflow/.local/lib/python3.9/site-packages/airflow/utils/operator_helpers.py", line 252, in run
    return self.func(*args, **kwargs)
  File "/home/airflow/.local/lib/python3.9/site-packages/airflow/models/baseoperator.py", line 422, in wrapper
    return func(self, *args, **kwargs)
  File "/home/airflow/.local/lib/python3.9/site-packages/airflow/operators/python.py", line 238, in execute
    return_value = self.execute_callable()
  File "/home/airflow/.local/lib/python3.9/site-packages/airflow/operators/python.py", line 256, in execute_callable
    return runner.run(*self.op_args, **self.op_kwargs)
  File "/home/airflow/.local/lib/python3.9/site-packages/airflow/utils/operator_helpers.py", line 252, in run
    return self.func(*args, **kwargs)
  File "/opt/airflow/dbt_files/run_dbt.py", line 22, in transform_data
    raise RuntimeError("dbt run failed")
RuntimeError: dbt run failed
[2025-05-28T18:01:04.280+0000] {local_task_job_runner.py:266} INFO - Task exited with return code 1
[2025-05-28T18:01:04.304+0000] {taskinstance.py:3895} INFO - 0 downstream tasks scheduled from follow-on schedule check
[2025-05-28T18:01:04.307+0000] {local_task_job_runner.py:245} INFO - ::endgroup::
