[2025-05-20T18:54:20.597+0000] {local_task_job_runner.py:123} INFO - ::group::Pre task execution logs
[2025-05-20T18:54:20.615+0000] {taskinstance.py:2613} INFO - Dependencies all met for dep_context=non-requeueable deps ti=<TaskInstance: 04_transform_data.run_dbt manual__2025-05-20T18:54:18.587404+00:00 [queued]>
[2025-05-20T18:54:20.625+0000] {taskinstance.py:2613} INFO - Dependencies all met for dep_context=requeueable deps ti=<TaskInstance: 04_transform_data.run_dbt manual__2025-05-20T18:54:18.587404+00:00 [queued]>
[2025-05-20T18:54:20.627+0000] {taskinstance.py:2866} INFO - Starting attempt 1 of 1
[2025-05-20T18:54:20.640+0000] {taskinstance.py:2889} INFO - Executing <Task(PythonOperator): run_dbt> on 2025-05-20 18:54:18.587404+00:00
[2025-05-20T18:54:20.645+0000] {standard_task_runner.py:72} INFO - Started process 3323 to run task
[2025-05-20T18:54:20.648+0000] {standard_task_runner.py:104} INFO - Running: ['***', 'tasks', 'run', '04_transform_data', 'run_dbt', 'manual__2025-05-20T18:54:18.587404+00:00', '--job-id', '40', '--raw', '--subdir', 'DAGS_FOLDER/04_transform_data.py', '--cfg-path', '/tmp/tmpckvh1w3t']
[2025-05-20T18:54:20.650+0000] {standard_task_runner.py:105} INFO - Job 40: Subtask run_dbt
[2025-05-20T18:54:20.705+0000] {task_command.py:467} INFO - Running <TaskInstance: 04_transform_data.run_dbt manual__2025-05-20T18:54:18.587404+00:00 [running]> on host e27e96d1841a
[2025-05-20T18:54:20.791+0000] {taskinstance.py:3132} INFO - Exporting env vars: AIRFLOW_CTX_DAG_OWNER='***' AIRFLOW_CTX_DAG_ID='04_transform_data' AIRFLOW_CTX_TASK_ID='run_dbt' AIRFLOW_CTX_EXECUTION_DATE='2025-05-20T18:54:18.587404+00:00' AIRFLOW_CTX_TRY_NUMBER='1' AIRFLOW_CTX_DAG_RUN_ID='manual__2025-05-20T18:54:18.587404+00:00'
[2025-05-20T18:54:20.792+0000] {taskinstance.py:731} INFO - ::endgroup::
[2025-05-20T18:54:22.454+0000] {logging_mixin.py:190} INFO - 18:54:22  Running with dbt=1.9.4
[2025-05-20T18:54:22.795+0000] {logging_mixin.py:190} INFO - 18:54:22  Registered adapter: postgres=1.9.0
[2025-05-20T18:54:23.917+0000] {logging_mixin.py:190} INFO - 18:54:23  [WARNING]: Configuration paths exist in your dbt_project.yml file which do not apply to any resources.
There are 1 unused configuration paths:
- models.e_commerce_sales.example
[2025-05-20T18:54:24.101+0000] {logging_mixin.py:190} INFO - 18:54:24  Found 6 models, 12 sources, 433 macros
[2025-05-20T18:54:24.106+0000] {logging_mixin.py:190} INFO - 18:54:24
[2025-05-20T18:54:24.108+0000] {logging_mixin.py:190} INFO - 18:54:24  Concurrency: 4 threads (target='dev')
[2025-05-20T18:54:24.110+0000] {logging_mixin.py:190} INFO - 18:54:24
[2025-05-20T18:54:24.260+0000] {logging_mixin.py:190} INFO - 18:54:24  1 of 6 START sql incremental model sales.mercadolivre_orders_results ........... [RUN]
[2025-05-20T18:54:24.262+0000] {logging_mixin.py:190} INFO - 18:54:24  2 of 6 START sql incremental model sales.shopee_new_id ......................... [RUN]
[2025-05-20T18:54:24.595+0000] {logging_mixin.py:190} INFO - 18:54:24  2 of 6 OK created sql incremental model sales.shopee_new_id .................... [MERGE 0 in 0.32s]
[2025-05-20T18:54:24.597+0000] {logging_mixin.py:190} INFO - 18:54:24  1 of 6 OK created sql incremental model sales.mercadolivre_orders_results ...... [MERGE 255 in 0.33s]
[2025-05-20T18:54:24.602+0000] {logging_mixin.py:190} INFO - 18:54:24  3 of 6 START sql incremental model sales.shopee_orders_results ................. [RUN]
[2025-05-20T18:54:24.606+0000] {logging_mixin.py:190} INFO - 18:54:24  4 of 6 START sql incremental model sales.mercadolivre_profits .................. [RUN]
[2025-05-20T18:54:24.688+0000] {logging_mixin.py:190} INFO - 18:54:24  3 of 6 ERROR creating sql incremental model sales.shopee_orders_results ........ [ERROR in 0.08s]
[2025-05-20T18:54:24.701+0000] {logging_mixin.py:190} INFO - 18:54:24  5 of 6 SKIP relation sales.dim_shopee_orders ................................... [SKIP]
[2025-05-20T18:54:24.703+0000] {logging_mixin.py:190} INFO - 18:54:24  6 of 6 SKIP relation sales.dim_shopee_product .................................. [SKIP]
[2025-05-20T18:54:24.740+0000] {logging_mixin.py:190} INFO - 18:54:24  4 of 6 OK created sql incremental model sales.mercadolivre_profits ............. [MERGE 250 in 0.12s]
[2025-05-20T18:54:24.762+0000] {logging_mixin.py:190} INFO - 18:54:24
[2025-05-20T18:54:24.764+0000] {logging_mixin.py:190} INFO - 18:54:24  Finished running 6 incremental models in 0 hours 0 minutes and 0.65 seconds (0.65s).
[2025-05-20T18:54:24.827+0000] {logging_mixin.py:190} INFO - 18:54:24
[2025-05-20T18:54:24.829+0000] {logging_mixin.py:190} INFO - 18:54:24  Completed with 1 error, 0 partial successes, and 0 warnings:
[2025-05-20T18:54:24.830+0000] {logging_mixin.py:190} INFO - 18:54:24
[2025-05-20T18:54:24.832+0000] {logging_mixin.py:190} INFO - 18:54:24    Database Error in model shopee_orders_results (models/core/shopee_orders_results.sql)
  missing FROM-clause entry for table "new_id"
  LINE 182:         WHERE new_id.main_id NOT IN (SELECT main_id FROM upd...
                          ^
  compiled code at target/run/e_commerce_sales/models/core/shopee_orders_results.sql
[2025-05-20T18:54:24.834+0000] {logging_mixin.py:190} INFO - 18:54:24
[2025-05-20T18:54:24.835+0000] {logging_mixin.py:190} INFO - 18:54:24  Done. PASS=3 WARN=0 ERROR=1 SKIP=2 TOTAL=6
[2025-05-20T18:54:25.548+0000] {logging_mixin.py:190} INFO - dbt run failed!
[2025-05-20T18:54:25.553+0000] {logging_mixin.py:190} INFO - None
[2025-05-20T18:54:25.556+0000] {taskinstance.py:3311} ERROR - Task failed with exception
Traceback (most recent call last):
  File "/home/airflow/.local/lib/python3.9/site-packages/airflow/models/taskinstance.py", line 767, in _execute_task
    result = _execute_callable(context=context, **execute_callable_kwargs)
  File "/home/airflow/.local/lib/python3.9/site-packages/airflow/models/taskinstance.py", line 733, in _execute_callable
    return ExecutionCallableRunner(
  File "/home/airflow/.local/lib/python3.9/site-packages/airflow/utils/operator_helpers.py", line 252, in run
    return self.func(*args, **kwargs)
  File "/home/airflow/.local/lib/python3.9/site-packages/airflow/models/baseoperator.py", line 422, in wrapper
    return func(self, *args, **kwargs)
  File "/home/airflow/.local/lib/python3.9/site-packages/airflow/operators/python.py", line 238, in execute
    return_value = self.execute_callable()
  File "/home/airflow/.local/lib/python3.9/site-packages/airflow/operators/python.py", line 256, in execute_callable
    return runner.run(*self.op_args, **self.op_kwargs)
  File "/home/airflow/.local/lib/python3.9/site-packages/airflow/utils/operator_helpers.py", line 252, in run
    return self.func(*args, **kwargs)
  File "/opt/airflow/dbt/run_dbt.py", line 22, in transform_data
    raise RuntimeError("dbt run failed")
RuntimeError: dbt run failed
[2025-05-20T18:54:25.569+0000] {taskinstance.py:1225} INFO - Marking task as FAILED. dag_id=04_transform_data, task_id=run_dbt, run_id=manual__2025-05-20T18:54:18.587404+00:00, execution_date=20250520T185418, start_date=20250520T185420, end_date=20250520T185425
[2025-05-20T18:54:25.583+0000] {taskinstance.py:340} INFO - ::group::Post task execution logs
[2025-05-20T18:54:25.584+0000] {standard_task_runner.py:124} ERROR - Failed to execute job 40 for task run_dbt (dbt run failed; 3323)
Traceback (most recent call last):
  File "/home/airflow/.local/lib/python3.9/site-packages/airflow/task/task_runner/standard_task_runner.py", line 117, in _start_by_fork
    ret = args.func(args, dag=self.dag)
  File "/home/airflow/.local/lib/python3.9/site-packages/airflow/cli/cli_config.py", line 49, in command
    return func(*args, **kwargs)
  File "/home/airflow/.local/lib/python3.9/site-packages/airflow/utils/cli.py", line 116, in wrapper
    return f(*args, **kwargs)
  File "/home/airflow/.local/lib/python3.9/site-packages/airflow/cli/commands/task_command.py", line 483, in task_run
    task_return_code = _run_task_by_selected_method(args, _dag, ti)
  File "/home/airflow/.local/lib/python3.9/site-packages/airflow/cli/commands/task_command.py", line 256, in _run_task_by_selected_method
    return _run_raw_task(args, ti)
  File "/home/airflow/.local/lib/python3.9/site-packages/airflow/cli/commands/task_command.py", line 341, in _run_raw_task
    return ti._run_raw_task(
  File "/home/airflow/.local/lib/python3.9/site-packages/airflow/utils/session.py", line 97, in wrapper
    return func(*args, session=session, **kwargs)
  File "/home/airflow/.local/lib/python3.9/site-packages/airflow/models/taskinstance.py", line 3005, in _run_raw_task
    return _run_raw_task(
  File "/home/airflow/.local/lib/python3.9/site-packages/airflow/models/taskinstance.py", line 273, in _run_raw_task
    TaskInstance._execute_task_with_callbacks(
  File "/home/airflow/.local/lib/python3.9/site-packages/airflow/models/taskinstance.py", line 3159, in _execute_task_with_callbacks
    result = self._execute_task(context, task_orig)
  File "/home/airflow/.local/lib/python3.9/site-packages/airflow/models/taskinstance.py", line 3183, in _execute_task
    return _execute_task(self, context, task_orig)
  File "/home/airflow/.local/lib/python3.9/site-packages/airflow/models/taskinstance.py", line 767, in _execute_task
    result = _execute_callable(context=context, **execute_callable_kwargs)
  File "/home/airflow/.local/lib/python3.9/site-packages/airflow/models/taskinstance.py", line 733, in _execute_callable
    return ExecutionCallableRunner(
  File "/home/airflow/.local/lib/python3.9/site-packages/airflow/utils/operator_helpers.py", line 252, in run
    return self.func(*args, **kwargs)
  File "/home/airflow/.local/lib/python3.9/site-packages/airflow/models/baseoperator.py", line 422, in wrapper
    return func(self, *args, **kwargs)
  File "/home/airflow/.local/lib/python3.9/site-packages/airflow/operators/python.py", line 238, in execute
    return_value = self.execute_callable()
  File "/home/airflow/.local/lib/python3.9/site-packages/airflow/operators/python.py", line 256, in execute_callable
    return runner.run(*self.op_args, **self.op_kwargs)
  File "/home/airflow/.local/lib/python3.9/site-packages/airflow/utils/operator_helpers.py", line 252, in run
    return self.func(*args, **kwargs)
  File "/opt/airflow/dbt/run_dbt.py", line 22, in transform_data
    raise RuntimeError("dbt run failed")
RuntimeError: dbt run failed
[2025-05-20T18:54:25.602+0000] {local_task_job_runner.py:266} INFO - Task exited with return code 1
[2025-05-20T18:54:25.621+0000] {taskinstance.py:3895} INFO - 0 downstream tasks scheduled from follow-on schedule check
[2025-05-20T18:54:25.624+0000] {local_task_job_runner.py:245} INFO - ::endgroup::
