[2025-05-21T17:53:49.375+0000] {local_task_job_runner.py:123} INFO - ::group::Pre task execution logs
[2025-05-21T17:53:49.396+0000] {taskinstance.py:2613} INFO - Dependencies all met for dep_context=non-requeueable deps ti=<TaskInstance: 04_transform_data.run_dbt manual__2025-05-21T17:53:46.963191+00:00 [queued]>
[2025-05-21T17:53:49.405+0000] {taskinstance.py:2613} INFO - Dependencies all met for dep_context=requeueable deps ti=<TaskInstance: 04_transform_data.run_dbt manual__2025-05-21T17:53:46.963191+00:00 [queued]>
[2025-05-21T17:53:49.408+0000] {taskinstance.py:2866} INFO - Starting attempt 1 of 1
[2025-05-21T17:53:49.422+0000] {taskinstance.py:2889} INFO - Executing <Task(PythonOperator): run_dbt> on 2025-05-21 17:53:46.963191+00:00
[2025-05-21T17:53:49.427+0000] {standard_task_runner.py:72} INFO - Started process 2760 to run task
[2025-05-21T17:53:49.431+0000] {standard_task_runner.py:104} INFO - Running: ['***', 'tasks', 'run', '04_transform_data', 'run_dbt', 'manual__2025-05-21T17:53:46.963191+00:00', '--job-id', '101', '--raw', '--subdir', 'DAGS_FOLDER/04_transform_data.py', '--cfg-path', '/tmp/tmpwsyjun1l']
[2025-05-21T17:53:49.434+0000] {standard_task_runner.py:105} INFO - Job 101: Subtask run_dbt
[2025-05-21T17:53:49.498+0000] {task_command.py:467} INFO - Running <TaskInstance: 04_transform_data.run_dbt manual__2025-05-21T17:53:46.963191+00:00 [running]> on host e27e96d1841a
[2025-05-21T17:53:49.591+0000] {taskinstance.py:3132} INFO - Exporting env vars: AIRFLOW_CTX_DAG_OWNER='***' AIRFLOW_CTX_DAG_ID='04_transform_data' AIRFLOW_CTX_TASK_ID='run_dbt' AIRFLOW_CTX_EXECUTION_DATE='2025-05-21T17:53:46.963191+00:00' AIRFLOW_CTX_TRY_NUMBER='1' AIRFLOW_CTX_DAG_RUN_ID='manual__2025-05-21T17:53:46.963191+00:00'
[2025-05-21T17:53:49.593+0000] {taskinstance.py:731} INFO - ::endgroup::
[2025-05-21T17:53:51.396+0000] {logging_mixin.py:190} INFO - 17:53:51  Running with dbt=1.9.4
[2025-05-21T17:53:51.757+0000] {logging_mixin.py:190} INFO - 17:53:51  Registered adapter: postgres=1.9.0
[2025-05-21T17:53:52.902+0000] {logging_mixin.py:190} INFO - 17:53:52  [WARNING]: Configuration paths exist in your dbt_project.yml file which do not apply to any resources.
There are 1 unused configuration paths:
- models.e_commerce_sales.example
[2025-05-21T17:53:53.063+0000] {logging_mixin.py:190} INFO - 17:53:53  Found 9 models, 12 sources, 433 macros
[2025-05-21T17:53:53.067+0000] {logging_mixin.py:190} INFO - 17:53:53
[2025-05-21T17:53:53.068+0000] {logging_mixin.py:190} INFO - 17:53:53  Concurrency: 4 threads (target='dev')
[2025-05-21T17:53:53.070+0000] {logging_mixin.py:190} INFO - 17:53:53
[2025-05-21T17:53:53.194+0000] {logging_mixin.py:190} INFO - 17:53:53  1 of 9 START sql incremental model sales.mercadolivre_orders_results ........... [RUN]
[2025-05-21T17:53:53.195+0000] {logging_mixin.py:190} INFO - 17:53:53  2 of 9 START sql incremental model sales.shopee_new_id ......................... [RUN]
[2025-05-21T17:53:53.537+0000] {logging_mixin.py:190} INFO - 17:53:53  2 of 9 OK created sql incremental model sales.shopee_new_id .................... [MERGE 0 in 0.33s]
[2025-05-21T17:53:53.540+0000] {logging_mixin.py:190} INFO - 17:53:53  1 of 9 OK created sql incremental model sales.mercadolivre_orders_results ...... [MERGE 255 in 0.34s]
[2025-05-21T17:53:53.546+0000] {logging_mixin.py:190} INFO - 17:53:53  3 of 9 START sql incremental model sales.shopee_orders_results ................. [RUN]
[2025-05-21T17:53:53.553+0000] {logging_mixin.py:190} INFO - 17:53:53  4 of 9 START sql incremental model sales.dim_mercadolivre_product .............. [RUN]
[2025-05-21T17:53:53.556+0000] {logging_mixin.py:190} INFO - 17:53:53  5 of 9 START sql incremental model sales.mercadolivre_profits .................. [RUN]
[2025-05-21T17:53:53.828+0000] {logging_mixin.py:190} INFO - 17:53:53  3 of 9 OK created sql incremental model sales.shopee_orders_results ............ [MERGE 0 in 0.27s]
[2025-05-21T17:53:53.835+0000] {logging_mixin.py:190} INFO - 17:53:53  4 of 9 OK created sql incremental model sales.dim_mercadolivre_product ......... [MERGE 250 in 0.27s]
[2025-05-21T17:53:53.837+0000] {logging_mixin.py:190} INFO - 17:53:53  5 of 9 OK created sql incremental model sales.mercadolivre_profits ............. [MERGE 250 in 0.25s]
[2025-05-21T17:53:53.842+0000] {logging_mixin.py:190} INFO - 17:53:53  6 of 9 START sql incremental model sales.dim_shopee_buyer_id ................... [RUN]
[2025-05-21T17:53:53.844+0000] {logging_mixin.py:190} INFO - 17:53:53  7 of 9 START sql incremental model sales.dim_shopee_date ....................... [RUN]
[2025-05-21T17:53:53.849+0000] {logging_mixin.py:190} INFO - 17:53:53  8 of 9 START sql incremental model sales.dim_shopee_orders_status .............. [RUN]
[2025-05-21T17:53:53.851+0000] {logging_mixin.py:190} INFO - 17:53:53  9 of 9 START sql incremental model sales.dim_shopee_product .................... [RUN]
[2025-05-21T17:53:54.017+0000] {logging_mixin.py:190} INFO - 17:53:54  7 of 9 ERROR creating sql incremental model sales.dim_shopee_date .............. [ERROR in 0.16s]
[2025-05-21T17:53:54.095+0000] {logging_mixin.py:190} INFO - 17:53:54  8 of 9 OK created sql incremental model sales.dim_shopee_orders_status ......... [MERGE 0 in 0.24s]
[2025-05-21T17:53:54.099+0000] {logging_mixin.py:190} INFO - 17:53:54  6 of 9 OK created sql incremental model sales.dim_shopee_buyer_id .............. [MERGE 0 in 0.25s]
[2025-05-21T17:53:54.102+0000] {logging_mixin.py:190} INFO - 17:53:54  9 of 9 OK created sql incremental model sales.dim_shopee_product ............... [MERGE 0 in 0.23s]
[2025-05-21T17:53:54.127+0000] {logging_mixin.py:190} INFO - 17:53:54
[2025-05-21T17:53:54.129+0000] {logging_mixin.py:190} INFO - 17:53:54  Finished running 9 incremental models in 0 hours 0 minutes and 1.06 seconds (1.06s).
[2025-05-21T17:53:54.195+0000] {logging_mixin.py:190} INFO - 17:53:54
[2025-05-21T17:53:54.197+0000] {logging_mixin.py:190} INFO - 17:53:54  Completed with 1 error, 0 partial successes, and 0 warnings:
[2025-05-21T17:53:54.198+0000] {logging_mixin.py:190} INFO - 17:53:54
[2025-05-21T17:53:54.201+0000] {logging_mixin.py:190} INFO - 17:53:54    Database Error in model dim_shopee_date (models/core/dim_shopee_date.sql)
  column "date_delivered" specified more than once
  compiled code at target/run/e_commerce_sales/models/core/dim_shopee_date.sql
[2025-05-21T17:53:54.202+0000] {logging_mixin.py:190} INFO - 17:53:54
[2025-05-21T17:53:54.204+0000] {logging_mixin.py:190} INFO - 17:53:54  Done. PASS=8 WARN=0 ERROR=1 SKIP=0 TOTAL=9
[2025-05-21T17:53:55.093+0000] {logging_mixin.py:190} INFO - dbt run failed!
[2025-05-21T17:53:55.096+0000] {logging_mixin.py:190} INFO - None
[2025-05-21T17:53:55.098+0000] {taskinstance.py:3311} ERROR - Task failed with exception
Traceback (most recent call last):
  File "/home/airflow/.local/lib/python3.9/site-packages/airflow/models/taskinstance.py", line 767, in _execute_task
    result = _execute_callable(context=context, **execute_callable_kwargs)
  File "/home/airflow/.local/lib/python3.9/site-packages/airflow/models/taskinstance.py", line 733, in _execute_callable
    return ExecutionCallableRunner(
  File "/home/airflow/.local/lib/python3.9/site-packages/airflow/utils/operator_helpers.py", line 252, in run
    return self.func(*args, **kwargs)
  File "/home/airflow/.local/lib/python3.9/site-packages/airflow/models/baseoperator.py", line 422, in wrapper
    return func(self, *args, **kwargs)
  File "/home/airflow/.local/lib/python3.9/site-packages/airflow/operators/python.py", line 238, in execute
    return_value = self.execute_callable()
  File "/home/airflow/.local/lib/python3.9/site-packages/airflow/operators/python.py", line 256, in execute_callable
    return runner.run(*self.op_args, **self.op_kwargs)
  File "/home/airflow/.local/lib/python3.9/site-packages/airflow/utils/operator_helpers.py", line 252, in run
    return self.func(*args, **kwargs)
  File "/opt/airflow/dbt/run_dbt.py", line 22, in transform_data
    raise RuntimeError("dbt run failed")
RuntimeError: dbt run failed
[2025-05-21T17:53:55.110+0000] {taskinstance.py:1225} INFO - Marking task as FAILED. dag_id=04_transform_data, task_id=run_dbt, run_id=manual__2025-05-21T17:53:46.963191+00:00, execution_date=20250521T175346, start_date=20250521T175349, end_date=20250521T175355
[2025-05-21T17:53:55.123+0000] {taskinstance.py:340} INFO - ::group::Post task execution logs
[2025-05-21T17:53:55.125+0000] {standard_task_runner.py:124} ERROR - Failed to execute job 101 for task run_dbt (dbt run failed; 2760)
Traceback (most recent call last):
  File "/home/airflow/.local/lib/python3.9/site-packages/airflow/task/task_runner/standard_task_runner.py", line 117, in _start_by_fork
    ret = args.func(args, dag=self.dag)
  File "/home/airflow/.local/lib/python3.9/site-packages/airflow/cli/cli_config.py", line 49, in command
    return func(*args, **kwargs)
  File "/home/airflow/.local/lib/python3.9/site-packages/airflow/utils/cli.py", line 116, in wrapper
    return f(*args, **kwargs)
  File "/home/airflow/.local/lib/python3.9/site-packages/airflow/cli/commands/task_command.py", line 483, in task_run
    task_return_code = _run_task_by_selected_method(args, _dag, ti)
  File "/home/airflow/.local/lib/python3.9/site-packages/airflow/cli/commands/task_command.py", line 256, in _run_task_by_selected_method
    return _run_raw_task(args, ti)
  File "/home/airflow/.local/lib/python3.9/site-packages/airflow/cli/commands/task_command.py", line 341, in _run_raw_task
    return ti._run_raw_task(
  File "/home/airflow/.local/lib/python3.9/site-packages/airflow/utils/session.py", line 97, in wrapper
    return func(*args, session=session, **kwargs)
  File "/home/airflow/.local/lib/python3.9/site-packages/airflow/models/taskinstance.py", line 3005, in _run_raw_task
    return _run_raw_task(
  File "/home/airflow/.local/lib/python3.9/site-packages/airflow/models/taskinstance.py", line 273, in _run_raw_task
    TaskInstance._execute_task_with_callbacks(
  File "/home/airflow/.local/lib/python3.9/site-packages/airflow/models/taskinstance.py", line 3159, in _execute_task_with_callbacks
    result = self._execute_task(context, task_orig)
  File "/home/airflow/.local/lib/python3.9/site-packages/airflow/models/taskinstance.py", line 3183, in _execute_task
    return _execute_task(self, context, task_orig)
  File "/home/airflow/.local/lib/python3.9/site-packages/airflow/models/taskinstance.py", line 767, in _execute_task
    result = _execute_callable(context=context, **execute_callable_kwargs)
  File "/home/airflow/.local/lib/python3.9/site-packages/airflow/models/taskinstance.py", line 733, in _execute_callable
    return ExecutionCallableRunner(
  File "/home/airflow/.local/lib/python3.9/site-packages/airflow/utils/operator_helpers.py", line 252, in run
    return self.func(*args, **kwargs)
  File "/home/airflow/.local/lib/python3.9/site-packages/airflow/models/baseoperator.py", line 422, in wrapper
    return func(self, *args, **kwargs)
  File "/home/airflow/.local/lib/python3.9/site-packages/airflow/operators/python.py", line 238, in execute
    return_value = self.execute_callable()
  File "/home/airflow/.local/lib/python3.9/site-packages/airflow/operators/python.py", line 256, in execute_callable
    return runner.run(*self.op_args, **self.op_kwargs)
  File "/home/airflow/.local/lib/python3.9/site-packages/airflow/utils/operator_helpers.py", line 252, in run
    return self.func(*args, **kwargs)
  File "/opt/airflow/dbt/run_dbt.py", line 22, in transform_data
    raise RuntimeError("dbt run failed")
RuntimeError: dbt run failed
[2025-05-21T17:53:55.150+0000] {local_task_job_runner.py:266} INFO - Task exited with return code 1
[2025-05-21T17:53:55.167+0000] {taskinstance.py:3895} INFO - 0 downstream tasks scheduled from follow-on schedule check
[2025-05-21T17:53:55.170+0000] {local_task_job_runner.py:245} INFO - ::endgroup::
