[2025-06-05T20:45:03.760+0000] {local_task_job_runner.py:123} INFO - ::group::Pre task execution logs
[2025-06-05T20:45:03.778+0000] {taskinstance.py:2613} INFO - Dependencies all met for dep_context=non-requeueable deps ti=<TaskInstance: 04_transform_data.run_dbt manual__2025-06-05T20:44:54.158568+00:00 [queued]>
[2025-06-05T20:45:03.787+0000] {taskinstance.py:2613} INFO - Dependencies all met for dep_context=requeueable deps ti=<TaskInstance: 04_transform_data.run_dbt manual__2025-06-05T20:44:54.158568+00:00 [queued]>
[2025-06-05T20:45:03.788+0000] {taskinstance.py:2866} INFO - Starting attempt 1 of 1
[2025-06-05T20:45:03.801+0000] {taskinstance.py:2889} INFO - Executing <Task(PythonOperator): run_dbt> on 2025-06-05 20:44:54.158568+00:00
[2025-06-05T20:45:03.805+0000] {standard_task_runner.py:72} INFO - Started process 4365 to run task
[2025-06-05T20:45:03.809+0000] {standard_task_runner.py:104} INFO - Running: ['***', 'tasks', 'run', '04_transform_data', 'run_dbt', 'manual__2025-06-05T20:44:54.158568+00:00', '--job-id', '362', '--raw', '--subdir', 'DAGS_FOLDER/04_transform_data.py', '--cfg-path', '/tmp/tmpdmg99yv2']
[2025-06-05T20:45:03.810+0000] {standard_task_runner.py:105} INFO - Job 362: Subtask run_dbt
[2025-06-05T20:45:03.862+0000] {task_command.py:467} INFO - Running <TaskInstance: 04_transform_data.run_dbt manual__2025-06-05T20:44:54.158568+00:00 [running]> on host 28e6a58e4107
[2025-06-05T20:45:03.950+0000] {taskinstance.py:3132} INFO - Exporting env vars: AIRFLOW_CTX_DAG_OWNER='***' AIRFLOW_CTX_DAG_ID='04_transform_data' AIRFLOW_CTX_TASK_ID='run_dbt' AIRFLOW_CTX_EXECUTION_DATE='2025-06-05T20:44:54.158568+00:00' AIRFLOW_CTX_TRY_NUMBER='1' AIRFLOW_CTX_DAG_RUN_ID='manual__2025-06-05T20:44:54.158568+00:00'
[2025-06-05T20:45:03.952+0000] {taskinstance.py:731} INFO - ::endgroup::
[2025-06-05T20:45:05.542+0000] {logging_mixin.py:190} INFO - 20:45:05  Running with dbt=1.9.5
[2025-06-05T20:45:05.926+0000] {logging_mixin.py:190} INFO - 20:45:05  Registered adapter: postgres=1.9.0
[2025-06-05T20:45:08.118+0000] {logging_mixin.py:190} INFO - 20:45:08  [WARNING]: Configuration paths exist in your dbt_project.yml file which do not apply to any resources.
There are 1 unused configuration paths:
- models.e_commerce_sales.example
[2025-06-05T20:45:08.327+0000] {logging_mixin.py:190} INFO - 20:45:08  Found 12 models, 12 sources, 549 macros, 1 unit test
[2025-06-05T20:45:08.332+0000] {logging_mixin.py:190} INFO - 20:45:08
[2025-06-05T20:45:08.334+0000] {logging_mixin.py:190} INFO - 20:45:08  Concurrency: 4 threads (target='dev')
[2025-06-05T20:45:08.336+0000] {logging_mixin.py:190} INFO - 20:45:08
[2025-06-05T20:45:08.475+0000] {logging_mixin.py:190} INFO - 20:45:08  1 of 12 START sql incremental model sales.mercadolivre_orders_results .......... [RUN]
[2025-06-05T20:45:08.476+0000] {logging_mixin.py:190} INFO - 20:45:08  2 of 12 START sql incremental model sales.stg_shopee ........................... [RUN]
[2025-06-05T20:45:08.694+0000] {logging_mixin.py:190} INFO - 20:45:08  2 of 12 ERROR creating sql incremental model sales.stg_shopee .................. [ERROR in 0.21s]
[2025-06-05T20:45:08.702+0000] {logging_mixin.py:190} INFO - 20:45:08  3 of 12 SKIP relation sales.dim_shopee_product ................................. [SKIP]
[2025-06-05T20:45:08.705+0000] {logging_mixin.py:190} INFO - 20:45:08  4 of 12 SKIP relation sales.shopee_new_id ...................................... [SKIP]
[2025-06-05T20:45:08.712+0000] {logging_mixin.py:190} INFO - 20:45:08  5 of 12 SKIP relation sales.shopee_orders_results .............................. [SKIP]
[2025-06-05T20:45:08.719+0000] {logging_mixin.py:190} INFO - 20:45:08  6 of 12 SKIP relation sales.dim_shopee_buyer ................................... [SKIP]
[2025-06-05T20:45:08.721+0000] {logging_mixin.py:190} INFO - 20:45:08  7 of 12 SKIP relation sales.dim_shopee_date .................................... [SKIP]
[2025-06-05T20:45:08.748+0000] {logging_mixin.py:190} INFO - 20:45:08  8 of 12 SKIP relation sales.dim_shopee_orders_status ........................... [SKIP]
[2025-06-05T20:45:08.902+0000] {logging_mixin.py:190} INFO - 20:45:08  1 of 12 OK created sql incremental model sales.mercadolivre_orders_results ..... [MERGE 190 in 0.42s]
[2025-06-05T20:45:08.912+0000] {logging_mixin.py:190} INFO - 20:45:08  9 of 12 START sql incremental model sales.dim_mercadolivre_buyer ............... [RUN]
[2025-06-05T20:45:08.915+0000] {logging_mixin.py:190} INFO - 20:45:08  10 of 12 START sql incremental model sales.dim_mercadolivre_date ............... [RUN]
[2025-06-05T20:45:08.917+0000] {logging_mixin.py:190} INFO - 20:45:08  11 of 12 START sql incremental model sales.dim_mercadolivre_orders_status ...... [RUN]
[2025-06-05T20:45:08.919+0000] {logging_mixin.py:190} INFO - 20:45:08  12 of 12 START sql incremental model sales.dim_mercadolivre_product ............ [RUN]
[2025-06-05T20:45:09.200+0000] {logging_mixin.py:190} INFO - 20:45:09  9 of 12 OK created sql incremental model sales.dim_mercadolivre_buyer .......... [MERGE 188 in 0.27s]
[2025-06-05T20:45:09.233+0000] {logging_mixin.py:190} INFO - 20:45:09  11 of 12 OK created sql incremental model sales.dim_mercadolivre_orders_status . [MERGE 190 in 0.30s]
[2025-06-05T20:45:09.259+0000] {logging_mixin.py:190} INFO - 20:45:09  12 of 12 OK created sql incremental model sales.dim_mercadolivre_product ....... [MERGE 65 in 0.33s]
[2025-06-05T20:45:09.270+0000] {logging_mixin.py:190} INFO - 20:45:09  10 of 12 OK created sql incremental model sales.dim_mercadolivre_date .......... [MERGE 190 in 0.35s]
[2025-06-05T20:45:09.297+0000] {logging_mixin.py:190} INFO - 20:45:09
[2025-06-05T20:45:09.299+0000] {logging_mixin.py:190} INFO - 20:45:09  Finished running 12 incremental models in 0 hours 0 minutes and 0.96 seconds (0.96s).
[2025-06-05T20:45:09.381+0000] {logging_mixin.py:190} INFO - 20:45:09
[2025-06-05T20:45:09.383+0000] {logging_mixin.py:190} INFO - 20:45:09  Completed with 1 error, 0 partial successes, and 0 warnings:
[2025-06-05T20:45:09.385+0000] {logging_mixin.py:190} INFO - 20:45:09
[2025-06-05T20:45:09.387+0000] {logging_mixin.py:190} INFO - 20:45:09    Database Error in model stg_shopee (models/staging/stg_shopee.sql)
  column "desconto_shopee_da_leve_mais_por_meno" does not exist
  LINE 45:         desconto_shopee_da_leve_mais_por_meno,
                   ^
  HINT:  Perhaps you meant to reference the column "entry_shopee.desconto_shopee_da_leve_mais_por_menos".
  compiled code at target/run/e_commerce_sales/models/staging/stg_shopee.sql
[2025-06-05T20:45:09.389+0000] {logging_mixin.py:190} INFO - 20:45:09
[2025-06-05T20:45:09.391+0000] {logging_mixin.py:190} INFO - 20:45:09  Done. PASS=5 WARN=0 ERROR=1 SKIP=6 TOTAL=12
[2025-06-05T20:45:10.227+0000] {logging_mixin.py:190} INFO - dbt run failed!
[2025-06-05T20:45:10.228+0000] {logging_mixin.py:190} INFO - None
[2025-06-05T20:45:10.229+0000] {taskinstance.py:3311} ERROR - Task failed with exception
Traceback (most recent call last):
  File "/home/airflow/.local/lib/python3.9/site-packages/airflow/models/taskinstance.py", line 767, in _execute_task
    result = _execute_callable(context=context, **execute_callable_kwargs)
  File "/home/airflow/.local/lib/python3.9/site-packages/airflow/models/taskinstance.py", line 733, in _execute_callable
    return ExecutionCallableRunner(
  File "/home/airflow/.local/lib/python3.9/site-packages/airflow/utils/operator_helpers.py", line 252, in run
    return self.func(*args, **kwargs)
  File "/home/airflow/.local/lib/python3.9/site-packages/airflow/models/baseoperator.py", line 422, in wrapper
    return func(self, *args, **kwargs)
  File "/home/airflow/.local/lib/python3.9/site-packages/airflow/operators/python.py", line 238, in execute
    return_value = self.execute_callable()
  File "/home/airflow/.local/lib/python3.9/site-packages/airflow/operators/python.py", line 256, in execute_callable
    return runner.run(*self.op_args, **self.op_kwargs)
  File "/home/airflow/.local/lib/python3.9/site-packages/airflow/utils/operator_helpers.py", line 252, in run
    return self.func(*args, **kwargs)
  File "/opt/airflow/dbt_files/run_dbt.py", line 22, in transform_data
    raise RuntimeError("dbt run failed")
RuntimeError: dbt run failed
[2025-06-05T20:45:10.245+0000] {taskinstance.py:1225} INFO - Marking task as FAILED. dag_id=04_transform_data, task_id=run_dbt, run_id=manual__2025-06-05T20:44:54.158568+00:00, execution_date=20250605T204454, start_date=20250605T204503, end_date=20250605T204510
[2025-06-05T20:45:10.261+0000] {taskinstance.py:340} INFO - ::group::Post task execution logs
[2025-06-05T20:45:10.263+0000] {standard_task_runner.py:124} ERROR - Failed to execute job 362 for task run_dbt (dbt run failed; 4365)
Traceback (most recent call last):
  File "/home/airflow/.local/lib/python3.9/site-packages/airflow/task/task_runner/standard_task_runner.py", line 117, in _start_by_fork
    ret = args.func(args, dag=self.dag)
  File "/home/airflow/.local/lib/python3.9/site-packages/airflow/cli/cli_config.py", line 49, in command
    return func(*args, **kwargs)
  File "/home/airflow/.local/lib/python3.9/site-packages/airflow/utils/cli.py", line 116, in wrapper
    return f(*args, **kwargs)
  File "/home/airflow/.local/lib/python3.9/site-packages/airflow/cli/commands/task_command.py", line 483, in task_run
    task_return_code = _run_task_by_selected_method(args, _dag, ti)
  File "/home/airflow/.local/lib/python3.9/site-packages/airflow/cli/commands/task_command.py", line 256, in _run_task_by_selected_method
    return _run_raw_task(args, ti)
  File "/home/airflow/.local/lib/python3.9/site-packages/airflow/cli/commands/task_command.py", line 341, in _run_raw_task
    return ti._run_raw_task(
  File "/home/airflow/.local/lib/python3.9/site-packages/airflow/utils/session.py", line 97, in wrapper
    return func(*args, session=session, **kwargs)
  File "/home/airflow/.local/lib/python3.9/site-packages/airflow/models/taskinstance.py", line 3005, in _run_raw_task
    return _run_raw_task(
  File "/home/airflow/.local/lib/python3.9/site-packages/airflow/models/taskinstance.py", line 273, in _run_raw_task
    TaskInstance._execute_task_with_callbacks(
  File "/home/airflow/.local/lib/python3.9/site-packages/airflow/models/taskinstance.py", line 3159, in _execute_task_with_callbacks
    result = self._execute_task(context, task_orig)
  File "/home/airflow/.local/lib/python3.9/site-packages/airflow/models/taskinstance.py", line 3183, in _execute_task
    return _execute_task(self, context, task_orig)
  File "/home/airflow/.local/lib/python3.9/site-packages/airflow/models/taskinstance.py", line 767, in _execute_task
    result = _execute_callable(context=context, **execute_callable_kwargs)
  File "/home/airflow/.local/lib/python3.9/site-packages/airflow/models/taskinstance.py", line 733, in _execute_callable
    return ExecutionCallableRunner(
  File "/home/airflow/.local/lib/python3.9/site-packages/airflow/utils/operator_helpers.py", line 252, in run
    return self.func(*args, **kwargs)
  File "/home/airflow/.local/lib/python3.9/site-packages/airflow/models/baseoperator.py", line 422, in wrapper
    return func(self, *args, **kwargs)
  File "/home/airflow/.local/lib/python3.9/site-packages/airflow/operators/python.py", line 238, in execute
    return_value = self.execute_callable()
  File "/home/airflow/.local/lib/python3.9/site-packages/airflow/operators/python.py", line 256, in execute_callable
    return runner.run(*self.op_args, **self.op_kwargs)
  File "/home/airflow/.local/lib/python3.9/site-packages/airflow/utils/operator_helpers.py", line 252, in run
    return self.func(*args, **kwargs)
  File "/opt/airflow/dbt_files/run_dbt.py", line 22, in transform_data
    raise RuntimeError("dbt run failed")
RuntimeError: dbt run failed
[2025-06-05T20:45:10.294+0000] {local_task_job_runner.py:266} INFO - Task exited with return code 1
[2025-06-05T20:45:10.324+0000] {taskinstance.py:3895} INFO - 0 downstream tasks scheduled from follow-on schedule check
[2025-06-05T20:45:10.326+0000] {local_task_job_runner.py:245} INFO - ::endgroup::
