[2025-05-21T13:27:11.809+0000] {local_task_job_runner.py:123} INFO - ::group::Pre task execution logs
[2025-05-21T13:27:11.832+0000] {taskinstance.py:2613} INFO - Dependencies all met for dep_context=non-requeueable deps ti=<TaskInstance: 04_transform_data.run_dbt manual__2025-05-21T13:27:09.374389+00:00 [queued]>
[2025-05-21T13:27:11.841+0000] {taskinstance.py:2613} INFO - Dependencies all met for dep_context=requeueable deps ti=<TaskInstance: 04_transform_data.run_dbt manual__2025-05-21T13:27:09.374389+00:00 [queued]>
[2025-05-21T13:27:11.842+0000] {taskinstance.py:2866} INFO - Starting attempt 1 of 1
[2025-05-21T13:27:11.854+0000] {taskinstance.py:2889} INFO - Executing <Task(PythonOperator): run_dbt> on 2025-05-21 13:27:09.374389+00:00
[2025-05-21T13:27:11.859+0000] {standard_task_runner.py:72} INFO - Started process 586 to run task
[2025-05-21T13:27:11.862+0000] {standard_task_runner.py:104} INFO - Running: ['***', 'tasks', 'run', '04_transform_data', 'run_dbt', 'manual__2025-05-21T13:27:09.374389+00:00', '--job-id', '81', '--raw', '--subdir', 'DAGS_FOLDER/04_transform_data.py', '--cfg-path', '/tmp/tmpgx8fp53j']
[2025-05-21T13:27:11.864+0000] {standard_task_runner.py:105} INFO - Job 81: Subtask run_dbt
[2025-05-21T13:27:11.914+0000] {task_command.py:467} INFO - Running <TaskInstance: 04_transform_data.run_dbt manual__2025-05-21T13:27:09.374389+00:00 [running]> on host e27e96d1841a
[2025-05-21T13:27:12.002+0000] {taskinstance.py:3132} INFO - Exporting env vars: AIRFLOW_CTX_DAG_OWNER='***' AIRFLOW_CTX_DAG_ID='04_transform_data' AIRFLOW_CTX_TASK_ID='run_dbt' AIRFLOW_CTX_EXECUTION_DATE='2025-05-21T13:27:09.374389+00:00' AIRFLOW_CTX_TRY_NUMBER='1' AIRFLOW_CTX_DAG_RUN_ID='manual__2025-05-21T13:27:09.374389+00:00'
[2025-05-21T13:27:12.004+0000] {taskinstance.py:731} INFO - ::endgroup::
[2025-05-21T13:27:14.538+0000] {logging_mixin.py:190} INFO - 13:27:14  Running with dbt=1.9.4
[2025-05-21T13:27:14.956+0000] {logging_mixin.py:190} INFO - 13:27:14  Registered adapter: postgres=1.9.0
[2025-05-21T13:27:16.112+0000] {logging_mixin.py:190} INFO - 13:27:16  [WARNING]: Configuration paths exist in your dbt_project.yml file which do not apply to any resources.
There are 1 unused configuration paths:
- models.e_commerce_sales.example
[2025-05-21T13:27:16.290+0000] {logging_mixin.py:190} INFO - 13:27:16  Found 7 models, 12 sources, 433 macros
[2025-05-21T13:27:16.294+0000] {logging_mixin.py:190} INFO - 13:27:16
[2025-05-21T13:27:16.296+0000] {logging_mixin.py:190} INFO - 13:27:16  Concurrency: 4 threads (target='dev')
[2025-05-21T13:27:16.298+0000] {logging_mixin.py:190} INFO - 13:27:16
[2025-05-21T13:27:16.441+0000] {logging_mixin.py:190} INFO - 13:27:16  1 of 7 START sql incremental model sales.mercadolivre_orders_results ........... [RUN]
[2025-05-21T13:27:16.444+0000] {logging_mixin.py:190} INFO - 13:27:16  2 of 7 START sql incremental model sales.shopee_new_id ......................... [RUN]
[2025-05-21T13:27:16.820+0000] {logging_mixin.py:190} INFO - 13:27:16  2 of 7 OK created sql incremental model sales.shopee_new_id .................... [MERGE 0 in 0.37s]
[2025-05-21T13:27:16.822+0000] {logging_mixin.py:190} INFO - 13:27:16  1 of 7 OK created sql incremental model sales.mercadolivre_orders_results ...... [MERGE 255 in 0.37s]
[2025-05-21T13:27:16.829+0000] {logging_mixin.py:190} INFO - 13:27:16  3 of 7 START sql incremental model sales.shopee_orders_results ................. [RUN]
[2025-05-21T13:27:16.830+0000] {logging_mixin.py:190} INFO - 13:27:16  4 of 7 START sql incremental model sales.mercadolivre_profits .................. [RUN]
[2025-05-21T13:27:17.004+0000] {logging_mixin.py:190} INFO - 13:27:17  3 of 7 OK created sql incremental model sales.shopee_orders_results ............ [MERGE 0 in 0.17s]
[2025-05-21T13:27:17.008+0000] {logging_mixin.py:190} INFO - 13:27:17  4 of 7 OK created sql incremental model sales.mercadolivre_profits ............. [MERGE 250 in 0.17s]
[2025-05-21T13:27:17.013+0000] {logging_mixin.py:190} INFO - 13:27:17  5 of 7 START sql incremental model sales.dim_shopee_buyer_id ................... [RUN]
[2025-05-21T13:27:17.015+0000] {logging_mixin.py:190} INFO - 13:27:17  6 of 7 START sql incremental model sales.dim_shopee_orders ..................... [RUN]
[2025-05-21T13:27:17.017+0000] {logging_mixin.py:190} INFO - 13:27:17  7 of 7 START sql incremental model sales.dim_shopee_product .................... [RUN]
[2025-05-21T13:27:17.146+0000] {logging_mixin.py:190} INFO - 13:27:17  5 of 7 ERROR creating sql incremental model sales.dim_shopee_buyer_id .......... [ERROR in 0.12s]
[2025-05-21T13:27:17.205+0000] {logging_mixin.py:190} INFO - 13:27:17  6 of 7 OK created sql incremental model sales.dim_shopee_orders ................ [MERGE 0 in 0.18s]
[2025-05-21T13:27:17.208+0000] {logging_mixin.py:190} INFO - 13:27:17  7 of 7 OK created sql incremental model sales.dim_shopee_product ............... [MERGE 0 in 0.18s]
[2025-05-21T13:27:17.233+0000] {logging_mixin.py:190} INFO - 13:27:17
[2025-05-21T13:27:17.235+0000] {logging_mixin.py:190} INFO - 13:27:17  Finished running 7 incremental models in 0 hours 0 minutes and 0.93 seconds (0.93s).
[2025-05-21T13:27:17.300+0000] {logging_mixin.py:190} INFO - 13:27:17
[2025-05-21T13:27:17.301+0000] {logging_mixin.py:190} INFO - 13:27:17  Completed with 1 error, 0 partial successes, and 0 warnings:
[2025-05-21T13:27:17.303+0000] {logging_mixin.py:190} INFO - 13:27:17
[2025-05-21T13:27:17.305+0000] {logging_mixin.py:190} INFO - 13:27:17    Database Error in model dim_shopee_buyer_id (models/core/dim_shopee_buyer_id.sql)
  missing FROM-clause entry for table "orders_results"
  LINE 27:                 ON orders_results.buyer__id = stg_shopee.buy...
                              ^
  compiled code at target/run/e_commerce_sales/models/core/dim_shopee_buyer_id.sql
[2025-05-21T13:27:17.306+0000] {logging_mixin.py:190} INFO - 13:27:17
[2025-05-21T13:27:17.308+0000] {logging_mixin.py:190} INFO - 13:27:17  Done. PASS=6 WARN=0 ERROR=1 SKIP=0 TOTAL=7
[2025-05-21T13:27:18.185+0000] {logging_mixin.py:190} INFO - dbt run failed!
[2025-05-21T13:27:18.186+0000] {logging_mixin.py:190} INFO - None
[2025-05-21T13:27:18.187+0000] {taskinstance.py:3311} ERROR - Task failed with exception
Traceback (most recent call last):
  File "/home/airflow/.local/lib/python3.9/site-packages/airflow/models/taskinstance.py", line 767, in _execute_task
    result = _execute_callable(context=context, **execute_callable_kwargs)
  File "/home/airflow/.local/lib/python3.9/site-packages/airflow/models/taskinstance.py", line 733, in _execute_callable
    return ExecutionCallableRunner(
  File "/home/airflow/.local/lib/python3.9/site-packages/airflow/utils/operator_helpers.py", line 252, in run
    return self.func(*args, **kwargs)
  File "/home/airflow/.local/lib/python3.9/site-packages/airflow/models/baseoperator.py", line 422, in wrapper
    return func(self, *args, **kwargs)
  File "/home/airflow/.local/lib/python3.9/site-packages/airflow/operators/python.py", line 238, in execute
    return_value = self.execute_callable()
  File "/home/airflow/.local/lib/python3.9/site-packages/airflow/operators/python.py", line 256, in execute_callable
    return runner.run(*self.op_args, **self.op_kwargs)
  File "/home/airflow/.local/lib/python3.9/site-packages/airflow/utils/operator_helpers.py", line 252, in run
    return self.func(*args, **kwargs)
  File "/opt/airflow/dbt/run_dbt.py", line 22, in transform_data
    raise RuntimeError("dbt run failed")
RuntimeError: dbt run failed
[2025-05-21T13:27:18.199+0000] {taskinstance.py:1225} INFO - Marking task as FAILED. dag_id=04_transform_data, task_id=run_dbt, run_id=manual__2025-05-21T13:27:09.374389+00:00, execution_date=20250521T132709, start_date=20250521T132711, end_date=20250521T132718
[2025-05-21T13:27:18.214+0000] {taskinstance.py:340} INFO - ::group::Post task execution logs
[2025-05-21T13:27:18.215+0000] {standard_task_runner.py:124} ERROR - Failed to execute job 81 for task run_dbt (dbt run failed; 586)
Traceback (most recent call last):
  File "/home/airflow/.local/lib/python3.9/site-packages/airflow/task/task_runner/standard_task_runner.py", line 117, in _start_by_fork
    ret = args.func(args, dag=self.dag)
  File "/home/airflow/.local/lib/python3.9/site-packages/airflow/cli/cli_config.py", line 49, in command
    return func(*args, **kwargs)
  File "/home/airflow/.local/lib/python3.9/site-packages/airflow/utils/cli.py", line 116, in wrapper
    return f(*args, **kwargs)
  File "/home/airflow/.local/lib/python3.9/site-packages/airflow/cli/commands/task_command.py", line 483, in task_run
    task_return_code = _run_task_by_selected_method(args, _dag, ti)
  File "/home/airflow/.local/lib/python3.9/site-packages/airflow/cli/commands/task_command.py", line 256, in _run_task_by_selected_method
    return _run_raw_task(args, ti)
  File "/home/airflow/.local/lib/python3.9/site-packages/airflow/cli/commands/task_command.py", line 341, in _run_raw_task
    return ti._run_raw_task(
  File "/home/airflow/.local/lib/python3.9/site-packages/airflow/utils/session.py", line 97, in wrapper
    return func(*args, session=session, **kwargs)
  File "/home/airflow/.local/lib/python3.9/site-packages/airflow/models/taskinstance.py", line 3005, in _run_raw_task
    return _run_raw_task(
  File "/home/airflow/.local/lib/python3.9/site-packages/airflow/models/taskinstance.py", line 273, in _run_raw_task
    TaskInstance._execute_task_with_callbacks(
  File "/home/airflow/.local/lib/python3.9/site-packages/airflow/models/taskinstance.py", line 3159, in _execute_task_with_callbacks
    result = self._execute_task(context, task_orig)
  File "/home/airflow/.local/lib/python3.9/site-packages/airflow/models/taskinstance.py", line 3183, in _execute_task
    return _execute_task(self, context, task_orig)
  File "/home/airflow/.local/lib/python3.9/site-packages/airflow/models/taskinstance.py", line 767, in _execute_task
    result = _execute_callable(context=context, **execute_callable_kwargs)
  File "/home/airflow/.local/lib/python3.9/site-packages/airflow/models/taskinstance.py", line 733, in _execute_callable
    return ExecutionCallableRunner(
  File "/home/airflow/.local/lib/python3.9/site-packages/airflow/utils/operator_helpers.py", line 252, in run
    return self.func(*args, **kwargs)
  File "/home/airflow/.local/lib/python3.9/site-packages/airflow/models/baseoperator.py", line 422, in wrapper
    return func(self, *args, **kwargs)
  File "/home/airflow/.local/lib/python3.9/site-packages/airflow/operators/python.py", line 238, in execute
    return_value = self.execute_callable()
  File "/home/airflow/.local/lib/python3.9/site-packages/airflow/operators/python.py", line 256, in execute_callable
    return runner.run(*self.op_args, **self.op_kwargs)
  File "/home/airflow/.local/lib/python3.9/site-packages/airflow/utils/operator_helpers.py", line 252, in run
    return self.func(*args, **kwargs)
  File "/opt/airflow/dbt/run_dbt.py", line 22, in transform_data
    raise RuntimeError("dbt run failed")
RuntimeError: dbt run failed
[2025-05-21T13:27:18.265+0000] {local_task_job_runner.py:266} INFO - Task exited with return code 1
[2025-05-21T13:27:18.280+0000] {taskinstance.py:3895} INFO - 0 downstream tasks scheduled from follow-on schedule check
[2025-05-21T13:27:18.284+0000] {local_task_job_runner.py:245} INFO - ::endgroup::
