[2025-06-05T18:08:08.598+0000] {local_task_job_runner.py:123} INFO - ::group::Pre task execution logs
[2025-06-05T18:08:08.617+0000] {taskinstance.py:2613} INFO - Dependencies all met for dep_context=non-requeueable deps ti=<TaskInstance: 04_transform_data.run_dbt manual__2025-06-05T18:07:59.258326+00:00 [queued]>
[2025-06-05T18:08:08.625+0000] {taskinstance.py:2613} INFO - Dependencies all met for dep_context=requeueable deps ti=<TaskInstance: 04_transform_data.run_dbt manual__2025-06-05T18:07:59.258326+00:00 [queued]>
[2025-06-05T18:08:08.627+0000] {taskinstance.py:2866} INFO - Starting attempt 1 of 1
[2025-06-05T18:08:08.639+0000] {taskinstance.py:2889} INFO - Executing <Task(PythonOperator): run_dbt> on 2025-06-05 18:07:59.258326+00:00
[2025-06-05T18:08:08.644+0000] {standard_task_runner.py:72} INFO - Started process 835 to run task
[2025-06-05T18:08:08.647+0000] {standard_task_runner.py:104} INFO - Running: ['***', 'tasks', 'run', '04_transform_data', 'run_dbt', 'manual__2025-06-05T18:07:59.258326+00:00', '--job-id', '331', '--raw', '--subdir', 'DAGS_FOLDER/04_transform_data.py', '--cfg-path', '/tmp/tmpk3e28ngd']
[2025-06-05T18:08:08.650+0000] {standard_task_runner.py:105} INFO - Job 331: Subtask run_dbt
[2025-06-05T18:08:08.703+0000] {task_command.py:467} INFO - Running <TaskInstance: 04_transform_data.run_dbt manual__2025-06-05T18:07:59.258326+00:00 [running]> on host 28e6a58e4107
[2025-06-05T18:08:08.786+0000] {taskinstance.py:3132} INFO - Exporting env vars: AIRFLOW_CTX_DAG_OWNER='***' AIRFLOW_CTX_DAG_ID='04_transform_data' AIRFLOW_CTX_TASK_ID='run_dbt' AIRFLOW_CTX_EXECUTION_DATE='2025-06-05T18:07:59.258326+00:00' AIRFLOW_CTX_TRY_NUMBER='1' AIRFLOW_CTX_DAG_RUN_ID='manual__2025-06-05T18:07:59.258326+00:00'
[2025-06-05T18:08:08.787+0000] {taskinstance.py:731} INFO - ::endgroup::
[2025-06-05T18:08:10.415+0000] {logging_mixin.py:190} INFO - 18:08:10  Running with dbt=1.9.5
[2025-06-05T18:08:10.788+0000] {logging_mixin.py:190} INFO - 18:08:10  Registered adapter: postgres=1.9.0
[2025-06-05T18:08:12.629+0000] {logging_mixin.py:190} INFO - 18:08:12  [WARNING]: Configuration paths exist in your dbt_project.yml file which do not apply to any resources.
There are 1 unused configuration paths:
- models.e_commerce_sales.example
[2025-06-05T18:08:12.849+0000] {logging_mixin.py:190} INFO - 18:08:12  Found 11 models, 12 sources, 549 macros, 1 unit test
[2025-06-05T18:08:12.853+0000] {logging_mixin.py:190} INFO - 18:08:12
[2025-06-05T18:08:12.855+0000] {logging_mixin.py:190} INFO - 18:08:12  Concurrency: 4 threads (target='dev')
[2025-06-05T18:08:12.856+0000] {logging_mixin.py:190} INFO - 18:08:12
[2025-06-05T18:08:12.992+0000] {logging_mixin.py:190} INFO - 18:08:12  1 of 11 START sql incremental model sales.mercadolivre_orders_results .......... [RUN]
[2025-06-05T18:08:12.994+0000] {logging_mixin.py:190} INFO - 18:08:12  2 of 11 START sql incremental model sales.shopee_new_id ........................ [RUN]
[2025-06-05T18:08:13.391+0000] {logging_mixin.py:190} INFO - 18:08:13  1 of 11 OK created sql incremental model sales.mercadolivre_orders_results ..... [MERGE 190 in 0.39s]
[2025-06-05T18:08:13.393+0000] {logging_mixin.py:190} INFO - 18:08:13  2 of 11 OK created sql incremental model sales.shopee_new_id ................... [MERGE 0 in 0.39s]
[2025-06-05T18:08:13.400+0000] {logging_mixin.py:190} INFO - 18:08:13  3 of 11 START sql incremental model sales.dim_mercadolivre_buyer ............... [RUN]
[2025-06-05T18:08:13.402+0000] {logging_mixin.py:190} INFO - 18:08:13  4 of 11 START sql incremental model sales.dim_mercadolivre_date ................ [RUN]
[2025-06-05T18:08:13.404+0000] {logging_mixin.py:190} INFO - 18:08:13  5 of 11 START sql incremental model sales.dim_mercadolivre_orders_status ....... [RUN]
[2025-06-05T18:08:13.410+0000] {logging_mixin.py:190} INFO - 18:08:13  6 of 11 START sql incremental model sales.dim_mercadolivre_product ............. [RUN]
[2025-06-05T18:08:13.707+0000] {logging_mixin.py:190} INFO - 18:08:13  5 of 11 OK created sql incremental model sales.dim_mercadolivre_orders_status .. [MERGE 190 in 0.29s]
[2025-06-05T18:08:13.708+0000] {logging_mixin.py:190} INFO - 18:08:13  6 of 11 ERROR creating sql incremental model sales.dim_mercadolivre_product .... [ERROR in 0.29s]
[2025-06-05T18:08:13.716+0000] {logging_mixin.py:190} INFO - 18:08:13  3 of 11 OK created sql incremental model sales.dim_mercadolivre_buyer .......... [MERGE 188 in 0.30s]
[2025-06-05T18:08:13.721+0000] {logging_mixin.py:190} INFO - 18:08:13  7 of 11 START sql incremental model sales.shopee_orders_results ................ [RUN]
[2025-06-05T18:08:13.728+0000] {logging_mixin.py:190} INFO - 18:08:13  4 of 11 OK created sql incremental model sales.dim_mercadolivre_date ........... [MERGE 190 in 0.32s]
[2025-06-05T18:08:13.837+0000] {logging_mixin.py:190} INFO - 18:08:13  7 of 11 OK created sql incremental model sales.shopee_orders_results ........... [MERGE 0 in 0.11s]
[2025-06-05T18:08:13.844+0000] {logging_mixin.py:190} INFO - 18:08:13  8 of 11 START sql incremental model sales.dim_shopee_buyer ..................... [RUN]
[2025-06-05T18:08:13.845+0000] {logging_mixin.py:190} INFO - 18:08:13  9 of 11 START sql incremental model sales.dim_shopee_date ...................... [RUN]
[2025-06-05T18:08:13.847+0000] {logging_mixin.py:190} INFO - 18:08:13  10 of 11 START sql incremental model sales.dim_shopee_orders_status ............ [RUN]
[2025-06-05T18:08:13.849+0000] {logging_mixin.py:190} INFO - 18:08:13  11 of 11 START sql incremental model sales.dim_shopee_product .................. [RUN]
[2025-06-05T18:08:14.144+0000] {logging_mixin.py:190} INFO - 18:08:14  8 of 11 OK created sql incremental model sales.dim_shopee_buyer ................ [MERGE 0 in 0.29s]
[2025-06-05T18:08:14.148+0000] {logging_mixin.py:190} INFO - 18:08:14  10 of 11 OK created sql incremental model sales.dim_shopee_orders_status ....... [MERGE 0 in 0.29s]
[2025-06-05T18:08:14.150+0000] {logging_mixin.py:190} INFO - 18:08:14  9 of 11 OK created sql incremental model sales.dim_shopee_date ................. [MERGE 0 in 0.29s]
[2025-06-05T18:08:14.152+0000] {logging_mixin.py:190} INFO - 18:08:14  11 of 11 OK created sql incremental model sales.dim_shopee_product ............. [MERGE 0 in 0.29s]
[2025-06-05T18:08:14.180+0000] {logging_mixin.py:190} INFO - 18:08:14
[2025-06-05T18:08:14.182+0000] {logging_mixin.py:190} INFO - 18:08:14  Finished running 11 incremental models in 0 hours 0 minutes and 1.32 seconds (1.32s).
[2025-06-05T18:08:14.260+0000] {logging_mixin.py:190} INFO - 18:08:14
[2025-06-05T18:08:14.262+0000] {logging_mixin.py:190} INFO - 18:08:14  Completed with 1 error, 0 partial successes, and 0 warnings:
[2025-06-05T18:08:14.263+0000] {logging_mixin.py:190} INFO - 18:08:14
[2025-06-05T18:08:14.265+0000] {logging_mixin.py:190} INFO - 18:08:14    Database Error in model dim_mercadolivre_product (models/core/dim_mercadolivre_product.sql)
  MERGE command cannot affect row a second time
  HINT:  Ensure that not more than one source row matches any one target row.
  compiled code at target/run/e_commerce_sales/models/core/dim_mercadolivre_product.sql
[2025-06-05T18:08:14.267+0000] {logging_mixin.py:190} INFO - 18:08:14
[2025-06-05T18:08:14.268+0000] {logging_mixin.py:190} INFO - 18:08:14  Done. PASS=10 WARN=0 ERROR=1 SKIP=0 TOTAL=11
[2025-06-05T18:08:15.121+0000] {logging_mixin.py:190} INFO - dbt run failed!
[2025-06-05T18:08:15.122+0000] {logging_mixin.py:190} INFO - None
[2025-06-05T18:08:15.123+0000] {taskinstance.py:3311} ERROR - Task failed with exception
Traceback (most recent call last):
  File "/home/airflow/.local/lib/python3.9/site-packages/airflow/models/taskinstance.py", line 767, in _execute_task
    result = _execute_callable(context=context, **execute_callable_kwargs)
  File "/home/airflow/.local/lib/python3.9/site-packages/airflow/models/taskinstance.py", line 733, in _execute_callable
    return ExecutionCallableRunner(
  File "/home/airflow/.local/lib/python3.9/site-packages/airflow/utils/operator_helpers.py", line 252, in run
    return self.func(*args, **kwargs)
  File "/home/airflow/.local/lib/python3.9/site-packages/airflow/models/baseoperator.py", line 422, in wrapper
    return func(self, *args, **kwargs)
  File "/home/airflow/.local/lib/python3.9/site-packages/airflow/operators/python.py", line 238, in execute
    return_value = self.execute_callable()
  File "/home/airflow/.local/lib/python3.9/site-packages/airflow/operators/python.py", line 256, in execute_callable
    return runner.run(*self.op_args, **self.op_kwargs)
  File "/home/airflow/.local/lib/python3.9/site-packages/airflow/utils/operator_helpers.py", line 252, in run
    return self.func(*args, **kwargs)
  File "/opt/airflow/dbt_files/run_dbt.py", line 22, in transform_data
    raise RuntimeError("dbt run failed")
RuntimeError: dbt run failed
[2025-06-05T18:08:15.135+0000] {taskinstance.py:1225} INFO - Marking task as FAILED. dag_id=04_transform_data, task_id=run_dbt, run_id=manual__2025-06-05T18:07:59.258326+00:00, execution_date=20250605T180759, start_date=20250605T180808, end_date=20250605T180815
[2025-06-05T18:08:15.148+0000] {taskinstance.py:340} INFO - ::group::Post task execution logs
[2025-06-05T18:08:15.149+0000] {standard_task_runner.py:124} ERROR - Failed to execute job 331 for task run_dbt (dbt run failed; 835)
Traceback (most recent call last):
  File "/home/airflow/.local/lib/python3.9/site-packages/airflow/task/task_runner/standard_task_runner.py", line 117, in _start_by_fork
    ret = args.func(args, dag=self.dag)
  File "/home/airflow/.local/lib/python3.9/site-packages/airflow/cli/cli_config.py", line 49, in command
    return func(*args, **kwargs)
  File "/home/airflow/.local/lib/python3.9/site-packages/airflow/utils/cli.py", line 116, in wrapper
    return f(*args, **kwargs)
  File "/home/airflow/.local/lib/python3.9/site-packages/airflow/cli/commands/task_command.py", line 483, in task_run
    task_return_code = _run_task_by_selected_method(args, _dag, ti)
  File "/home/airflow/.local/lib/python3.9/site-packages/airflow/cli/commands/task_command.py", line 256, in _run_task_by_selected_method
    return _run_raw_task(args, ti)
  File "/home/airflow/.local/lib/python3.9/site-packages/airflow/cli/commands/task_command.py", line 341, in _run_raw_task
    return ti._run_raw_task(
  File "/home/airflow/.local/lib/python3.9/site-packages/airflow/utils/session.py", line 97, in wrapper
    return func(*args, session=session, **kwargs)
  File "/home/airflow/.local/lib/python3.9/site-packages/airflow/models/taskinstance.py", line 3005, in _run_raw_task
    return _run_raw_task(
  File "/home/airflow/.local/lib/python3.9/site-packages/airflow/models/taskinstance.py", line 273, in _run_raw_task
    TaskInstance._execute_task_with_callbacks(
  File "/home/airflow/.local/lib/python3.9/site-packages/airflow/models/taskinstance.py", line 3159, in _execute_task_with_callbacks
    result = self._execute_task(context, task_orig)
  File "/home/airflow/.local/lib/python3.9/site-packages/airflow/models/taskinstance.py", line 3183, in _execute_task
    return _execute_task(self, context, task_orig)
  File "/home/airflow/.local/lib/python3.9/site-packages/airflow/models/taskinstance.py", line 767, in _execute_task
    result = _execute_callable(context=context, **execute_callable_kwargs)
  File "/home/airflow/.local/lib/python3.9/site-packages/airflow/models/taskinstance.py", line 733, in _execute_callable
    return ExecutionCallableRunner(
  File "/home/airflow/.local/lib/python3.9/site-packages/airflow/utils/operator_helpers.py", line 252, in run
    return self.func(*args, **kwargs)
  File "/home/airflow/.local/lib/python3.9/site-packages/airflow/models/baseoperator.py", line 422, in wrapper
    return func(self, *args, **kwargs)
  File "/home/airflow/.local/lib/python3.9/site-packages/airflow/operators/python.py", line 238, in execute
    return_value = self.execute_callable()
  File "/home/airflow/.local/lib/python3.9/site-packages/airflow/operators/python.py", line 256, in execute_callable
    return runner.run(*self.op_args, **self.op_kwargs)
  File "/home/airflow/.local/lib/python3.9/site-packages/airflow/utils/operator_helpers.py", line 252, in run
    return self.func(*args, **kwargs)
  File "/opt/airflow/dbt_files/run_dbt.py", line 22, in transform_data
    raise RuntimeError("dbt run failed")
RuntimeError: dbt run failed
[2025-06-05T18:08:15.164+0000] {local_task_job_runner.py:266} INFO - Task exited with return code 1
[2025-06-05T18:08:15.191+0000] {taskinstance.py:3895} INFO - 0 downstream tasks scheduled from follow-on schedule check
[2025-06-05T18:08:15.194+0000] {local_task_job_runner.py:245} INFO - ::endgroup::
