[2025-06-05T17:52:11.468+0000] {local_task_job_runner.py:123} INFO - ::group::Pre task execution logs
[2025-06-05T17:52:11.490+0000] {taskinstance.py:2613} INFO - Dependencies all met for dep_context=non-requeueable deps ti=<TaskInstance: 04_transform_data.run_dbt manual__2025-06-05T17:52:01.731011+00:00 [queued]>
[2025-06-05T17:52:11.502+0000] {taskinstance.py:2613} INFO - Dependencies all met for dep_context=requeueable deps ti=<TaskInstance: 04_transform_data.run_dbt manual__2025-06-05T17:52:01.731011+00:00 [queued]>
[2025-06-05T17:52:11.504+0000] {taskinstance.py:2866} INFO - Starting attempt 1 of 1
[2025-06-05T17:52:11.520+0000] {taskinstance.py:2889} INFO - Executing <Task(PythonOperator): run_dbt> on 2025-06-05 17:52:01.731011+00:00
[2025-06-05T17:52:11.524+0000] {standard_task_runner.py:72} INFO - Started process 560 to run task
[2025-06-05T17:52:11.528+0000] {standard_task_runner.py:104} INFO - Running: ['***', 'tasks', 'run', '04_transform_data', 'run_dbt', 'manual__2025-06-05T17:52:01.731011+00:00', '--job-id', '323', '--raw', '--subdir', 'DAGS_FOLDER/04_transform_data.py', '--cfg-path', '/tmp/tmpbn5x7opf']
[2025-06-05T17:52:11.530+0000] {standard_task_runner.py:105} INFO - Job 323: Subtask run_dbt
[2025-06-05T17:52:11.584+0000] {task_command.py:467} INFO - Running <TaskInstance: 04_transform_data.run_dbt manual__2025-06-05T17:52:01.731011+00:00 [running]> on host 28e6a58e4107
[2025-06-05T17:52:11.666+0000] {taskinstance.py:3132} INFO - Exporting env vars: AIRFLOW_CTX_DAG_OWNER='***' AIRFLOW_CTX_DAG_ID='04_transform_data' AIRFLOW_CTX_TASK_ID='run_dbt' AIRFLOW_CTX_EXECUTION_DATE='2025-06-05T17:52:01.731011+00:00' AIRFLOW_CTX_TRY_NUMBER='1' AIRFLOW_CTX_DAG_RUN_ID='manual__2025-06-05T17:52:01.731011+00:00'
[2025-06-05T17:52:11.667+0000] {taskinstance.py:731} INFO - ::endgroup::
[2025-06-05T17:52:13.230+0000] {logging_mixin.py:190} INFO - 17:52:13  Running with dbt=1.9.5
[2025-06-05T17:52:13.610+0000] {logging_mixin.py:190} INFO - 17:52:13  Registered adapter: postgres=1.9.0
[2025-06-05T17:52:15.555+0000] {logging_mixin.py:190} INFO - 17:52:15  [WARNING]: Configuration paths exist in your dbt_project.yml file which do not apply to any resources.
There are 1 unused configuration paths:
- models.e_commerce_sales.example
[2025-06-05T17:52:15.779+0000] {logging_mixin.py:190} INFO - 17:52:15  Found 11 models, 12 sources, 549 macros, 1 unit test
[2025-06-05T17:52:15.784+0000] {logging_mixin.py:190} INFO - 17:52:15
[2025-06-05T17:52:15.786+0000] {logging_mixin.py:190} INFO - 17:52:15  Concurrency: 4 threads (target='dev')
[2025-06-05T17:52:15.788+0000] {logging_mixin.py:190} INFO - 17:52:15
[2025-06-05T17:52:15.927+0000] {logging_mixin.py:190} INFO - 17:52:15  1 of 11 START sql incremental model sales.mercadolivre_orders_results .......... [RUN]
[2025-06-05T17:52:15.929+0000] {logging_mixin.py:190} INFO - 17:52:15  2 of 11 START sql incremental model sales.shopee_new_id ........................ [RUN]
[2025-06-05T17:52:16.342+0000] {logging_mixin.py:190} INFO - 17:52:16  2 of 11 OK created sql incremental model sales.shopee_new_id ................... [MERGE 0 in 0.41s]
[2025-06-05T17:52:16.344+0000] {logging_mixin.py:190} INFO - 17:52:16  1 of 11 OK created sql incremental model sales.mercadolivre_orders_results ..... [MERGE 190 in 0.41s]
[2025-06-05T17:52:16.350+0000] {logging_mixin.py:190} INFO - 17:52:16  3 of 11 START sql incremental model sales.shopee_orders_results ................ [RUN]
[2025-06-05T17:52:16.355+0000] {logging_mixin.py:190} INFO - 17:52:16  4 of 11 START sql incremental model sales.dim_mercadolivre_buyer ............... [RUN]
[2025-06-05T17:52:16.357+0000] {logging_mixin.py:190} INFO - 17:52:16  5 of 11 START sql incremental model sales.dim_mercadolivre_date ................ [RUN]
[2025-06-05T17:52:16.359+0000] {logging_mixin.py:190} INFO - 17:52:16  6 of 11 START sql incremental model sales.dim_mercadolivre_orders_status ....... [RUN]
[2025-06-05T17:52:16.656+0000] {logging_mixin.py:190} INFO - 17:52:16  3 of 11 OK created sql incremental model sales.shopee_orders_results ........... [MERGE 0 in 0.30s]
[2025-06-05T17:52:16.672+0000] {logging_mixin.py:190} INFO - 17:52:16  7 of 11 START sql incremental model sales.dim_mercadolivre_product ............. [RUN]
[2025-06-05T17:52:16.676+0000] {logging_mixin.py:190} INFO - 17:52:16  6 of 11 OK created sql incremental model sales.dim_mercadolivre_orders_status .. [MERGE 190 in 0.29s]
[2025-06-05T17:52:16.698+0000] {logging_mixin.py:190} INFO - 17:52:16  8 of 11 START sql incremental model sales.dim_shopee_buyer ..................... [RUN]
[2025-06-05T17:52:16.710+0000] {logging_mixin.py:190} INFO - 17:52:16  4 of 11 OK created sql incremental model sales.dim_mercadolivre_buyer .......... [MERGE 188 in 0.34s]
[2025-06-05T17:52:16.712+0000] {logging_mixin.py:190} INFO - 17:52:16  5 of 11 OK created sql incremental model sales.dim_mercadolivre_date ........... [MERGE 190 in 0.34s]
[2025-06-05T17:52:16.738+0000] {logging_mixin.py:190} INFO - 17:52:16  9 of 11 START sql incremental model sales.dim_shopee_date ...................... [RUN]
[2025-06-05T17:52:16.740+0000] {logging_mixin.py:190} INFO - 17:52:16  10 of 11 START sql incremental model sales.dim_shopee_orders_status ............ [RUN]
[2025-06-05T17:52:16.784+0000] {logging_mixin.py:190} INFO - 17:52:16  7 of 11 ERROR creating sql incremental model sales.dim_mercadolivre_product .... [ERROR in 0.10s]
[2025-06-05T17:52:16.816+0000] {logging_mixin.py:190} INFO - 17:52:16  11 of 11 START sql incremental model sales.dim_shopee_product .................. [RUN]
[2025-06-05T17:52:16.995+0000] {logging_mixin.py:190} INFO - 17:52:16  8 of 11 OK created sql incremental model sales.dim_shopee_buyer ................ [MERGE 0 in 0.28s]
[2025-06-05T17:52:17.017+0000] {logging_mixin.py:190} INFO - 17:52:17  10 of 11 OK created sql incremental model sales.dim_shopee_orders_status ....... [MERGE 0 in 0.26s]
[2025-06-05T17:52:17.019+0000] {logging_mixin.py:190} INFO - 17:52:17  9 of 11 OK created sql incremental model sales.dim_shopee_date ................. [MERGE 0 in 0.27s]
[2025-06-05T17:52:17.036+0000] {logging_mixin.py:190} INFO - 17:52:17  11 of 11 OK created sql incremental model sales.dim_shopee_product ............. [MERGE 0 in 0.21s]
[2025-06-05T17:52:17.063+0000] {logging_mixin.py:190} INFO - 17:52:17
[2025-06-05T17:52:17.065+0000] {logging_mixin.py:190} INFO - 17:52:17  Finished running 11 incremental models in 0 hours 0 minutes and 1.27 seconds (1.27s).
[2025-06-05T17:52:17.142+0000] {logging_mixin.py:190} INFO - 17:52:17
[2025-06-05T17:52:17.144+0000] {logging_mixin.py:190} INFO - 17:52:17  Completed with 1 error, 0 partial successes, and 0 warnings:
[2025-06-05T17:52:17.145+0000] {logging_mixin.py:190} INFO - 17:52:17
[2025-06-05T17:52:17.147+0000] {logging_mixin.py:190} INFO - 17:52:17    Database Error in model dim_mercadolivre_product (models/core/dim_mercadolivre_product.sql)
  missing FROM-clause entry for table "new_data"
  LINE 57:     SELECT new_data.product_id,
                      ^
[2025-06-05T17:52:17.149+0000] {logging_mixin.py:190} INFO - 17:52:17
[2025-06-05T17:52:17.151+0000] {logging_mixin.py:190} INFO - 17:52:17  Done. PASS=10 WARN=0 ERROR=1 SKIP=0 TOTAL=11
[2025-06-05T17:52:18.014+0000] {logging_mixin.py:190} INFO - dbt run failed!
[2025-06-05T17:52:18.016+0000] {logging_mixin.py:190} INFO - None
[2025-06-05T17:52:18.018+0000] {taskinstance.py:3311} ERROR - Task failed with exception
Traceback (most recent call last):
  File "/home/airflow/.local/lib/python3.9/site-packages/airflow/models/taskinstance.py", line 767, in _execute_task
    result = _execute_callable(context=context, **execute_callable_kwargs)
  File "/home/airflow/.local/lib/python3.9/site-packages/airflow/models/taskinstance.py", line 733, in _execute_callable
    return ExecutionCallableRunner(
  File "/home/airflow/.local/lib/python3.9/site-packages/airflow/utils/operator_helpers.py", line 252, in run
    return self.func(*args, **kwargs)
  File "/home/airflow/.local/lib/python3.9/site-packages/airflow/models/baseoperator.py", line 422, in wrapper
    return func(self, *args, **kwargs)
  File "/home/airflow/.local/lib/python3.9/site-packages/airflow/operators/python.py", line 238, in execute
    return_value = self.execute_callable()
  File "/home/airflow/.local/lib/python3.9/site-packages/airflow/operators/python.py", line 256, in execute_callable
    return runner.run(*self.op_args, **self.op_kwargs)
  File "/home/airflow/.local/lib/python3.9/site-packages/airflow/utils/operator_helpers.py", line 252, in run
    return self.func(*args, **kwargs)
  File "/opt/airflow/dbt_files/run_dbt.py", line 22, in transform_data
    raise RuntimeError("dbt run failed")
RuntimeError: dbt run failed
[2025-06-05T17:52:18.030+0000] {taskinstance.py:1225} INFO - Marking task as FAILED. dag_id=04_transform_data, task_id=run_dbt, run_id=manual__2025-06-05T17:52:01.731011+00:00, execution_date=20250605T175201, start_date=20250605T175211, end_date=20250605T175218
[2025-06-05T17:52:18.042+0000] {taskinstance.py:340} INFO - ::group::Post task execution logs
[2025-06-05T17:52:18.043+0000] {standard_task_runner.py:124} ERROR - Failed to execute job 323 for task run_dbt (dbt run failed; 560)
Traceback (most recent call last):
  File "/home/airflow/.local/lib/python3.9/site-packages/airflow/task/task_runner/standard_task_runner.py", line 117, in _start_by_fork
    ret = args.func(args, dag=self.dag)
  File "/home/airflow/.local/lib/python3.9/site-packages/airflow/cli/cli_config.py", line 49, in command
    return func(*args, **kwargs)
  File "/home/airflow/.local/lib/python3.9/site-packages/airflow/utils/cli.py", line 116, in wrapper
    return f(*args, **kwargs)
  File "/home/airflow/.local/lib/python3.9/site-packages/airflow/cli/commands/task_command.py", line 483, in task_run
    task_return_code = _run_task_by_selected_method(args, _dag, ti)
  File "/home/airflow/.local/lib/python3.9/site-packages/airflow/cli/commands/task_command.py", line 256, in _run_task_by_selected_method
    return _run_raw_task(args, ti)
  File "/home/airflow/.local/lib/python3.9/site-packages/airflow/cli/commands/task_command.py", line 341, in _run_raw_task
    return ti._run_raw_task(
  File "/home/airflow/.local/lib/python3.9/site-packages/airflow/utils/session.py", line 97, in wrapper
    return func(*args, session=session, **kwargs)
  File "/home/airflow/.local/lib/python3.9/site-packages/airflow/models/taskinstance.py", line 3005, in _run_raw_task
    return _run_raw_task(
  File "/home/airflow/.local/lib/python3.9/site-packages/airflow/models/taskinstance.py", line 273, in _run_raw_task
    TaskInstance._execute_task_with_callbacks(
  File "/home/airflow/.local/lib/python3.9/site-packages/airflow/models/taskinstance.py", line 3159, in _execute_task_with_callbacks
    result = self._execute_task(context, task_orig)
  File "/home/airflow/.local/lib/python3.9/site-packages/airflow/models/taskinstance.py", line 3183, in _execute_task
    return _execute_task(self, context, task_orig)
  File "/home/airflow/.local/lib/python3.9/site-packages/airflow/models/taskinstance.py", line 767, in _execute_task
    result = _execute_callable(context=context, **execute_callable_kwargs)
  File "/home/airflow/.local/lib/python3.9/site-packages/airflow/models/taskinstance.py", line 733, in _execute_callable
    return ExecutionCallableRunner(
  File "/home/airflow/.local/lib/python3.9/site-packages/airflow/utils/operator_helpers.py", line 252, in run
    return self.func(*args, **kwargs)
  File "/home/airflow/.local/lib/python3.9/site-packages/airflow/models/baseoperator.py", line 422, in wrapper
    return func(self, *args, **kwargs)
  File "/home/airflow/.local/lib/python3.9/site-packages/airflow/operators/python.py", line 238, in execute
    return_value = self.execute_callable()
  File "/home/airflow/.local/lib/python3.9/site-packages/airflow/operators/python.py", line 256, in execute_callable
    return runner.run(*self.op_args, **self.op_kwargs)
  File "/home/airflow/.local/lib/python3.9/site-packages/airflow/utils/operator_helpers.py", line 252, in run
    return self.func(*args, **kwargs)
  File "/opt/airflow/dbt_files/run_dbt.py", line 22, in transform_data
    raise RuntimeError("dbt run failed")
RuntimeError: dbt run failed
[2025-06-05T17:52:18.088+0000] {local_task_job_runner.py:266} INFO - Task exited with return code 1
[2025-06-05T17:52:18.105+0000] {taskinstance.py:3895} INFO - 0 downstream tasks scheduled from follow-on schedule check
[2025-06-05T17:52:18.108+0000] {local_task_job_runner.py:245} INFO - ::endgroup::
