[2025-06-09T22:37:29.822+0000] {local_task_job_runner.py:123} INFO - ::group::Pre task execution logs
[2025-06-09T22:37:29.838+0000] {taskinstance.py:2613} INFO - Dependencies all met for dep_context=non-requeueable deps ti=<TaskInstance: 05_transform_data.run_dbt manual__2025-06-09T22:37:20.347034+00:00 [queued]>
[2025-06-09T22:37:29.845+0000] {taskinstance.py:2613} INFO - Dependencies all met for dep_context=requeueable deps ti=<TaskInstance: 05_transform_data.run_dbt manual__2025-06-09T22:37:20.347034+00:00 [queued]>
[2025-06-09T22:37:29.846+0000] {taskinstance.py:2866} INFO - Starting attempt 1 of 1
[2025-06-09T22:37:29.856+0000] {taskinstance.py:2889} INFO - Executing <Task(PythonOperator): run_dbt> on 2025-06-09 22:37:20.347034+00:00
[2025-06-09T22:37:29.861+0000] {standard_task_runner.py:72} INFO - Started process 6247 to run task
[2025-06-09T22:37:29.863+0000] {standard_task_runner.py:104} INFO - Running: ['***', 'tasks', 'run', '05_transform_data', 'run_dbt', 'manual__2025-06-09T22:37:20.347034+00:00', '--job-id', '645', '--raw', '--subdir', 'DAGS_FOLDER/05_transform_data.py', '--cfg-path', '/tmp/tmp3290mqn8']
[2025-06-09T22:37:29.865+0000] {standard_task_runner.py:105} INFO - Job 645: Subtask run_dbt
[2025-06-09T22:37:29.914+0000] {task_command.py:467} INFO - Running <TaskInstance: 05_transform_data.run_dbt manual__2025-06-09T22:37:20.347034+00:00 [running]> on host 28e6a58e4107
[2025-06-09T22:37:29.987+0000] {taskinstance.py:3132} INFO - Exporting env vars: AIRFLOW_CTX_DAG_OWNER='***' AIRFLOW_CTX_DAG_ID='05_transform_data' AIRFLOW_CTX_TASK_ID='run_dbt' AIRFLOW_CTX_EXECUTION_DATE='2025-06-09T22:37:20.347034+00:00' AIRFLOW_CTX_TRY_NUMBER='1' AIRFLOW_CTX_DAG_RUN_ID='manual__2025-06-09T22:37:20.347034+00:00'
[2025-06-09T22:37:29.988+0000] {taskinstance.py:731} INFO - ::endgroup::
[2025-06-09T22:37:31.396+0000] {logging_mixin.py:190} INFO - 22:37:31  Running with dbt=1.9.5
[2025-06-09T22:37:31.750+0000] {logging_mixin.py:190} INFO - 22:37:31  Registered adapter: postgres=1.9.0
[2025-06-09T22:37:33.084+0000] {logging_mixin.py:190} INFO - 22:37:33  [WARNING]: Configuration paths exist in your dbt_project.yml file which do not apply to any resources.
There are 1 unused configuration paths:
- models.e_commerce_sales.example
[2025-06-09T22:37:33.450+0000] {logging_mixin.py:190} INFO - 22:37:33  Found 18 models, 12 sources, 549 macros, 1 unit test
[2025-06-09T22:37:33.456+0000] {logging_mixin.py:190} INFO - 22:37:33
[2025-06-09T22:37:33.458+0000] {logging_mixin.py:190} INFO - 22:37:33  Concurrency: 4 threads (target='dev')
[2025-06-09T22:37:33.459+0000] {logging_mixin.py:190} INFO - 22:37:33
[2025-06-09T22:37:33.656+0000] {logging_mixin.py:190} INFO - 22:37:33  1 of 18 START sql incremental model sales_stg.stg_mercadolivre ................. [RUN]
[2025-06-09T22:37:33.658+0000] {logging_mixin.py:190} INFO - 22:37:33  2 of 18 START sql incremental model sales_stg.stg_mercadolivre__order_items .... [RUN]
[2025-06-09T22:37:33.659+0000] {logging_mixin.py:190} INFO - 22:37:33  3 of 18 START sql incremental model sales_stg.stg_mercadolivre__payments ....... [RUN]
[2025-06-09T22:37:33.661+0000] {logging_mixin.py:190} INFO - 22:37:33  4 of 18 START sql incremental model sales_stg.stg_mercadolivre_sh .............. [RUN]
[2025-06-09T22:37:33.917+0000] {logging_mixin.py:190} INFO - 22:37:33  4 of 18 ERROR creating sql incremental model sales_stg.stg_mercadolivre_sh ..... [ERROR in 0.24s]
[2025-06-09T22:37:33.923+0000] {logging_mixin.py:190} INFO - 22:37:33  5 of 18 START sql incremental model sales_stg.stg_shopee ....................... [RUN]
[2025-06-09T22:37:33.939+0000] {logging_mixin.py:190} INFO - 22:37:33  1 of 18 OK created sql incremental model sales_stg.stg_mercadolivre ............ [SELECT 415 in 0.27s]
[2025-06-09T22:37:33.940+0000] {logging_mixin.py:190} INFO - 22:37:33  2 of 18 OK created sql incremental model sales_stg.stg_mercadolivre__order_items  [SELECT 415 in 0.27s]
[2025-06-09T22:37:33.942+0000] {logging_mixin.py:190} INFO - 22:37:33  3 of 18 OK created sql incremental model sales_stg.stg_mercadolivre__payments .. [SELECT 437 in 0.27s]
[2025-06-09T22:37:33.958+0000] {logging_mixin.py:190} INFO - 22:37:33  6 of 18 SKIP relation sales.mercadolivre_orders_results ........................ [SKIP]
[2025-06-09T22:37:33.972+0000] {logging_mixin.py:190} INFO - 22:37:33  7 of 18 SKIP relation sales.dim_mercadolivre_buyer ............................. [SKIP]
[2025-06-09T22:37:33.973+0000] {logging_mixin.py:190} INFO - 22:37:33  8 of 18 SKIP relation sales.dim_mercadolivre_date .............................. [SKIP]
[2025-06-09T22:37:33.975+0000] {logging_mixin.py:190} INFO - 22:37:33  9 of 18 SKIP relation sales.dim_mercadolivre_orders_status ..................... [SKIP]
[2025-06-09T22:37:33.983+0000] {logging_mixin.py:190} INFO - 22:37:33  10 of 18 SKIP relation sales.dim_mercadolivre_product .......................... [SKIP]
[2025-06-09T22:37:34.076+0000] {logging_mixin.py:190} INFO - 22:37:34  5 of 18 OK created sql incremental model sales_stg.stg_shopee .................. [SELECT 2875 in 0.14s]
[2025-06-09T22:37:34.082+0000] {logging_mixin.py:190} INFO - 22:37:34  11 of 18 START sql incremental model sales.shopee_orders_results ............... [RUN]
[2025-06-09T22:37:34.178+0000] {logging_mixin.py:190} INFO - 22:37:34  11 of 18 OK created sql incremental model sales.shopee_orders_results .......... [SELECT 0 in 0.09s]
[2025-06-09T22:37:34.185+0000] {logging_mixin.py:190} INFO - 22:37:34  12 of 18 START sql incremental model sales.dim_shopee_buyer .................... [RUN]
[2025-06-09T22:37:34.187+0000] {logging_mixin.py:190} INFO - 22:37:34  13 of 18 START sql incremental model sales.dim_shopee_date ..................... [RUN]
[2025-06-09T22:37:34.189+0000] {logging_mixin.py:190} INFO - 22:37:34  14 of 18 START sql incremental model sales.dim_shopee_orders_status ............ [RUN]
[2025-06-09T22:37:34.190+0000] {logging_mixin.py:190} INFO - 22:37:34  15 of 18 START sql incremental model sales.dim_shopee_product .................. [RUN]
[2025-06-09T22:37:34.346+0000] {logging_mixin.py:190} INFO - 22:37:34  14 of 18 OK created sql incremental model sales.dim_shopee_orders_status ....... [SELECT 0 in 0.15s]
[2025-06-09T22:37:34.348+0000] {logging_mixin.py:190} INFO - 22:37:34  12 of 18 OK created sql incremental model sales.dim_shopee_buyer ............... [SELECT 0 in 0.15s]
[2025-06-09T22:37:34.349+0000] {logging_mixin.py:190} INFO - 22:37:34  13 of 18 OK created sql incremental model sales.dim_shopee_date ................ [SELECT 0 in 0.15s]
[2025-06-09T22:37:34.351+0000] {logging_mixin.py:190} INFO - 22:37:34  15 of 18 OK created sql incremental model sales.dim_shopee_product ............. [SELECT 0 in 0.15s]
[2025-06-09T22:37:34.361+0000] {logging_mixin.py:190} INFO - 22:37:34  16 of 18 START sql view model sales.sum_shopee_monthly_profit .................. [RUN]
[2025-06-09T22:37:34.362+0000] {logging_mixin.py:190} INFO - 22:37:34  17 of 18 START sql view model sales.sum_shopee_monthly_revenue ................. [RUN]
[2025-06-09T22:37:34.363+0000] {logging_mixin.py:190} INFO - 22:37:34  18 of 18 START sql view model sales.sum_shopee_products_sold ................... [RUN]
[2025-06-09T22:37:34.549+0000] {logging_mixin.py:190} INFO - 22:37:34  17 of 18 OK created sql view model sales.sum_shopee_monthly_revenue ............ [CREATE VIEW in 0.18s]
[2025-06-09T22:37:34.553+0000] {logging_mixin.py:190} INFO - 22:37:34  18 of 18 OK created sql view model sales.sum_shopee_products_sold .............. [CREATE VIEW in 0.18s]
[2025-06-09T22:37:34.556+0000] {logging_mixin.py:190} INFO - 22:37:34  16 of 18 OK created sql view model sales.sum_shopee_monthly_profit ............. [CREATE VIEW in 0.19s]
[2025-06-09T22:37:34.580+0000] {logging_mixin.py:190} INFO - 22:37:34
[2025-06-09T22:37:34.582+0000] {logging_mixin.py:190} INFO - 22:37:34  Finished running 15 incremental models, 3 view models in 0 hours 0 minutes and 1.12 seconds (1.12s).
[2025-06-09T22:37:34.657+0000] {logging_mixin.py:190} INFO - 22:37:34
[2025-06-09T22:37:34.659+0000] {logging_mixin.py:190} INFO - 22:37:34  Completed with 1 error, 0 partial successes, and 0 warnings:
[2025-06-09T22:37:34.660+0000] {logging_mixin.py:190} INFO - 22:37:34
[2025-06-09T22:37:34.662+0000] {logging_mixin.py:190} INFO - 22:37:34    Database Error in model stg_mercadolivre_sh (models/staging/stg_mercadolivre_sh.sql)
  relation "entry.entry_mercadolivre_sh" does not exist
  LINE 117:         FROM "sales_db"."entry"."entry_mercadolivre_sh", max...
                         ^
  compiled code at target/run/e_commerce_sales/models/staging/stg_mercadolivre_sh.sql
[2025-06-09T22:37:34.663+0000] {logging_mixin.py:190} INFO - 22:37:34
[2025-06-09T22:37:34.665+0000] {logging_mixin.py:190} INFO - 22:37:34  Done. PASS=12 WARN=0 ERROR=1 SKIP=5 TOTAL=18
[2025-06-09T22:37:36.930+0000] {logging_mixin.py:190} INFO - dbt run failed!
[2025-06-09T22:37:36.931+0000] {logging_mixin.py:190} INFO - None
[2025-06-09T22:37:36.932+0000] {taskinstance.py:3311} ERROR - Task failed with exception
Traceback (most recent call last):
  File "/home/airflow/.local/lib/python3.9/site-packages/airflow/models/taskinstance.py", line 767, in _execute_task
    result = _execute_callable(context=context, **execute_callable_kwargs)
  File "/home/airflow/.local/lib/python3.9/site-packages/airflow/models/taskinstance.py", line 733, in _execute_callable
    return ExecutionCallableRunner(
  File "/home/airflow/.local/lib/python3.9/site-packages/airflow/utils/operator_helpers.py", line 252, in run
    return self.func(*args, **kwargs)
  File "/home/airflow/.local/lib/python3.9/site-packages/airflow/models/baseoperator.py", line 422, in wrapper
    return func(self, *args, **kwargs)
  File "/home/airflow/.local/lib/python3.9/site-packages/airflow/operators/python.py", line 238, in execute
    return_value = self.execute_callable()
  File "/home/airflow/.local/lib/python3.9/site-packages/airflow/operators/python.py", line 256, in execute_callable
    return runner.run(*self.op_args, **self.op_kwargs)
  File "/home/airflow/.local/lib/python3.9/site-packages/airflow/utils/operator_helpers.py", line 252, in run
    return self.func(*args, **kwargs)
  File "/opt/airflow/dbt_files/run_dbt.py", line 22, in transform_data
    raise RuntimeError("dbt run failed")
RuntimeError: dbt run failed
[2025-06-09T22:37:36.942+0000] {taskinstance.py:1225} INFO - Marking task as FAILED. dag_id=05_transform_data, task_id=run_dbt, run_id=manual__2025-06-09T22:37:20.347034+00:00, execution_date=20250609T223720, start_date=20250609T223729, end_date=20250609T223736
[2025-06-09T22:37:36.953+0000] {taskinstance.py:340} INFO - ::group::Post task execution logs
[2025-06-09T22:37:36.954+0000] {standard_task_runner.py:124} ERROR - Failed to execute job 645 for task run_dbt (dbt run failed; 6247)
Traceback (most recent call last):
  File "/home/airflow/.local/lib/python3.9/site-packages/airflow/task/task_runner/standard_task_runner.py", line 117, in _start_by_fork
    ret = args.func(args, dag=self.dag)
  File "/home/airflow/.local/lib/python3.9/site-packages/airflow/cli/cli_config.py", line 49, in command
    return func(*args, **kwargs)
  File "/home/airflow/.local/lib/python3.9/site-packages/airflow/utils/cli.py", line 116, in wrapper
    return f(*args, **kwargs)
  File "/home/airflow/.local/lib/python3.9/site-packages/airflow/cli/commands/task_command.py", line 483, in task_run
    task_return_code = _run_task_by_selected_method(args, _dag, ti)
  File "/home/airflow/.local/lib/python3.9/site-packages/airflow/cli/commands/task_command.py", line 256, in _run_task_by_selected_method
    return _run_raw_task(args, ti)
  File "/home/airflow/.local/lib/python3.9/site-packages/airflow/cli/commands/task_command.py", line 341, in _run_raw_task
    return ti._run_raw_task(
  File "/home/airflow/.local/lib/python3.9/site-packages/airflow/utils/session.py", line 97, in wrapper
    return func(*args, session=session, **kwargs)
  File "/home/airflow/.local/lib/python3.9/site-packages/airflow/models/taskinstance.py", line 3005, in _run_raw_task
    return _run_raw_task(
  File "/home/airflow/.local/lib/python3.9/site-packages/airflow/models/taskinstance.py", line 273, in _run_raw_task
    TaskInstance._execute_task_with_callbacks(
  File "/home/airflow/.local/lib/python3.9/site-packages/airflow/models/taskinstance.py", line 3159, in _execute_task_with_callbacks
    result = self._execute_task(context, task_orig)
  File "/home/airflow/.local/lib/python3.9/site-packages/airflow/models/taskinstance.py", line 3183, in _execute_task
    return _execute_task(self, context, task_orig)
  File "/home/airflow/.local/lib/python3.9/site-packages/airflow/models/taskinstance.py", line 767, in _execute_task
    result = _execute_callable(context=context, **execute_callable_kwargs)
  File "/home/airflow/.local/lib/python3.9/site-packages/airflow/models/taskinstance.py", line 733, in _execute_callable
    return ExecutionCallableRunner(
  File "/home/airflow/.local/lib/python3.9/site-packages/airflow/utils/operator_helpers.py", line 252, in run
    return self.func(*args, **kwargs)
  File "/home/airflow/.local/lib/python3.9/site-packages/airflow/models/baseoperator.py", line 422, in wrapper
    return func(self, *args, **kwargs)
  File "/home/airflow/.local/lib/python3.9/site-packages/airflow/operators/python.py", line 238, in execute
    return_value = self.execute_callable()
  File "/home/airflow/.local/lib/python3.9/site-packages/airflow/operators/python.py", line 256, in execute_callable
    return runner.run(*self.op_args, **self.op_kwargs)
  File "/home/airflow/.local/lib/python3.9/site-packages/airflow/utils/operator_helpers.py", line 252, in run
    return self.func(*args, **kwargs)
  File "/opt/airflow/dbt_files/run_dbt.py", line 22, in transform_data
    raise RuntimeError("dbt run failed")
RuntimeError: dbt run failed
[2025-06-09T22:37:36.989+0000] {local_task_job_runner.py:266} INFO - Task exited with return code 1
[2025-06-09T22:37:37.006+0000] {taskinstance.py:3895} INFO - 0 downstream tasks scheduled from follow-on schedule check
[2025-06-09T22:37:37.008+0000] {local_task_job_runner.py:245} INFO - ::endgroup::
