[2025-05-22T19:18:28.951+0000] {local_task_job_runner.py:123} INFO - ::group::Pre task execution logs
[2025-05-22T19:18:28.970+0000] {taskinstance.py:2613} INFO - Dependencies all met for dep_context=non-requeueable deps ti=<TaskInstance: 04_transform_data.run_dbt manual__2025-05-22T19:18:18.697239+00:00 [queued]>
[2025-05-22T19:18:28.978+0000] {taskinstance.py:2613} INFO - Dependencies all met for dep_context=requeueable deps ti=<TaskInstance: 04_transform_data.run_dbt manual__2025-05-22T19:18:18.697239+00:00 [queued]>
[2025-05-22T19:18:28.980+0000] {taskinstance.py:2866} INFO - Starting attempt 1 of 1
[2025-05-22T19:18:28.992+0000] {taskinstance.py:2889} INFO - Executing <Task(PythonOperator): run_dbt> on 2025-05-22 19:18:18.697239+00:00
[2025-05-22T19:18:28.997+0000] {standard_task_runner.py:72} INFO - Started process 4016 to run task
[2025-05-22T19:18:29.000+0000] {standard_task_runner.py:104} INFO - Running: ['***', 'tasks', 'run', '04_transform_data', 'run_dbt', 'manual__2025-05-22T19:18:18.697239+00:00', '--job-id', '218', '--raw', '--subdir', 'DAGS_FOLDER/04_transform_data.py', '--cfg-path', '/tmp/tmp199ljkl_']
[2025-05-22T19:18:29.002+0000] {standard_task_runner.py:105} INFO - Job 218: Subtask run_dbt
[2025-05-22T19:18:29.055+0000] {task_command.py:467} INFO - Running <TaskInstance: 04_transform_data.run_dbt manual__2025-05-22T19:18:18.697239+00:00 [running]> on host e27e96d1841a
[2025-05-22T19:18:29.141+0000] {taskinstance.py:3132} INFO - Exporting env vars: AIRFLOW_CTX_DAG_OWNER='***' AIRFLOW_CTX_DAG_ID='04_transform_data' AIRFLOW_CTX_TASK_ID='run_dbt' AIRFLOW_CTX_EXECUTION_DATE='2025-05-22T19:18:18.697239+00:00' AIRFLOW_CTX_TRY_NUMBER='1' AIRFLOW_CTX_DAG_RUN_ID='manual__2025-05-22T19:18:18.697239+00:00'
[2025-05-22T19:18:29.143+0000] {taskinstance.py:731} INFO - ::endgroup::
[2025-05-22T19:18:30.733+0000] {logging_mixin.py:190} INFO - 19:18:30  Running with dbt=1.9.4
[2025-05-22T19:18:31.104+0000] {logging_mixin.py:190} INFO - 19:18:31  Registered adapter: postgres=1.9.0
[2025-05-22T19:18:32.879+0000] {logging_mixin.py:190} INFO - 19:18:32  [WARNING]: Configuration paths exist in your dbt_project.yml file which do not apply to any resources.
There are 1 unused configuration paths:
- models.e_commerce_sales.example
[2025-05-22T19:18:33.056+0000] {logging_mixin.py:190} INFO - 19:18:33  Found 11 models, 12 sources, 549 macros
[2025-05-22T19:18:33.060+0000] {logging_mixin.py:190} INFO - 19:18:33
[2025-05-22T19:18:33.062+0000] {logging_mixin.py:190} INFO - 19:18:33  Concurrency: 4 threads (target='dev')
[2025-05-22T19:18:33.063+0000] {logging_mixin.py:190} INFO - 19:18:33
[2025-05-22T19:18:33.196+0000] {logging_mixin.py:190} INFO - 19:18:33  1 of 11 START sql incremental model sales.mercadolivre_orders_results .......... [RUN]
[2025-05-22T19:18:33.198+0000] {logging_mixin.py:190} INFO - 19:18:33  2 of 11 START sql incremental model sales.shopee_new_id ........................ [RUN]
[2025-05-22T19:18:33.546+0000] {logging_mixin.py:190} INFO - 19:18:33  2 of 11 OK created sql incremental model sales.shopee_new_id ................... [MERGE 0 in 0.34s]
[2025-05-22T19:18:33.550+0000] {logging_mixin.py:190} INFO - 19:18:33  1 of 11 OK created sql incremental model sales.mercadolivre_orders_results ..... [MERGE 190 in 0.35s]
[2025-05-22T19:18:33.555+0000] {logging_mixin.py:190} INFO - 19:18:33  3 of 11 START sql incremental model sales.shopee_orders_results ................ [RUN]
[2025-05-22T19:18:33.560+0000] {logging_mixin.py:190} INFO - 19:18:33  4 of 11 START sql incremental model sales.dim_mercadolivre_buyer ............... [RUN]
[2025-05-22T19:18:33.562+0000] {logging_mixin.py:190} INFO - 19:18:33  5 of 11 START sql incremental model sales.dim_mercadolivre_date ................ [RUN]
[2025-05-22T19:18:33.564+0000] {logging_mixin.py:190} INFO - 19:18:33  6 of 11 START sql incremental model sales.dim_mercadolivre_orders_status ....... [RUN]
[2025-05-22T19:18:33.722+0000] {logging_mixin.py:190} INFO - 19:18:33  3 of 11 ERROR creating sql incremental model sales.shopee_orders_results ....... [ERROR in 0.16s]
[2025-05-22T19:18:33.748+0000] {logging_mixin.py:190} INFO - 19:18:33  7 of 11 START sql incremental model sales.dim_mercadolivre_product ............. [RUN]
[2025-05-22T19:18:33.874+0000] {logging_mixin.py:190} INFO - 19:18:33  5 of 11 OK created sql incremental model sales.dim_mercadolivre_date ........... [MERGE 190 in 0.30s]
[2025-05-22T19:18:33.881+0000] {logging_mixin.py:190} INFO - 19:18:33  4 of 11 OK created sql incremental model sales.dim_mercadolivre_buyer .......... [MERGE 188 in 0.31s]
[2025-05-22T19:18:33.883+0000] {logging_mixin.py:190} INFO - 19:18:33  6 of 11 OK created sql incremental model sales.dim_mercadolivre_orders_status .. [MERGE 190 in 0.29s]
[2025-05-22T19:18:33.893+0000] {logging_mixin.py:190} INFO - 19:18:33  8 of 11 SKIP relation sales.dim_shopee_buyer ................................... [SKIP]
[2025-05-22T19:18:33.896+0000] {logging_mixin.py:190} INFO - 19:18:33  9 of 11 SKIP relation sales.dim_shopee_date .................................... [SKIP]
[2025-05-22T19:18:33.905+0000] {logging_mixin.py:190} INFO - 19:18:33  10 of 11 SKIP relation sales.dim_shopee_orders_status .......................... [SKIP]
[2025-05-22T19:18:33.912+0000] {logging_mixin.py:190} INFO - 19:18:33  11 of 11 SKIP relation sales.dim_shopee_product ................................ [SKIP]
[2025-05-22T19:18:33.942+0000] {logging_mixin.py:190} INFO - 19:18:33  7 of 11 OK created sql incremental model sales.dim_mercadolivre_product ........ [MERGE 186 in 0.19s]
[2025-05-22T19:18:33.969+0000] {logging_mixin.py:190} INFO - 19:18:33
[2025-05-22T19:18:33.970+0000] {logging_mixin.py:190} INFO - 19:18:33  Finished running 11 incremental models in 0 hours 0 minutes and 0.90 seconds (0.90s).
[2025-05-22T19:18:34.048+0000] {logging_mixin.py:190} INFO - 19:18:34
[2025-05-22T19:18:34.050+0000] {logging_mixin.py:190} INFO - 19:18:34  Completed with 1 error, 0 partial successes, and 0 warnings:
[2025-05-22T19:18:34.051+0000] {logging_mixin.py:190} INFO - 19:18:34
[2025-05-22T19:18:34.053+0000] {logging_mixin.py:190} INFO - 19:18:34    Database Error in model shopee_orders_results (models/core/shopee_orders_results.sql)
  syntax error at or near "AS"
  LINE 87: ...EXT), '_dbt_utils_surrogate_key_null_') as TEXT)) AS product...
                                                                ^
  compiled code at target/run/e_commerce_sales/models/core/shopee_orders_results.sql
[2025-05-22T19:18:34.055+0000] {logging_mixin.py:190} INFO - 19:18:34
[2025-05-22T19:18:34.056+0000] {logging_mixin.py:190} INFO - 19:18:34  Done. PASS=6 WARN=0 ERROR=1 SKIP=4 TOTAL=11
[2025-05-22T19:18:34.940+0000] {logging_mixin.py:190} INFO - dbt run failed!
[2025-05-22T19:18:34.943+0000] {logging_mixin.py:190} INFO - None
[2025-05-22T19:18:34.945+0000] {taskinstance.py:3311} ERROR - Task failed with exception
Traceback (most recent call last):
  File "/home/airflow/.local/lib/python3.9/site-packages/airflow/models/taskinstance.py", line 767, in _execute_task
    result = _execute_callable(context=context, **execute_callable_kwargs)
  File "/home/airflow/.local/lib/python3.9/site-packages/airflow/models/taskinstance.py", line 733, in _execute_callable
    return ExecutionCallableRunner(
  File "/home/airflow/.local/lib/python3.9/site-packages/airflow/utils/operator_helpers.py", line 252, in run
    return self.func(*args, **kwargs)
  File "/home/airflow/.local/lib/python3.9/site-packages/airflow/models/baseoperator.py", line 422, in wrapper
    return func(self, *args, **kwargs)
  File "/home/airflow/.local/lib/python3.9/site-packages/airflow/operators/python.py", line 238, in execute
    return_value = self.execute_callable()
  File "/home/airflow/.local/lib/python3.9/site-packages/airflow/operators/python.py", line 256, in execute_callable
    return runner.run(*self.op_args, **self.op_kwargs)
  File "/home/airflow/.local/lib/python3.9/site-packages/airflow/utils/operator_helpers.py", line 252, in run
    return self.func(*args, **kwargs)
  File "/opt/airflow/dbt/run_dbt.py", line 22, in transform_data
    raise RuntimeError("dbt run failed")
RuntimeError: dbt run failed
[2025-05-22T19:18:34.957+0000] {taskinstance.py:1225} INFO - Marking task as FAILED. dag_id=04_transform_data, task_id=run_dbt, run_id=manual__2025-05-22T19:18:18.697239+00:00, execution_date=20250522T191818, start_date=20250522T191828, end_date=20250522T191834
[2025-05-22T19:18:34.970+0000] {taskinstance.py:340} INFO - ::group::Post task execution logs
[2025-05-22T19:18:34.971+0000] {standard_task_runner.py:124} ERROR - Failed to execute job 218 for task run_dbt (dbt run failed; 4016)
Traceback (most recent call last):
  File "/home/airflow/.local/lib/python3.9/site-packages/airflow/task/task_runner/standard_task_runner.py", line 117, in _start_by_fork
    ret = args.func(args, dag=self.dag)
  File "/home/airflow/.local/lib/python3.9/site-packages/airflow/cli/cli_config.py", line 49, in command
    return func(*args, **kwargs)
  File "/home/airflow/.local/lib/python3.9/site-packages/airflow/utils/cli.py", line 116, in wrapper
    return f(*args, **kwargs)
  File "/home/airflow/.local/lib/python3.9/site-packages/airflow/cli/commands/task_command.py", line 483, in task_run
    task_return_code = _run_task_by_selected_method(args, _dag, ti)
  File "/home/airflow/.local/lib/python3.9/site-packages/airflow/cli/commands/task_command.py", line 256, in _run_task_by_selected_method
    return _run_raw_task(args, ti)
  File "/home/airflow/.local/lib/python3.9/site-packages/airflow/cli/commands/task_command.py", line 341, in _run_raw_task
    return ti._run_raw_task(
  File "/home/airflow/.local/lib/python3.9/site-packages/airflow/utils/session.py", line 97, in wrapper
    return func(*args, session=session, **kwargs)
  File "/home/airflow/.local/lib/python3.9/site-packages/airflow/models/taskinstance.py", line 3005, in _run_raw_task
    return _run_raw_task(
  File "/home/airflow/.local/lib/python3.9/site-packages/airflow/models/taskinstance.py", line 273, in _run_raw_task
    TaskInstance._execute_task_with_callbacks(
  File "/home/airflow/.local/lib/python3.9/site-packages/airflow/models/taskinstance.py", line 3159, in _execute_task_with_callbacks
    result = self._execute_task(context, task_orig)
  File "/home/airflow/.local/lib/python3.9/site-packages/airflow/models/taskinstance.py", line 3183, in _execute_task
    return _execute_task(self, context, task_orig)
  File "/home/airflow/.local/lib/python3.9/site-packages/airflow/models/taskinstance.py", line 767, in _execute_task
    result = _execute_callable(context=context, **execute_callable_kwargs)
  File "/home/airflow/.local/lib/python3.9/site-packages/airflow/models/taskinstance.py", line 733, in _execute_callable
    return ExecutionCallableRunner(
  File "/home/airflow/.local/lib/python3.9/site-packages/airflow/utils/operator_helpers.py", line 252, in run
    return self.func(*args, **kwargs)
  File "/home/airflow/.local/lib/python3.9/site-packages/airflow/models/baseoperator.py", line 422, in wrapper
    return func(self, *args, **kwargs)
  File "/home/airflow/.local/lib/python3.9/site-packages/airflow/operators/python.py", line 238, in execute
    return_value = self.execute_callable()
  File "/home/airflow/.local/lib/python3.9/site-packages/airflow/operators/python.py", line 256, in execute_callable
    return runner.run(*self.op_args, **self.op_kwargs)
  File "/home/airflow/.local/lib/python3.9/site-packages/airflow/utils/operator_helpers.py", line 252, in run
    return self.func(*args, **kwargs)
  File "/opt/airflow/dbt/run_dbt.py", line 22, in transform_data
    raise RuntimeError("dbt run failed")
RuntimeError: dbt run failed
[2025-05-22T19:18:34.996+0000] {local_task_job_runner.py:266} INFO - Task exited with return code 1
[2025-05-22T19:18:35.013+0000] {taskinstance.py:3895} INFO - 0 downstream tasks scheduled from follow-on schedule check
[2025-05-22T19:18:35.016+0000] {local_task_job_runner.py:245} INFO - ::endgroup::
