[2025-05-22T14:24:54.041+0000] {local_task_job_runner.py:123} INFO - ::group::Pre task execution logs
[2025-05-22T14:24:54.059+0000] {taskinstance.py:2613} INFO - Dependencies all met for dep_context=non-requeueable deps ti=<TaskInstance: 04_transform_data.run_dbt manual__2025-05-22T14:24:52.305738+00:00 [queued]>
[2025-05-22T14:24:54.068+0000] {taskinstance.py:2613} INFO - Dependencies all met for dep_context=requeueable deps ti=<TaskInstance: 04_transform_data.run_dbt manual__2025-05-22T14:24:52.305738+00:00 [queued]>
[2025-05-22T14:24:54.070+0000] {taskinstance.py:2866} INFO - Starting attempt 1 of 1
[2025-05-22T14:24:54.083+0000] {taskinstance.py:2889} INFO - Executing <Task(PythonOperator): run_dbt> on 2025-05-22 14:24:52.305738+00:00
[2025-05-22T14:24:54.087+0000] {standard_task_runner.py:72} INFO - Started process 1035 to run task
[2025-05-22T14:24:54.090+0000] {standard_task_runner.py:104} INFO - Running: ['***', 'tasks', 'run', '04_transform_data', 'run_dbt', 'manual__2025-05-22T14:24:52.305738+00:00', '--job-id', '182', '--raw', '--subdir', 'DAGS_FOLDER/04_transform_data.py', '--cfg-path', '/tmp/tmpmzrzatf1']
[2025-05-22T14:24:54.092+0000] {standard_task_runner.py:105} INFO - Job 182: Subtask run_dbt
[2025-05-22T14:24:54.147+0000] {task_command.py:467} INFO - Running <TaskInstance: 04_transform_data.run_dbt manual__2025-05-22T14:24:52.305738+00:00 [running]> on host e27e96d1841a
[2025-05-22T14:24:54.232+0000] {taskinstance.py:3132} INFO - Exporting env vars: AIRFLOW_CTX_DAG_OWNER='***' AIRFLOW_CTX_DAG_ID='04_transform_data' AIRFLOW_CTX_TASK_ID='run_dbt' AIRFLOW_CTX_EXECUTION_DATE='2025-05-22T14:24:52.305738+00:00' AIRFLOW_CTX_TRY_NUMBER='1' AIRFLOW_CTX_DAG_RUN_ID='manual__2025-05-22T14:24:52.305738+00:00'
[2025-05-22T14:24:54.233+0000] {taskinstance.py:731} INFO - ::endgroup::
[2025-05-22T14:24:55.892+0000] {logging_mixin.py:190} INFO - 14:24:55  Running with dbt=1.9.4
[2025-05-22T14:24:56.242+0000] {logging_mixin.py:190} INFO - 14:24:56  Registered adapter: postgres=1.9.0
[2025-05-22T14:24:57.371+0000] {logging_mixin.py:190} INFO - 14:24:57  [WARNING]: Configuration paths exist in your dbt_project.yml file which do not apply to any resources.
There are 1 unused configuration paths:
- models.e_commerce_sales.example
[2025-05-22T14:24:57.538+0000] {logging_mixin.py:190} INFO - 14:24:57  Found 12 models, 12 sources, 433 macros
[2025-05-22T14:24:57.543+0000] {logging_mixin.py:190} INFO - 14:24:57
[2025-05-22T14:24:57.545+0000] {logging_mixin.py:190} INFO - 14:24:57  Concurrency: 4 threads (target='dev')
[2025-05-22T14:24:57.546+0000] {logging_mixin.py:190} INFO - 14:24:57
[2025-05-22T14:24:57.677+0000] {logging_mixin.py:190} INFO - 14:24:57  1 of 12 START sql incremental model sales.mercadolivre_orders_results .......... [RUN]
[2025-05-22T14:24:57.679+0000] {logging_mixin.py:190} INFO - 14:24:57  2 of 12 START sql incremental model sales.shopee_new_id ........................ [RUN]
[2025-05-22T14:24:57.985+0000] {logging_mixin.py:190} INFO - 14:24:57  1 of 12 OK created sql incremental model sales.mercadolivre_orders_results ..... [SELECT 292 in 0.30s]
[2025-05-22T14:24:57.993+0000] {logging_mixin.py:190} INFO - 14:24:57  3 of 12 START sql incremental model sales.dim_mercadolivre_buyer ............... [RUN]
[2025-05-22T14:24:57.995+0000] {logging_mixin.py:190} INFO - 14:24:57  4 of 12 START sql incremental model sales.dim_mercadolivre_date ................ [RUN]
[2025-05-22T14:24:57.996+0000] {logging_mixin.py:190} INFO - 14:24:57  5 of 12 START sql incremental model sales.dim_mercadolivre_orders_status ....... [RUN]
[2025-05-22T14:24:58.068+0000] {logging_mixin.py:190} INFO - 14:24:58  2 of 12 OK created sql incremental model sales.shopee_new_id ................... [MERGE 0 in 0.36s]
[2025-05-22T14:24:58.083+0000] {logging_mixin.py:190} INFO - 14:24:58  6 of 12 START sql incremental model sales.dim_mercadolivre_product ............. [RUN]
[2025-05-22T14:24:58.279+0000] {logging_mixin.py:190} INFO - 14:24:58  5 of 12 OK created sql incremental model sales.dim_mercadolivre_orders_status .. [MERGE 190 in 0.27s]
[2025-05-22T14:24:58.281+0000] {logging_mixin.py:190} INFO - 14:24:58  3 of 12 OK created sql incremental model sales.dim_mercadolivre_buyer .......... [MERGE 188 in 0.28s]
[2025-05-22T14:24:58.291+0000] {logging_mixin.py:190} INFO - 14:24:58  4 of 12 OK created sql incremental model sales.dim_mercadolivre_date ........... [MERGE 203 in 0.29s]
[2025-05-22T14:24:58.294+0000] {logging_mixin.py:190} INFO - 14:24:58  7 of 12 START sql incremental model sales.mercadolivre_profits ................. [RUN]
[2025-05-22T14:24:58.298+0000] {logging_mixin.py:190} INFO - 14:24:58  8 of 12 START sql incremental model sales.shopee_orders_results ................ [RUN]
[2025-05-22T14:24:58.340+0000] {logging_mixin.py:190} INFO - 14:24:58  6 of 12 OK created sql incremental model sales.dim_mercadolivre_product ........ [MERGE 186 in 0.25s]
[2025-05-22T14:24:58.389+0000] {logging_mixin.py:190} INFO - 14:24:58  7 of 12 ERROR creating sql incremental model sales.mercadolivre_profits ........ [ERROR in 0.09s]
[2025-05-22T14:24:58.452+0000] {logging_mixin.py:190} INFO - 14:24:58  8 of 12 OK created sql incremental model sales.shopee_orders_results ........... [MERGE 0 in 0.15s]
[2025-05-22T14:24:58.459+0000] {logging_mixin.py:190} INFO - 14:24:58  9 of 12 START sql incremental model sales.dim_shopee_buyer_id .................. [RUN]
[2025-05-22T14:24:58.461+0000] {logging_mixin.py:190} INFO - 14:24:58  10 of 12 START sql incremental model sales.dim_shopee_date ..................... [RUN]
[2025-05-22T14:24:58.463+0000] {logging_mixin.py:190} INFO - 14:24:58  11 of 12 START sql incremental model sales.dim_shopee_orders_status ............ [RUN]
[2025-05-22T14:24:58.465+0000] {logging_mixin.py:190} INFO - 14:24:58  12 of 12 START sql incremental model sales.dim_shopee_product .................. [RUN]
[2025-05-22T14:24:58.757+0000] {logging_mixin.py:190} INFO - 14:24:58  9 of 12 OK created sql incremental model sales.dim_shopee_buyer_id ............. [MERGE 0 in 0.28s]
[2025-05-22T14:24:58.761+0000] {logging_mixin.py:190} INFO - 14:24:58  11 of 12 OK created sql incremental model sales.dim_shopee_orders_status ....... [MERGE 0 in 0.28s]
[2025-05-22T14:24:58.770+0000] {logging_mixin.py:190} INFO - 14:24:58  10 of 12 OK created sql incremental model sales.dim_shopee_date ................ [MERGE 0 in 0.30s]
[2025-05-22T14:24:58.773+0000] {logging_mixin.py:190} INFO - 14:24:58  12 of 12 OK created sql incremental model sales.dim_shopee_product ............. [MERGE 0 in 0.29s]
[2025-05-22T14:24:58.797+0000] {logging_mixin.py:190} INFO - 14:24:58
[2025-05-22T14:24:58.799+0000] {logging_mixin.py:190} INFO - 14:24:58  Finished running 12 incremental models in 0 hours 0 minutes and 1.25 seconds (1.25s).
[2025-05-22T14:24:58.865+0000] {logging_mixin.py:190} INFO - 14:24:58
[2025-05-22T14:24:58.867+0000] {logging_mixin.py:190} INFO - 14:24:58  Completed with 1 error, 0 partial successes, and 0 warnings:
[2025-05-22T14:24:58.868+0000] {logging_mixin.py:190} INFO - 14:24:58
[2025-05-22T14:24:58.870+0000] {logging_mixin.py:190} INFO - 14:24:58    Database Error in model mercadolivre_profits (models/core/mercadolivre_profits.sql)
  column reference "seller_ship_cost" is ambiguous
  LINE 100: ...rs_results.fee + orders_costs.total_prod_cost)) - seller_shi...
                                                                 ^
[2025-05-22T14:24:58.871+0000] {logging_mixin.py:190} INFO - 14:24:58
[2025-05-22T14:24:58.873+0000] {logging_mixin.py:190} INFO - 14:24:58  Done. PASS=11 WARN=0 ERROR=1 SKIP=0 TOTAL=12
[2025-05-22T14:24:59.744+0000] {logging_mixin.py:190} INFO - dbt run failed!
[2025-05-22T14:24:59.745+0000] {logging_mixin.py:190} INFO - None
[2025-05-22T14:24:59.746+0000] {taskinstance.py:3311} ERROR - Task failed with exception
Traceback (most recent call last):
  File "/home/airflow/.local/lib/python3.9/site-packages/airflow/models/taskinstance.py", line 767, in _execute_task
    result = _execute_callable(context=context, **execute_callable_kwargs)
  File "/home/airflow/.local/lib/python3.9/site-packages/airflow/models/taskinstance.py", line 733, in _execute_callable
    return ExecutionCallableRunner(
  File "/home/airflow/.local/lib/python3.9/site-packages/airflow/utils/operator_helpers.py", line 252, in run
    return self.func(*args, **kwargs)
  File "/home/airflow/.local/lib/python3.9/site-packages/airflow/models/baseoperator.py", line 422, in wrapper
    return func(self, *args, **kwargs)
  File "/home/airflow/.local/lib/python3.9/site-packages/airflow/operators/python.py", line 238, in execute
    return_value = self.execute_callable()
  File "/home/airflow/.local/lib/python3.9/site-packages/airflow/operators/python.py", line 256, in execute_callable
    return runner.run(*self.op_args, **self.op_kwargs)
  File "/home/airflow/.local/lib/python3.9/site-packages/airflow/utils/operator_helpers.py", line 252, in run
    return self.func(*args, **kwargs)
  File "/opt/airflow/dbt/run_dbt.py", line 22, in transform_data
    raise RuntimeError("dbt run failed")
RuntimeError: dbt run failed
[2025-05-22T14:24:59.757+0000] {taskinstance.py:1225} INFO - Marking task as FAILED. dag_id=04_transform_data, task_id=run_dbt, run_id=manual__2025-05-22T14:24:52.305738+00:00, execution_date=20250522T142452, start_date=20250522T142454, end_date=20250522T142459
[2025-05-22T14:24:59.769+0000] {taskinstance.py:340} INFO - ::group::Post task execution logs
[2025-05-22T14:24:59.771+0000] {standard_task_runner.py:124} ERROR - Failed to execute job 182 for task run_dbt (dbt run failed; 1035)
Traceback (most recent call last):
  File "/home/airflow/.local/lib/python3.9/site-packages/airflow/task/task_runner/standard_task_runner.py", line 117, in _start_by_fork
    ret = args.func(args, dag=self.dag)
  File "/home/airflow/.local/lib/python3.9/site-packages/airflow/cli/cli_config.py", line 49, in command
    return func(*args, **kwargs)
  File "/home/airflow/.local/lib/python3.9/site-packages/airflow/utils/cli.py", line 116, in wrapper
    return f(*args, **kwargs)
  File "/home/airflow/.local/lib/python3.9/site-packages/airflow/cli/commands/task_command.py", line 483, in task_run
    task_return_code = _run_task_by_selected_method(args, _dag, ti)
  File "/home/airflow/.local/lib/python3.9/site-packages/airflow/cli/commands/task_command.py", line 256, in _run_task_by_selected_method
    return _run_raw_task(args, ti)
  File "/home/airflow/.local/lib/python3.9/site-packages/airflow/cli/commands/task_command.py", line 341, in _run_raw_task
    return ti._run_raw_task(
  File "/home/airflow/.local/lib/python3.9/site-packages/airflow/utils/session.py", line 97, in wrapper
    return func(*args, session=session, **kwargs)
  File "/home/airflow/.local/lib/python3.9/site-packages/airflow/models/taskinstance.py", line 3005, in _run_raw_task
    return _run_raw_task(
  File "/home/airflow/.local/lib/python3.9/site-packages/airflow/models/taskinstance.py", line 273, in _run_raw_task
    TaskInstance._execute_task_with_callbacks(
  File "/home/airflow/.local/lib/python3.9/site-packages/airflow/models/taskinstance.py", line 3159, in _execute_task_with_callbacks
    result = self._execute_task(context, task_orig)
  File "/home/airflow/.local/lib/python3.9/site-packages/airflow/models/taskinstance.py", line 3183, in _execute_task
    return _execute_task(self, context, task_orig)
  File "/home/airflow/.local/lib/python3.9/site-packages/airflow/models/taskinstance.py", line 767, in _execute_task
    result = _execute_callable(context=context, **execute_callable_kwargs)
  File "/home/airflow/.local/lib/python3.9/site-packages/airflow/models/taskinstance.py", line 733, in _execute_callable
    return ExecutionCallableRunner(
  File "/home/airflow/.local/lib/python3.9/site-packages/airflow/utils/operator_helpers.py", line 252, in run
    return self.func(*args, **kwargs)
  File "/home/airflow/.local/lib/python3.9/site-packages/airflow/models/baseoperator.py", line 422, in wrapper
    return func(self, *args, **kwargs)
  File "/home/airflow/.local/lib/python3.9/site-packages/airflow/operators/python.py", line 238, in execute
    return_value = self.execute_callable()
  File "/home/airflow/.local/lib/python3.9/site-packages/airflow/operators/python.py", line 256, in execute_callable
    return runner.run(*self.op_args, **self.op_kwargs)
  File "/home/airflow/.local/lib/python3.9/site-packages/airflow/utils/operator_helpers.py", line 252, in run
    return self.func(*args, **kwargs)
  File "/opt/airflow/dbt/run_dbt.py", line 22, in transform_data
    raise RuntimeError("dbt run failed")
RuntimeError: dbt run failed
[2025-05-22T14:24:59.803+0000] {local_task_job_runner.py:266} INFO - Task exited with return code 1
[2025-05-22T14:24:59.820+0000] {taskinstance.py:3895} INFO - 0 downstream tasks scheduled from follow-on schedule check
[2025-05-22T14:24:59.823+0000] {local_task_job_runner.py:245} INFO - ::endgroup::
