[2025-06-09T22:23:22.906+0000] {local_task_job_runner.py:123} INFO - ::group::Pre task execution logs
[2025-06-09T22:23:22.924+0000] {taskinstance.py:2613} INFO - Dependencies all met for dep_context=non-requeueable deps ti=<TaskInstance: 05_transform_data.run_dbt manual__2025-06-09T22:23:13.736288+00:00 [queued]>
[2025-06-09T22:23:22.933+0000] {taskinstance.py:2613} INFO - Dependencies all met for dep_context=requeueable deps ti=<TaskInstance: 05_transform_data.run_dbt manual__2025-06-09T22:23:13.736288+00:00 [queued]>
[2025-06-09T22:23:22.934+0000] {taskinstance.py:2866} INFO - Starting attempt 1 of 1
[2025-06-09T22:23:22.948+0000] {taskinstance.py:2889} INFO - Executing <Task(PythonOperator): run_dbt> on 2025-06-09 22:23:13.736288+00:00
[2025-06-09T22:23:22.953+0000] {standard_task_runner.py:72} INFO - Started process 5883 to run task
[2025-06-09T22:23:22.956+0000] {standard_task_runner.py:104} INFO - Running: ['***', 'tasks', 'run', '05_transform_data', 'run_dbt', 'manual__2025-06-09T22:23:13.736288+00:00', '--job-id', '631', '--raw', '--subdir', 'DAGS_FOLDER/05_transform_data.py', '--cfg-path', '/tmp/tmpbww1fgj5']
[2025-06-09T22:23:22.958+0000] {standard_task_runner.py:105} INFO - Job 631: Subtask run_dbt
[2025-06-09T22:23:23.011+0000] {task_command.py:467} INFO - Running <TaskInstance: 05_transform_data.run_dbt manual__2025-06-09T22:23:13.736288+00:00 [running]> on host 28e6a58e4107
[2025-06-09T22:23:23.094+0000] {taskinstance.py:3132} INFO - Exporting env vars: AIRFLOW_CTX_DAG_OWNER='***' AIRFLOW_CTX_DAG_ID='05_transform_data' AIRFLOW_CTX_TASK_ID='run_dbt' AIRFLOW_CTX_EXECUTION_DATE='2025-06-09T22:23:13.736288+00:00' AIRFLOW_CTX_TRY_NUMBER='1' AIRFLOW_CTX_DAG_RUN_ID='manual__2025-06-09T22:23:13.736288+00:00'
[2025-06-09T22:23:23.096+0000] {taskinstance.py:731} INFO - ::endgroup::
[2025-06-09T22:23:24.703+0000] {logging_mixin.py:190} INFO - 22:23:24  Running with dbt=1.9.5
[2025-06-09T22:23:25.085+0000] {logging_mixin.py:190} INFO - 22:23:25  Registered adapter: postgres=1.9.0
[2025-06-09T22:23:25.548+0000] {logging_mixin.py:190} INFO - 22:23:25  Unable to do partial parsing because a project config has changed
[2025-06-09T22:23:28.529+0000] {logging_mixin.py:190} INFO - 22:23:28  [WARNING]: Configuration paths exist in your dbt_project.yml file which do not apply to any resources.
There are 1 unused configuration paths:
- models.e_commerce_sales.example
[2025-06-09T22:23:28.725+0000] {logging_mixin.py:190} INFO - 22:23:28  Found 18 models, 12 sources, 549 macros, 1 unit test
[2025-06-09T22:23:28.730+0000] {logging_mixin.py:190} INFO - 22:23:28
[2025-06-09T22:23:28.732+0000] {logging_mixin.py:190} INFO - 22:23:28  Concurrency: 4 threads (target='dev')
[2025-06-09T22:23:28.734+0000] {logging_mixin.py:190} INFO - 22:23:28
[2025-06-09T22:23:28.928+0000] {logging_mixin.py:190} INFO - 22:23:28  1 of 18 START sql incremental model sales_stg.stg_mercadolivre ................. [RUN]
[2025-06-09T22:23:28.930+0000] {logging_mixin.py:190} INFO - 22:23:28  2 of 18 START sql incremental model sales_stg.stg_mercadolivre__order_items .... [RUN]
[2025-06-09T22:23:28.932+0000] {logging_mixin.py:190} INFO - 22:23:28  3 of 18 START sql incremental model sales_stg.stg_mercadolivre__payments ....... [RUN]
[2025-06-09T22:23:28.933+0000] {logging_mixin.py:190} INFO - 22:23:28  4 of 18 START sql incremental model sales_stg.stg_mercadolivre_sh .............. [RUN]
[2025-06-09T22:23:29.145+0000] {logging_mixin.py:190} INFO - 22:23:29  4 of 18 ERROR creating sql incremental model sales_stg.stg_mercadolivre_sh ..... [ERROR in 0.20s]
[2025-06-09T22:23:29.150+0000] {logging_mixin.py:190} INFO - 22:23:29  2 of 18 ERROR creating sql incremental model sales_stg.stg_mercadolivre__order_items  [ERROR in 0.21s]
[2025-06-09T22:23:29.154+0000] {logging_mixin.py:190} INFO - 22:23:29  1 of 18 ERROR creating sql incremental model sales_stg.stg_mercadolivre ........ [ERROR in 0.21s]
[2025-06-09T22:23:29.156+0000] {logging_mixin.py:190} INFO - 22:23:29  3 of 18 ERROR creating sql incremental model sales_stg.stg_mercadolivre__payments  [ERROR in 0.21s]
[2025-06-09T22:23:29.163+0000] {logging_mixin.py:190} INFO - 22:23:29  5 of 18 START sql incremental model sales_stg.stg_shopee ....................... [RUN]
[2025-06-09T22:23:29.179+0000] {logging_mixin.py:190} INFO - 22:23:29  6 of 18 SKIP relation sales.mercadolivre_orders_results ........................ [SKIP]
[2025-06-09T22:23:29.186+0000] {logging_mixin.py:190} INFO - 22:23:29  7 of 18 SKIP relation sales.dim_mercadolivre_buyer ............................. [SKIP]
[2025-06-09T22:23:29.188+0000] {logging_mixin.py:190} INFO - 22:23:29  8 of 18 SKIP relation sales.dim_mercadolivre_date .............................. [SKIP]
[2025-06-09T22:23:29.190+0000] {logging_mixin.py:190} INFO - 22:23:29  9 of 18 SKIP relation sales.dim_mercadolivre_orders_status ..................... [SKIP]
[2025-06-09T22:23:29.203+0000] {logging_mixin.py:190} INFO - 22:23:29  10 of 18 SKIP relation sales.dim_mercadolivre_product .......................... [SKIP]
[2025-06-09T22:23:30.913+0000] {logging_mixin.py:190} INFO - 22:23:30  5 of 18 OK created sql incremental model sales_stg.stg_shopee .................. [SELECT 23000 in 1.74s]
[2025-06-09T22:23:30.919+0000] {logging_mixin.py:190} INFO - 22:23:30  11 of 18 START sql incremental model sales.shopee_orders_results ............... [RUN]
[2025-06-09T22:23:31.089+0000] {logging_mixin.py:190} INFO - 22:23:31  11 of 18 OK created sql incremental model sales.shopee_orders_results .......... [SELECT 0 in 0.17s]
[2025-06-09T22:23:31.096+0000] {logging_mixin.py:190} INFO - 22:23:31  12 of 18 START sql incremental model sales.dim_shopee_buyer .................... [RUN]
[2025-06-09T22:23:31.099+0000] {logging_mixin.py:190} INFO - 22:23:31  13 of 18 START sql incremental model sales.dim_shopee_date ..................... [RUN]
[2025-06-09T22:23:31.100+0000] {logging_mixin.py:190} INFO - 22:23:31  14 of 18 START sql incremental model sales.dim_shopee_orders_status ............ [RUN]
[2025-06-09T22:23:31.102+0000] {logging_mixin.py:190} INFO - 22:23:31  15 of 18 START sql incremental model sales.dim_shopee_product .................. [RUN]
[2025-06-09T22:23:31.214+0000] {logging_mixin.py:190} INFO - 22:23:31  12 of 18 ERROR creating sql incremental model sales.dim_shopee_buyer ........... [ERROR in 0.11s]
[2025-06-09T22:23:31.248+0000] {logging_mixin.py:190} INFO - 22:23:31  13 of 18 OK created sql incremental model sales.dim_shopee_date ................ [SELECT 0 in 0.14s]
[2025-06-09T22:23:31.250+0000] {logging_mixin.py:190} INFO - 22:23:31  15 of 18 OK created sql incremental model sales.dim_shopee_product ............. [SELECT 0 in 0.14s]
[2025-06-09T22:23:31.252+0000] {logging_mixin.py:190} INFO - 22:23:31  14 of 18 OK created sql incremental model sales.dim_shopee_orders_status ....... [SELECT 0 in 0.14s]
[2025-06-09T22:23:31.260+0000] {logging_mixin.py:190} INFO - 22:23:31  16 of 18 START sql view model sales.sum_shopee_monthly_profit .................. [RUN]
[2025-06-09T22:23:31.261+0000] {logging_mixin.py:190} INFO - 22:23:31  17 of 18 START sql view model sales.sum_shopee_monthly_revenue ................. [RUN]
[2025-06-09T22:23:31.264+0000] {logging_mixin.py:190} INFO - 22:23:31  18 of 18 START sql view model sales.sum_shopee_products_sold ................... [RUN]
[2025-06-09T22:23:31.452+0000] {logging_mixin.py:190} INFO - 22:23:31  17 of 18 OK created sql view model sales.sum_shopee_monthly_revenue ............ [CREATE VIEW in 0.18s]
[2025-06-09T22:23:31.458+0000] {logging_mixin.py:190} INFO - 22:23:31  18 of 18 OK created sql view model sales.sum_shopee_products_sold .............. [CREATE VIEW in 0.19s]
[2025-06-09T22:23:31.460+0000] {logging_mixin.py:190} INFO - 22:23:31  16 of 18 OK created sql view model sales.sum_shopee_monthly_profit ............. [CREATE VIEW in 0.19s]
[2025-06-09T22:23:31.484+0000] {logging_mixin.py:190} INFO - 22:23:31
[2025-06-09T22:23:31.485+0000] {logging_mixin.py:190} INFO - 22:23:31  Finished running 15 incremental models, 3 view models in 0 hours 0 minutes and 2.75 seconds (2.75s).
[2025-06-09T22:23:31.562+0000] {logging_mixin.py:190} INFO - 22:23:31
[2025-06-09T22:23:31.563+0000] {logging_mixin.py:190} INFO - 22:23:31  Completed with 5 errors, 0 partial successes, and 0 warnings:
[2025-06-09T22:23:31.565+0000] {logging_mixin.py:190} INFO - 22:23:31
[2025-06-09T22:23:31.566+0000] {logging_mixin.py:190} INFO - 22:23:31    Database Error in model stg_mercadolivre_sh (models/staging/stg_mercadolivre_sh.sql)
  syntax error at or near ")"
  LINE 15: WITH max_timestamp AS (SELECT CURRENT_TIME() AS load_timesta...
                                                      ^
  compiled code at target/run/e_commerce_sales/models/staging/stg_mercadolivre_sh.sql
[2025-06-09T22:23:31.568+0000] {logging_mixin.py:190} INFO - 22:23:31
[2025-06-09T22:23:31.570+0000] {logging_mixin.py:190} INFO - 22:23:31    Database Error in model stg_mercadolivre__order_items (models/staging/stg_mercadolivre__order_items.sql)
  syntax error at or near ")"
  LINE 16: WITH max_timestamp AS (SELECT CURRENT_TIME() AS load_timesta...
                                                      ^
  compiled code at target/run/e_commerce_sales/models/staging/stg_mercadolivre__order_items.sql
[2025-06-09T22:23:31.571+0000] {logging_mixin.py:190} INFO - 22:23:31
[2025-06-09T22:23:31.573+0000] {logging_mixin.py:190} INFO - 22:23:31    Database Error in model stg_mercadolivre (models/staging/stg_mercadolivre.sql)
  syntax error at or near ")"
  LINE 15: WITH max_timestamp AS (SELECT CURRENT_TIME() AS load_timesta...
                                                      ^
  compiled code at target/run/e_commerce_sales/models/staging/stg_mercadolivre.sql
[2025-06-09T22:23:31.575+0000] {logging_mixin.py:190} INFO - 22:23:31
[2025-06-09T22:23:31.577+0000] {logging_mixin.py:190} INFO - 22:23:31    Database Error in model stg_mercadolivre__payments (models/staging/stg_mercadolivre__payments.sql)
  syntax error at or near ")"
  LINE 15: WITH max_timestamp AS (SELECT CURRENT_TIME() AS load_timesta...
                                                      ^
  compiled code at target/run/e_commerce_sales/models/staging/stg_mercadolivre__payments.sql
[2025-06-09T22:23:31.580+0000] {logging_mixin.py:190} INFO - 22:23:31
[2025-06-09T22:23:31.582+0000] {logging_mixin.py:190} INFO - 22:23:31    Database Error in model dim_shopee_buyer (models/core/dim_shopee_buyer.sql)
  relation "sales.stg_shopee" does not exist
  LINE 18:             FROM sales.stg_shopee                           ...
                            ^
  compiled code at target/run/e_commerce_sales/models/core/dim_shopee_buyer.sql
[2025-06-09T22:23:31.584+0000] {logging_mixin.py:190} INFO - 22:23:31
[2025-06-09T22:23:31.586+0000] {logging_mixin.py:190} INFO - 22:23:31  Done. PASS=8 WARN=0 ERROR=5 SKIP=5 TOTAL=18
[2025-06-09T22:23:32.461+0000] {logging_mixin.py:190} INFO - dbt run failed!
[2025-06-09T22:23:32.462+0000] {logging_mixin.py:190} INFO - None
[2025-06-09T22:23:32.463+0000] {taskinstance.py:3311} ERROR - Task failed with exception
Traceback (most recent call last):
  File "/home/airflow/.local/lib/python3.9/site-packages/airflow/models/taskinstance.py", line 767, in _execute_task
    result = _execute_callable(context=context, **execute_callable_kwargs)
  File "/home/airflow/.local/lib/python3.9/site-packages/airflow/models/taskinstance.py", line 733, in _execute_callable
    return ExecutionCallableRunner(
  File "/home/airflow/.local/lib/python3.9/site-packages/airflow/utils/operator_helpers.py", line 252, in run
    return self.func(*args, **kwargs)
  File "/home/airflow/.local/lib/python3.9/site-packages/airflow/models/baseoperator.py", line 422, in wrapper
    return func(self, *args, **kwargs)
  File "/home/airflow/.local/lib/python3.9/site-packages/airflow/operators/python.py", line 238, in execute
    return_value = self.execute_callable()
  File "/home/airflow/.local/lib/python3.9/site-packages/airflow/operators/python.py", line 256, in execute_callable
    return runner.run(*self.op_args, **self.op_kwargs)
  File "/home/airflow/.local/lib/python3.9/site-packages/airflow/utils/operator_helpers.py", line 252, in run
    return self.func(*args, **kwargs)
  File "/opt/airflow/dbt_files/run_dbt.py", line 22, in transform_data
    raise RuntimeError("dbt run failed")
RuntimeError: dbt run failed
[2025-06-09T22:23:32.474+0000] {taskinstance.py:1225} INFO - Marking task as FAILED. dag_id=05_transform_data, task_id=run_dbt, run_id=manual__2025-06-09T22:23:13.736288+00:00, execution_date=20250609T222313, start_date=20250609T222322, end_date=20250609T222332
[2025-06-09T22:23:32.485+0000] {taskinstance.py:340} INFO - ::group::Post task execution logs
[2025-06-09T22:23:32.486+0000] {standard_task_runner.py:124} ERROR - Failed to execute job 631 for task run_dbt (dbt run failed; 5883)
Traceback (most recent call last):
  File "/home/airflow/.local/lib/python3.9/site-packages/airflow/task/task_runner/standard_task_runner.py", line 117, in _start_by_fork
    ret = args.func(args, dag=self.dag)
  File "/home/airflow/.local/lib/python3.9/site-packages/airflow/cli/cli_config.py", line 49, in command
    return func(*args, **kwargs)
  File "/home/airflow/.local/lib/python3.9/site-packages/airflow/utils/cli.py", line 116, in wrapper
    return f(*args, **kwargs)
  File "/home/airflow/.local/lib/python3.9/site-packages/airflow/cli/commands/task_command.py", line 483, in task_run
    task_return_code = _run_task_by_selected_method(args, _dag, ti)
  File "/home/airflow/.local/lib/python3.9/site-packages/airflow/cli/commands/task_command.py", line 256, in _run_task_by_selected_method
    return _run_raw_task(args, ti)
  File "/home/airflow/.local/lib/python3.9/site-packages/airflow/cli/commands/task_command.py", line 341, in _run_raw_task
    return ti._run_raw_task(
  File "/home/airflow/.local/lib/python3.9/site-packages/airflow/utils/session.py", line 97, in wrapper
    return func(*args, session=session, **kwargs)
  File "/home/airflow/.local/lib/python3.9/site-packages/airflow/models/taskinstance.py", line 3005, in _run_raw_task
    return _run_raw_task(
  File "/home/airflow/.local/lib/python3.9/site-packages/airflow/models/taskinstance.py", line 273, in _run_raw_task
    TaskInstance._execute_task_with_callbacks(
  File "/home/airflow/.local/lib/python3.9/site-packages/airflow/models/taskinstance.py", line 3159, in _execute_task_with_callbacks
    result = self._execute_task(context, task_orig)
  File "/home/airflow/.local/lib/python3.9/site-packages/airflow/models/taskinstance.py", line 3183, in _execute_task
    return _execute_task(self, context, task_orig)
  File "/home/airflow/.local/lib/python3.9/site-packages/airflow/models/taskinstance.py", line 767, in _execute_task
    result = _execute_callable(context=context, **execute_callable_kwargs)
  File "/home/airflow/.local/lib/python3.9/site-packages/airflow/models/taskinstance.py", line 733, in _execute_callable
    return ExecutionCallableRunner(
  File "/home/airflow/.local/lib/python3.9/site-packages/airflow/utils/operator_helpers.py", line 252, in run
    return self.func(*args, **kwargs)
  File "/home/airflow/.local/lib/python3.9/site-packages/airflow/models/baseoperator.py", line 422, in wrapper
    return func(self, *args, **kwargs)
  File "/home/airflow/.local/lib/python3.9/site-packages/airflow/operators/python.py", line 238, in execute
    return_value = self.execute_callable()
  File "/home/airflow/.local/lib/python3.9/site-packages/airflow/operators/python.py", line 256, in execute_callable
    return runner.run(*self.op_args, **self.op_kwargs)
  File "/home/airflow/.local/lib/python3.9/site-packages/airflow/utils/operator_helpers.py", line 252, in run
    return self.func(*args, **kwargs)
  File "/opt/airflow/dbt_files/run_dbt.py", line 22, in transform_data
    raise RuntimeError("dbt run failed")
RuntimeError: dbt run failed
[2025-06-09T22:23:32.524+0000] {local_task_job_runner.py:266} INFO - Task exited with return code 1
[2025-06-09T22:23:32.541+0000] {taskinstance.py:3895} INFO - 0 downstream tasks scheduled from follow-on schedule check
[2025-06-09T22:23:32.545+0000] {local_task_job_runner.py:245} INFO - ::endgroup::
