[2025-06-09T19:06:57.997+0000] {local_task_job_runner.py:123} INFO - ::group::Pre task execution logs
[2025-06-09T19:06:58.013+0000] {taskinstance.py:2613} INFO - Dependencies all met for dep_context=non-requeueable deps ti=<TaskInstance: 05_transform_data.run_dbt manual__2025-06-09T19:06:48.080280+00:00 [queued]>
[2025-06-09T19:06:58.021+0000] {taskinstance.py:2613} INFO - Dependencies all met for dep_context=requeueable deps ti=<TaskInstance: 05_transform_data.run_dbt manual__2025-06-09T19:06:48.080280+00:00 [queued]>
[2025-06-09T19:06:58.023+0000] {taskinstance.py:2866} INFO - Starting attempt 1 of 1
[2025-06-09T19:06:58.036+0000] {taskinstance.py:2889} INFO - Executing <Task(PythonOperator): run_dbt> on 2025-06-09 19:06:48.080280+00:00
[2025-06-09T19:06:58.044+0000] {standard_task_runner.py:72} INFO - Started process 200 to run task
[2025-06-09T19:06:58.047+0000] {standard_task_runner.py:104} INFO - Running: ['***', 'tasks', 'run', '05_transform_data', 'run_dbt', 'manual__2025-06-09T19:06:48.080280+00:00', '--job-id', '504', '--raw', '--subdir', 'DAGS_FOLDER/05_transform_data.py', '--cfg-path', '/tmp/tmpoz4ynqqr']
[2025-06-09T19:06:58.048+0000] {standard_task_runner.py:105} INFO - Job 504: Subtask run_dbt
[2025-06-09T19:06:58.097+0000] {task_command.py:467} INFO - Running <TaskInstance: 05_transform_data.run_dbt manual__2025-06-09T19:06:48.080280+00:00 [running]> on host 28e6a58e4107
[2025-06-09T19:06:58.175+0000] {taskinstance.py:3132} INFO - Exporting env vars: AIRFLOW_CTX_DAG_OWNER='***' AIRFLOW_CTX_DAG_ID='05_transform_data' AIRFLOW_CTX_TASK_ID='run_dbt' AIRFLOW_CTX_EXECUTION_DATE='2025-06-09T19:06:48.080280+00:00' AIRFLOW_CTX_TRY_NUMBER='1' AIRFLOW_CTX_DAG_RUN_ID='manual__2025-06-09T19:06:48.080280+00:00'
[2025-06-09T19:06:58.177+0000] {taskinstance.py:731} INFO - ::endgroup::
[2025-06-09T19:06:59.687+0000] {logging_mixin.py:190} INFO - 19:06:59  Running with dbt=1.9.5
[2025-06-09T19:07:00.057+0000] {logging_mixin.py:190} INFO - 19:07:00  Registered adapter: postgres=1.9.0
[2025-06-09T19:07:01.956+0000] {logging_mixin.py:190} INFO - 19:07:01  [WARNING]: Configuration paths exist in your dbt_project.yml file which do not apply to any resources.
There are 1 unused configuration paths:
- models.e_commerce_sales.example
[2025-06-09T19:07:02.173+0000] {logging_mixin.py:190} INFO - 19:07:02  Found 15 models, 12 sources, 549 macros, 1 unit test
[2025-06-09T19:07:02.178+0000] {logging_mixin.py:190} INFO - 19:07:02
[2025-06-09T19:07:02.179+0000] {logging_mixin.py:190} INFO - 19:07:02  Concurrency: 4 threads (target='dev')
[2025-06-09T19:07:02.180+0000] {logging_mixin.py:190} INFO - 19:07:02
[2025-06-09T19:07:02.325+0000] {logging_mixin.py:190} INFO - 19:07:02  1 of 15 START sql incremental model sales.mercadolivre_orders_results .......... [RUN]
[2025-06-09T19:07:02.327+0000] {logging_mixin.py:190} INFO - 19:07:02  2 of 15 START sql incremental model sales.stg_shopee ........................... [RUN]
[2025-06-09T19:07:02.602+0000] {logging_mixin.py:190} INFO - 19:07:02  2 of 15 OK created sql incremental model sales.stg_shopee ...................... [SELECT 2875 in 0.27s]
[2025-06-09T19:07:02.608+0000] {logging_mixin.py:190} INFO - 19:07:02  3 of 15 START sql incremental model sales.shopee_new_id ........................ [RUN]
[2025-06-09T19:07:02.610+0000] {logging_mixin.py:190} INFO - 19:07:02  4 of 15 START sql incremental model sales.shopee_orders_results ................ [RUN]
[2025-06-09T19:07:02.694+0000] {logging_mixin.py:190} INFO - 19:07:02  4 of 15 ERROR creating sql incremental model sales.shopee_orders_results ....... [ERROR in 0.08s]
[2025-06-09T19:07:02.702+0000] {logging_mixin.py:190} INFO - 19:07:02  3 of 15 OK created sql incremental model sales.shopee_new_id ................... [SELECT 2875 in 0.09s]
[2025-06-09T19:07:02.707+0000] {logging_mixin.py:190} INFO - 19:07:02  5 of 15 SKIP relation sales.dim_shopee_buyer ................................... [SKIP]
[2025-06-09T19:07:02.709+0000] {logging_mixin.py:190} INFO - 19:07:02  6 of 15 SKIP relation sales.dim_shopee_date .................................... [SKIP]
[2025-06-09T19:07:02.712+0000] {logging_mixin.py:190} INFO - 19:07:02  7 of 15 SKIP relation sales.dim_shopee_orders_status ........................... [SKIP]
[2025-06-09T19:07:02.718+0000] {logging_mixin.py:190} INFO - 19:07:02  8 of 15 SKIP relation sales.dim_shopee_product ................................. [SKIP]
[2025-06-09T19:07:02.720+0000] {logging_mixin.py:190} INFO - 19:07:02  9 of 15 SKIP relation sales.sum_shopee_monthly_profit .......................... [SKIP]
[2025-06-09T19:07:02.722+0000] {logging_mixin.py:190} INFO - 19:07:02  10 of 15 SKIP relation sales.sum_shopee_monthly_revenue ........................ [SKIP]
[2025-06-09T19:07:02.728+0000] {logging_mixin.py:190} INFO - 19:07:02  11 of 15 SKIP relation sales.sum_shopee_products_sold .......................... [SKIP]
[2025-06-09T19:07:05.656+0000] {logging_mixin.py:190} INFO - 19:07:05  1 of 15 OK created sql incremental model sales.mercadolivre_orders_results ..... [MERGE 190 in 3.33s]
[2025-06-09T19:07:05.663+0000] {logging_mixin.py:190} INFO - 19:07:05  12 of 15 START sql incremental model sales.dim_mercadolivre_buyer .............. [RUN]
[2025-06-09T19:07:05.665+0000] {logging_mixin.py:190} INFO - 19:07:05  13 of 15 START sql incremental model sales.dim_mercadolivre_date ............... [RUN]
[2025-06-09T19:07:05.669+0000] {logging_mixin.py:190} INFO - 19:07:05  14 of 15 START sql incremental model sales.dim_mercadolivre_orders_status ...... [RUN]
[2025-06-09T19:07:05.672+0000] {logging_mixin.py:190} INFO - 19:07:05  15 of 15 START sql incremental model sales.dim_mercadolivre_product ............ [RUN]
[2025-06-09T19:07:05.916+0000] {logging_mixin.py:190} INFO - 19:07:05  14 of 15 OK created sql incremental model sales.dim_mercadolivre_orders_status . [MERGE 190 in 0.24s]
[2025-06-09T19:07:05.931+0000] {logging_mixin.py:190} INFO - 19:07:05  12 of 15 OK created sql incremental model sales.dim_mercadolivre_buyer ......... [MERGE 188 in 0.26s]
[2025-06-09T19:07:07.860+0000] {logging_mixin.py:190} INFO - 19:07:07  13 of 15 OK created sql incremental model sales.dim_mercadolivre_date .......... [MERGE 190 in 2.18s]
[2025-06-09T19:07:09.971+0000] {logging_mixin.py:190} INFO - 19:07:09  15 of 15 OK created sql incremental model sales.dim_mercadolivre_product ....... [MERGE 65 in 4.29s]
[2025-06-09T19:07:09.995+0000] {logging_mixin.py:190} INFO - 19:07:09
[2025-06-09T19:07:09.997+0000] {logging_mixin.py:190} INFO - 19:07:09  Finished running 12 incremental models, 3 view models in 0 hours 0 minutes and 7.81 seconds (7.81s).
[2025-06-09T19:07:10.070+0000] {logging_mixin.py:190} INFO - 19:07:10
[2025-06-09T19:07:10.072+0000] {logging_mixin.py:190} INFO - 19:07:10  Completed with 1 error, 0 partial successes, and 0 warnings:
[2025-06-09T19:07:10.073+0000] {logging_mixin.py:190} INFO - 19:07:10
[2025-06-09T19:07:10.075+0000] {logging_mixin.py:190} INFO - 19:07:10    Database Error in model shopee_orders_results (models/core/shopee_orders_results.sql)
  syntax error at or near "."
  LINE 20: ...         stg_shopee.load_timestamp AS id_buyer_sku.load_time...
                                                                ^
  compiled code at target/run/e_commerce_sales/models/core/shopee_orders_results.sql
[2025-06-09T19:07:10.076+0000] {logging_mixin.py:190} INFO - 19:07:10
[2025-06-09T19:07:10.078+0000] {logging_mixin.py:190} INFO - 19:07:10  Done. PASS=7 WARN=0 ERROR=1 SKIP=7 TOTAL=15
[2025-06-09T19:07:10.936+0000] {logging_mixin.py:190} INFO - dbt run failed!
[2025-06-09T19:07:10.937+0000] {logging_mixin.py:190} INFO - None
[2025-06-09T19:07:10.938+0000] {taskinstance.py:3311} ERROR - Task failed with exception
Traceback (most recent call last):
  File "/home/airflow/.local/lib/python3.9/site-packages/airflow/models/taskinstance.py", line 767, in _execute_task
    result = _execute_callable(context=context, **execute_callable_kwargs)
  File "/home/airflow/.local/lib/python3.9/site-packages/airflow/models/taskinstance.py", line 733, in _execute_callable
    return ExecutionCallableRunner(
  File "/home/airflow/.local/lib/python3.9/site-packages/airflow/utils/operator_helpers.py", line 252, in run
    return self.func(*args, **kwargs)
  File "/home/airflow/.local/lib/python3.9/site-packages/airflow/models/baseoperator.py", line 422, in wrapper
    return func(self, *args, **kwargs)
  File "/home/airflow/.local/lib/python3.9/site-packages/airflow/operators/python.py", line 238, in execute
    return_value = self.execute_callable()
  File "/home/airflow/.local/lib/python3.9/site-packages/airflow/operators/python.py", line 256, in execute_callable
    return runner.run(*self.op_args, **self.op_kwargs)
  File "/home/airflow/.local/lib/python3.9/site-packages/airflow/utils/operator_helpers.py", line 252, in run
    return self.func(*args, **kwargs)
  File "/opt/airflow/dbt_files/run_dbt.py", line 22, in transform_data
    raise RuntimeError("dbt run failed")
RuntimeError: dbt run failed
[2025-06-09T19:07:10.949+0000] {taskinstance.py:1225} INFO - Marking task as FAILED. dag_id=05_transform_data, task_id=run_dbt, run_id=manual__2025-06-09T19:06:48.080280+00:00, execution_date=20250609T190648, start_date=20250609T190658, end_date=20250609T190710
[2025-06-09T19:07:10.962+0000] {taskinstance.py:340} INFO - ::group::Post task execution logs
[2025-06-09T19:07:10.964+0000] {standard_task_runner.py:124} ERROR - Failed to execute job 504 for task run_dbt (dbt run failed; 200)
Traceback (most recent call last):
  File "/home/airflow/.local/lib/python3.9/site-packages/airflow/task/task_runner/standard_task_runner.py", line 117, in _start_by_fork
    ret = args.func(args, dag=self.dag)
  File "/home/airflow/.local/lib/python3.9/site-packages/airflow/cli/cli_config.py", line 49, in command
    return func(*args, **kwargs)
  File "/home/airflow/.local/lib/python3.9/site-packages/airflow/utils/cli.py", line 116, in wrapper
    return f(*args, **kwargs)
  File "/home/airflow/.local/lib/python3.9/site-packages/airflow/cli/commands/task_command.py", line 483, in task_run
    task_return_code = _run_task_by_selected_method(args, _dag, ti)
  File "/home/airflow/.local/lib/python3.9/site-packages/airflow/cli/commands/task_command.py", line 256, in _run_task_by_selected_method
    return _run_raw_task(args, ti)
  File "/home/airflow/.local/lib/python3.9/site-packages/airflow/cli/commands/task_command.py", line 341, in _run_raw_task
    return ti._run_raw_task(
  File "/home/airflow/.local/lib/python3.9/site-packages/airflow/utils/session.py", line 97, in wrapper
    return func(*args, session=session, **kwargs)
  File "/home/airflow/.local/lib/python3.9/site-packages/airflow/models/taskinstance.py", line 3005, in _run_raw_task
    return _run_raw_task(
  File "/home/airflow/.local/lib/python3.9/site-packages/airflow/models/taskinstance.py", line 273, in _run_raw_task
    TaskInstance._execute_task_with_callbacks(
  File "/home/airflow/.local/lib/python3.9/site-packages/airflow/models/taskinstance.py", line 3159, in _execute_task_with_callbacks
    result = self._execute_task(context, task_orig)
  File "/home/airflow/.local/lib/python3.9/site-packages/airflow/models/taskinstance.py", line 3183, in _execute_task
    return _execute_task(self, context, task_orig)
  File "/home/airflow/.local/lib/python3.9/site-packages/airflow/models/taskinstance.py", line 767, in _execute_task
    result = _execute_callable(context=context, **execute_callable_kwargs)
  File "/home/airflow/.local/lib/python3.9/site-packages/airflow/models/taskinstance.py", line 733, in _execute_callable
    return ExecutionCallableRunner(
  File "/home/airflow/.local/lib/python3.9/site-packages/airflow/utils/operator_helpers.py", line 252, in run
    return self.func(*args, **kwargs)
  File "/home/airflow/.local/lib/python3.9/site-packages/airflow/models/baseoperator.py", line 422, in wrapper
    return func(self, *args, **kwargs)
  File "/home/airflow/.local/lib/python3.9/site-packages/airflow/operators/python.py", line 238, in execute
    return_value = self.execute_callable()
  File "/home/airflow/.local/lib/python3.9/site-packages/airflow/operators/python.py", line 256, in execute_callable
    return runner.run(*self.op_args, **self.op_kwargs)
  File "/home/airflow/.local/lib/python3.9/site-packages/airflow/utils/operator_helpers.py", line 252, in run
    return self.func(*args, **kwargs)
  File "/opt/airflow/dbt_files/run_dbt.py", line 22, in transform_data
    raise RuntimeError("dbt run failed")
RuntimeError: dbt run failed
[2025-06-09T19:07:10.980+0000] {local_task_job_runner.py:266} INFO - Task exited with return code 1
[2025-06-09T19:07:10.997+0000] {taskinstance.py:3895} INFO - 0 downstream tasks scheduled from follow-on schedule check
[2025-06-09T19:07:10.999+0000] {local_task_job_runner.py:245} INFO - ::endgroup::
