[2025-05-19T17:51:04.815+0000] {local_task_job_runner.py:123} INFO - ::group::Pre task execution logs
[2025-05-19T17:51:04.835+0000] {taskinstance.py:2613} INFO - Dependencies all met for dep_context=non-requeueable deps ti=<TaskInstance: 04_transform_data.run_dbt manual__2025-05-19T17:51:03.134710+00:00 [queued]>
[2025-05-19T17:51:04.843+0000] {taskinstance.py:2613} INFO - Dependencies all met for dep_context=requeueable deps ti=<TaskInstance: 04_transform_data.run_dbt manual__2025-05-19T17:51:03.134710+00:00 [queued]>
[2025-05-19T17:51:04.845+0000] {taskinstance.py:2866} INFO - Starting attempt 1 of 1
[2025-05-19T17:51:04.858+0000] {taskinstance.py:2889} INFO - Executing <Task(PythonOperator): run_dbt> on 2025-05-19 17:51:03.134710+00:00
[2025-05-19T17:51:04.862+0000] {standard_task_runner.py:72} INFO - Started process 1385 to run task
[2025-05-19T17:51:04.865+0000] {standard_task_runner.py:104} INFO - Running: ['***', 'tasks', 'run', '04_transform_data', 'run_dbt', 'manual__2025-05-19T17:51:03.134710+00:00', '--job-id', '23', '--raw', '--subdir', 'DAGS_FOLDER/04_transform_data.py', '--cfg-path', '/tmp/tmpt2v2ip0w']
[2025-05-19T17:51:04.868+0000] {standard_task_runner.py:105} INFO - Job 23: Subtask run_dbt
[2025-05-19T17:51:04.922+0000] {task_command.py:467} INFO - Running <TaskInstance: 04_transform_data.run_dbt manual__2025-05-19T17:51:03.134710+00:00 [running]> on host 68e8d748c575
[2025-05-19T17:51:05.008+0000] {taskinstance.py:3132} INFO - Exporting env vars: AIRFLOW_CTX_DAG_OWNER='***' AIRFLOW_CTX_DAG_ID='04_transform_data' AIRFLOW_CTX_TASK_ID='run_dbt' AIRFLOW_CTX_EXECUTION_DATE='2025-05-19T17:51:03.134710+00:00' AIRFLOW_CTX_TRY_NUMBER='1' AIRFLOW_CTX_DAG_RUN_ID='manual__2025-05-19T17:51:03.134710+00:00'
[2025-05-19T17:51:05.010+0000] {taskinstance.py:731} INFO - ::endgroup::
[2025-05-19T17:51:06.757+0000] {logging_mixin.py:190} INFO - 17:51:06  Running with dbt=1.9.4
[2025-05-19T17:51:07.234+0000] {logging_mixin.py:190} INFO - 17:51:07  Registered adapter: postgres=1.9.0
[2025-05-19T17:51:07.881+0000] {logging_mixin.py:190} INFO - 17:51:07  [WARNING]: Configuration paths exist in your dbt_project.yml file which do not apply to any resources.
There are 1 unused configuration paths:
- models.e_commerce_sales.example
[2025-05-19T17:51:08.213+0000] {logging_mixin.py:190} INFO - 17:51:08  Found 6 models, 12 sources, 433 macros
[2025-05-19T17:51:08.218+0000] {logging_mixin.py:190} INFO - 17:51:08
[2025-05-19T17:51:08.219+0000] {logging_mixin.py:190} INFO - 17:51:08  Concurrency: 4 threads (target='dev')
[2025-05-19T17:51:08.221+0000] {logging_mixin.py:190} INFO - 17:51:08
[2025-05-19T17:51:08.358+0000] {logging_mixin.py:190} INFO - 17:51:08  1 of 6 START sql incremental model sales.mercadolivre_orders_results ........... [RUN]
[2025-05-19T17:51:08.360+0000] {logging_mixin.py:190} INFO - 17:51:08  2 of 6 START sql incremental model sales.shopee_new_id ......................... [RUN]
[2025-05-19T17:51:08.747+0000] {logging_mixin.py:190} INFO - 17:51:08  2 of 6 OK created sql incremental model sales.shopee_new_id .................... [MERGE 0 in 0.38s]
[2025-05-19T17:51:08.750+0000] {logging_mixin.py:190} INFO - 17:51:08  1 of 6 OK created sql incremental model sales.mercadolivre_orders_results ...... [MERGE 255 in 0.38s]
[2025-05-19T17:51:08.756+0000] {logging_mixin.py:190} INFO - 17:51:08  3 of 6 START sql incremental model sales.shopee_orders_results ................. [RUN]
[2025-05-19T17:51:08.760+0000] {logging_mixin.py:190} INFO - 17:51:08  4 of 6 START sql incremental model sales.mercadolivre_profits .................. [RUN]
[2025-05-19T17:51:08.946+0000] {logging_mixin.py:190} INFO - 17:51:08  4 of 6 OK created sql incremental model sales.mercadolivre_profits ............. [MERGE 250 in 0.18s]
[2025-05-19T17:51:08.958+0000] {logging_mixin.py:190} INFO - 17:51:08  3 of 6 OK created sql incremental model sales.shopee_orders_results ............ [MERGE 0 in 0.20s]
[2025-05-19T17:51:08.963+0000] {logging_mixin.py:190} INFO - 17:51:08  5 of 6 START sql incremental model sales.dim_shopee_orders ..................... [RUN]
[2025-05-19T17:51:08.965+0000] {logging_mixin.py:190} INFO - 17:51:08  6 of 6 START sql incremental model sales.shopee_profits ........................ [RUN]
[2025-05-19T17:51:09.041+0000] {logging_mixin.py:190} INFO - 17:51:09  5 of 6 ERROR creating sql incremental model sales.dim_shopee_orders ............ [ERROR in 0.07s]
[2025-05-19T17:51:09.120+0000] {logging_mixin.py:190} INFO - 17:51:09  6 of 6 OK created sql incremental model sales.shopee_profits ................... [MERGE 2727 in 0.15s]
[2025-05-19T17:51:09.150+0000] {logging_mixin.py:190} INFO - 17:51:09
[2025-05-19T17:51:09.152+0000] {logging_mixin.py:190} INFO - 17:51:09  Finished running 6 incremental models in 0 hours 0 minutes and 0.93 seconds (0.93s).
[2025-05-19T17:51:09.226+0000] {logging_mixin.py:190} INFO - 17:51:09
[2025-05-19T17:51:09.229+0000] {logging_mixin.py:190} INFO - 17:51:09  Completed with 1 error, 0 partial successes, and 0 warnings:
[2025-05-19T17:51:09.231+0000] {logging_mixin.py:190} INFO - 17:51:09
[2025-05-19T17:51:09.233+0000] {logging_mixin.py:190} INFO - 17:51:09    Database Error in model dim_shopee_orders (models/core/dim_shopee_orders.sql)
  column stg_shopee.hora_de_pagamento_do_pedido does not exist
  LINE 18:            stg_shopee.hora_de_pagamento_do_pedido AS date_ap...
                      ^
  HINT:  Perhaps you meant to reference the column "stg_shopee.hora_do_pagamento_do_pedido".
  compiled code at target/run/e_commerce_sales/models/core/dim_shopee_orders.sql
[2025-05-19T17:51:09.235+0000] {logging_mixin.py:190} INFO - 17:51:09
[2025-05-19T17:51:09.237+0000] {logging_mixin.py:190} INFO - 17:51:09  Done. PASS=5 WARN=0 ERROR=1 SKIP=0 TOTAL=6
[2025-05-19T17:51:10.098+0000] {logging_mixin.py:190} INFO - dbt run failed!
[2025-05-19T17:51:10.099+0000] {logging_mixin.py:190} INFO - None
[2025-05-19T17:51:10.101+0000] {taskinstance.py:3311} ERROR - Task failed with exception
Traceback (most recent call last):
  File "/home/airflow/.local/lib/python3.9/site-packages/airflow/models/taskinstance.py", line 767, in _execute_task
    result = _execute_callable(context=context, **execute_callable_kwargs)
  File "/home/airflow/.local/lib/python3.9/site-packages/airflow/models/taskinstance.py", line 733, in _execute_callable
    return ExecutionCallableRunner(
  File "/home/airflow/.local/lib/python3.9/site-packages/airflow/utils/operator_helpers.py", line 252, in run
    return self.func(*args, **kwargs)
  File "/home/airflow/.local/lib/python3.9/site-packages/airflow/models/baseoperator.py", line 422, in wrapper
    return func(self, *args, **kwargs)
  File "/home/airflow/.local/lib/python3.9/site-packages/airflow/operators/python.py", line 238, in execute
    return_value = self.execute_callable()
  File "/home/airflow/.local/lib/python3.9/site-packages/airflow/operators/python.py", line 256, in execute_callable
    return runner.run(*self.op_args, **self.op_kwargs)
  File "/home/airflow/.local/lib/python3.9/site-packages/airflow/utils/operator_helpers.py", line 252, in run
    return self.func(*args, **kwargs)
  File "/opt/airflow/dbt/run_dbt.py", line 22, in transform_data
    raise RuntimeError("dbt run failed")
RuntimeError: dbt run failed
[2025-05-19T17:51:10.112+0000] {taskinstance.py:1225} INFO - Marking task as FAILED. dag_id=04_transform_data, task_id=run_dbt, run_id=manual__2025-05-19T17:51:03.134710+00:00, execution_date=20250519T175103, start_date=20250519T175104, end_date=20250519T175110
[2025-05-19T17:51:10.124+0000] {taskinstance.py:340} INFO - ::group::Post task execution logs
[2025-05-19T17:51:10.125+0000] {standard_task_runner.py:124} ERROR - Failed to execute job 23 for task run_dbt (dbt run failed; 1385)
Traceback (most recent call last):
  File "/home/airflow/.local/lib/python3.9/site-packages/airflow/task/task_runner/standard_task_runner.py", line 117, in _start_by_fork
    ret = args.func(args, dag=self.dag)
  File "/home/airflow/.local/lib/python3.9/site-packages/airflow/cli/cli_config.py", line 49, in command
    return func(*args, **kwargs)
  File "/home/airflow/.local/lib/python3.9/site-packages/airflow/utils/cli.py", line 116, in wrapper
    return f(*args, **kwargs)
  File "/home/airflow/.local/lib/python3.9/site-packages/airflow/cli/commands/task_command.py", line 483, in task_run
    task_return_code = _run_task_by_selected_method(args, _dag, ti)
  File "/home/airflow/.local/lib/python3.9/site-packages/airflow/cli/commands/task_command.py", line 256, in _run_task_by_selected_method
    return _run_raw_task(args, ti)
  File "/home/airflow/.local/lib/python3.9/site-packages/airflow/cli/commands/task_command.py", line 341, in _run_raw_task
    return ti._run_raw_task(
  File "/home/airflow/.local/lib/python3.9/site-packages/airflow/utils/session.py", line 97, in wrapper
    return func(*args, session=session, **kwargs)
  File "/home/airflow/.local/lib/python3.9/site-packages/airflow/models/taskinstance.py", line 3005, in _run_raw_task
    return _run_raw_task(
  File "/home/airflow/.local/lib/python3.9/site-packages/airflow/models/taskinstance.py", line 273, in _run_raw_task
    TaskInstance._execute_task_with_callbacks(
  File "/home/airflow/.local/lib/python3.9/site-packages/airflow/models/taskinstance.py", line 3159, in _execute_task_with_callbacks
    result = self._execute_task(context, task_orig)
  File "/home/airflow/.local/lib/python3.9/site-packages/airflow/models/taskinstance.py", line 3183, in _execute_task
    return _execute_task(self, context, task_orig)
  File "/home/airflow/.local/lib/python3.9/site-packages/airflow/models/taskinstance.py", line 767, in _execute_task
    result = _execute_callable(context=context, **execute_callable_kwargs)
  File "/home/airflow/.local/lib/python3.9/site-packages/airflow/models/taskinstance.py", line 733, in _execute_callable
    return ExecutionCallableRunner(
  File "/home/airflow/.local/lib/python3.9/site-packages/airflow/utils/operator_helpers.py", line 252, in run
    return self.func(*args, **kwargs)
  File "/home/airflow/.local/lib/python3.9/site-packages/airflow/models/baseoperator.py", line 422, in wrapper
    return func(self, *args, **kwargs)
  File "/home/airflow/.local/lib/python3.9/site-packages/airflow/operators/python.py", line 238, in execute
    return_value = self.execute_callable()
  File "/home/airflow/.local/lib/python3.9/site-packages/airflow/operators/python.py", line 256, in execute_callable
    return runner.run(*self.op_args, **self.op_kwargs)
  File "/home/airflow/.local/lib/python3.9/site-packages/airflow/utils/operator_helpers.py", line 252, in run
    return self.func(*args, **kwargs)
  File "/opt/airflow/dbt/run_dbt.py", line 22, in transform_data
    raise RuntimeError("dbt run failed")
RuntimeError: dbt run failed
[2025-05-19T17:51:10.140+0000] {local_task_job_runner.py:266} INFO - Task exited with return code 1
[2025-05-19T17:51:10.156+0000] {taskinstance.py:3895} INFO - 0 downstream tasks scheduled from follow-on schedule check
[2025-05-19T17:51:10.159+0000] {local_task_job_runner.py:245} INFO - ::endgroup::
