[2025-06-11T22:29:56.297+0000] {local_task_job_runner.py:123} INFO - ::group::Pre task execution logs
[2025-06-11T22:29:56.317+0000] {taskinstance.py:2613} INFO - Dependencies all met for dep_context=non-requeueable deps ti=<TaskInstance: 05_transform_data_dev.run_dbt manual__2025-06-11T22:29:46.870914+00:00 [queued]>
[2025-06-11T22:29:56.325+0000] {taskinstance.py:2613} INFO - Dependencies all met for dep_context=requeueable deps ti=<TaskInstance: 05_transform_data_dev.run_dbt manual__2025-06-11T22:29:46.870914+00:00 [queued]>
[2025-06-11T22:29:56.326+0000] {taskinstance.py:2866} INFO - Starting attempt 1 of 1
[2025-06-11T22:29:56.340+0000] {taskinstance.py:2889} INFO - Executing <Task(PythonOperator): run_dbt> on 2025-06-11 22:29:46.870914+00:00
[2025-06-11T22:29:56.346+0000] {standard_task_runner.py:72} INFO - Started process 4504 to run task
[2025-06-11T22:29:56.349+0000] {standard_task_runner.py:104} INFO - Running: ['***', 'tasks', 'run', '05_transform_data_dev', 'run_dbt', 'manual__2025-06-11T22:29:46.870914+00:00', '--job-id', '932', '--raw', '--subdir', 'DAGS_FOLDER/05_transform_data_dev.py', '--cfg-path', '/tmp/tmpbo41ta8s']
[2025-06-11T22:29:56.351+0000] {standard_task_runner.py:105} INFO - Job 932: Subtask run_dbt
[2025-06-11T22:29:56.417+0000] {task_command.py:467} INFO - Running <TaskInstance: 05_transform_data_dev.run_dbt manual__2025-06-11T22:29:46.870914+00:00 [running]> on host 28e6a58e4107
[2025-06-11T22:29:56.533+0000] {taskinstance.py:3132} INFO - Exporting env vars: AIRFLOW_CTX_DAG_OWNER='***' AIRFLOW_CTX_DAG_ID='05_transform_data_dev' AIRFLOW_CTX_TASK_ID='run_dbt' AIRFLOW_CTX_EXECUTION_DATE='2025-06-11T22:29:46.870914+00:00' AIRFLOW_CTX_TRY_NUMBER='1' AIRFLOW_CTX_DAG_RUN_ID='manual__2025-06-11T22:29:46.870914+00:00'
[2025-06-11T22:29:56.534+0000] {taskinstance.py:731} INFO - ::endgroup::
[2025-06-11T22:29:58.216+0000] {logging_mixin.py:190} INFO - 22:29:58  Running with dbt=1.9.5
[2025-06-11T22:29:58.636+0000] {logging_mixin.py:190} INFO - 22:29:58  Registered adapter: postgres=1.9.0
[2025-06-11T22:30:00.944+0000] {logging_mixin.py:190} INFO - 22:30:00  Encountered an error:
Compilation Error
  dbt found two models with the name "sum_mercadolivre_monthly_sold".
  
  Since these resources have the same name, dbt will be unable to find the correct resource
  when looking for ref("sum_mercadolivre_monthly_sold").
  
  To fix this, change the name of one of these resources:
  - model.e_commerce_sales.sum_mercadolivre_monthly_sold (models/core/dev/sum_mercadolivre_monthly_sold.sql)
  - model.e_commerce_sales.sum_mercadolivre_monthly_sold (models/core/prod/sum_mercadolivre_monthly_sold.sql)
[2025-06-11T22:30:01.644+0000] {logging_mixin.py:190} INFO - dbt run failed!
[2025-06-11T22:30:01.645+0000] {logging_mixin.py:190} INFO - Compilation Error
  dbt found two models with the name "sum_mercadolivre_monthly_sold".
  
  Since these resources have the same name, dbt will be unable to find the correct resource
  when looking for ref("sum_mercadolivre_monthly_sold").
  
  To fix this, change the name of one of these resources:
  - model.e_commerce_sales.sum_mercadolivre_monthly_sold (models/core/dev/sum_mercadolivre_monthly_sold.sql)
  - model.e_commerce_sales.sum_mercadolivre_monthly_sold (models/core/prod/sum_mercadolivre_monthly_sold.sql)
[2025-06-11T22:30:01.646+0000] {taskinstance.py:3311} ERROR - Task failed with exception
Traceback (most recent call last):
  File "/home/airflow/.local/lib/python3.9/site-packages/airflow/models/taskinstance.py", line 767, in _execute_task
    result = _execute_callable(context=context, **execute_callable_kwargs)
  File "/home/airflow/.local/lib/python3.9/site-packages/airflow/models/taskinstance.py", line 733, in _execute_callable
    return ExecutionCallableRunner(
  File "/home/airflow/.local/lib/python3.9/site-packages/airflow/utils/operator_helpers.py", line 252, in run
    return self.func(*args, **kwargs)
  File "/home/airflow/.local/lib/python3.9/site-packages/airflow/models/baseoperator.py", line 422, in wrapper
    return func(self, *args, **kwargs)
  File "/home/airflow/.local/lib/python3.9/site-packages/airflow/operators/python.py", line 238, in execute
    return_value = self.execute_callable()
  File "/home/airflow/.local/lib/python3.9/site-packages/airflow/operators/python.py", line 256, in execute_callable
    return runner.run(*self.op_args, **self.op_kwargs)
  File "/home/airflow/.local/lib/python3.9/site-packages/airflow/utils/operator_helpers.py", line 252, in run
    return self.func(*args, **kwargs)
  File "/opt/airflow/dbt_files/run_dbt.py", line 24, in transform_data
    raise RuntimeError("dbt run failed")
RuntimeError: dbt run failed
[2025-06-11T22:30:01.658+0000] {taskinstance.py:1225} INFO - Marking task as FAILED. dag_id=05_transform_data_dev, task_id=run_dbt, run_id=manual__2025-06-11T22:29:46.870914+00:00, execution_date=20250611T222946, start_date=20250611T222956, end_date=20250611T223001
[2025-06-11T22:30:01.670+0000] {taskinstance.py:340} INFO - ::group::Post task execution logs
[2025-06-11T22:30:01.672+0000] {standard_task_runner.py:124} ERROR - Failed to execute job 932 for task run_dbt (dbt run failed; 4504)
Traceback (most recent call last):
  File "/home/airflow/.local/lib/python3.9/site-packages/airflow/task/task_runner/standard_task_runner.py", line 117, in _start_by_fork
    ret = args.func(args, dag=self.dag)
  File "/home/airflow/.local/lib/python3.9/site-packages/airflow/cli/cli_config.py", line 49, in command
    return func(*args, **kwargs)
  File "/home/airflow/.local/lib/python3.9/site-packages/airflow/utils/cli.py", line 116, in wrapper
    return f(*args, **kwargs)
  File "/home/airflow/.local/lib/python3.9/site-packages/airflow/cli/commands/task_command.py", line 483, in task_run
    task_return_code = _run_task_by_selected_method(args, _dag, ti)
  File "/home/airflow/.local/lib/python3.9/site-packages/airflow/cli/commands/task_command.py", line 256, in _run_task_by_selected_method
    return _run_raw_task(args, ti)
  File "/home/airflow/.local/lib/python3.9/site-packages/airflow/cli/commands/task_command.py", line 341, in _run_raw_task
    return ti._run_raw_task(
  File "/home/airflow/.local/lib/python3.9/site-packages/airflow/utils/session.py", line 97, in wrapper
    return func(*args, session=session, **kwargs)
  File "/home/airflow/.local/lib/python3.9/site-packages/airflow/models/taskinstance.py", line 3005, in _run_raw_task
    return _run_raw_task(
  File "/home/airflow/.local/lib/python3.9/site-packages/airflow/models/taskinstance.py", line 273, in _run_raw_task
    TaskInstance._execute_task_with_callbacks(
  File "/home/airflow/.local/lib/python3.9/site-packages/airflow/models/taskinstance.py", line 3159, in _execute_task_with_callbacks
    result = self._execute_task(context, task_orig)
  File "/home/airflow/.local/lib/python3.9/site-packages/airflow/models/taskinstance.py", line 3183, in _execute_task
    return _execute_task(self, context, task_orig)
  File "/home/airflow/.local/lib/python3.9/site-packages/airflow/models/taskinstance.py", line 767, in _execute_task
    result = _execute_callable(context=context, **execute_callable_kwargs)
  File "/home/airflow/.local/lib/python3.9/site-packages/airflow/models/taskinstance.py", line 733, in _execute_callable
    return ExecutionCallableRunner(
  File "/home/airflow/.local/lib/python3.9/site-packages/airflow/utils/operator_helpers.py", line 252, in run
    return self.func(*args, **kwargs)
  File "/home/airflow/.local/lib/python3.9/site-packages/airflow/models/baseoperator.py", line 422, in wrapper
    return func(self, *args, **kwargs)
  File "/home/airflow/.local/lib/python3.9/site-packages/airflow/operators/python.py", line 238, in execute
    return_value = self.execute_callable()
  File "/home/airflow/.local/lib/python3.9/site-packages/airflow/operators/python.py", line 256, in execute_callable
    return runner.run(*self.op_args, **self.op_kwargs)
  File "/home/airflow/.local/lib/python3.9/site-packages/airflow/utils/operator_helpers.py", line 252, in run
    return self.func(*args, **kwargs)
  File "/opt/airflow/dbt_files/run_dbt.py", line 24, in transform_data
    raise RuntimeError("dbt run failed")
RuntimeError: dbt run failed
[2025-06-11T22:30:01.689+0000] {local_task_job_runner.py:266} INFO - Task exited with return code 1
[2025-06-11T22:30:01.709+0000] {taskinstance.py:3895} INFO - 0 downstream tasks scheduled from follow-on schedule check
[2025-06-11T22:30:01.712+0000] {local_task_job_runner.py:245} INFO - ::endgroup::
