[2025-05-21T20:56:51.944+0000] {local_task_job_runner.py:123} INFO - ::group::Pre task execution logs
[2025-05-21T20:56:51.964+0000] {taskinstance.py:2613} INFO - Dependencies all met for dep_context=non-requeueable deps ti=<TaskInstance: 04_transform_data.run_dbt manual__2025-05-21T20:56:50.514069+00:00 [queued]>
[2025-05-21T20:56:51.972+0000] {taskinstance.py:2613} INFO - Dependencies all met for dep_context=requeueable deps ti=<TaskInstance: 04_transform_data.run_dbt manual__2025-05-21T20:56:50.514069+00:00 [queued]>
[2025-05-21T20:56:51.973+0000] {taskinstance.py:2866} INFO - Starting attempt 1 of 1
[2025-05-21T20:56:51.986+0000] {taskinstance.py:2889} INFO - Executing <Task(PythonOperator): run_dbt> on 2025-05-21 20:56:50.514069+00:00
[2025-05-21T20:56:51.991+0000] {standard_task_runner.py:72} INFO - Started process 5593 to run task
[2025-05-21T20:56:51.994+0000] {standard_task_runner.py:104} INFO - Running: ['***', 'tasks', 'run', '04_transform_data', 'run_dbt', 'manual__2025-05-21T20:56:50.514069+00:00', '--job-id', '137', '--raw', '--subdir', 'DAGS_FOLDER/04_transform_data.py', '--cfg-path', '/tmp/tmpoo6_vduj']
[2025-05-21T20:56:51.996+0000] {standard_task_runner.py:105} INFO - Job 137: Subtask run_dbt
[2025-05-21T20:56:52.055+0000] {task_command.py:467} INFO - Running <TaskInstance: 04_transform_data.run_dbt manual__2025-05-21T20:56:50.514069+00:00 [running]> on host e27e96d1841a
[2025-05-21T20:56:52.143+0000] {taskinstance.py:3132} INFO - Exporting env vars: AIRFLOW_CTX_DAG_OWNER='***' AIRFLOW_CTX_DAG_ID='04_transform_data' AIRFLOW_CTX_TASK_ID='run_dbt' AIRFLOW_CTX_EXECUTION_DATE='2025-05-21T20:56:50.514069+00:00' AIRFLOW_CTX_TRY_NUMBER='1' AIRFLOW_CTX_DAG_RUN_ID='manual__2025-05-21T20:56:50.514069+00:00'
[2025-05-21T20:56:52.145+0000] {taskinstance.py:731} INFO - ::endgroup::
[2025-05-21T20:56:53.771+0000] {logging_mixin.py:190} INFO - 20:56:53  Running with dbt=1.9.4
[2025-05-21T20:56:54.163+0000] {logging_mixin.py:190} INFO - 20:56:54  Registered adapter: postgres=1.9.0
[2025-05-21T20:56:54.804+0000] {logging_mixin.py:190} INFO - 20:56:54  [WARNING]: Configuration paths exist in your dbt_project.yml file which do not apply to any resources.
There are 1 unused configuration paths:
- models.e_commerce_sales.example
[2025-05-21T20:56:55.131+0000] {logging_mixin.py:190} INFO - 20:56:55  Found 11 models, 12 sources, 433 macros
[2025-05-21T20:56:55.136+0000] {logging_mixin.py:190} INFO - 20:56:55
[2025-05-21T20:56:55.137+0000] {logging_mixin.py:190} INFO - 20:56:55  Concurrency: 4 threads (target='dev')
[2025-05-21T20:56:55.139+0000] {logging_mixin.py:190} INFO - 20:56:55
[2025-05-21T20:56:55.279+0000] {logging_mixin.py:190} INFO - 20:56:55  1 of 11 START sql incremental model sales.mercadolivre_orders_results .......... [RUN]
[2025-05-21T20:56:55.281+0000] {logging_mixin.py:190} INFO - 20:56:55  2 of 11 START sql incremental model sales.shopee_new_id ........................ [RUN]
[2025-05-21T20:56:55.646+0000] {logging_mixin.py:190} INFO - 20:56:55  2 of 11 OK created sql incremental model sales.shopee_new_id ................... [MERGE 0 in 0.36s]
[2025-05-21T20:56:55.651+0000] {logging_mixin.py:190} INFO - 20:56:55  1 of 11 OK created sql incremental model sales.mercadolivre_orders_results ..... [MERGE 255 in 0.37s]
[2025-05-21T20:56:55.655+0000] {logging_mixin.py:190} INFO - 20:56:55  3 of 11 START sql incremental model sales.shopee_orders_results ................ [RUN]
[2025-05-21T20:56:55.661+0000] {logging_mixin.py:190} INFO - 20:56:55  4 of 11 START sql incremental model sales.dim_mercadolivre_buyer ............... [RUN]
[2025-05-21T20:56:55.663+0000] {logging_mixin.py:190} INFO - 20:56:55  5 of 11 START sql incremental model sales.dim_mercadolivre_date ................ [RUN]
[2025-05-21T20:56:55.664+0000] {logging_mixin.py:190} INFO - 20:56:55  6 of 11 START sql incremental model sales.dim_mercadolivre_product ............. [RUN]
[2025-05-21T20:56:55.922+0000] {logging_mixin.py:190} INFO - 20:56:55  3 of 11 OK created sql incremental model sales.shopee_orders_results ........... [MERGE 0 in 0.26s]
[2025-05-21T20:56:55.934+0000] {logging_mixin.py:190} INFO - 20:56:55  7 of 11 START sql incremental model sales.mercadolivre_profits ................. [RUN]
[2025-05-21T20:56:55.972+0000] {logging_mixin.py:190} INFO - 20:56:55  5 of 11 ERROR creating sql incremental model sales.dim_mercadolivre_date ....... [ERROR in 0.30s]
[2025-05-21T20:56:56.001+0000] {logging_mixin.py:190} INFO - 20:56:56  6 of 11 OK created sql incremental model sales.dim_mercadolivre_product ........ [MERGE 250 in 0.30s]
[2025-05-21T20:56:56.005+0000] {logging_mixin.py:190} INFO - 20:56:56  4 of 11 OK created sql incremental model sales.dim_mercadolivre_buyer .......... [MERGE 252 in 0.33s]
[2025-05-21T20:56:56.008+0000] {logging_mixin.py:190} INFO - 20:56:56  8 of 11 START sql incremental model sales.dim_shopee_buyer_id .................. [RUN]
[2025-05-21T20:56:56.023+0000] {logging_mixin.py:190} INFO - 20:56:56  9 of 11 START sql incremental model sales.dim_shopee_date ...................... [RUN]
[2025-05-21T20:56:56.026+0000] {logging_mixin.py:190} INFO - 20:56:56  10 of 11 START sql incremental model sales.dim_shopee_orders_status ............ [RUN]
[2025-05-21T20:56:56.297+0000] {logging_mixin.py:190} INFO - 20:56:56  7 of 11 OK created sql incremental model sales.mercadolivre_profits ............ [MERGE 250 in 0.35s]
[2025-05-21T20:56:56.318+0000] {logging_mixin.py:190} INFO - 20:56:56  11 of 11 START sql incremental model sales.dim_shopee_product .................. [RUN]
[2025-05-21T20:56:56.346+0000] {logging_mixin.py:190} INFO - 20:56:56  8 of 11 OK created sql incremental model sales.dim_shopee_buyer_id ............. [MERGE 0 in 0.32s]
[2025-05-21T20:56:56.375+0000] {logging_mixin.py:190} INFO - 20:56:56  10 of 11 OK created sql incremental model sales.dim_shopee_orders_status ....... [MERGE 0 in 0.33s]
[2025-05-21T20:56:56.381+0000] {logging_mixin.py:190} INFO - 20:56:56  9 of 11 OK created sql incremental model sales.dim_shopee_date ................. [MERGE 0 in 0.34s]
[2025-05-21T20:56:56.452+0000] {logging_mixin.py:190} INFO - 20:56:56  11 of 11 OK created sql incremental model sales.dim_shopee_product ............. [MERGE 0 in 0.13s]
[2025-05-21T20:56:56.477+0000] {logging_mixin.py:190} INFO - 20:56:56
[2025-05-21T20:56:56.478+0000] {logging_mixin.py:190} INFO - 20:56:56  Finished running 11 incremental models in 0 hours 0 minutes and 1.34 seconds (1.34s).
[2025-05-21T20:56:56.544+0000] {logging_mixin.py:190} INFO - 20:56:56
[2025-05-21T20:56:56.546+0000] {logging_mixin.py:190} INFO - 20:56:56  Completed with 1 error, 0 partial successes, and 0 warnings:
[2025-05-21T20:56:56.547+0000] {logging_mixin.py:190} INFO - 20:56:56
[2025-05-21T20:56:56.549+0000] {logging_mixin.py:190} INFO - 20:56:56    Database Error in model dim_mercadolivre_date (models/core/dim_mercadolivre_date.sql)
  MERGE command cannot affect row a second time
  HINT:  Ensure that not more than one source row matches any one target row.
  compiled code at target/run/e_commerce_sales/models/core/dim_mercadolivre_date.sql
[2025-05-21T20:56:56.551+0000] {logging_mixin.py:190} INFO - 20:56:56
[2025-05-21T20:56:56.552+0000] {logging_mixin.py:190} INFO - 20:56:56  Done. PASS=10 WARN=0 ERROR=1 SKIP=0 TOTAL=11
[2025-05-21T20:56:57.444+0000] {logging_mixin.py:190} INFO - dbt run failed!
[2025-05-21T20:56:57.446+0000] {logging_mixin.py:190} INFO - None
[2025-05-21T20:56:57.447+0000] {taskinstance.py:3311} ERROR - Task failed with exception
Traceback (most recent call last):
  File "/home/airflow/.local/lib/python3.9/site-packages/airflow/models/taskinstance.py", line 767, in _execute_task
    result = _execute_callable(context=context, **execute_callable_kwargs)
  File "/home/airflow/.local/lib/python3.9/site-packages/airflow/models/taskinstance.py", line 733, in _execute_callable
    return ExecutionCallableRunner(
  File "/home/airflow/.local/lib/python3.9/site-packages/airflow/utils/operator_helpers.py", line 252, in run
    return self.func(*args, **kwargs)
  File "/home/airflow/.local/lib/python3.9/site-packages/airflow/models/baseoperator.py", line 422, in wrapper
    return func(self, *args, **kwargs)
  File "/home/airflow/.local/lib/python3.9/site-packages/airflow/operators/python.py", line 238, in execute
    return_value = self.execute_callable()
  File "/home/airflow/.local/lib/python3.9/site-packages/airflow/operators/python.py", line 256, in execute_callable
    return runner.run(*self.op_args, **self.op_kwargs)
  File "/home/airflow/.local/lib/python3.9/site-packages/airflow/utils/operator_helpers.py", line 252, in run
    return self.func(*args, **kwargs)
  File "/opt/airflow/dbt/run_dbt.py", line 22, in transform_data
    raise RuntimeError("dbt run failed")
RuntimeError: dbt run failed
[2025-05-21T20:56:57.458+0000] {taskinstance.py:1225} INFO - Marking task as FAILED. dag_id=04_transform_data, task_id=run_dbt, run_id=manual__2025-05-21T20:56:50.514069+00:00, execution_date=20250521T205650, start_date=20250521T205651, end_date=20250521T205657
[2025-05-21T20:56:57.471+0000] {taskinstance.py:340} INFO - ::group::Post task execution logs
[2025-05-21T20:56:57.472+0000] {standard_task_runner.py:124} ERROR - Failed to execute job 137 for task run_dbt (dbt run failed; 5593)
Traceback (most recent call last):
  File "/home/airflow/.local/lib/python3.9/site-packages/airflow/task/task_runner/standard_task_runner.py", line 117, in _start_by_fork
    ret = args.func(args, dag=self.dag)
  File "/home/airflow/.local/lib/python3.9/site-packages/airflow/cli/cli_config.py", line 49, in command
    return func(*args, **kwargs)
  File "/home/airflow/.local/lib/python3.9/site-packages/airflow/utils/cli.py", line 116, in wrapper
    return f(*args, **kwargs)
  File "/home/airflow/.local/lib/python3.9/site-packages/airflow/cli/commands/task_command.py", line 483, in task_run
    task_return_code = _run_task_by_selected_method(args, _dag, ti)
  File "/home/airflow/.local/lib/python3.9/site-packages/airflow/cli/commands/task_command.py", line 256, in _run_task_by_selected_method
    return _run_raw_task(args, ti)
  File "/home/airflow/.local/lib/python3.9/site-packages/airflow/cli/commands/task_command.py", line 341, in _run_raw_task
    return ti._run_raw_task(
  File "/home/airflow/.local/lib/python3.9/site-packages/airflow/utils/session.py", line 97, in wrapper
    return func(*args, session=session, **kwargs)
  File "/home/airflow/.local/lib/python3.9/site-packages/airflow/models/taskinstance.py", line 3005, in _run_raw_task
    return _run_raw_task(
  File "/home/airflow/.local/lib/python3.9/site-packages/airflow/models/taskinstance.py", line 273, in _run_raw_task
    TaskInstance._execute_task_with_callbacks(
  File "/home/airflow/.local/lib/python3.9/site-packages/airflow/models/taskinstance.py", line 3159, in _execute_task_with_callbacks
    result = self._execute_task(context, task_orig)
  File "/home/airflow/.local/lib/python3.9/site-packages/airflow/models/taskinstance.py", line 3183, in _execute_task
    return _execute_task(self, context, task_orig)
  File "/home/airflow/.local/lib/python3.9/site-packages/airflow/models/taskinstance.py", line 767, in _execute_task
    result = _execute_callable(context=context, **execute_callable_kwargs)
  File "/home/airflow/.local/lib/python3.9/site-packages/airflow/models/taskinstance.py", line 733, in _execute_callable
    return ExecutionCallableRunner(
  File "/home/airflow/.local/lib/python3.9/site-packages/airflow/utils/operator_helpers.py", line 252, in run
    return self.func(*args, **kwargs)
  File "/home/airflow/.local/lib/python3.9/site-packages/airflow/models/baseoperator.py", line 422, in wrapper
    return func(self, *args, **kwargs)
  File "/home/airflow/.local/lib/python3.9/site-packages/airflow/operators/python.py", line 238, in execute
    return_value = self.execute_callable()
  File "/home/airflow/.local/lib/python3.9/site-packages/airflow/operators/python.py", line 256, in execute_callable
    return runner.run(*self.op_args, **self.op_kwargs)
  File "/home/airflow/.local/lib/python3.9/site-packages/airflow/utils/operator_helpers.py", line 252, in run
    return self.func(*args, **kwargs)
  File "/opt/airflow/dbt/run_dbt.py", line 22, in transform_data
    raise RuntimeError("dbt run failed")
RuntimeError: dbt run failed
[2025-05-21T20:56:57.510+0000] {local_task_job_runner.py:266} INFO - Task exited with return code 1
[2025-05-21T20:56:57.529+0000] {taskinstance.py:3895} INFO - 0 downstream tasks scheduled from follow-on schedule check
[2025-05-21T20:56:57.532+0000] {local_task_job_runner.py:245} INFO - ::endgroup::
