[2025-05-21T17:32:16.523+0000] {local_task_job_runner.py:123} INFO - ::group::Pre task execution logs
[2025-05-21T17:32:16.544+0000] {taskinstance.py:2613} INFO - Dependencies all met for dep_context=non-requeueable deps ti=<TaskInstance: 04_transform_data.run_dbt manual__2025-05-21T17:32:14.481628+00:00 [queued]>
[2025-05-21T17:32:16.555+0000] {taskinstance.py:2613} INFO - Dependencies all met for dep_context=requeueable deps ti=<TaskInstance: 04_transform_data.run_dbt manual__2025-05-21T17:32:14.481628+00:00 [queued]>
[2025-05-21T17:32:16.558+0000] {taskinstance.py:2866} INFO - Starting attempt 1 of 1
[2025-05-21T17:32:16.572+0000] {taskinstance.py:2889} INFO - Executing <Task(PythonOperator): run_dbt> on 2025-05-21 17:32:14.481628+00:00
[2025-05-21T17:32:16.577+0000] {standard_task_runner.py:72} INFO - Started process 2414 to run task
[2025-05-21T17:32:16.581+0000] {standard_task_runner.py:104} INFO - Running: ['***', 'tasks', 'run', '04_transform_data', 'run_dbt', 'manual__2025-05-21T17:32:14.481628+00:00', '--job-id', '96', '--raw', '--subdir', 'DAGS_FOLDER/04_transform_data.py', '--cfg-path', '/tmp/tmp7wxti74t']
[2025-05-21T17:32:16.583+0000] {standard_task_runner.py:105} INFO - Job 96: Subtask run_dbt
[2025-05-21T17:32:16.643+0000] {task_command.py:467} INFO - Running <TaskInstance: 04_transform_data.run_dbt manual__2025-05-21T17:32:14.481628+00:00 [running]> on host e27e96d1841a
[2025-05-21T17:32:16.733+0000] {taskinstance.py:3132} INFO - Exporting env vars: AIRFLOW_CTX_DAG_OWNER='***' AIRFLOW_CTX_DAG_ID='04_transform_data' AIRFLOW_CTX_TASK_ID='run_dbt' AIRFLOW_CTX_EXECUTION_DATE='2025-05-21T17:32:14.481628+00:00' AIRFLOW_CTX_TRY_NUMBER='1' AIRFLOW_CTX_DAG_RUN_ID='manual__2025-05-21T17:32:14.481628+00:00'
[2025-05-21T17:32:16.735+0000] {taskinstance.py:731} INFO - ::endgroup::
[2025-05-21T17:32:18.491+0000] {logging_mixin.py:190} INFO - 17:32:18  Running with dbt=1.9.4
[2025-05-21T17:32:18.831+0000] {logging_mixin.py:190} INFO - 17:32:18  Registered adapter: postgres=1.9.0
[2025-05-21T17:32:19.939+0000] {logging_mixin.py:190} INFO - 17:32:19  [WARNING]: Configuration paths exist in your dbt_project.yml file which do not apply to any resources.
There are 1 unused configuration paths:
- models.e_commerce_sales.example
[2025-05-21T17:32:20.101+0000] {logging_mixin.py:190} INFO - 17:32:20  Found 9 models, 12 sources, 433 macros
[2025-05-21T17:32:20.105+0000] {logging_mixin.py:190} INFO - 17:32:20
[2025-05-21T17:32:20.107+0000] {logging_mixin.py:190} INFO - 17:32:20  Concurrency: 4 threads (target='dev')
[2025-05-21T17:32:20.108+0000] {logging_mixin.py:190} INFO - 17:32:20
[2025-05-21T17:32:20.239+0000] {logging_mixin.py:190} INFO - 17:32:20  1 of 9 START sql incremental model sales.mercadolivre_orders_results ........... [RUN]
[2025-05-21T17:32:20.241+0000] {logging_mixin.py:190} INFO - 17:32:20  2 of 9 START sql incremental model sales.shopee_new_id ......................... [RUN]
[2025-05-21T17:32:20.575+0000] {logging_mixin.py:190} INFO - 17:32:20  2 of 9 OK created sql incremental model sales.shopee_new_id .................... [MERGE 0 in 0.33s]
[2025-05-21T17:32:20.577+0000] {logging_mixin.py:190} INFO - 17:32:20  1 of 9 OK created sql incremental model sales.mercadolivre_orders_results ...... [MERGE 255 in 0.33s]
[2025-05-21T17:32:20.583+0000] {logging_mixin.py:190} INFO - 17:32:20  3 of 9 START sql incremental model sales.shopee_orders_results ................. [RUN]
[2025-05-21T17:32:20.587+0000] {logging_mixin.py:190} INFO - 17:32:20  4 of 9 START sql incremental model sales.dim_mercadolivre_product .............. [RUN]
[2025-05-21T17:32:20.589+0000] {logging_mixin.py:190} INFO - 17:32:20  5 of 9 START sql incremental model sales.mercadolivre_profits .................. [RUN]
[2025-05-21T17:32:20.733+0000] {logging_mixin.py:190} INFO - 17:32:20  4 of 9 ERROR creating sql incremental model sales.dim_mercadolivre_product ..... [ERROR in 0.13s]
[2025-05-21T17:32:20.764+0000] {logging_mixin.py:190} INFO - 17:32:20  3 of 9 OK created sql incremental model sales.shopee_orders_results ............ [MERGE 0 in 0.18s]
[2025-05-21T17:32:20.771+0000] {logging_mixin.py:190} INFO - 17:32:20  6 of 9 START sql incremental model sales.dim_shopee_buyer_id ................... [RUN]
[2025-05-21T17:32:20.774+0000] {logging_mixin.py:190} INFO - 17:32:20  7 of 9 START sql incremental model sales.dim_shopee_orders ..................... [RUN]
[2025-05-21T17:32:20.775+0000] {logging_mixin.py:190} INFO - 17:32:20  8 of 9 START sql incremental model sales.dim_shopee_orders_status .............. [RUN]
[2025-05-21T17:32:20.825+0000] {logging_mixin.py:190} INFO - 17:32:20  5 of 9 OK created sql incremental model sales.mercadolivre_profits ............. [MERGE 250 in 0.21s]
[2025-05-21T17:32:20.868+0000] {logging_mixin.py:190} INFO - 17:32:20  9 of 9 START sql incremental model sales.dim_shopee_product .................... [RUN]
[2025-05-21T17:32:21.047+0000] {logging_mixin.py:190} INFO - 17:32:21  7 of 9 OK created sql incremental model sales.dim_shopee_orders ................ [MERGE 0 in 0.26s]
[2025-05-21T17:32:21.062+0000] {logging_mixin.py:190} INFO - 17:32:21  6 of 9 OK created sql incremental model sales.dim_shopee_buyer_id .............. [MERGE 0 in 0.28s]
[2025-05-21T17:32:21.070+0000] {logging_mixin.py:190} INFO - 17:32:21  8 of 9 OK created sql incremental model sales.dim_shopee_orders_status ......... [MERGE 0 in 0.28s]
[2025-05-21T17:32:21.084+0000] {logging_mixin.py:190} INFO - 17:32:21  9 of 9 OK created sql incremental model sales.dim_shopee_product ............... [MERGE 0 in 0.21s]
[2025-05-21T17:32:21.112+0000] {logging_mixin.py:190} INFO - 17:32:21
[2025-05-21T17:32:21.114+0000] {logging_mixin.py:190} INFO - 17:32:21  Finished running 9 incremental models in 0 hours 0 minutes and 1.00 seconds (1.00s).
[2025-05-21T17:32:21.189+0000] {logging_mixin.py:190} INFO - 17:32:21
[2025-05-21T17:32:21.191+0000] {logging_mixin.py:190} INFO - 17:32:21  Completed with 1 error, 0 partial successes, and 0 warnings:
[2025-05-21T17:32:21.193+0000] {logging_mixin.py:190} INFO - 17:32:21
[2025-05-21T17:32:21.194+0000] {logging_mixin.py:190} INFO - 17:32:21    Database Error in model dim_mercadolivre_product (models/core/dim_mercadolivre_product.sql)
  missing FROM-clause entry for table "ad_name_sku_dlt_id"
  LINE 33:             ON ad_name_sku_dlt_id.order_id = stg_mercadolivr...
                          ^
  compiled code at target/run/e_commerce_sales/models/core/dim_mercadolivre_product.sql
[2025-05-21T17:32:21.196+0000] {logging_mixin.py:190} INFO - 17:32:21
[2025-05-21T17:32:21.197+0000] {logging_mixin.py:190} INFO - 17:32:21  Done. PASS=8 WARN=0 ERROR=1 SKIP=0 TOTAL=9
[2025-05-21T17:32:22.062+0000] {logging_mixin.py:190} INFO - dbt run failed!
[2025-05-21T17:32:22.063+0000] {logging_mixin.py:190} INFO - None
[2025-05-21T17:32:22.064+0000] {taskinstance.py:3311} ERROR - Task failed with exception
Traceback (most recent call last):
  File "/home/airflow/.local/lib/python3.9/site-packages/airflow/models/taskinstance.py", line 767, in _execute_task
    result = _execute_callable(context=context, **execute_callable_kwargs)
  File "/home/airflow/.local/lib/python3.9/site-packages/airflow/models/taskinstance.py", line 733, in _execute_callable
    return ExecutionCallableRunner(
  File "/home/airflow/.local/lib/python3.9/site-packages/airflow/utils/operator_helpers.py", line 252, in run
    return self.func(*args, **kwargs)
  File "/home/airflow/.local/lib/python3.9/site-packages/airflow/models/baseoperator.py", line 422, in wrapper
    return func(self, *args, **kwargs)
  File "/home/airflow/.local/lib/python3.9/site-packages/airflow/operators/python.py", line 238, in execute
    return_value = self.execute_callable()
  File "/home/airflow/.local/lib/python3.9/site-packages/airflow/operators/python.py", line 256, in execute_callable
    return runner.run(*self.op_args, **self.op_kwargs)
  File "/home/airflow/.local/lib/python3.9/site-packages/airflow/utils/operator_helpers.py", line 252, in run
    return self.func(*args, **kwargs)
  File "/opt/airflow/dbt/run_dbt.py", line 22, in transform_data
    raise RuntimeError("dbt run failed")
RuntimeError: dbt run failed
[2025-05-21T17:32:22.075+0000] {taskinstance.py:1225} INFO - Marking task as FAILED. dag_id=04_transform_data, task_id=run_dbt, run_id=manual__2025-05-21T17:32:14.481628+00:00, execution_date=20250521T173214, start_date=20250521T173216, end_date=20250521T173222
[2025-05-21T17:32:22.086+0000] {taskinstance.py:340} INFO - ::group::Post task execution logs
[2025-05-21T17:32:22.087+0000] {standard_task_runner.py:124} ERROR - Failed to execute job 96 for task run_dbt (dbt run failed; 2414)
Traceback (most recent call last):
  File "/home/airflow/.local/lib/python3.9/site-packages/airflow/task/task_runner/standard_task_runner.py", line 117, in _start_by_fork
    ret = args.func(args, dag=self.dag)
  File "/home/airflow/.local/lib/python3.9/site-packages/airflow/cli/cli_config.py", line 49, in command
    return func(*args, **kwargs)
  File "/home/airflow/.local/lib/python3.9/site-packages/airflow/utils/cli.py", line 116, in wrapper
    return f(*args, **kwargs)
  File "/home/airflow/.local/lib/python3.9/site-packages/airflow/cli/commands/task_command.py", line 483, in task_run
    task_return_code = _run_task_by_selected_method(args, _dag, ti)
  File "/home/airflow/.local/lib/python3.9/site-packages/airflow/cli/commands/task_command.py", line 256, in _run_task_by_selected_method
    return _run_raw_task(args, ti)
  File "/home/airflow/.local/lib/python3.9/site-packages/airflow/cli/commands/task_command.py", line 341, in _run_raw_task
    return ti._run_raw_task(
  File "/home/airflow/.local/lib/python3.9/site-packages/airflow/utils/session.py", line 97, in wrapper
    return func(*args, session=session, **kwargs)
  File "/home/airflow/.local/lib/python3.9/site-packages/airflow/models/taskinstance.py", line 3005, in _run_raw_task
    return _run_raw_task(
  File "/home/airflow/.local/lib/python3.9/site-packages/airflow/models/taskinstance.py", line 273, in _run_raw_task
    TaskInstance._execute_task_with_callbacks(
  File "/home/airflow/.local/lib/python3.9/site-packages/airflow/models/taskinstance.py", line 3159, in _execute_task_with_callbacks
    result = self._execute_task(context, task_orig)
  File "/home/airflow/.local/lib/python3.9/site-packages/airflow/models/taskinstance.py", line 3183, in _execute_task
    return _execute_task(self, context, task_orig)
  File "/home/airflow/.local/lib/python3.9/site-packages/airflow/models/taskinstance.py", line 767, in _execute_task
    result = _execute_callable(context=context, **execute_callable_kwargs)
  File "/home/airflow/.local/lib/python3.9/site-packages/airflow/models/taskinstance.py", line 733, in _execute_callable
    return ExecutionCallableRunner(
  File "/home/airflow/.local/lib/python3.9/site-packages/airflow/utils/operator_helpers.py", line 252, in run
    return self.func(*args, **kwargs)
  File "/home/airflow/.local/lib/python3.9/site-packages/airflow/models/baseoperator.py", line 422, in wrapper
    return func(self, *args, **kwargs)
  File "/home/airflow/.local/lib/python3.9/site-packages/airflow/operators/python.py", line 238, in execute
    return_value = self.execute_callable()
  File "/home/airflow/.local/lib/python3.9/site-packages/airflow/operators/python.py", line 256, in execute_callable
    return runner.run(*self.op_args, **self.op_kwargs)
  File "/home/airflow/.local/lib/python3.9/site-packages/airflow/utils/operator_helpers.py", line 252, in run
    return self.func(*args, **kwargs)
  File "/opt/airflow/dbt/run_dbt.py", line 22, in transform_data
    raise RuntimeError("dbt run failed")
RuntimeError: dbt run failed
[2025-05-21T17:32:22.138+0000] {local_task_job_runner.py:266} INFO - Task exited with return code 1
[2025-05-21T17:32:22.149+0000] {local_task_job_runner.py:245} INFO - ::endgroup::
