[2025-05-21T13:28:20.913+0000] {local_task_job_runner.py:123} INFO - ::group::Pre task execution logs
[2025-05-21T13:28:20.932+0000] {taskinstance.py:2613} INFO - Dependencies all met for dep_context=non-requeueable deps ti=<TaskInstance: 04_transform_data.run_dbt manual__2025-05-21T13:28:19.661756+00:00 [queued]>
[2025-05-21T13:28:20.940+0000] {taskinstance.py:2613} INFO - Dependencies all met for dep_context=requeueable deps ti=<TaskInstance: 04_transform_data.run_dbt manual__2025-05-21T13:28:19.661756+00:00 [queued]>
[2025-05-21T13:28:20.941+0000] {taskinstance.py:2866} INFO - Starting attempt 1 of 1
[2025-05-21T13:28:20.953+0000] {taskinstance.py:2889} INFO - Executing <Task(PythonOperator): run_dbt> on 2025-05-21 13:28:19.661756+00:00
[2025-05-21T13:28:20.957+0000] {standard_task_runner.py:72} INFO - Started process 613 to run task
[2025-05-21T13:28:20.960+0000] {standard_task_runner.py:104} INFO - Running: ['***', 'tasks', 'run', '04_transform_data', 'run_dbt', 'manual__2025-05-21T13:28:19.661756+00:00', '--job-id', '82', '--raw', '--subdir', 'DAGS_FOLDER/04_transform_data.py', '--cfg-path', '/tmp/tmpwyu6oael']
[2025-05-21T13:28:20.962+0000] {standard_task_runner.py:105} INFO - Job 82: Subtask run_dbt
[2025-05-21T13:28:21.013+0000] {task_command.py:467} INFO - Running <TaskInstance: 04_transform_data.run_dbt manual__2025-05-21T13:28:19.661756+00:00 [running]> on host e27e96d1841a
[2025-05-21T13:28:21.096+0000] {taskinstance.py:3132} INFO - Exporting env vars: AIRFLOW_CTX_DAG_OWNER='***' AIRFLOW_CTX_DAG_ID='04_transform_data' AIRFLOW_CTX_TASK_ID='run_dbt' AIRFLOW_CTX_EXECUTION_DATE='2025-05-21T13:28:19.661756+00:00' AIRFLOW_CTX_TRY_NUMBER='1' AIRFLOW_CTX_DAG_RUN_ID='manual__2025-05-21T13:28:19.661756+00:00'
[2025-05-21T13:28:21.098+0000] {taskinstance.py:731} INFO - ::endgroup::
[2025-05-21T13:28:22.734+0000] {logging_mixin.py:190} INFO - 13:28:22  Running with dbt=1.9.4
[2025-05-21T13:28:23.099+0000] {logging_mixin.py:190} INFO - 13:28:23  Registered adapter: postgres=1.9.0
[2025-05-21T13:28:24.301+0000] {logging_mixin.py:190} INFO - 13:28:24  [WARNING]: Configuration paths exist in your dbt_project.yml file which do not apply to any resources.
There are 1 unused configuration paths:
- models.e_commerce_sales.example
[2025-05-21T13:28:24.461+0000] {logging_mixin.py:190} INFO - 13:28:24  Found 7 models, 12 sources, 433 macros
[2025-05-21T13:28:24.465+0000] {logging_mixin.py:190} INFO - 13:28:24
[2025-05-21T13:28:24.466+0000] {logging_mixin.py:190} INFO - 13:28:24  Concurrency: 4 threads (target='dev')
[2025-05-21T13:28:24.468+0000] {logging_mixin.py:190} INFO - 13:28:24
[2025-05-21T13:28:24.589+0000] {logging_mixin.py:190} INFO - 13:28:24  1 of 7 START sql incremental model sales.mercadolivre_orders_results ........... [RUN]
[2025-05-21T13:28:24.592+0000] {logging_mixin.py:190} INFO - 13:28:24  2 of 7 START sql incremental model sales.shopee_new_id ......................... [RUN]
[2025-05-21T13:28:24.946+0000] {logging_mixin.py:190} INFO - 13:28:24  2 of 7 OK created sql incremental model sales.shopee_new_id .................... [MERGE 0 in 0.35s]
[2025-05-21T13:28:24.950+0000] {logging_mixin.py:190} INFO - 13:28:24  1 of 7 OK created sql incremental model sales.mercadolivre_orders_results ...... [MERGE 255 in 0.35s]
[2025-05-21T13:28:24.955+0000] {logging_mixin.py:190} INFO - 13:28:24  3 of 7 START sql incremental model sales.shopee_orders_results ................. [RUN]
[2025-05-21T13:28:24.959+0000] {logging_mixin.py:190} INFO - 13:28:24  4 of 7 START sql incremental model sales.mercadolivre_profits .................. [RUN]
[2025-05-21T13:28:25.126+0000] {logging_mixin.py:190} INFO - 13:28:25  3 of 7 OK created sql incremental model sales.shopee_orders_results ............ [MERGE 0 in 0.17s]
[2025-05-21T13:28:25.128+0000] {logging_mixin.py:190} INFO - 13:28:25  4 of 7 OK created sql incremental model sales.mercadolivre_profits ............. [MERGE 250 in 0.15s]
[2025-05-21T13:28:25.134+0000] {logging_mixin.py:190} INFO - 13:28:25  5 of 7 START sql incremental model sales.dim_shopee_buyer_id ................... [RUN]
[2025-05-21T13:28:25.136+0000] {logging_mixin.py:190} INFO - 13:28:25  6 of 7 START sql incremental model sales.dim_shopee_orders ..................... [RUN]
[2025-05-21T13:28:25.137+0000] {logging_mixin.py:190} INFO - 13:28:25  7 of 7 START sql incremental model sales.dim_shopee_product .................... [RUN]
[2025-05-21T13:28:25.261+0000] {logging_mixin.py:190} INFO - 13:28:25  5 of 7 ERROR creating sql incremental model sales.dim_shopee_buyer_id .......... [ERROR in 0.12s]
[2025-05-21T13:28:25.319+0000] {logging_mixin.py:190} INFO - 13:28:25  6 of 7 OK created sql incremental model sales.dim_shopee_orders ................ [MERGE 0 in 0.18s]
[2025-05-21T13:28:25.326+0000] {logging_mixin.py:190} INFO - 13:28:25  7 of 7 OK created sql incremental model sales.dim_shopee_product ............... [MERGE 0 in 0.18s]
[2025-05-21T13:28:25.353+0000] {logging_mixin.py:190} INFO - 13:28:25
[2025-05-21T13:28:25.355+0000] {logging_mixin.py:190} INFO - 13:28:25  Finished running 7 incremental models in 0 hours 0 minutes and 0.88 seconds (0.88s).
[2025-05-21T13:28:25.420+0000] {logging_mixin.py:190} INFO - 13:28:25
[2025-05-21T13:28:25.421+0000] {logging_mixin.py:190} INFO - 13:28:25  Completed with 1 error, 0 partial successes, and 0 warnings:
[2025-05-21T13:28:25.423+0000] {logging_mixin.py:190} INFO - 13:28:25
[2025-05-21T13:28:25.425+0000] {logging_mixin.py:190} INFO - 13:28:25    Database Error in model dim_shopee_buyer_id (models/core/dim_shopee_buyer_id.sql)
  column stg_shopee.buyer__id does not exist
  LINE 27:                 ON orders_results.buyer__id = stg_shopee.buy...
                                                         ^
  compiled code at target/run/e_commerce_sales/models/core/dim_shopee_buyer_id.sql
[2025-05-21T13:28:25.426+0000] {logging_mixin.py:190} INFO - 13:28:25
[2025-05-21T13:28:25.427+0000] {logging_mixin.py:190} INFO - 13:28:25  Done. PASS=6 WARN=0 ERROR=1 SKIP=0 TOTAL=7
[2025-05-21T13:28:26.303+0000] {logging_mixin.py:190} INFO - dbt run failed!
[2025-05-21T13:28:26.305+0000] {logging_mixin.py:190} INFO - None
[2025-05-21T13:28:26.307+0000] {taskinstance.py:3311} ERROR - Task failed with exception
Traceback (most recent call last):
  File "/home/airflow/.local/lib/python3.9/site-packages/airflow/models/taskinstance.py", line 767, in _execute_task
    result = _execute_callable(context=context, **execute_callable_kwargs)
  File "/home/airflow/.local/lib/python3.9/site-packages/airflow/models/taskinstance.py", line 733, in _execute_callable
    return ExecutionCallableRunner(
  File "/home/airflow/.local/lib/python3.9/site-packages/airflow/utils/operator_helpers.py", line 252, in run
    return self.func(*args, **kwargs)
  File "/home/airflow/.local/lib/python3.9/site-packages/airflow/models/baseoperator.py", line 422, in wrapper
    return func(self, *args, **kwargs)
  File "/home/airflow/.local/lib/python3.9/site-packages/airflow/operators/python.py", line 238, in execute
    return_value = self.execute_callable()
  File "/home/airflow/.local/lib/python3.9/site-packages/airflow/operators/python.py", line 256, in execute_callable
    return runner.run(*self.op_args, **self.op_kwargs)
  File "/home/airflow/.local/lib/python3.9/site-packages/airflow/utils/operator_helpers.py", line 252, in run
    return self.func(*args, **kwargs)
  File "/opt/airflow/dbt/run_dbt.py", line 22, in transform_data
    raise RuntimeError("dbt run failed")
RuntimeError: dbt run failed
[2025-05-21T13:28:26.319+0000] {taskinstance.py:1225} INFO - Marking task as FAILED. dag_id=04_transform_data, task_id=run_dbt, run_id=manual__2025-05-21T13:28:19.661756+00:00, execution_date=20250521T132819, start_date=20250521T132820, end_date=20250521T132826
[2025-05-21T13:28:26.333+0000] {taskinstance.py:340} INFO - ::group::Post task execution logs
[2025-05-21T13:28:26.335+0000] {standard_task_runner.py:124} ERROR - Failed to execute job 82 for task run_dbt (dbt run failed; 613)
Traceback (most recent call last):
  File "/home/airflow/.local/lib/python3.9/site-packages/airflow/task/task_runner/standard_task_runner.py", line 117, in _start_by_fork
    ret = args.func(args, dag=self.dag)
  File "/home/airflow/.local/lib/python3.9/site-packages/airflow/cli/cli_config.py", line 49, in command
    return func(*args, **kwargs)
  File "/home/airflow/.local/lib/python3.9/site-packages/airflow/utils/cli.py", line 116, in wrapper
    return f(*args, **kwargs)
  File "/home/airflow/.local/lib/python3.9/site-packages/airflow/cli/commands/task_command.py", line 483, in task_run
    task_return_code = _run_task_by_selected_method(args, _dag, ti)
  File "/home/airflow/.local/lib/python3.9/site-packages/airflow/cli/commands/task_command.py", line 256, in _run_task_by_selected_method
    return _run_raw_task(args, ti)
  File "/home/airflow/.local/lib/python3.9/site-packages/airflow/cli/commands/task_command.py", line 341, in _run_raw_task
    return ti._run_raw_task(
  File "/home/airflow/.local/lib/python3.9/site-packages/airflow/utils/session.py", line 97, in wrapper
    return func(*args, session=session, **kwargs)
  File "/home/airflow/.local/lib/python3.9/site-packages/airflow/models/taskinstance.py", line 3005, in _run_raw_task
    return _run_raw_task(
  File "/home/airflow/.local/lib/python3.9/site-packages/airflow/models/taskinstance.py", line 273, in _run_raw_task
    TaskInstance._execute_task_with_callbacks(
  File "/home/airflow/.local/lib/python3.9/site-packages/airflow/models/taskinstance.py", line 3159, in _execute_task_with_callbacks
    result = self._execute_task(context, task_orig)
  File "/home/airflow/.local/lib/python3.9/site-packages/airflow/models/taskinstance.py", line 3183, in _execute_task
    return _execute_task(self, context, task_orig)
  File "/home/airflow/.local/lib/python3.9/site-packages/airflow/models/taskinstance.py", line 767, in _execute_task
    result = _execute_callable(context=context, **execute_callable_kwargs)
  File "/home/airflow/.local/lib/python3.9/site-packages/airflow/models/taskinstance.py", line 733, in _execute_callable
    return ExecutionCallableRunner(
  File "/home/airflow/.local/lib/python3.9/site-packages/airflow/utils/operator_helpers.py", line 252, in run
    return self.func(*args, **kwargs)
  File "/home/airflow/.local/lib/python3.9/site-packages/airflow/models/baseoperator.py", line 422, in wrapper
    return func(self, *args, **kwargs)
  File "/home/airflow/.local/lib/python3.9/site-packages/airflow/operators/python.py", line 238, in execute
    return_value = self.execute_callable()
  File "/home/airflow/.local/lib/python3.9/site-packages/airflow/operators/python.py", line 256, in execute_callable
    return runner.run(*self.op_args, **self.op_kwargs)
  File "/home/airflow/.local/lib/python3.9/site-packages/airflow/utils/operator_helpers.py", line 252, in run
    return self.func(*args, **kwargs)
  File "/opt/airflow/dbt/run_dbt.py", line 22, in transform_data
    raise RuntimeError("dbt run failed")
RuntimeError: dbt run failed
[2025-05-21T13:28:26.356+0000] {local_task_job_runner.py:266} INFO - Task exited with return code 1
[2025-05-21T13:28:26.374+0000] {taskinstance.py:3895} INFO - 0 downstream tasks scheduled from follow-on schedule check
[2025-05-21T13:28:26.377+0000] {local_task_job_runner.py:245} INFO - ::endgroup::
