[2025-05-21T19:37:35.841+0000] {local_task_job_runner.py:123} INFO - ::group::Pre task execution logs
[2025-05-21T19:37:35.861+0000] {taskinstance.py:2613} INFO - Dependencies all met for dep_context=non-requeueable deps ti=<TaskInstance: 04_transform_data.run_dbt manual__2025-05-21T19:37:33.850789+00:00 [queued]>
[2025-05-21T19:37:35.870+0000] {taskinstance.py:2613} INFO - Dependencies all met for dep_context=requeueable deps ti=<TaskInstance: 04_transform_data.run_dbt manual__2025-05-21T19:37:33.850789+00:00 [queued]>
[2025-05-21T19:37:35.872+0000] {taskinstance.py:2866} INFO - Starting attempt 1 of 1
[2025-05-21T19:37:35.887+0000] {taskinstance.py:2889} INFO - Executing <Task(PythonOperator): run_dbt> on 2025-05-21 19:37:33.850789+00:00
[2025-05-21T19:37:35.892+0000] {standard_task_runner.py:72} INFO - Started process 4299 to run task
[2025-05-21T19:37:35.894+0000] {standard_task_runner.py:104} INFO - Running: ['***', 'tasks', 'run', '04_transform_data', 'run_dbt', 'manual__2025-05-21T19:37:33.850789+00:00', '--job-id', '117', '--raw', '--subdir', 'DAGS_FOLDER/04_transform_data.py', '--cfg-path', '/tmp/tmps8ikv4h7']
[2025-05-21T19:37:35.896+0000] {standard_task_runner.py:105} INFO - Job 117: Subtask run_dbt
[2025-05-21T19:37:35.956+0000] {task_command.py:467} INFO - Running <TaskInstance: 04_transform_data.run_dbt manual__2025-05-21T19:37:33.850789+00:00 [running]> on host e27e96d1841a
[2025-05-21T19:37:36.039+0000] {taskinstance.py:3132} INFO - Exporting env vars: AIRFLOW_CTX_DAG_OWNER='***' AIRFLOW_CTX_DAG_ID='04_transform_data' AIRFLOW_CTX_TASK_ID='run_dbt' AIRFLOW_CTX_EXECUTION_DATE='2025-05-21T19:37:33.850789+00:00' AIRFLOW_CTX_TRY_NUMBER='1' AIRFLOW_CTX_DAG_RUN_ID='manual__2025-05-21T19:37:33.850789+00:00'
[2025-05-21T19:37:36.041+0000] {taskinstance.py:731} INFO - ::endgroup::
[2025-05-21T19:37:37.781+0000] {logging_mixin.py:190} INFO - 19:37:37  Running with dbt=1.9.4
[2025-05-21T19:37:38.134+0000] {logging_mixin.py:190} INFO - 19:37:38  Registered adapter: postgres=1.9.0
[2025-05-21T19:37:39.294+0000] {logging_mixin.py:190} INFO - 19:37:39  [WARNING]: Configuration paths exist in your dbt_project.yml file which do not apply to any resources.
There are 1 unused configuration paths:
- models.e_commerce_sales.example
[2025-05-21T19:37:39.465+0000] {logging_mixin.py:190} INFO - 19:37:39  Found 11 models, 12 sources, 433 macros
[2025-05-21T19:37:39.469+0000] {logging_mixin.py:190} INFO - 19:37:39
[2025-05-21T19:37:39.471+0000] {logging_mixin.py:190} INFO - 19:37:39  Concurrency: 4 threads (target='dev')
[2025-05-21T19:37:39.473+0000] {logging_mixin.py:190} INFO - 19:37:39
[2025-05-21T19:37:39.606+0000] {logging_mixin.py:190} INFO - 19:37:39  1 of 11 START sql incremental model sales.mercadolivre_orders_results .......... [RUN]
[2025-05-21T19:37:39.608+0000] {logging_mixin.py:190} INFO - 19:37:39  2 of 11 START sql incremental model sales.shopee_new_id ........................ [RUN]
[2025-05-21T19:37:40.021+0000] {logging_mixin.py:190} INFO - 19:37:40  2 of 11 OK created sql incremental model sales.shopee_new_id ................... [MERGE 0 in 0.41s]
[2025-05-21T19:37:40.023+0000] {logging_mixin.py:190} INFO - 19:37:40  1 of 11 OK created sql incremental model sales.mercadolivre_orders_results ..... [MERGE 255 in 0.41s]
[2025-05-21T19:37:40.032+0000] {logging_mixin.py:190} INFO - 19:37:40  3 of 11 START sql incremental model sales.shopee_orders_results ................ [RUN]
[2025-05-21T19:37:40.034+0000] {logging_mixin.py:190} INFO - 19:37:40  4 of 11 START sql incremental model sales.dim_mercadolivre_buyer ............... [RUN]
[2025-05-21T19:37:40.035+0000] {logging_mixin.py:190} INFO - 19:37:40  5 of 11 START sql incremental model sales.dim_mercadolivre_date ................ [RUN]
[2025-05-21T19:37:40.037+0000] {logging_mixin.py:190} INFO - 19:37:40  6 of 11 START sql incremental model sales.dim_mercadolivre_product ............. [RUN]
[2025-05-21T19:37:40.197+0000] {logging_mixin.py:190} INFO - 19:37:40  5 of 11 ERROR creating sql incremental model sales.dim_mercadolivre_date ....... [ERROR in 0.15s]
[2025-05-21T19:37:40.226+0000] {logging_mixin.py:190} INFO - 19:37:40  7 of 11 START sql incremental model sales.mercadolivre_profits ................. [RUN]
[2025-05-21T19:37:40.345+0000] {logging_mixin.py:190} INFO - 19:37:40  4 of 11 ERROR creating sql incremental model sales.dim_mercadolivre_buyer ...... [ERROR in 0.30s]
[2025-05-21T19:37:40.360+0000] {logging_mixin.py:190} INFO - 19:37:40  6 of 11 OK created sql incremental model sales.dim_mercadolivre_product ........ [MERGE 250 in 0.31s]
[2025-05-21T19:37:40.363+0000] {logging_mixin.py:190} INFO - 19:37:40  3 of 11 OK created sql incremental model sales.shopee_orders_results ........... [MERGE 0 in 0.32s]
[2025-05-21T19:37:40.382+0000] {logging_mixin.py:190} INFO - 19:37:40  8 of 11 START sql incremental model sales.dim_shopee_buyer_id .................. [RUN]
[2025-05-21T19:37:40.385+0000] {logging_mixin.py:190} INFO - 19:37:40  9 of 11 START sql incremental model sales.dim_shopee_date ...................... [RUN]
[2025-05-21T19:37:40.387+0000] {logging_mixin.py:190} INFO - 19:37:40  10 of 11 START sql incremental model sales.dim_shopee_orders_status ............ [RUN]
[2025-05-21T19:37:40.647+0000] {logging_mixin.py:190} INFO - 19:37:40  7 of 11 OK created sql incremental model sales.mercadolivre_profits ............ [MERGE 250 in 0.38s]
[2025-05-21T19:37:40.672+0000] {logging_mixin.py:190} INFO - 19:37:40  11 of 11 START sql incremental model sales.dim_shopee_product .................. [RUN]
[2025-05-21T19:37:40.776+0000] {logging_mixin.py:190} INFO - 19:37:40  9 of 11 OK created sql incremental model sales.dim_shopee_date ................. [MERGE 0 in 0.37s]
[2025-05-21T19:37:40.780+0000] {logging_mixin.py:190} INFO - 19:37:40  10 of 11 OK created sql incremental model sales.dim_shopee_orders_status ....... [MERGE 0 in 0.38s]
[2025-05-21T19:37:40.784+0000] {logging_mixin.py:190} INFO - 19:37:40  8 of 11 OK created sql incremental model sales.dim_shopee_buyer_id ............. [MERGE 0 in 0.39s]
[2025-05-21T19:37:40.841+0000] {logging_mixin.py:190} INFO - 19:37:40  11 of 11 OK created sql incremental model sales.dim_shopee_product ............. [MERGE 0 in 0.16s]
[2025-05-21T19:37:40.864+0000] {logging_mixin.py:190} INFO - 19:37:40
[2025-05-21T19:37:40.865+0000] {logging_mixin.py:190} INFO - 19:37:40  Finished running 11 incremental models in 0 hours 0 minutes and 1.39 seconds (1.39s).
[2025-05-21T19:37:40.935+0000] {logging_mixin.py:190} INFO - 19:37:40
[2025-05-21T19:37:40.937+0000] {logging_mixin.py:190} INFO - 19:37:40  Completed with 2 errors, 0 partial successes, and 0 warnings:
[2025-05-21T19:37:40.938+0000] {logging_mixin.py:190} INFO - 19:37:40
[2025-05-21T19:37:40.940+0000] {logging_mixin.py:190} INFO - 19:37:40    Database Error in model dim_mercadolivre_date (models/core/dim_mercadolivre_date.sql)
  column reference "year_approved" is ambiguous
  LINE 50:             date_approved_estimated_delivery.year_approved,
                       ^
  compiled code at target/run/e_commerce_sales/models/core/dim_mercadolivre_date.sql
[2025-05-21T19:37:40.941+0000] {logging_mixin.py:190} INFO - 19:37:40
[2025-05-21T19:37:40.943+0000] {logging_mixin.py:190} INFO - 19:37:40    Database Error in model dim_mercadolivre_buyer (models/core/dim_mercadolivre_buyer.sql)
  MERGE command cannot affect row a second time
  HINT:  Ensure that not more than one source row matches any one target row.
  compiled code at target/run/e_commerce_sales/models/core/dim_mercadolivre_buyer.sql
[2025-05-21T19:37:40.945+0000] {logging_mixin.py:190} INFO - 19:37:40
[2025-05-21T19:37:40.946+0000] {logging_mixin.py:190} INFO - 19:37:40  Done. PASS=9 WARN=0 ERROR=2 SKIP=0 TOTAL=11
[2025-05-21T19:37:43.390+0000] {logging_mixin.py:190} INFO - dbt run failed!
[2025-05-21T19:37:43.393+0000] {logging_mixin.py:190} INFO - None
[2025-05-21T19:37:43.396+0000] {taskinstance.py:3311} ERROR - Task failed with exception
Traceback (most recent call last):
  File "/home/airflow/.local/lib/python3.9/site-packages/airflow/models/taskinstance.py", line 767, in _execute_task
    result = _execute_callable(context=context, **execute_callable_kwargs)
  File "/home/airflow/.local/lib/python3.9/site-packages/airflow/models/taskinstance.py", line 733, in _execute_callable
    return ExecutionCallableRunner(
  File "/home/airflow/.local/lib/python3.9/site-packages/airflow/utils/operator_helpers.py", line 252, in run
    return self.func(*args, **kwargs)
  File "/home/airflow/.local/lib/python3.9/site-packages/airflow/models/baseoperator.py", line 422, in wrapper
    return func(self, *args, **kwargs)
  File "/home/airflow/.local/lib/python3.9/site-packages/airflow/operators/python.py", line 238, in execute
    return_value = self.execute_callable()
  File "/home/airflow/.local/lib/python3.9/site-packages/airflow/operators/python.py", line 256, in execute_callable
    return runner.run(*self.op_args, **self.op_kwargs)
  File "/home/airflow/.local/lib/python3.9/site-packages/airflow/utils/operator_helpers.py", line 252, in run
    return self.func(*args, **kwargs)
  File "/opt/airflow/dbt/run_dbt.py", line 22, in transform_data
    raise RuntimeError("dbt run failed")
RuntimeError: dbt run failed
[2025-05-21T19:37:43.410+0000] {taskinstance.py:1225} INFO - Marking task as FAILED. dag_id=04_transform_data, task_id=run_dbt, run_id=manual__2025-05-21T19:37:33.850789+00:00, execution_date=20250521T193733, start_date=20250521T193735, end_date=20250521T193743
[2025-05-21T19:37:43.422+0000] {taskinstance.py:340} INFO - ::group::Post task execution logs
[2025-05-21T19:37:43.423+0000] {standard_task_runner.py:124} ERROR - Failed to execute job 117 for task run_dbt (dbt run failed; 4299)
Traceback (most recent call last):
  File "/home/airflow/.local/lib/python3.9/site-packages/airflow/task/task_runner/standard_task_runner.py", line 117, in _start_by_fork
    ret = args.func(args, dag=self.dag)
  File "/home/airflow/.local/lib/python3.9/site-packages/airflow/cli/cli_config.py", line 49, in command
    return func(*args, **kwargs)
  File "/home/airflow/.local/lib/python3.9/site-packages/airflow/utils/cli.py", line 116, in wrapper
    return f(*args, **kwargs)
  File "/home/airflow/.local/lib/python3.9/site-packages/airflow/cli/commands/task_command.py", line 483, in task_run
    task_return_code = _run_task_by_selected_method(args, _dag, ti)
  File "/home/airflow/.local/lib/python3.9/site-packages/airflow/cli/commands/task_command.py", line 256, in _run_task_by_selected_method
    return _run_raw_task(args, ti)
  File "/home/airflow/.local/lib/python3.9/site-packages/airflow/cli/commands/task_command.py", line 341, in _run_raw_task
    return ti._run_raw_task(
  File "/home/airflow/.local/lib/python3.9/site-packages/airflow/utils/session.py", line 97, in wrapper
    return func(*args, session=session, **kwargs)
  File "/home/airflow/.local/lib/python3.9/site-packages/airflow/models/taskinstance.py", line 3005, in _run_raw_task
    return _run_raw_task(
  File "/home/airflow/.local/lib/python3.9/site-packages/airflow/models/taskinstance.py", line 273, in _run_raw_task
    TaskInstance._execute_task_with_callbacks(
  File "/home/airflow/.local/lib/python3.9/site-packages/airflow/models/taskinstance.py", line 3159, in _execute_task_with_callbacks
    result = self._execute_task(context, task_orig)
  File "/home/airflow/.local/lib/python3.9/site-packages/airflow/models/taskinstance.py", line 3183, in _execute_task
    return _execute_task(self, context, task_orig)
  File "/home/airflow/.local/lib/python3.9/site-packages/airflow/models/taskinstance.py", line 767, in _execute_task
    result = _execute_callable(context=context, **execute_callable_kwargs)
  File "/home/airflow/.local/lib/python3.9/site-packages/airflow/models/taskinstance.py", line 733, in _execute_callable
    return ExecutionCallableRunner(
  File "/home/airflow/.local/lib/python3.9/site-packages/airflow/utils/operator_helpers.py", line 252, in run
    return self.func(*args, **kwargs)
  File "/home/airflow/.local/lib/python3.9/site-packages/airflow/models/baseoperator.py", line 422, in wrapper
    return func(self, *args, **kwargs)
  File "/home/airflow/.local/lib/python3.9/site-packages/airflow/operators/python.py", line 238, in execute
    return_value = self.execute_callable()
  File "/home/airflow/.local/lib/python3.9/site-packages/airflow/operators/python.py", line 256, in execute_callable
    return runner.run(*self.op_args, **self.op_kwargs)
  File "/home/airflow/.local/lib/python3.9/site-packages/airflow/utils/operator_helpers.py", line 252, in run
    return self.func(*args, **kwargs)
  File "/opt/airflow/dbt/run_dbt.py", line 22, in transform_data
    raise RuntimeError("dbt run failed")
RuntimeError: dbt run failed
[2025-05-21T19:37:43.473+0000] {local_task_job_runner.py:266} INFO - Task exited with return code 1
[2025-05-21T19:37:43.492+0000] {taskinstance.py:3895} INFO - 0 downstream tasks scheduled from follow-on schedule check
[2025-05-21T19:37:43.496+0000] {local_task_job_runner.py:245} INFO - ::endgroup::
