[2025-05-28T18:00:13.449+0000] {local_task_job_runner.py:123} INFO - ::group::Pre task execution logs
[2025-05-28T18:00:13.468+0000] {taskinstance.py:2613} INFO - Dependencies all met for dep_context=non-requeueable deps ti=<TaskInstance: 04_transform_data.run_dbt manual__2025-05-28T18:00:03.219987+00:00 [queued]>
[2025-05-28T18:00:13.476+0000] {taskinstance.py:2613} INFO - Dependencies all met for dep_context=requeueable deps ti=<TaskInstance: 04_transform_data.run_dbt manual__2025-05-28T18:00:03.219987+00:00 [queued]>
[2025-05-28T18:00:13.478+0000] {taskinstance.py:2866} INFO - Starting attempt 1 of 1
[2025-05-28T18:00:13.491+0000] {taskinstance.py:2889} INFO - Executing <Task(PythonOperator): run_dbt> on 2025-05-28 18:00:03.219987+00:00
[2025-05-28T18:00:13.495+0000] {standard_task_runner.py:72} INFO - Started process 142 to run task
[2025-05-28T18:00:13.499+0000] {standard_task_runner.py:104} INFO - Running: ['***', 'tasks', 'run', '04_transform_data', 'run_dbt', 'manual__2025-05-28T18:00:03.219987+00:00', '--job-id', '249', '--raw', '--subdir', 'DAGS_FOLDER/04_transform_data.py', '--cfg-path', '/tmp/tmpzs_sqexj']
[2025-05-28T18:00:13.501+0000] {standard_task_runner.py:105} INFO - Job 249: Subtask run_dbt
[2025-05-28T18:00:13.554+0000] {task_command.py:467} INFO - Running <TaskInstance: 04_transform_data.run_dbt manual__2025-05-28T18:00:03.219987+00:00 [running]> on host 950204866fda
[2025-05-28T18:00:13.637+0000] {taskinstance.py:3132} INFO - Exporting env vars: AIRFLOW_CTX_DAG_OWNER='***' AIRFLOW_CTX_DAG_ID='04_transform_data' AIRFLOW_CTX_TASK_ID='run_dbt' AIRFLOW_CTX_EXECUTION_DATE='2025-05-28T18:00:03.219987+00:00' AIRFLOW_CTX_TRY_NUMBER='1' AIRFLOW_CTX_DAG_RUN_ID='manual__2025-05-28T18:00:03.219987+00:00'
[2025-05-28T18:00:13.639+0000] {taskinstance.py:731} INFO - ::endgroup::
[2025-05-28T18:00:15.251+0000] {logging_mixin.py:190} INFO - 18:00:15  Running with dbt=1.9.4
[2025-05-28T18:00:15.679+0000] {logging_mixin.py:190} INFO - 18:00:15  Registered adapter: postgres=1.9.0
[2025-05-28T18:00:17.775+0000] {logging_mixin.py:190} INFO - 18:00:17  [WARNING]: Configuration paths exist in your dbt_project.yml file which do not apply to any resources.
There are 1 unused configuration paths:
- models.e_commerce_sales.example
[2025-05-28T18:00:17.975+0000] {logging_mixin.py:190} INFO - 18:00:17  Found 14 models, 12 sources, 549 macros, 1 unit test
[2025-05-28T18:00:17.979+0000] {logging_mixin.py:190} INFO - 18:00:17
[2025-05-28T18:00:17.981+0000] {logging_mixin.py:190} INFO - 18:00:17  Concurrency: 4 threads (target='dev')
[2025-05-28T18:00:17.982+0000] {logging_mixin.py:190} INFO - 18:00:17
[2025-05-28T18:00:18.133+0000] {logging_mixin.py:190} INFO - 18:00:18  1 of 14 START sql table model sales.kit_components ............................. [RUN]
[2025-05-28T18:00:18.135+0000] {logging_mixin.py:190} INFO - 18:00:18  2 of 14 START sql incremental model sales.mercadolivre_orders_results .......... [RUN]
[2025-05-28T18:00:18.137+0000] {logging_mixin.py:190} INFO - 18:00:18  3 of 14 START sql table model sales.product_sku_cost ........................... [RUN]
[2025-05-28T18:00:18.138+0000] {logging_mixin.py:190} INFO - 18:00:18  4 of 14 START sql table model sales.stg_shopee ................................. [RUN]
[2025-05-28T18:00:18.572+0000] {logging_mixin.py:190} INFO - 18:00:18  1 of 14 OK created sql table model sales.kit_components ........................ [SELECT 1225 in 0.42s]
[2025-05-28T18:00:18.575+0000] {logging_mixin.py:190} INFO - 18:00:18  3 of 14 OK created sql table model sales.product_sku_cost ...................... [SELECT 403 in 0.42s]
[2025-05-28T18:00:18.577+0000] {logging_mixin.py:190} INFO - 18:00:18  4 of 14 OK created sql table model sales.stg_shopee ............................ [SELECT 2875 in 0.43s]
[2025-05-28T18:00:18.625+0000] {logging_mixin.py:190} INFO - 18:00:18  5 of 14 START sql incremental model sales.shopee_new_id ........................ [RUN]
[2025-05-28T18:00:18.666+0000] {logging_mixin.py:190} INFO - 18:00:18  2 of 14 OK created sql incremental model sales.mercadolivre_orders_results ..... [MERGE 190 in 0.52s]
[2025-05-28T18:00:18.672+0000] {logging_mixin.py:190} INFO - 18:00:18  6 of 14 START sql incremental model sales.dim_mercadolivre_buyer ............... [RUN]
[2025-05-28T18:00:18.674+0000] {logging_mixin.py:190} INFO - 18:00:18  7 of 14 START sql incremental model sales.dim_mercadolivre_date ................ [RUN]
[2025-05-28T18:00:18.677+0000] {logging_mixin.py:190} INFO - 18:00:18  8 of 14 START sql incremental model sales.dim_mercadolivre_orders_status ....... [RUN]
[2025-05-28T18:00:18.762+0000] {logging_mixin.py:190} INFO - 18:00:18  5 of 14 OK created sql incremental model sales.shopee_new_id ................... [SELECT 2875 in 0.13s]
[2025-05-28T18:00:18.768+0000] {logging_mixin.py:190} INFO - 18:00:18  9 of 14 START sql incremental model sales.dim_mercadolivre_product ............. [RUN]
[2025-05-28T18:00:18.976+0000] {logging_mixin.py:190} INFO - 18:00:18  7 of 14 OK created sql incremental model sales.dim_mercadolivre_date ........... [MERGE 190 in 0.29s]
[2025-05-28T18:00:18.983+0000] {logging_mixin.py:190} INFO - 18:00:18  6 of 14 OK created sql incremental model sales.dim_mercadolivre_buyer .......... [MERGE 188 in 0.30s]
[2025-05-28T18:00:18.987+0000] {logging_mixin.py:190} INFO - 18:00:18  8 of 14 OK created sql incremental model sales.dim_mercadolivre_orders_status .. [MERGE 190 in 0.30s]
[2025-05-28T18:00:18.999+0000] {logging_mixin.py:190} INFO - 18:00:18  10 of 14 START sql incremental model sales.shopee_orders_results ............... [RUN]
[2025-05-28T18:00:19.041+0000] {logging_mixin.py:190} INFO - 18:00:19  9 of 14 ERROR creating sql incremental model sales.dim_mercadolivre_product .... [ERROR in 0.26s]
[2025-05-28T18:00:19.124+0000] {logging_mixin.py:190} INFO - 18:00:19  10 of 14 OK created sql incremental model sales.shopee_orders_results .......... [SELECT 2727 in 0.12s]
[2025-05-28T18:00:19.131+0000] {logging_mixin.py:190} INFO - 18:00:19  11 of 14 START sql incremental model sales.dim_shopee_buyer .................... [RUN]
[2025-05-28T18:00:19.133+0000] {logging_mixin.py:190} INFO - 18:00:19  12 of 14 START sql incremental model sales.dim_shopee_date ..................... [RUN]
[2025-05-28T18:00:19.135+0000] {logging_mixin.py:190} INFO - 18:00:19  13 of 14 START sql incremental model sales.dim_shopee_orders_status ............ [RUN]
[2025-05-28T18:00:19.137+0000] {logging_mixin.py:190} INFO - 18:00:19  14 of 14 START sql incremental model sales.dim_shopee_product .................. [RUN]
[2025-05-28T18:00:19.273+0000] {logging_mixin.py:190} INFO - 18:00:19  11 of 14 OK created sql incremental model sales.dim_shopee_buyer ............... [SELECT 2629 in 0.13s]
[2025-05-28T18:00:19.303+0000] {logging_mixin.py:190} INFO - 18:00:19  12 of 14 OK created sql incremental model sales.dim_shopee_date ................ [SELECT 2727 in 0.16s]
[2025-05-28T18:00:19.305+0000] {logging_mixin.py:190} INFO - 18:00:19  13 of 14 OK created sql incremental model sales.dim_shopee_orders_status ....... [SELECT 2731 in 0.16s]
[2025-05-28T18:00:19.314+0000] {logging_mixin.py:190} INFO - 18:00:19  14 of 14 OK created sql incremental model sales.dim_shopee_product ............. [SELECT 795 in 0.17s]
[2025-05-28T18:00:19.338+0000] {logging_mixin.py:190} INFO - 18:00:19
[2025-05-28T18:00:19.340+0000] {logging_mixin.py:190} INFO - 18:00:19  Finished running 11 incremental models, 3 table models in 0 hours 0 minutes and 1.35 seconds (1.35s).
[2025-05-28T18:00:19.415+0000] {logging_mixin.py:190} INFO - 18:00:19
[2025-05-28T18:00:19.417+0000] {logging_mixin.py:190} INFO - 18:00:19  Completed with 1 error, 0 partial successes, and 0 warnings:
[2025-05-28T18:00:19.418+0000] {logging_mixin.py:190} INFO - 18:00:19
[2025-05-28T18:00:19.419+0000] {logging_mixin.py:190} INFO - 18:00:19    Database Error in model dim_mercadolivre_product (models/core/dim_mercadolivre_product.sql)
  MERGE command cannot affect row a second time
  HINT:  Ensure that not more than one source row matches any one target row.
  compiled code at target/run/e_commerce_sales/models/core/dim_mercadolivre_product.sql
[2025-05-28T18:00:19.421+0000] {logging_mixin.py:190} INFO - 18:00:19
[2025-05-28T18:00:19.422+0000] {logging_mixin.py:190} INFO - 18:00:19  Done. PASS=13 WARN=0 ERROR=1 SKIP=0 TOTAL=14
[2025-05-28T18:00:20.354+0000] {logging_mixin.py:190} INFO - dbt run failed!
[2025-05-28T18:00:20.355+0000] {logging_mixin.py:190} INFO - None
[2025-05-28T18:00:20.356+0000] {taskinstance.py:3311} ERROR - Task failed with exception
Traceback (most recent call last):
  File "/home/airflow/.local/lib/python3.9/site-packages/airflow/models/taskinstance.py", line 767, in _execute_task
    result = _execute_callable(context=context, **execute_callable_kwargs)
  File "/home/airflow/.local/lib/python3.9/site-packages/airflow/models/taskinstance.py", line 733, in _execute_callable
    return ExecutionCallableRunner(
  File "/home/airflow/.local/lib/python3.9/site-packages/airflow/utils/operator_helpers.py", line 252, in run
    return self.func(*args, **kwargs)
  File "/home/airflow/.local/lib/python3.9/site-packages/airflow/models/baseoperator.py", line 422, in wrapper
    return func(self, *args, **kwargs)
  File "/home/airflow/.local/lib/python3.9/site-packages/airflow/operators/python.py", line 238, in execute
    return_value = self.execute_callable()
  File "/home/airflow/.local/lib/python3.9/site-packages/airflow/operators/python.py", line 256, in execute_callable
    return runner.run(*self.op_args, **self.op_kwargs)
  File "/home/airflow/.local/lib/python3.9/site-packages/airflow/utils/operator_helpers.py", line 252, in run
    return self.func(*args, **kwargs)
  File "/opt/airflow/dbt_files/run_dbt.py", line 22, in transform_data
    raise RuntimeError("dbt run failed")
RuntimeError: dbt run failed
[2025-05-28T18:00:20.367+0000] {taskinstance.py:1225} INFO - Marking task as FAILED. dag_id=04_transform_data, task_id=run_dbt, run_id=manual__2025-05-28T18:00:03.219987+00:00, execution_date=20250528T180003, start_date=20250528T180013, end_date=20250528T180020
[2025-05-28T18:00:20.380+0000] {taskinstance.py:340} INFO - ::group::Post task execution logs
[2025-05-28T18:00:20.381+0000] {standard_task_runner.py:124} ERROR - Failed to execute job 249 for task run_dbt (dbt run failed; 142)
Traceback (most recent call last):
  File "/home/airflow/.local/lib/python3.9/site-packages/airflow/task/task_runner/standard_task_runner.py", line 117, in _start_by_fork
    ret = args.func(args, dag=self.dag)
  File "/home/airflow/.local/lib/python3.9/site-packages/airflow/cli/cli_config.py", line 49, in command
    return func(*args, **kwargs)
  File "/home/airflow/.local/lib/python3.9/site-packages/airflow/utils/cli.py", line 116, in wrapper
    return f(*args, **kwargs)
  File "/home/airflow/.local/lib/python3.9/site-packages/airflow/cli/commands/task_command.py", line 483, in task_run
    task_return_code = _run_task_by_selected_method(args, _dag, ti)
  File "/home/airflow/.local/lib/python3.9/site-packages/airflow/cli/commands/task_command.py", line 256, in _run_task_by_selected_method
    return _run_raw_task(args, ti)
  File "/home/airflow/.local/lib/python3.9/site-packages/airflow/cli/commands/task_command.py", line 341, in _run_raw_task
    return ti._run_raw_task(
  File "/home/airflow/.local/lib/python3.9/site-packages/airflow/utils/session.py", line 97, in wrapper
    return func(*args, session=session, **kwargs)
  File "/home/airflow/.local/lib/python3.9/site-packages/airflow/models/taskinstance.py", line 3005, in _run_raw_task
    return _run_raw_task(
  File "/home/airflow/.local/lib/python3.9/site-packages/airflow/models/taskinstance.py", line 273, in _run_raw_task
    TaskInstance._execute_task_with_callbacks(
  File "/home/airflow/.local/lib/python3.9/site-packages/airflow/models/taskinstance.py", line 3159, in _execute_task_with_callbacks
    result = self._execute_task(context, task_orig)
  File "/home/airflow/.local/lib/python3.9/site-packages/airflow/models/taskinstance.py", line 3183, in _execute_task
    return _execute_task(self, context, task_orig)
  File "/home/airflow/.local/lib/python3.9/site-packages/airflow/models/taskinstance.py", line 767, in _execute_task
    result = _execute_callable(context=context, **execute_callable_kwargs)
  File "/home/airflow/.local/lib/python3.9/site-packages/airflow/models/taskinstance.py", line 733, in _execute_callable
    return ExecutionCallableRunner(
  File "/home/airflow/.local/lib/python3.9/site-packages/airflow/utils/operator_helpers.py", line 252, in run
    return self.func(*args, **kwargs)
  File "/home/airflow/.local/lib/python3.9/site-packages/airflow/models/baseoperator.py", line 422, in wrapper
    return func(self, *args, **kwargs)
  File "/home/airflow/.local/lib/python3.9/site-packages/airflow/operators/python.py", line 238, in execute
    return_value = self.execute_callable()
  File "/home/airflow/.local/lib/python3.9/site-packages/airflow/operators/python.py", line 256, in execute_callable
    return runner.run(*self.op_args, **self.op_kwargs)
  File "/home/airflow/.local/lib/python3.9/site-packages/airflow/utils/operator_helpers.py", line 252, in run
    return self.func(*args, **kwargs)
  File "/opt/airflow/dbt_files/run_dbt.py", line 22, in transform_data
    raise RuntimeError("dbt run failed")
RuntimeError: dbt run failed
[2025-05-28T18:00:20.425+0000] {local_task_job_runner.py:266} INFO - Task exited with return code 1
[2025-05-28T18:00:20.443+0000] {taskinstance.py:3895} INFO - 0 downstream tasks scheduled from follow-on schedule check
[2025-05-28T18:00:20.447+0000] {local_task_job_runner.py:245} INFO - ::endgroup::
