[2025-06-11T23:21:50.724+0000] {local_task_job_runner.py:123} INFO - ::group::Pre task execution logs
[2025-06-11T23:21:50.743+0000] {taskinstance.py:2613} INFO - Dependencies all met for dep_context=non-requeueable deps ti=<TaskInstance: 05_transform_data_dev.run_dbt manual__2025-06-11T23:21:42.020096+00:00 [queued]>
[2025-06-11T23:21:50.752+0000] {taskinstance.py:2613} INFO - Dependencies all met for dep_context=requeueable deps ti=<TaskInstance: 05_transform_data_dev.run_dbt manual__2025-06-11T23:21:42.020096+00:00 [queued]>
[2025-06-11T23:21:50.753+0000] {taskinstance.py:2866} INFO - Starting attempt 1 of 1
[2025-06-11T23:21:50.764+0000] {taskinstance.py:2889} INFO - Executing <Task(PythonOperator): run_dbt> on 2025-06-11 23:21:42.020096+00:00
[2025-06-11T23:21:50.770+0000] {standard_task_runner.py:72} INFO - Started process 5208 to run task
[2025-06-11T23:21:50.773+0000] {standard_task_runner.py:104} INFO - Running: ['***', 'tasks', 'run', '05_transform_data_dev', 'run_dbt', 'manual__2025-06-11T23:21:42.020096+00:00', '--job-id', '940', '--raw', '--subdir', 'DAGS_FOLDER/05_transform_data_dev.py', '--cfg-path', '/tmp/tmp3n36eqf4']
[2025-06-11T23:21:50.775+0000] {standard_task_runner.py:105} INFO - Job 940: Subtask run_dbt
[2025-06-11T23:21:50.829+0000] {task_command.py:467} INFO - Running <TaskInstance: 05_transform_data_dev.run_dbt manual__2025-06-11T23:21:42.020096+00:00 [running]> on host 28e6a58e4107
[2025-06-11T23:21:50.909+0000] {taskinstance.py:3132} INFO - Exporting env vars: AIRFLOW_CTX_DAG_OWNER='***' AIRFLOW_CTX_DAG_ID='05_transform_data_dev' AIRFLOW_CTX_TASK_ID='run_dbt' AIRFLOW_CTX_EXECUTION_DATE='2025-06-11T23:21:42.020096+00:00' AIRFLOW_CTX_TRY_NUMBER='1' AIRFLOW_CTX_DAG_RUN_ID='manual__2025-06-11T23:21:42.020096+00:00'
[2025-06-11T23:21:50.911+0000] {taskinstance.py:731} INFO - ::endgroup::
[2025-06-11T23:21:52.521+0000] {logging_mixin.py:190} INFO - 23:21:52  Running with dbt=1.9.5
[2025-06-11T23:21:52.919+0000] {logging_mixin.py:190} INFO - 23:21:52  Registered adapter: postgres=1.9.0
[2025-06-11T23:21:54.320+0000] {logging_mixin.py:190} INFO - 23:21:54  Unable to do partial parsing because change detected to override macro. Starting full parse.
[2025-06-11T23:21:56.042+0000] {logging_mixin.py:190} INFO - 23:21:56  Encountered an error:
Compilation Error in model stg_mercadolivre__order_items (models/staging/stg_mercadolivre__order_items.sql)
  expected token ':', got '}'
    line 6
      database = {{ generate_database_name(custom_database_name="dev_sales_db", node=none) }}
[2025-06-11T23:21:56.732+0000] {logging_mixin.py:190} INFO - dbt run failed!
[2025-06-11T23:21:56.734+0000] {logging_mixin.py:190} INFO - Compilation Error in model stg_mercadolivre__order_items (models/staging/stg_mercadolivre__order_items.sql)
  expected token ':', got '}'
    line 6
      database = {{ generate_database_name(custom_database_name="dev_sales_db", node=none) }}
[2025-06-11T23:21:56.735+0000] {taskinstance.py:3311} ERROR - Task failed with exception
Traceback (most recent call last):
  File "/home/airflow/.local/lib/python3.9/site-packages/airflow/models/taskinstance.py", line 767, in _execute_task
    result = _execute_callable(context=context, **execute_callable_kwargs)
  File "/home/airflow/.local/lib/python3.9/site-packages/airflow/models/taskinstance.py", line 733, in _execute_callable
    return ExecutionCallableRunner(
  File "/home/airflow/.local/lib/python3.9/site-packages/airflow/utils/operator_helpers.py", line 252, in run
    return self.func(*args, **kwargs)
  File "/home/airflow/.local/lib/python3.9/site-packages/airflow/models/baseoperator.py", line 422, in wrapper
    return func(self, *args, **kwargs)
  File "/home/airflow/.local/lib/python3.9/site-packages/airflow/operators/python.py", line 238, in execute
    return_value = self.execute_callable()
  File "/home/airflow/.local/lib/python3.9/site-packages/airflow/operators/python.py", line 256, in execute_callable
    return runner.run(*self.op_args, **self.op_kwargs)
  File "/home/airflow/.local/lib/python3.9/site-packages/airflow/utils/operator_helpers.py", line 252, in run
    return self.func(*args, **kwargs)
  File "/opt/airflow/dbt_files/run_dbt.py", line 24, in transform_data
    raise RuntimeError("dbt run failed")
RuntimeError: dbt run failed
[2025-06-11T23:21:56.748+0000] {taskinstance.py:1225} INFO - Marking task as FAILED. dag_id=05_transform_data_dev, task_id=run_dbt, run_id=manual__2025-06-11T23:21:42.020096+00:00, execution_date=20250611T232142, start_date=20250611T232150, end_date=20250611T232156
[2025-06-11T23:21:56.762+0000] {taskinstance.py:340} INFO - ::group::Post task execution logs
[2025-06-11T23:21:56.763+0000] {standard_task_runner.py:124} ERROR - Failed to execute job 940 for task run_dbt (dbt run failed; 5208)
Traceback (most recent call last):
  File "/home/airflow/.local/lib/python3.9/site-packages/airflow/task/task_runner/standard_task_runner.py", line 117, in _start_by_fork
    ret = args.func(args, dag=self.dag)
  File "/home/airflow/.local/lib/python3.9/site-packages/airflow/cli/cli_config.py", line 49, in command
    return func(*args, **kwargs)
  File "/home/airflow/.local/lib/python3.9/site-packages/airflow/utils/cli.py", line 116, in wrapper
    return f(*args, **kwargs)
  File "/home/airflow/.local/lib/python3.9/site-packages/airflow/cli/commands/task_command.py", line 483, in task_run
    task_return_code = _run_task_by_selected_method(args, _dag, ti)
  File "/home/airflow/.local/lib/python3.9/site-packages/airflow/cli/commands/task_command.py", line 256, in _run_task_by_selected_method
    return _run_raw_task(args, ti)
  File "/home/airflow/.local/lib/python3.9/site-packages/airflow/cli/commands/task_command.py", line 341, in _run_raw_task
    return ti._run_raw_task(
  File "/home/airflow/.local/lib/python3.9/site-packages/airflow/utils/session.py", line 97, in wrapper
    return func(*args, session=session, **kwargs)
  File "/home/airflow/.local/lib/python3.9/site-packages/airflow/models/taskinstance.py", line 3005, in _run_raw_task
    return _run_raw_task(
  File "/home/airflow/.local/lib/python3.9/site-packages/airflow/models/taskinstance.py", line 273, in _run_raw_task
    TaskInstance._execute_task_with_callbacks(
  File "/home/airflow/.local/lib/python3.9/site-packages/airflow/models/taskinstance.py", line 3159, in _execute_task_with_callbacks
    result = self._execute_task(context, task_orig)
  File "/home/airflow/.local/lib/python3.9/site-packages/airflow/models/taskinstance.py", line 3183, in _execute_task
    return _execute_task(self, context, task_orig)
  File "/home/airflow/.local/lib/python3.9/site-packages/airflow/models/taskinstance.py", line 767, in _execute_task
    result = _execute_callable(context=context, **execute_callable_kwargs)
  File "/home/airflow/.local/lib/python3.9/site-packages/airflow/models/taskinstance.py", line 733, in _execute_callable
    return ExecutionCallableRunner(
  File "/home/airflow/.local/lib/python3.9/site-packages/airflow/utils/operator_helpers.py", line 252, in run
    return self.func(*args, **kwargs)
  File "/home/airflow/.local/lib/python3.9/site-packages/airflow/models/baseoperator.py", line 422, in wrapper
    return func(self, *args, **kwargs)
  File "/home/airflow/.local/lib/python3.9/site-packages/airflow/operators/python.py", line 238, in execute
    return_value = self.execute_callable()
  File "/home/airflow/.local/lib/python3.9/site-packages/airflow/operators/python.py", line 256, in execute_callable
    return runner.run(*self.op_args, **self.op_kwargs)
  File "/home/airflow/.local/lib/python3.9/site-packages/airflow/utils/operator_helpers.py", line 252, in run
    return self.func(*args, **kwargs)
  File "/opt/airflow/dbt_files/run_dbt.py", line 24, in transform_data
    raise RuntimeError("dbt run failed")
RuntimeError: dbt run failed
[2025-06-11T23:21:56.810+0000] {local_task_job_runner.py:266} INFO - Task exited with return code 1
[2025-06-11T23:21:56.830+0000] {taskinstance.py:3895} INFO - 0 downstream tasks scheduled from follow-on schedule check
[2025-06-11T23:21:56.833+0000] {local_task_job_runner.py:245} INFO - ::endgroup::
