[2025-05-21T20:32:11.210+0000] {local_task_job_runner.py:123} INFO - ::group::Pre task execution logs
[2025-05-21T20:32:11.230+0000] {taskinstance.py:2613} INFO - Dependencies all met for dep_context=non-requeueable deps ti=<TaskInstance: 04_transform_data.run_dbt manual__2025-05-21T20:32:09.267452+00:00 [queued]>
[2025-05-21T20:32:11.239+0000] {taskinstance.py:2613} INFO - Dependencies all met for dep_context=requeueable deps ti=<TaskInstance: 04_transform_data.run_dbt manual__2025-05-21T20:32:09.267452+00:00 [queued]>
[2025-05-21T20:32:11.241+0000] {taskinstance.py:2866} INFO - Starting attempt 1 of 1
[2025-05-21T20:32:11.254+0000] {taskinstance.py:2889} INFO - Executing <Task(PythonOperator): run_dbt> on 2025-05-21 20:32:09.267452+00:00
[2025-05-21T20:32:11.260+0000] {standard_task_runner.py:72} INFO - Started process 5127 to run task
[2025-05-21T20:32:11.263+0000] {standard_task_runner.py:104} INFO - Running: ['***', 'tasks', 'run', '04_transform_data', 'run_dbt', 'manual__2025-05-21T20:32:09.267452+00:00', '--job-id', '126', '--raw', '--subdir', 'DAGS_FOLDER/04_transform_data.py', '--cfg-path', '/tmp/tmp074askfk']
[2025-05-21T20:32:11.265+0000] {standard_task_runner.py:105} INFO - Job 126: Subtask run_dbt
[2025-05-21T20:32:11.321+0000] {task_command.py:467} INFO - Running <TaskInstance: 04_transform_data.run_dbt manual__2025-05-21T20:32:09.267452+00:00 [running]> on host e27e96d1841a
[2025-05-21T20:32:11.409+0000] {taskinstance.py:3132} INFO - Exporting env vars: AIRFLOW_CTX_DAG_OWNER='***' AIRFLOW_CTX_DAG_ID='04_transform_data' AIRFLOW_CTX_TASK_ID='run_dbt' AIRFLOW_CTX_EXECUTION_DATE='2025-05-21T20:32:09.267452+00:00' AIRFLOW_CTX_TRY_NUMBER='1' AIRFLOW_CTX_DAG_RUN_ID='manual__2025-05-21T20:32:09.267452+00:00'
[2025-05-21T20:32:11.411+0000] {taskinstance.py:731} INFO - ::endgroup::
[2025-05-21T20:32:13.242+0000] {logging_mixin.py:190} INFO - 20:32:13  Running with dbt=1.9.4
[2025-05-21T20:32:13.621+0000] {logging_mixin.py:190} INFO - 20:32:13  Registered adapter: postgres=1.9.0
[2025-05-21T20:32:14.814+0000] {logging_mixin.py:190} INFO - 20:32:14  [WARNING]: Configuration paths exist in your dbt_project.yml file which do not apply to any resources.
There are 1 unused configuration paths:
- models.e_commerce_sales.example
[2025-05-21T20:32:14.999+0000] {logging_mixin.py:190} INFO - 20:32:14  Found 11 models, 12 sources, 433 macros
[2025-05-21T20:32:15.004+0000] {logging_mixin.py:190} INFO - 20:32:15
[2025-05-21T20:32:15.005+0000] {logging_mixin.py:190} INFO - 20:32:15  Concurrency: 4 threads (target='dev')
[2025-05-21T20:32:15.007+0000] {logging_mixin.py:190} INFO - 20:32:15
[2025-05-21T20:32:15.177+0000] {logging_mixin.py:190} INFO - 20:32:15  1 of 11 START sql incremental model sales.mercadolivre_orders_results .......... [RUN]
[2025-05-21T20:32:15.180+0000] {logging_mixin.py:190} INFO - 20:32:15  2 of 11 START sql incremental model sales.shopee_new_id ........................ [RUN]
[2025-05-21T20:32:15.646+0000] {logging_mixin.py:190} INFO - 20:32:15  2 of 11 OK created sql incremental model sales.shopee_new_id ................... [MERGE 0 in 0.46s]
[2025-05-21T20:32:15.651+0000] {logging_mixin.py:190} INFO - 20:32:15  1 of 11 OK created sql incremental model sales.mercadolivre_orders_results ..... [MERGE 255 in 0.47s]
[2025-05-21T20:32:15.655+0000] {logging_mixin.py:190} INFO - 20:32:15  3 of 11 START sql incremental model sales.shopee_orders_results ................ [RUN]
[2025-05-21T20:32:15.660+0000] {logging_mixin.py:190} INFO - 20:32:15  4 of 11 START sql incremental model sales.dim_mercadolivre_buyer ............... [RUN]
[2025-05-21T20:32:15.661+0000] {logging_mixin.py:190} INFO - 20:32:15  5 of 11 START sql incremental model sales.dim_mercadolivre_date ................ [RUN]
[2025-05-21T20:32:15.663+0000] {logging_mixin.py:190} INFO - 20:32:15  6 of 11 START sql incremental model sales.dim_mercadolivre_product ............. [RUN]
[2025-05-21T20:32:15.968+0000] {logging_mixin.py:190} INFO - 20:32:15  5 of 11 ERROR creating sql incremental model sales.dim_mercadolivre_date ....... [ERROR in 0.29s]
[2025-05-21T20:32:15.975+0000] {logging_mixin.py:190} INFO - 20:32:15  4 of 11 ERROR creating sql incremental model sales.dim_mercadolivre_buyer ...... [ERROR in 0.30s]
[2025-05-21T20:32:15.979+0000] {logging_mixin.py:190} INFO - 20:32:15  3 of 11 OK created sql incremental model sales.shopee_orders_results ........... [MERGE 0 in 0.31s]
[2025-05-21T20:32:15.988+0000] {logging_mixin.py:190} INFO - 20:32:15  6 of 11 OK created sql incremental model sales.dim_mercadolivre_product ........ [MERGE 250 in 0.30s]
[2025-05-21T20:32:15.990+0000] {logging_mixin.py:190} INFO - 20:32:15  7 of 11 START sql incremental model sales.mercadolivre_profits ................. [RUN]
[2025-05-21T20:32:16.004+0000] {logging_mixin.py:190} INFO - 20:32:16  8 of 11 START sql incremental model sales.dim_shopee_buyer_id .................. [RUN]
[2025-05-21T20:32:16.006+0000] {logging_mixin.py:190} INFO - 20:32:16  9 of 11 START sql incremental model sales.dim_shopee_date ...................... [RUN]
[2025-05-21T20:32:16.009+0000] {logging_mixin.py:190} INFO - 20:32:16  10 of 11 START sql incremental model sales.dim_shopee_orders_status ............ [RUN]
[2025-05-21T20:32:16.350+0000] {logging_mixin.py:190} INFO - 20:32:16  9 of 11 OK created sql incremental model sales.dim_shopee_date ................. [MERGE 0 in 0.32s]
[2025-05-21T20:32:16.359+0000] {logging_mixin.py:190} INFO - 20:32:16  10 of 11 OK created sql incremental model sales.dim_shopee_orders_status ....... [MERGE 0 in 0.32s]
[2025-05-21T20:32:16.361+0000] {logging_mixin.py:190} INFO - 20:32:16  8 of 11 OK created sql incremental model sales.dim_shopee_buyer_id ............. [MERGE 0 in 0.33s]
[2025-05-21T20:32:16.364+0000] {logging_mixin.py:190} INFO - 20:32:16  7 of 11 OK created sql incremental model sales.mercadolivre_profits ............ [MERGE 250 in 0.36s]
[2025-05-21T20:32:16.370+0000] {logging_mixin.py:190} INFO - 20:32:16  11 of 11 START sql incremental model sales.dim_shopee_product .................. [RUN]
[2025-05-21T20:32:16.485+0000] {logging_mixin.py:190} INFO - 20:32:16  11 of 11 OK created sql incremental model sales.dim_shopee_product ............. [MERGE 0 in 0.11s]
[2025-05-21T20:32:16.513+0000] {logging_mixin.py:190} INFO - 20:32:16
[2025-05-21T20:32:16.516+0000] {logging_mixin.py:190} INFO - 20:32:16  Finished running 11 incremental models in 0 hours 0 minutes and 1.51 seconds (1.51s).
[2025-05-21T20:32:16.589+0000] {logging_mixin.py:190} INFO - 20:32:16
[2025-05-21T20:32:16.591+0000] {logging_mixin.py:190} INFO - 20:32:16  Completed with 2 errors, 0 partial successes, and 0 warnings:
[2025-05-21T20:32:16.593+0000] {logging_mixin.py:190} INFO - 20:32:16
[2025-05-21T20:32:16.594+0000] {logging_mixin.py:190} INFO - 20:32:16    Database Error in model dim_mercadolivre_date (models/core/dim_mercadolivre_date.sql)
  MERGE command cannot affect row a second time
  HINT:  Ensure that not more than one source row matches any one target row.
  compiled code at target/run/e_commerce_sales/models/core/dim_mercadolivre_date.sql
[2025-05-21T20:32:16.596+0000] {logging_mixin.py:190} INFO - 20:32:16
[2025-05-21T20:32:16.597+0000] {logging_mixin.py:190} INFO - 20:32:16    Database Error in model dim_mercadolivre_buyer (models/core/dim_mercadolivre_buyer.sql)
  MERGE command cannot affect row a second time
  HINT:  Ensure that not more than one source row matches any one target row.
  compiled code at target/run/e_commerce_sales/models/core/dim_mercadolivre_buyer.sql
[2025-05-21T20:32:16.600+0000] {logging_mixin.py:190} INFO - 20:32:16
[2025-05-21T20:32:16.601+0000] {logging_mixin.py:190} INFO - 20:32:16  Done. PASS=9 WARN=0 ERROR=2 SKIP=0 TOTAL=11
[2025-05-21T20:32:17.525+0000] {logging_mixin.py:190} INFO - dbt run failed!
[2025-05-21T20:32:17.526+0000] {logging_mixin.py:190} INFO - None
[2025-05-21T20:32:17.527+0000] {taskinstance.py:3311} ERROR - Task failed with exception
Traceback (most recent call last):
  File "/home/airflow/.local/lib/python3.9/site-packages/airflow/models/taskinstance.py", line 767, in _execute_task
    result = _execute_callable(context=context, **execute_callable_kwargs)
  File "/home/airflow/.local/lib/python3.9/site-packages/airflow/models/taskinstance.py", line 733, in _execute_callable
    return ExecutionCallableRunner(
  File "/home/airflow/.local/lib/python3.9/site-packages/airflow/utils/operator_helpers.py", line 252, in run
    return self.func(*args, **kwargs)
  File "/home/airflow/.local/lib/python3.9/site-packages/airflow/models/baseoperator.py", line 422, in wrapper
    return func(self, *args, **kwargs)
  File "/home/airflow/.local/lib/python3.9/site-packages/airflow/operators/python.py", line 238, in execute
    return_value = self.execute_callable()
  File "/home/airflow/.local/lib/python3.9/site-packages/airflow/operators/python.py", line 256, in execute_callable
    return runner.run(*self.op_args, **self.op_kwargs)
  File "/home/airflow/.local/lib/python3.9/site-packages/airflow/utils/operator_helpers.py", line 252, in run
    return self.func(*args, **kwargs)
  File "/opt/airflow/dbt/run_dbt.py", line 22, in transform_data
    raise RuntimeError("dbt run failed")
RuntimeError: dbt run failed
[2025-05-21T20:32:17.538+0000] {taskinstance.py:1225} INFO - Marking task as FAILED. dag_id=04_transform_data, task_id=run_dbt, run_id=manual__2025-05-21T20:32:09.267452+00:00, execution_date=20250521T203209, start_date=20250521T203211, end_date=20250521T203217
[2025-05-21T20:32:17.550+0000] {taskinstance.py:340} INFO - ::group::Post task execution logs
[2025-05-21T20:32:17.551+0000] {standard_task_runner.py:124} ERROR - Failed to execute job 126 for task run_dbt (dbt run failed; 5127)
Traceback (most recent call last):
  File "/home/airflow/.local/lib/python3.9/site-packages/airflow/task/task_runner/standard_task_runner.py", line 117, in _start_by_fork
    ret = args.func(args, dag=self.dag)
  File "/home/airflow/.local/lib/python3.9/site-packages/airflow/cli/cli_config.py", line 49, in command
    return func(*args, **kwargs)
  File "/home/airflow/.local/lib/python3.9/site-packages/airflow/utils/cli.py", line 116, in wrapper
    return f(*args, **kwargs)
  File "/home/airflow/.local/lib/python3.9/site-packages/airflow/cli/commands/task_command.py", line 483, in task_run
    task_return_code = _run_task_by_selected_method(args, _dag, ti)
  File "/home/airflow/.local/lib/python3.9/site-packages/airflow/cli/commands/task_command.py", line 256, in _run_task_by_selected_method
    return _run_raw_task(args, ti)
  File "/home/airflow/.local/lib/python3.9/site-packages/airflow/cli/commands/task_command.py", line 341, in _run_raw_task
    return ti._run_raw_task(
  File "/home/airflow/.local/lib/python3.9/site-packages/airflow/utils/session.py", line 97, in wrapper
    return func(*args, session=session, **kwargs)
  File "/home/airflow/.local/lib/python3.9/site-packages/airflow/models/taskinstance.py", line 3005, in _run_raw_task
    return _run_raw_task(
  File "/home/airflow/.local/lib/python3.9/site-packages/airflow/models/taskinstance.py", line 273, in _run_raw_task
    TaskInstance._execute_task_with_callbacks(
  File "/home/airflow/.local/lib/python3.9/site-packages/airflow/models/taskinstance.py", line 3159, in _execute_task_with_callbacks
    result = self._execute_task(context, task_orig)
  File "/home/airflow/.local/lib/python3.9/site-packages/airflow/models/taskinstance.py", line 3183, in _execute_task
    return _execute_task(self, context, task_orig)
  File "/home/airflow/.local/lib/python3.9/site-packages/airflow/models/taskinstance.py", line 767, in _execute_task
    result = _execute_callable(context=context, **execute_callable_kwargs)
  File "/home/airflow/.local/lib/python3.9/site-packages/airflow/models/taskinstance.py", line 733, in _execute_callable
    return ExecutionCallableRunner(
  File "/home/airflow/.local/lib/python3.9/site-packages/airflow/utils/operator_helpers.py", line 252, in run
    return self.func(*args, **kwargs)
  File "/home/airflow/.local/lib/python3.9/site-packages/airflow/models/baseoperator.py", line 422, in wrapper
    return func(self, *args, **kwargs)
  File "/home/airflow/.local/lib/python3.9/site-packages/airflow/operators/python.py", line 238, in execute
    return_value = self.execute_callable()
  File "/home/airflow/.local/lib/python3.9/site-packages/airflow/operators/python.py", line 256, in execute_callable
    return runner.run(*self.op_args, **self.op_kwargs)
  File "/home/airflow/.local/lib/python3.9/site-packages/airflow/utils/operator_helpers.py", line 252, in run
    return self.func(*args, **kwargs)
  File "/opt/airflow/dbt/run_dbt.py", line 22, in transform_data
    raise RuntimeError("dbt run failed")
RuntimeError: dbt run failed
[2025-05-21T20:32:17.586+0000] {local_task_job_runner.py:266} INFO - Task exited with return code 1
[2025-05-21T20:32:17.605+0000] {taskinstance.py:3895} INFO - 0 downstream tasks scheduled from follow-on schedule check
[2025-05-21T20:32:17.608+0000] {local_task_job_runner.py:245} INFO - ::endgroup::
