[2025-06-06T21:11:20.566+0000] {local_task_job_runner.py:123} INFO - ::group::Pre task execution logs
[2025-06-06T21:11:20.587+0000] {taskinstance.py:2613} INFO - Dependencies all met for dep_context=non-requeueable deps ti=<TaskInstance: 05_transform_data.run_dbt manual__2025-06-06T21:11:11.709730+00:00 [queued]>
[2025-06-06T21:11:20.598+0000] {taskinstance.py:2613} INFO - Dependencies all met for dep_context=requeueable deps ti=<TaskInstance: 05_transform_data.run_dbt manual__2025-06-06T21:11:11.709730+00:00 [queued]>
[2025-06-06T21:11:20.600+0000] {taskinstance.py:2866} INFO - Starting attempt 1 of 1
[2025-06-06T21:11:20.614+0000] {taskinstance.py:2889} INFO - Executing <Task(PythonOperator): run_dbt> on 2025-06-06 21:11:11.709730+00:00
[2025-06-06T21:11:20.618+0000] {standard_task_runner.py:72} INFO - Started process 5761 to run task
[2025-06-06T21:11:20.621+0000] {standard_task_runner.py:104} INFO - Running: ['***', 'tasks', 'run', '05_transform_data', 'run_dbt', 'manual__2025-06-06T21:11:11.709730+00:00', '--job-id', '464', '--raw', '--subdir', 'DAGS_FOLDER/05_transform_data.py', '--cfg-path', '/tmp/tmp2tzvz7ja']
[2025-06-06T21:11:20.623+0000] {standard_task_runner.py:105} INFO - Job 464: Subtask run_dbt
[2025-06-06T21:11:20.676+0000] {task_command.py:467} INFO - Running <TaskInstance: 05_transform_data.run_dbt manual__2025-06-06T21:11:11.709730+00:00 [running]> on host 28e6a58e4107
[2025-06-06T21:11:20.758+0000] {taskinstance.py:3132} INFO - Exporting env vars: AIRFLOW_CTX_DAG_OWNER='***' AIRFLOW_CTX_DAG_ID='05_transform_data' AIRFLOW_CTX_TASK_ID='run_dbt' AIRFLOW_CTX_EXECUTION_DATE='2025-06-06T21:11:11.709730+00:00' AIRFLOW_CTX_TRY_NUMBER='1' AIRFLOW_CTX_DAG_RUN_ID='manual__2025-06-06T21:11:11.709730+00:00'
[2025-06-06T21:11:20.759+0000] {taskinstance.py:731} INFO - ::endgroup::
[2025-06-06T21:11:22.269+0000] {logging_mixin.py:190} INFO - 21:11:22  Running with dbt=1.9.5
[2025-06-06T21:11:22.635+0000] {logging_mixin.py:190} INFO - 21:11:22  Registered adapter: postgres=1.9.0
[2025-06-06T21:11:24.512+0000] {logging_mixin.py:190} INFO - 21:11:24  [WARNING]: Configuration paths exist in your dbt_project.yml file which do not apply to any resources.
There are 1 unused configuration paths:
- models.e_commerce_sales.example
[2025-06-06T21:11:24.732+0000] {logging_mixin.py:190} INFO - 21:11:24  Found 15 models, 12 sources, 549 macros, 1 unit test
[2025-06-06T21:11:24.736+0000] {logging_mixin.py:190} INFO - 21:11:24
[2025-06-06T21:11:24.738+0000] {logging_mixin.py:190} INFO - 21:11:24  Concurrency: 4 threads (target='dev')
[2025-06-06T21:11:24.739+0000] {logging_mixin.py:190} INFO - 21:11:24
[2025-06-06T21:11:24.906+0000] {logging_mixin.py:190} INFO - 21:11:24  1 of 15 START sql incremental model sales.mercadolivre_orders_results .......... [RUN]
[2025-06-06T21:11:24.909+0000] {logging_mixin.py:190} INFO - 21:11:24  2 of 15 START sql incremental model sales.stg_shopee ........................... [RUN]
[2025-06-06T21:11:25.331+0000] {logging_mixin.py:190} INFO - 21:11:25  2 of 15 OK created sql incremental model sales.stg_shopee ...................... [SELECT 2875 in 0.41s]
[2025-06-06T21:11:25.339+0000] {logging_mixin.py:190} INFO - 21:11:25  3 of 15 START sql incremental model sales.shopee_new_id ........................ [RUN]
[2025-06-06T21:11:25.438+0000] {logging_mixin.py:190} INFO - 21:11:25  3 of 15 OK created sql incremental model sales.shopee_new_id ................... [SELECT 2875 in 0.09s]
[2025-06-06T21:11:25.445+0000] {logging_mixin.py:190} INFO - 21:11:25  4 of 15 START sql incremental model sales.shopee_orders_results ................ [RUN]
[2025-06-06T21:11:26.201+0000] {logging_mixin.py:190} INFO - 21:11:26  4 of 15 OK created sql incremental model sales.shopee_orders_results ........... [SELECT 2679 in 0.75s]
[2025-06-06T21:11:26.207+0000] {logging_mixin.py:190} INFO - 21:11:26  5 of 15 START sql incremental model sales.dim_shopee_buyer ..................... [RUN]
[2025-06-06T21:11:26.209+0000] {logging_mixin.py:190} INFO - 21:11:26  6 of 15 START sql incremental model sales.dim_shopee_date ...................... [RUN]
[2025-06-06T21:11:26.211+0000] {logging_mixin.py:190} INFO - 21:11:26  7 of 15 START sql incremental model sales.dim_shopee_orders_status ............. [RUN]
[2025-06-06T21:11:26.307+0000] {logging_mixin.py:190} INFO - 21:11:26  5 of 15 ERROR creating sql incremental model sales.dim_shopee_buyer ............ [ERROR in 0.09s]
[2025-06-06T21:11:26.313+0000] {logging_mixin.py:190} INFO - 21:11:26  8 of 15 START sql incremental model sales.dim_shopee_product ................... [RUN]
[2025-06-06T21:11:26.349+0000] {logging_mixin.py:190} INFO - 21:11:26  7 of 15 OK created sql incremental model sales.dim_shopee_orders_status ........ [SELECT 2679 in 0.13s]
[2025-06-06T21:11:26.397+0000] {logging_mixin.py:190} INFO - 21:11:26  8 of 15 OK created sql incremental model sales.dim_shopee_product .............. [SELECT 180 in 0.08s]
[2025-06-06T21:11:26.973+0000] {logging_mixin.py:190} INFO - 21:11:26  6 of 15 OK created sql incremental model sales.dim_shopee_date ................. [SELECT 2679 in 0.76s]
[2025-06-06T21:11:26.980+0000] {logging_mixin.py:190} INFO - 21:11:26  9 of 15 START sql view model sales.sum_shopee_monthly_profit ................... [RUN]
[2025-06-06T21:11:26.982+0000] {logging_mixin.py:190} INFO - 21:11:26  10 of 15 START sql view model sales.sum_shopee_monthly_revenue ................. [RUN]
[2025-06-06T21:11:26.984+0000] {logging_mixin.py:190} INFO - 21:11:26  11 of 15 START sql view model sales.sum_shopee_products_sold ................... [RUN]
[2025-06-06T21:11:27.185+0000] {logging_mixin.py:190} INFO - 21:11:27  11 of 15 OK created sql view model sales.sum_shopee_products_sold .............. [CREATE VIEW in 0.19s]
[2025-06-06T21:11:27.192+0000] {logging_mixin.py:190} INFO - 21:11:27  9 of 15 OK created sql view model sales.sum_shopee_monthly_profit .............. [CREATE VIEW in 0.20s]
[2025-06-06T21:11:27.194+0000] {logging_mixin.py:190} INFO - 21:11:27  10 of 15 OK created sql view model sales.sum_shopee_monthly_revenue ............ [CREATE VIEW in 0.20s]
[2025-06-06T21:11:27.902+0000] {logging_mixin.py:190} INFO - 21:11:27  1 of 15 OK created sql incremental model sales.mercadolivre_orders_results ..... [MERGE 190 in 2.99s]
[2025-06-06T21:11:27.910+0000] {logging_mixin.py:190} INFO - 21:11:27  12 of 15 START sql incremental model sales.dim_mercadolivre_buyer .............. [RUN]
[2025-06-06T21:11:27.912+0000] {logging_mixin.py:190} INFO - 21:11:27  13 of 15 START sql incremental model sales.dim_mercadolivre_date ............... [RUN]
[2025-06-06T21:11:27.914+0000] {logging_mixin.py:190} INFO - 21:11:27  14 of 15 START sql incremental model sales.dim_mercadolivre_orders_status ...... [RUN]
[2025-06-06T21:11:27.916+0000] {logging_mixin.py:190} INFO - 21:11:27  15 of 15 START sql incremental model sales.dim_mercadolivre_product ............ [RUN]
[2025-06-06T21:11:28.152+0000] {logging_mixin.py:190} INFO - 21:11:28  14 of 15 OK created sql incremental model sales.dim_mercadolivre_orders_status . [MERGE 190 in 0.23s]
[2025-06-06T21:11:28.166+0000] {logging_mixin.py:190} INFO - 21:11:28  12 of 15 OK created sql incremental model sales.dim_mercadolivre_buyer ......... [MERGE 188 in 0.25s]
[2025-06-06T21:11:29.253+0000] {logging_mixin.py:190} INFO - 21:11:29  13 of 15 OK created sql incremental model sales.dim_mercadolivre_date .......... [MERGE 190 in 1.33s]
[2025-06-06T21:11:31.395+0000] {logging_mixin.py:190} INFO - 21:11:31  15 of 15 OK created sql incremental model sales.dim_mercadolivre_product ....... [MERGE 65 in 3.47s]
[2025-06-06T21:11:31.422+0000] {logging_mixin.py:190} INFO - 21:11:31
[2025-06-06T21:11:31.424+0000] {logging_mixin.py:190} INFO - 21:11:31  Finished running 12 incremental models, 3 view models in 0 hours 0 minutes and 6.68 seconds (6.68s).
[2025-06-06T21:11:31.508+0000] {logging_mixin.py:190} INFO - 21:11:31
[2025-06-06T21:11:31.510+0000] {logging_mixin.py:190} INFO - 21:11:31  Completed with 1 error, 0 partial successes, and 0 warnings:
[2025-06-06T21:11:31.512+0000] {logging_mixin.py:190} INFO - 21:11:31
[2025-06-06T21:11:31.513+0000] {logging_mixin.py:190} INFO - 21:11:31    Database Error in model dim_shopee_buyer (models/core/dim_shopee_buyer.sql)
  syntax error at or near "MAX"
  LINE 25:            MAX(stg_shopee.load_timestamp) AS ld_timestamp   ...
                      ^
  compiled code at target/run/e_commerce_sales/models/core/dim_shopee_buyer.sql
[2025-06-06T21:11:31.515+0000] {logging_mixin.py:190} INFO - 21:11:31
[2025-06-06T21:11:31.516+0000] {logging_mixin.py:190} INFO - 21:11:31  Done. PASS=14 WARN=0 ERROR=1 SKIP=0 TOTAL=15
[2025-06-06T21:11:32.396+0000] {logging_mixin.py:190} INFO - dbt run failed!
[2025-06-06T21:11:32.398+0000] {logging_mixin.py:190} INFO - None
[2025-06-06T21:11:32.400+0000] {taskinstance.py:3311} ERROR - Task failed with exception
Traceback (most recent call last):
  File "/home/airflow/.local/lib/python3.9/site-packages/airflow/models/taskinstance.py", line 767, in _execute_task
    result = _execute_callable(context=context, **execute_callable_kwargs)
  File "/home/airflow/.local/lib/python3.9/site-packages/airflow/models/taskinstance.py", line 733, in _execute_callable
    return ExecutionCallableRunner(
  File "/home/airflow/.local/lib/python3.9/site-packages/airflow/utils/operator_helpers.py", line 252, in run
    return self.func(*args, **kwargs)
  File "/home/airflow/.local/lib/python3.9/site-packages/airflow/models/baseoperator.py", line 422, in wrapper
    return func(self, *args, **kwargs)
  File "/home/airflow/.local/lib/python3.9/site-packages/airflow/operators/python.py", line 238, in execute
    return_value = self.execute_callable()
  File "/home/airflow/.local/lib/python3.9/site-packages/airflow/operators/python.py", line 256, in execute_callable
    return runner.run(*self.op_args, **self.op_kwargs)
  File "/home/airflow/.local/lib/python3.9/site-packages/airflow/utils/operator_helpers.py", line 252, in run
    return self.func(*args, **kwargs)
  File "/opt/airflow/dbt_files/run_dbt.py", line 22, in transform_data
    raise RuntimeError("dbt run failed")
RuntimeError: dbt run failed
[2025-06-06T21:11:32.418+0000] {taskinstance.py:1225} INFO - Marking task as FAILED. dag_id=05_transform_data, task_id=run_dbt, run_id=manual__2025-06-06T21:11:11.709730+00:00, execution_date=20250606T211111, start_date=20250606T211120, end_date=20250606T211132
[2025-06-06T21:11:32.434+0000] {taskinstance.py:340} INFO - ::group::Post task execution logs
[2025-06-06T21:11:32.436+0000] {standard_task_runner.py:124} ERROR - Failed to execute job 464 for task run_dbt (dbt run failed; 5761)
Traceback (most recent call last):
  File "/home/airflow/.local/lib/python3.9/site-packages/airflow/task/task_runner/standard_task_runner.py", line 117, in _start_by_fork
    ret = args.func(args, dag=self.dag)
  File "/home/airflow/.local/lib/python3.9/site-packages/airflow/cli/cli_config.py", line 49, in command
    return func(*args, **kwargs)
  File "/home/airflow/.local/lib/python3.9/site-packages/airflow/utils/cli.py", line 116, in wrapper
    return f(*args, **kwargs)
  File "/home/airflow/.local/lib/python3.9/site-packages/airflow/cli/commands/task_command.py", line 483, in task_run
    task_return_code = _run_task_by_selected_method(args, _dag, ti)
  File "/home/airflow/.local/lib/python3.9/site-packages/airflow/cli/commands/task_command.py", line 256, in _run_task_by_selected_method
    return _run_raw_task(args, ti)
  File "/home/airflow/.local/lib/python3.9/site-packages/airflow/cli/commands/task_command.py", line 341, in _run_raw_task
    return ti._run_raw_task(
  File "/home/airflow/.local/lib/python3.9/site-packages/airflow/utils/session.py", line 97, in wrapper
    return func(*args, session=session, **kwargs)
  File "/home/airflow/.local/lib/python3.9/site-packages/airflow/models/taskinstance.py", line 3005, in _run_raw_task
    return _run_raw_task(
  File "/home/airflow/.local/lib/python3.9/site-packages/airflow/models/taskinstance.py", line 273, in _run_raw_task
    TaskInstance._execute_task_with_callbacks(
  File "/home/airflow/.local/lib/python3.9/site-packages/airflow/models/taskinstance.py", line 3159, in _execute_task_with_callbacks
    result = self._execute_task(context, task_orig)
  File "/home/airflow/.local/lib/python3.9/site-packages/airflow/models/taskinstance.py", line 3183, in _execute_task
    return _execute_task(self, context, task_orig)
  File "/home/airflow/.local/lib/python3.9/site-packages/airflow/models/taskinstance.py", line 767, in _execute_task
    result = _execute_callable(context=context, **execute_callable_kwargs)
  File "/home/airflow/.local/lib/python3.9/site-packages/airflow/models/taskinstance.py", line 733, in _execute_callable
    return ExecutionCallableRunner(
  File "/home/airflow/.local/lib/python3.9/site-packages/airflow/utils/operator_helpers.py", line 252, in run
    return self.func(*args, **kwargs)
  File "/home/airflow/.local/lib/python3.9/site-packages/airflow/models/baseoperator.py", line 422, in wrapper
    return func(self, *args, **kwargs)
  File "/home/airflow/.local/lib/python3.9/site-packages/airflow/operators/python.py", line 238, in execute
    return_value = self.execute_callable()
  File "/home/airflow/.local/lib/python3.9/site-packages/airflow/operators/python.py", line 256, in execute_callable
    return runner.run(*self.op_args, **self.op_kwargs)
  File "/home/airflow/.local/lib/python3.9/site-packages/airflow/utils/operator_helpers.py", line 252, in run
    return self.func(*args, **kwargs)
  File "/opt/airflow/dbt_files/run_dbt.py", line 22, in transform_data
    raise RuntimeError("dbt run failed")
RuntimeError: dbt run failed
[2025-06-06T21:11:32.492+0000] {local_task_job_runner.py:266} INFO - Task exited with return code 1
[2025-06-06T21:11:32.552+0000] {taskinstance.py:3895} INFO - 0 downstream tasks scheduled from follow-on schedule check
[2025-06-06T21:11:32.556+0000] {local_task_job_runner.py:245} INFO - ::endgroup::
