[2025-05-22T18:47:41.055+0000] {local_task_job_runner.py:123} INFO - ::group::Pre task execution logs
[2025-05-22T18:47:41.078+0000] {taskinstance.py:2613} INFO - Dependencies all met for dep_context=non-requeueable deps ti=<TaskInstance: 04_transform_data.install_dbt_deps manual__2025-05-22T18:47:39.082881+00:00 [queued]>
[2025-05-22T18:47:41.089+0000] {taskinstance.py:2613} INFO - Dependencies all met for dep_context=requeueable deps ti=<TaskInstance: 04_transform_data.install_dbt_deps manual__2025-05-22T18:47:39.082881+00:00 [queued]>
[2025-05-22T18:47:41.090+0000] {taskinstance.py:2866} INFO - Starting attempt 1 of 1
[2025-05-22T18:47:41.105+0000] {taskinstance.py:2889} INFO - Executing <Task(PythonOperator): install_dbt_deps> on 2025-05-22 18:47:39.082881+00:00
[2025-05-22T18:47:41.112+0000] {standard_task_runner.py:72} INFO - Started process 3505 to run task
[2025-05-22T18:47:41.116+0000] {standard_task_runner.py:104} INFO - Running: ['***', 'tasks', 'run', '04_transform_data', 'install_dbt_deps', 'manual__2025-05-22T18:47:39.082881+00:00', '--job-id', '200', '--raw', '--subdir', 'DAGS_FOLDER/04_transform_data.py', '--cfg-path', '/tmp/tmpg20nfv1l']
[2025-05-22T18:47:41.119+0000] {standard_task_runner.py:105} INFO - Job 200: Subtask install_dbt_deps
[2025-05-22T18:47:41.190+0000] {task_command.py:467} INFO - Running <TaskInstance: 04_transform_data.install_dbt_deps manual__2025-05-22T18:47:39.082881+00:00 [running]> on host e27e96d1841a
[2025-05-22T18:47:41.330+0000] {taskinstance.py:3132} INFO - Exporting env vars: AIRFLOW_CTX_DAG_OWNER='***' AIRFLOW_CTX_DAG_ID='04_transform_data' AIRFLOW_CTX_TASK_ID='install_dbt_deps' AIRFLOW_CTX_EXECUTION_DATE='2025-05-22T18:47:39.082881+00:00' AIRFLOW_CTX_TRY_NUMBER='1' AIRFLOW_CTX_DAG_RUN_ID='manual__2025-05-22T18:47:39.082881+00:00'
[2025-05-22T18:47:41.333+0000] {taskinstance.py:731} INFO - ::endgroup::
[2025-05-22T18:47:42.863+0000] {logging_mixin.py:190} INFO - 18:47:42  Running with dbt=1.9.4
[2025-05-22T18:47:43.373+0000] {logging_mixin.py:190} INFO - 18:47:43  Encountered an error:
Could not find a matching compatible version for package dbt-labs/dbt_utils
  Requested range: =1.9.4, =1.9.4
  Compatible versions: ['0.0.1', '0.1.0', '0.1.1', '0.1.2', '0.1.3', '0.1.4', '0.1.5', '0.1.6', '0.1.7', '0.1.8', '0.1.9', '0.1.10', '0.1.11', '0.1.12', '0.1.13', '0.1.14', '0.1.15', '0.1.16', '0.1.17', '0.1.18', '0.1.19', '0.1.20', '0.1.21', '0.1.22', '0.1.23', '0.1.24', '0.1.25', '0.2.0', '0.2.1', '0.2.2', '0.2.3', '0.2.4', '0.2.5', '0.3.0', '0.4.0', '0.4.1', '0.5.0', '0.8.0', '0.8.1', '0.8.2', '0.8.3', '0.8.4', '0.8.5', '0.8.6', '0.9.0', '0.9.1', '0.9.2', '0.9.5', '0.9.6', '1.0.0', '1.1.0', '1.1.1', '1.2.0', '1.3.0']

  Not shown: package versions incompatible with installed version of dbt-core
  To include them, run 'dbt --no-version-check deps'
[2025-05-22T18:47:43.376+0000] {logging_mixin.py:190} INFO - 18:47:43  Traceback (most recent call last):
  File "/home/***/.local/lib/python3.9/site-packages/dbt/cli/requires.py", line 153, in wrapper
    result, success = func(*args, **kwargs)
  File "/home/***/.local/lib/python3.9/site-packages/dbt/cli/requires.py", line 103, in wrapper
    return func(*args, **kwargs)
  File "/home/***/.local/lib/python3.9/site-packages/dbt/cli/requires.py", line 218, in wrapper
    return func(*args, **kwargs)
  File "/home/***/.local/lib/python3.9/site-packages/dbt/cli/requires.py", line 264, in wrapper
    return func(*args, **kwargs)
  File "/home/***/.local/lib/python3.9/site-packages/dbt/cli/main.py", line 455, in deps
    results = task.run()
  File "/home/***/.local/lib/python3.9/site-packages/dbt/task/deps.py", line 211, in run
    self.lock()
  File "/home/***/.local/lib/python3.9/site-packages/dbt/task/deps.py", line 187, in lock
    resolved_deps = resolve_packages(packages, self.project, self.cli_vars)
  File "/home/***/.local/lib/python3.9/site-packages/dbt/deps/resolver.py", line 131, in resolve_packages
    target = final[package].resolved().fetch_metadata(project, renderer)
  File "/home/***/.local/lib/python3.9/site-packages/dbt/deps/registry.py", line 124, in resolved
    raise PackageVersionNotFoundError(
dbt.exceptions.PackageVersionNotFoundError: Could not find a matching compatible version for package dbt-labs/dbt_utils
  Requested range: =1.9.4, =1.9.4
  Compatible versions: ['0.0.1', '0.1.0', '0.1.1', '0.1.2', '0.1.3', '0.1.4', '0.1.5', '0.1.6', '0.1.7', '0.1.8', '0.1.9', '0.1.10', '0.1.11', '0.1.12', '0.1.13', '0.1.14', '0.1.15', '0.1.16', '0.1.17', '0.1.18', '0.1.19', '0.1.20', '0.1.21', '0.1.22', '0.1.23', '0.1.24', '0.1.25', '0.2.0', '0.2.1', '0.2.2', '0.2.3', '0.2.4', '0.2.5', '0.3.0', '0.4.0', '0.4.1', '0.5.0', '0.8.0', '0.8.1', '0.8.2', '0.8.3', '0.8.4', '0.8.5', '0.8.6', '0.9.0', '0.9.1', '0.9.2', '0.9.5', '0.9.6', '1.0.0', '1.1.0', '1.1.1', '1.2.0', '1.3.0']

  Not shown: package versions incompatible with installed version of dbt-core
  To include them, run 'dbt --no-version-check deps'
[2025-05-22T18:47:45.099+0000] {logging_mixin.py:190} INFO - dbt deps failed!
[2025-05-22T18:47:45.101+0000] {logging_mixin.py:190} INFO - Could not find a matching compatible version for package dbt-labs/dbt_utils
  Requested range: =1.9.4, =1.9.4
  Compatible versions: ['0.0.1', '0.1.0', '0.1.1', '0.1.2', '0.1.3', '0.1.4', '0.1.5', '0.1.6', '0.1.7', '0.1.8', '0.1.9', '0.1.10', '0.1.11', '0.1.12', '0.1.13', '0.1.14', '0.1.15', '0.1.16', '0.1.17', '0.1.18', '0.1.19', '0.1.20', '0.1.21', '0.1.22', '0.1.23', '0.1.24', '0.1.25', '0.2.0', '0.2.1', '0.2.2', '0.2.3', '0.2.4', '0.2.5', '0.3.0', '0.4.0', '0.4.1', '0.5.0', '0.8.0', '0.8.1', '0.8.2', '0.8.3', '0.8.4', '0.8.5', '0.8.6', '0.9.0', '0.9.1', '0.9.2', '0.9.5', '0.9.6', '1.0.0', '1.1.0', '1.1.1', '1.2.0', '1.3.0']

  Not shown: package versions incompatible with installed version of dbt-core
  To include them, run 'dbt --no-version-check deps'
[2025-05-22T18:47:45.102+0000] {taskinstance.py:3311} ERROR - Task failed with exception
Traceback (most recent call last):
  File "/home/airflow/.local/lib/python3.9/site-packages/airflow/models/taskinstance.py", line 767, in _execute_task
    result = _execute_callable(context=context, **execute_callable_kwargs)
  File "/home/airflow/.local/lib/python3.9/site-packages/airflow/models/taskinstance.py", line 733, in _execute_callable
    return ExecutionCallableRunner(
  File "/home/airflow/.local/lib/python3.9/site-packages/airflow/utils/operator_helpers.py", line 252, in run
    return self.func(*args, **kwargs)
  File "/home/airflow/.local/lib/python3.9/site-packages/airflow/models/baseoperator.py", line 422, in wrapper
    return func(self, *args, **kwargs)
  File "/home/airflow/.local/lib/python3.9/site-packages/airflow/operators/python.py", line 238, in execute
    return_value = self.execute_callable()
  File "/home/airflow/.local/lib/python3.9/site-packages/airflow/operators/python.py", line 256, in execute_callable
    return runner.run(*self.op_args, **self.op_kwargs)
  File "/home/airflow/.local/lib/python3.9/site-packages/airflow/utils/operator_helpers.py", line 252, in run
    return self.func(*args, **kwargs)
  File "/opt/airflow/dbt/install_deps.py", line 22, in install_dependencies
    raise RuntimeError("dbt deps failed")
RuntimeError: dbt deps failed
[2025-05-22T18:47:45.116+0000] {taskinstance.py:1225} INFO - Marking task as FAILED. dag_id=04_transform_data, task_id=install_dbt_deps, run_id=manual__2025-05-22T18:47:39.082881+00:00, execution_date=20250522T184739, start_date=20250522T184741, end_date=20250522T184745
[2025-05-22T18:47:45.127+0000] {taskinstance.py:340} INFO - ::group::Post task execution logs
[2025-05-22T18:47:45.128+0000] {standard_task_runner.py:124} ERROR - Failed to execute job 200 for task install_dbt_deps (dbt deps failed; 3505)
Traceback (most recent call last):
  File "/home/airflow/.local/lib/python3.9/site-packages/airflow/task/task_runner/standard_task_runner.py", line 117, in _start_by_fork
    ret = args.func(args, dag=self.dag)
  File "/home/airflow/.local/lib/python3.9/site-packages/airflow/cli/cli_config.py", line 49, in command
    return func(*args, **kwargs)
  File "/home/airflow/.local/lib/python3.9/site-packages/airflow/utils/cli.py", line 116, in wrapper
    return f(*args, **kwargs)
  File "/home/airflow/.local/lib/python3.9/site-packages/airflow/cli/commands/task_command.py", line 483, in task_run
    task_return_code = _run_task_by_selected_method(args, _dag, ti)
  File "/home/airflow/.local/lib/python3.9/site-packages/airflow/cli/commands/task_command.py", line 256, in _run_task_by_selected_method
    return _run_raw_task(args, ti)
  File "/home/airflow/.local/lib/python3.9/site-packages/airflow/cli/commands/task_command.py", line 341, in _run_raw_task
    return ti._run_raw_task(
  File "/home/airflow/.local/lib/python3.9/site-packages/airflow/utils/session.py", line 97, in wrapper
    return func(*args, session=session, **kwargs)
  File "/home/airflow/.local/lib/python3.9/site-packages/airflow/models/taskinstance.py", line 3005, in _run_raw_task
    return _run_raw_task(
  File "/home/airflow/.local/lib/python3.9/site-packages/airflow/models/taskinstance.py", line 273, in _run_raw_task
    TaskInstance._execute_task_with_callbacks(
  File "/home/airflow/.local/lib/python3.9/site-packages/airflow/models/taskinstance.py", line 3159, in _execute_task_with_callbacks
    result = self._execute_task(context, task_orig)
  File "/home/airflow/.local/lib/python3.9/site-packages/airflow/models/taskinstance.py", line 3183, in _execute_task
    return _execute_task(self, context, task_orig)
  File "/home/airflow/.local/lib/python3.9/site-packages/airflow/models/taskinstance.py", line 767, in _execute_task
    result = _execute_callable(context=context, **execute_callable_kwargs)
  File "/home/airflow/.local/lib/python3.9/site-packages/airflow/models/taskinstance.py", line 733, in _execute_callable
    return ExecutionCallableRunner(
  File "/home/airflow/.local/lib/python3.9/site-packages/airflow/utils/operator_helpers.py", line 252, in run
    return self.func(*args, **kwargs)
  File "/home/airflow/.local/lib/python3.9/site-packages/airflow/models/baseoperator.py", line 422, in wrapper
    return func(self, *args, **kwargs)
  File "/home/airflow/.local/lib/python3.9/site-packages/airflow/operators/python.py", line 238, in execute
    return_value = self.execute_callable()
  File "/home/airflow/.local/lib/python3.9/site-packages/airflow/operators/python.py", line 256, in execute_callable
    return runner.run(*self.op_args, **self.op_kwargs)
  File "/home/airflow/.local/lib/python3.9/site-packages/airflow/utils/operator_helpers.py", line 252, in run
    return self.func(*args, **kwargs)
  File "/opt/airflow/dbt/install_deps.py", line 22, in install_dependencies
    raise RuntimeError("dbt deps failed")
RuntimeError: dbt deps failed
[2025-05-22T18:47:45.154+0000] {local_task_job_runner.py:266} INFO - Task exited with return code 1
[2025-05-22T18:47:45.175+0000] {taskinstance.py:3895} INFO - 0 downstream tasks scheduled from follow-on schedule check
[2025-05-22T18:47:45.180+0000] {local_task_job_runner.py:245} INFO - ::endgroup::
