[2025-05-22T19:10:34.267+0000] {local_task_job_runner.py:123} INFO - ::group::Pre task execution logs
[2025-05-22T19:10:34.286+0000] {taskinstance.py:2613} INFO - Dependencies all met for dep_context=non-requeueable deps ti=<TaskInstance: 04_transform_data.run_dbt manual__2025-05-22T19:10:24.253051+00:00 [queued]>
[2025-05-22T19:10:34.293+0000] {taskinstance.py:2613} INFO - Dependencies all met for dep_context=requeueable deps ti=<TaskInstance: 04_transform_data.run_dbt manual__2025-05-22T19:10:24.253051+00:00 [queued]>
[2025-05-22T19:10:34.295+0000] {taskinstance.py:2866} INFO - Starting attempt 1 of 1
[2025-05-22T19:10:34.306+0000] {taskinstance.py:2889} INFO - Executing <Task(PythonOperator): run_dbt> on 2025-05-22 19:10:24.253051+00:00
[2025-05-22T19:10:34.311+0000] {standard_task_runner.py:72} INFO - Started process 3862 to run task
[2025-05-22T19:10:34.314+0000] {standard_task_runner.py:104} INFO - Running: ['***', 'tasks', 'run', '04_transform_data', 'run_dbt', 'manual__2025-05-22T19:10:24.253051+00:00', '--job-id', '212', '--raw', '--subdir', 'DAGS_FOLDER/04_transform_data.py', '--cfg-path', '/tmp/tmp3nltem0e']
[2025-05-22T19:10:34.316+0000] {standard_task_runner.py:105} INFO - Job 212: Subtask run_dbt
[2025-05-22T19:10:34.367+0000] {task_command.py:467} INFO - Running <TaskInstance: 04_transform_data.run_dbt manual__2025-05-22T19:10:24.253051+00:00 [running]> on host e27e96d1841a
[2025-05-22T19:10:34.443+0000] {taskinstance.py:3132} INFO - Exporting env vars: AIRFLOW_CTX_DAG_OWNER='***' AIRFLOW_CTX_DAG_ID='04_transform_data' AIRFLOW_CTX_TASK_ID='run_dbt' AIRFLOW_CTX_EXECUTION_DATE='2025-05-22T19:10:24.253051+00:00' AIRFLOW_CTX_TRY_NUMBER='1' AIRFLOW_CTX_DAG_RUN_ID='manual__2025-05-22T19:10:24.253051+00:00'
[2025-05-22T19:10:34.444+0000] {taskinstance.py:731} INFO - ::endgroup::
[2025-05-22T19:10:35.930+0000] {logging_mixin.py:190} INFO - 19:10:35  Running with dbt=1.9.4
[2025-05-22T19:10:36.268+0000] {logging_mixin.py:190} INFO - 19:10:36  Registered adapter: postgres=1.9.0
[2025-05-22T19:10:38.078+0000] {logging_mixin.py:190} INFO - 19:10:38  [WARNING]: Configuration paths exist in your dbt_project.yml file which do not apply to any resources.
There are 1 unused configuration paths:
- models.e_commerce_sales.example
[2025-05-22T19:10:38.247+0000] {logging_mixin.py:190} INFO - 19:10:38  Found 11 models, 12 sources, 549 macros
[2025-05-22T19:10:38.251+0000] {logging_mixin.py:190} INFO - 19:10:38
[2025-05-22T19:10:38.253+0000] {logging_mixin.py:190} INFO - 19:10:38  Concurrency: 4 threads (target='dev')
[2025-05-22T19:10:38.254+0000] {logging_mixin.py:190} INFO - 19:10:38
[2025-05-22T19:10:38.378+0000] {logging_mixin.py:190} INFO - 19:10:38  1 of 11 START sql incremental model sales.mercadolivre_orders_results .......... [RUN]
[2025-05-22T19:10:38.380+0000] {logging_mixin.py:190} INFO - 19:10:38  2 of 11 START sql incremental model sales.shopee_new_id ........................ [RUN]
[2025-05-22T19:10:38.567+0000] {logging_mixin.py:190} INFO - 19:10:38  1 of 11 ERROR creating sql incremental model sales.mercadolivre_orders_results . [ERROR in 0.18s]
[2025-05-22T19:10:38.596+0000] {logging_mixin.py:190} INFO - 19:10:38  3 of 11 SKIP relation sales.dim_mercadolivre_buyer ............................. [SKIP]
[2025-05-22T19:10:38.598+0000] {logging_mixin.py:190} INFO - 19:10:38  4 of 11 SKIP relation sales.dim_mercadolivre_date .............................. [SKIP]
[2025-05-22T19:10:38.600+0000] {logging_mixin.py:190} INFO - 19:10:38  5 of 11 SKIP relation sales.dim_mercadolivre_orders_status ..................... [SKIP]
[2025-05-22T19:10:38.611+0000] {logging_mixin.py:190} INFO - 19:10:38  6 of 11 SKIP relation sales.dim_mercadolivre_product ........................... [SKIP]
[2025-05-22T19:10:38.621+0000] {logging_mixin.py:190} INFO - 19:10:38  2 of 11 OK created sql incremental model sales.shopee_new_id ................... [SELECT 2875 in 0.24s]
[2025-05-22T19:10:38.626+0000] {logging_mixin.py:190} INFO - 19:10:38  7 of 11 START sql incremental model sales.shopee_orders_results ................ [RUN]
[2025-05-22T19:10:38.686+0000] {logging_mixin.py:190} INFO - 19:10:38  7 of 11 ERROR creating sql incremental model sales.shopee_orders_results ....... [ERROR in 0.06s]
[2025-05-22T19:10:38.694+0000] {logging_mixin.py:190} INFO - 19:10:38  8 of 11 SKIP relation sales.dim_shopee_buyer ................................... [SKIP]
[2025-05-22T19:10:38.695+0000] {logging_mixin.py:190} INFO - 19:10:38  9 of 11 SKIP relation sales.dim_shopee_date .................................... [SKIP]
[2025-05-22T19:10:38.697+0000] {logging_mixin.py:190} INFO - 19:10:38  10 of 11 SKIP relation sales.dim_shopee_orders_status .......................... [SKIP]
[2025-05-22T19:10:38.698+0000] {logging_mixin.py:190} INFO - 19:10:38  11 of 11 SKIP relation sales.dim_shopee_product ................................ [SKIP]
[2025-05-22T19:10:38.725+0000] {logging_mixin.py:190} INFO - 19:10:38
[2025-05-22T19:10:38.726+0000] {logging_mixin.py:190} INFO - 19:10:38  Finished running 11 incremental models in 0 hours 0 minutes and 0.47 seconds (0.47s).
[2025-05-22T19:10:38.799+0000] {logging_mixin.py:190} INFO - 19:10:38
[2025-05-22T19:10:38.800+0000] {logging_mixin.py:190} INFO - 19:10:38  Completed with 2 errors, 0 partial successes, and 0 warnings:
[2025-05-22T19:10:38.802+0000] {logging_mixin.py:190} INFO - 19:10:38
[2025-05-22T19:10:38.803+0000] {logging_mixin.py:190} INFO - 19:10:38    Database Error in model mercadolivre_orders_results (models/core/mercadolivre_orders_results.sql)
  invalid reference to FROM-clause entry for table "new_results"
  LINE 154:   SELECT  new_results.main_id,
                      ^
  HINT:  Perhaps you meant to reference the table alias "product_sku_qt_price_fee".
  compiled code at target/run/e_commerce_sales/models/core/mercadolivre_orders_results.sql
[2025-05-22T19:10:38.804+0000] {logging_mixin.py:190} INFO - 19:10:38
[2025-05-22T19:10:38.806+0000] {logging_mixin.py:190} INFO - 19:10:38    Database Error in model shopee_orders_results (models/core/shopee_orders_results.sql)
  syntax error at or near "AS"
  LINE 87: ...EXT), '_dbt_utils_surrogate_key_null_') as TEXT)) AS product...
                                                                ^
  compiled code at target/run/e_commerce_sales/models/core/shopee_orders_results.sql
[2025-05-22T19:10:38.808+0000] {logging_mixin.py:190} INFO - 19:10:38
[2025-05-22T19:10:38.809+0000] {logging_mixin.py:190} INFO - 19:10:38  Done. PASS=1 WARN=0 ERROR=2 SKIP=8 TOTAL=11
[2025-05-22T19:10:40.741+0000] {logging_mixin.py:190} INFO - dbt run failed!
[2025-05-22T19:10:40.745+0000] {logging_mixin.py:190} INFO - None
[2025-05-22T19:10:40.749+0000] {taskinstance.py:3311} ERROR - Task failed with exception
Traceback (most recent call last):
  File "/home/airflow/.local/lib/python3.9/site-packages/airflow/models/taskinstance.py", line 767, in _execute_task
    result = _execute_callable(context=context, **execute_callable_kwargs)
  File "/home/airflow/.local/lib/python3.9/site-packages/airflow/models/taskinstance.py", line 733, in _execute_callable
    return ExecutionCallableRunner(
  File "/home/airflow/.local/lib/python3.9/site-packages/airflow/utils/operator_helpers.py", line 252, in run
    return self.func(*args, **kwargs)
  File "/home/airflow/.local/lib/python3.9/site-packages/airflow/models/baseoperator.py", line 422, in wrapper
    return func(self, *args, **kwargs)
  File "/home/airflow/.local/lib/python3.9/site-packages/airflow/operators/python.py", line 238, in execute
    return_value = self.execute_callable()
  File "/home/airflow/.local/lib/python3.9/site-packages/airflow/operators/python.py", line 256, in execute_callable
    return runner.run(*self.op_args, **self.op_kwargs)
  File "/home/airflow/.local/lib/python3.9/site-packages/airflow/utils/operator_helpers.py", line 252, in run
    return self.func(*args, **kwargs)
  File "/opt/airflow/dbt/run_dbt.py", line 22, in transform_data
    raise RuntimeError("dbt run failed")
RuntimeError: dbt run failed
[2025-05-22T19:10:40.762+0000] {taskinstance.py:1225} INFO - Marking task as FAILED. dag_id=04_transform_data, task_id=run_dbt, run_id=manual__2025-05-22T19:10:24.253051+00:00, execution_date=20250522T191024, start_date=20250522T191034, end_date=20250522T191040
[2025-05-22T19:10:40.776+0000] {taskinstance.py:340} INFO - ::group::Post task execution logs
[2025-05-22T19:10:40.777+0000] {standard_task_runner.py:124} ERROR - Failed to execute job 212 for task run_dbt (dbt run failed; 3862)
Traceback (most recent call last):
  File "/home/airflow/.local/lib/python3.9/site-packages/airflow/task/task_runner/standard_task_runner.py", line 117, in _start_by_fork
    ret = args.func(args, dag=self.dag)
  File "/home/airflow/.local/lib/python3.9/site-packages/airflow/cli/cli_config.py", line 49, in command
    return func(*args, **kwargs)
  File "/home/airflow/.local/lib/python3.9/site-packages/airflow/utils/cli.py", line 116, in wrapper
    return f(*args, **kwargs)
  File "/home/airflow/.local/lib/python3.9/site-packages/airflow/cli/commands/task_command.py", line 483, in task_run
    task_return_code = _run_task_by_selected_method(args, _dag, ti)
  File "/home/airflow/.local/lib/python3.9/site-packages/airflow/cli/commands/task_command.py", line 256, in _run_task_by_selected_method
    return _run_raw_task(args, ti)
  File "/home/airflow/.local/lib/python3.9/site-packages/airflow/cli/commands/task_command.py", line 341, in _run_raw_task
    return ti._run_raw_task(
  File "/home/airflow/.local/lib/python3.9/site-packages/airflow/utils/session.py", line 97, in wrapper
    return func(*args, session=session, **kwargs)
  File "/home/airflow/.local/lib/python3.9/site-packages/airflow/models/taskinstance.py", line 3005, in _run_raw_task
    return _run_raw_task(
  File "/home/airflow/.local/lib/python3.9/site-packages/airflow/models/taskinstance.py", line 273, in _run_raw_task
    TaskInstance._execute_task_with_callbacks(
  File "/home/airflow/.local/lib/python3.9/site-packages/airflow/models/taskinstance.py", line 3159, in _execute_task_with_callbacks
    result = self._execute_task(context, task_orig)
  File "/home/airflow/.local/lib/python3.9/site-packages/airflow/models/taskinstance.py", line 3183, in _execute_task
    return _execute_task(self, context, task_orig)
  File "/home/airflow/.local/lib/python3.9/site-packages/airflow/models/taskinstance.py", line 767, in _execute_task
    result = _execute_callable(context=context, **execute_callable_kwargs)
  File "/home/airflow/.local/lib/python3.9/site-packages/airflow/models/taskinstance.py", line 733, in _execute_callable
    return ExecutionCallableRunner(
  File "/home/airflow/.local/lib/python3.9/site-packages/airflow/utils/operator_helpers.py", line 252, in run
    return self.func(*args, **kwargs)
  File "/home/airflow/.local/lib/python3.9/site-packages/airflow/models/baseoperator.py", line 422, in wrapper
    return func(self, *args, **kwargs)
  File "/home/airflow/.local/lib/python3.9/site-packages/airflow/operators/python.py", line 238, in execute
    return_value = self.execute_callable()
  File "/home/airflow/.local/lib/python3.9/site-packages/airflow/operators/python.py", line 256, in execute_callable
    return runner.run(*self.op_args, **self.op_kwargs)
  File "/home/airflow/.local/lib/python3.9/site-packages/airflow/utils/operator_helpers.py", line 252, in run
    return self.func(*args, **kwargs)
  File "/opt/airflow/dbt/run_dbt.py", line 22, in transform_data
    raise RuntimeError("dbt run failed")
RuntimeError: dbt run failed
[2025-05-22T19:10:40.802+0000] {local_task_job_runner.py:266} INFO - Task exited with return code 1
[2025-05-22T19:10:40.819+0000] {taskinstance.py:3895} INFO - 0 downstream tasks scheduled from follow-on schedule check
[2025-05-22T19:10:40.822+0000] {local_task_job_runner.py:245} INFO - ::endgroup::
