[2025-06-10T19:46:59.666+0000] {local_task_job_runner.py:123} INFO - ::group::Pre task execution logs
[2025-06-10T19:46:59.684+0000] {taskinstance.py:2613} INFO - Dependencies all met for dep_context=non-requeueable deps ti=<TaskInstance: 05_transform_data.run_dbt manual__2025-06-10T19:46:50.232822+00:00 [queued]>
[2025-06-10T19:46:59.692+0000] {taskinstance.py:2613} INFO - Dependencies all met for dep_context=requeueable deps ti=<TaskInstance: 05_transform_data.run_dbt manual__2025-06-10T19:46:50.232822+00:00 [queued]>
[2025-06-10T19:46:59.693+0000] {taskinstance.py:2866} INFO - Starting attempt 1 of 1
[2025-06-10T19:46:59.705+0000] {taskinstance.py:2889} INFO - Executing <Task(PythonOperator): run_dbt> on 2025-06-10 19:46:50.232822+00:00
[2025-06-10T19:46:59.709+0000] {standard_task_runner.py:72} INFO - Started process 3840 to run task
[2025-06-10T19:46:59.712+0000] {standard_task_runner.py:104} INFO - Running: ['***', 'tasks', 'run', '05_transform_data', 'run_dbt', 'manual__2025-06-10T19:46:50.232822+00:00', '--job-id', '715', '--raw', '--subdir', 'DAGS_FOLDER/05_transform_data.py', '--cfg-path', '/tmp/tmpd857jwig']
[2025-06-10T19:46:59.714+0000] {standard_task_runner.py:105} INFO - Job 715: Subtask run_dbt
[2025-06-10T19:46:59.762+0000] {task_command.py:467} INFO - Running <TaskInstance: 05_transform_data.run_dbt manual__2025-06-10T19:46:50.232822+00:00 [running]> on host 28e6a58e4107
[2025-06-10T19:46:59.842+0000] {taskinstance.py:3132} INFO - Exporting env vars: AIRFLOW_CTX_DAG_OWNER='***' AIRFLOW_CTX_DAG_ID='05_transform_data' AIRFLOW_CTX_TASK_ID='run_dbt' AIRFLOW_CTX_EXECUTION_DATE='2025-06-10T19:46:50.232822+00:00' AIRFLOW_CTX_TRY_NUMBER='1' AIRFLOW_CTX_DAG_RUN_ID='manual__2025-06-10T19:46:50.232822+00:00'
[2025-06-10T19:46:59.843+0000] {taskinstance.py:731} INFO - ::endgroup::
[2025-06-10T19:47:01.416+0000] {logging_mixin.py:190} INFO - 19:47:01  Running with dbt=1.9.5
[2025-06-10T19:47:01.782+0000] {logging_mixin.py:190} INFO - 19:47:01  Registered adapter: postgres=1.9.0
[2025-06-10T19:47:03.090+0000] {logging_mixin.py:190} INFO - 19:47:03  [WARNING]: Configuration paths exist in your dbt_project.yml file which do not apply to any resources.
There are 1 unused configuration paths:
- models.e_commerce_sales.example
[2025-06-10T19:47:03.462+0000] {logging_mixin.py:190} INFO - 19:47:03  Found 18 models, 12 sources, 549 macros, 1 unit test
[2025-06-10T19:47:03.467+0000] {logging_mixin.py:190} INFO - 19:47:03
[2025-06-10T19:47:03.468+0000] {logging_mixin.py:190} INFO - 19:47:03  Concurrency: 4 threads (target='dev')
[2025-06-10T19:47:03.470+0000] {logging_mixin.py:190} INFO - 19:47:03
[2025-06-10T19:47:03.633+0000] {logging_mixin.py:190} INFO - 19:47:03  1 of 18 START sql incremental model sales_stg.stg_mercadolivre ................. [RUN]
[2025-06-10T19:47:03.634+0000] {logging_mixin.py:190} INFO - 19:47:03  2 of 18 START sql incremental model sales_stg.stg_mercadolivre__order_items .... [RUN]
[2025-06-10T19:47:03.636+0000] {logging_mixin.py:190} INFO - 19:47:03  3 of 18 START sql incremental model sales_stg.stg_mercadolivre__payments ....... [RUN]
[2025-06-10T19:47:03.638+0000] {logging_mixin.py:190} INFO - 19:47:03  4 of 18 START sql incremental model sales_stg.stg_mercadolivre_sh .............. [RUN]
[2025-06-10T19:47:03.938+0000] {logging_mixin.py:190} INFO - 19:47:03  2 of 18 OK created sql incremental model sales_stg.stg_mercadolivre__order_items  [SELECT 285 in 0.29s]
[2025-06-10T19:47:03.940+0000] {logging_mixin.py:190} INFO - 19:47:03  3 of 18 OK created sql incremental model sales_stg.stg_mercadolivre__payments .. [SELECT 301 in 0.29s]
[2025-06-10T19:47:03.942+0000] {logging_mixin.py:190} INFO - 19:47:03  4 of 18 OK created sql incremental model sales_stg.stg_mercadolivre_sh ......... [SELECT 263 in 0.29s]
[2025-06-10T19:47:03.944+0000] {logging_mixin.py:190} INFO - 19:47:03  1 of 18 OK created sql incremental model sales_stg.stg_mercadolivre ............ [SELECT 285 in 0.30s]
[2025-06-10T19:47:03.953+0000] {logging_mixin.py:190} INFO - 19:47:03  5 of 18 START sql incremental model sales_stg.stg_shopee ....................... [RUN]
[2025-06-10T19:47:03.957+0000] {logging_mixin.py:190} INFO - 19:47:03  6 of 18 START sql incremental model sales.mercadolivre_orders_results .......... [RUN]
[2025-06-10T19:47:04.091+0000] {logging_mixin.py:190} INFO - 19:47:04  5 of 18 OK created sql incremental model sales_stg.stg_shopee .................. [SELECT 2875 in 0.13s]
[2025-06-10T19:47:04.096+0000] {logging_mixin.py:190} INFO - 19:47:04  7 of 18 START sql incremental model sales.shopee_orders_results ................ [RUN]
[2025-06-10T19:47:04.179+0000] {logging_mixin.py:190} INFO - 19:47:04  7 of 18 OK created sql incremental model sales.shopee_orders_results ........... [SELECT 0 in 0.08s]
[2025-06-10T19:47:04.186+0000] {logging_mixin.py:190} INFO - 19:47:04  8 of 18 START sql incremental model sales.dim_shopee_buyer ..................... [RUN]
[2025-06-10T19:47:04.187+0000] {logging_mixin.py:190} INFO - 19:47:04  9 of 18 START sql incremental model sales.dim_shopee_date ...................... [RUN]
[2025-06-10T19:47:04.189+0000] {logging_mixin.py:190} INFO - 19:47:04  10 of 18 START sql incremental model sales.dim_shopee_orders_status ............ [RUN]
[2025-06-10T19:47:04.305+0000] {logging_mixin.py:190} INFO - 19:47:04  10 of 18 OK created sql incremental model sales.dim_shopee_orders_status ....... [SELECT 0 in 0.11s]
[2025-06-10T19:47:04.313+0000] {logging_mixin.py:190} INFO - 19:47:04  9 of 18 OK created sql incremental model sales.dim_shopee_date ................. [SELECT 0 in 0.12s]
[2025-06-10T19:47:04.320+0000] {logging_mixin.py:190} INFO - 19:47:04  8 of 18 OK created sql incremental model sales.dim_shopee_buyer ................ [SELECT 0 in 0.12s]
[2025-06-10T19:47:04.321+0000] {logging_mixin.py:190} INFO - 19:47:04  11 of 18 START sql incremental model sales.dim_shopee_product .................. [RUN]
[2025-06-10T19:47:04.328+0000] {logging_mixin.py:190} INFO - 19:47:04  12 of 18 START sql view model sales.sum_shopee_monthly_profit .................. [RUN]
[2025-06-10T19:47:04.333+0000] {logging_mixin.py:190} INFO - 19:47:04  13 of 18 START sql view model sales.sum_shopee_monthly_revenue ................. [RUN]
[2025-06-10T19:47:04.472+0000] {logging_mixin.py:190} INFO - 19:47:04  11 of 18 OK created sql incremental model sales.dim_shopee_product ............. [SELECT 0 in 0.14s]
[2025-06-10T19:47:04.502+0000] {logging_mixin.py:190} INFO - 19:47:04  14 of 18 START sql view model sales.sum_shopee_products_sold ................... [RUN]
[2025-06-10T19:47:04.521+0000] {logging_mixin.py:190} INFO - 19:47:04  12 of 18 OK created sql view model sales.sum_shopee_monthly_profit ............. [CREATE VIEW in 0.18s]
[2025-06-10T19:47:04.523+0000] {logging_mixin.py:190} INFO - 19:47:04  13 of 18 OK created sql view model sales.sum_shopee_monthly_revenue ............ [CREATE VIEW in 0.17s]
[2025-06-10T19:47:04.586+0000] {logging_mixin.py:190} INFO - 19:47:04  14 of 18 OK created sql view model sales.sum_shopee_products_sold .............. [CREATE VIEW in 0.08s]
[2025-06-10T19:47:17.472+0000] {logging_mixin.py:190} INFO - 19:47:17  6 of 18 OK created sql incremental model sales.mercadolivre_orders_results ..... [SELECT 190 in 13.51s]
[2025-06-10T19:47:17.479+0000] {logging_mixin.py:190} INFO - 19:47:17  15 of 18 START sql incremental model sales.dim_mercadolivre_buyer .............. [RUN]
[2025-06-10T19:47:17.481+0000] {logging_mixin.py:190} INFO - 19:47:17  16 of 18 START sql incremental model sales.dim_mercadolivre_date ............... [RUN]
[2025-06-10T19:47:17.483+0000] {logging_mixin.py:190} INFO - 19:47:17  17 of 18 START sql incremental model sales.dim_mercadolivre_orders_status ...... [RUN]
[2025-06-10T19:47:17.484+0000] {logging_mixin.py:190} INFO - 19:47:17  18 of 18 START sql incremental model sales.dim_mercadolivre_product ............ [RUN]
[2025-06-10T19:47:17.604+0000] {logging_mixin.py:190} INFO - 19:47:17  15 of 18 ERROR creating sql incremental model sales.dim_mercadolivre_buyer ..... [ERROR in 0.12s]
[2025-06-10T19:47:17.632+0000] {logging_mixin.py:190} INFO - 19:47:17  17 of 18 OK created sql incremental model sales.dim_mercadolivre_orders_status . [SELECT 190 in 0.14s]
[2025-06-10T19:47:17.639+0000] {logging_mixin.py:190} INFO - 19:47:17  16 of 18 OK created sql incremental model sales.dim_mercadolivre_date .......... [SELECT 190 in 0.15s]
[2025-06-10T19:47:17.641+0000] {logging_mixin.py:190} INFO - 19:47:17  18 of 18 OK created sql incremental model sales.dim_mercadolivre_product ....... [SELECT 65 in 0.15s]
[2025-06-10T19:47:17.666+0000] {logging_mixin.py:190} INFO - 19:47:17
[2025-06-10T19:47:17.668+0000] {logging_mixin.py:190} INFO - 19:47:17  Finished running 15 incremental models, 3 view models in 0 hours 0 minutes and 14.19 seconds (14.19s).
[2025-06-10T19:47:17.743+0000] {logging_mixin.py:190} INFO - 19:47:17
[2025-06-10T19:47:17.745+0000] {logging_mixin.py:190} INFO - 19:47:17  Completed with 1 error, 0 partial successes, and 0 warnings:
[2025-06-10T19:47:17.747+0000] {logging_mixin.py:190} INFO - 19:47:17
[2025-06-10T19:47:17.748+0000] {logging_mixin.py:190} INFO - 19:47:17    Database Error in model dim_mercadolivre_buyer (models/core/dim_mercadolivre_buyer.sql)
  relation "refstg_mercadolivre" does not exist
  LINE 22:         LEFT JOIN refstg_mercadolivre AS stg_mercadolivre
                             ^
  compiled code at target/run/e_commerce_sales/models/core/dim_mercadolivre_buyer.sql
[2025-06-10T19:47:17.749+0000] {logging_mixin.py:190} INFO - 19:47:17
[2025-06-10T19:47:17.751+0000] {logging_mixin.py:190} INFO - 19:47:17  Done. PASS=17 WARN=0 ERROR=1 SKIP=0 TOTAL=18
[2025-06-10T19:47:18.617+0000] {logging_mixin.py:190} INFO - dbt run failed!
[2025-06-10T19:47:18.621+0000] {logging_mixin.py:190} INFO - None
[2025-06-10T19:47:18.625+0000] {taskinstance.py:3311} ERROR - Task failed with exception
Traceback (most recent call last):
  File "/home/airflow/.local/lib/python3.9/site-packages/airflow/models/taskinstance.py", line 767, in _execute_task
    result = _execute_callable(context=context, **execute_callable_kwargs)
  File "/home/airflow/.local/lib/python3.9/site-packages/airflow/models/taskinstance.py", line 733, in _execute_callable
    return ExecutionCallableRunner(
  File "/home/airflow/.local/lib/python3.9/site-packages/airflow/utils/operator_helpers.py", line 252, in run
    return self.func(*args, **kwargs)
  File "/home/airflow/.local/lib/python3.9/site-packages/airflow/models/baseoperator.py", line 422, in wrapper
    return func(self, *args, **kwargs)
  File "/home/airflow/.local/lib/python3.9/site-packages/airflow/operators/python.py", line 238, in execute
    return_value = self.execute_callable()
  File "/home/airflow/.local/lib/python3.9/site-packages/airflow/operators/python.py", line 256, in execute_callable
    return runner.run(*self.op_args, **self.op_kwargs)
  File "/home/airflow/.local/lib/python3.9/site-packages/airflow/utils/operator_helpers.py", line 252, in run
    return self.func(*args, **kwargs)
  File "/opt/airflow/dbt_files/run_dbt.py", line 22, in transform_data
    raise RuntimeError("dbt run failed")
RuntimeError: dbt run failed
[2025-06-10T19:47:18.637+0000] {taskinstance.py:1225} INFO - Marking task as FAILED. dag_id=05_transform_data, task_id=run_dbt, run_id=manual__2025-06-10T19:46:50.232822+00:00, execution_date=20250610T194650, start_date=20250610T194659, end_date=20250610T194718
[2025-06-10T19:47:18.648+0000] {taskinstance.py:340} INFO - ::group::Post task execution logs
[2025-06-10T19:47:18.649+0000] {standard_task_runner.py:124} ERROR - Failed to execute job 715 for task run_dbt (dbt run failed; 3840)
Traceback (most recent call last):
  File "/home/airflow/.local/lib/python3.9/site-packages/airflow/task/task_runner/standard_task_runner.py", line 117, in _start_by_fork
    ret = args.func(args, dag=self.dag)
  File "/home/airflow/.local/lib/python3.9/site-packages/airflow/cli/cli_config.py", line 49, in command
    return func(*args, **kwargs)
  File "/home/airflow/.local/lib/python3.9/site-packages/airflow/utils/cli.py", line 116, in wrapper
    return f(*args, **kwargs)
  File "/home/airflow/.local/lib/python3.9/site-packages/airflow/cli/commands/task_command.py", line 483, in task_run
    task_return_code = _run_task_by_selected_method(args, _dag, ti)
  File "/home/airflow/.local/lib/python3.9/site-packages/airflow/cli/commands/task_command.py", line 256, in _run_task_by_selected_method
    return _run_raw_task(args, ti)
  File "/home/airflow/.local/lib/python3.9/site-packages/airflow/cli/commands/task_command.py", line 341, in _run_raw_task
    return ti._run_raw_task(
  File "/home/airflow/.local/lib/python3.9/site-packages/airflow/utils/session.py", line 97, in wrapper
    return func(*args, session=session, **kwargs)
  File "/home/airflow/.local/lib/python3.9/site-packages/airflow/models/taskinstance.py", line 3005, in _run_raw_task
    return _run_raw_task(
  File "/home/airflow/.local/lib/python3.9/site-packages/airflow/models/taskinstance.py", line 273, in _run_raw_task
    TaskInstance._execute_task_with_callbacks(
  File "/home/airflow/.local/lib/python3.9/site-packages/airflow/models/taskinstance.py", line 3159, in _execute_task_with_callbacks
    result = self._execute_task(context, task_orig)
  File "/home/airflow/.local/lib/python3.9/site-packages/airflow/models/taskinstance.py", line 3183, in _execute_task
    return _execute_task(self, context, task_orig)
  File "/home/airflow/.local/lib/python3.9/site-packages/airflow/models/taskinstance.py", line 767, in _execute_task
    result = _execute_callable(context=context, **execute_callable_kwargs)
  File "/home/airflow/.local/lib/python3.9/site-packages/airflow/models/taskinstance.py", line 733, in _execute_callable
    return ExecutionCallableRunner(
  File "/home/airflow/.local/lib/python3.9/site-packages/airflow/utils/operator_helpers.py", line 252, in run
    return self.func(*args, **kwargs)
  File "/home/airflow/.local/lib/python3.9/site-packages/airflow/models/baseoperator.py", line 422, in wrapper
    return func(self, *args, **kwargs)
  File "/home/airflow/.local/lib/python3.9/site-packages/airflow/operators/python.py", line 238, in execute
    return_value = self.execute_callable()
  File "/home/airflow/.local/lib/python3.9/site-packages/airflow/operators/python.py", line 256, in execute_callable
    return runner.run(*self.op_args, **self.op_kwargs)
  File "/home/airflow/.local/lib/python3.9/site-packages/airflow/utils/operator_helpers.py", line 252, in run
    return self.func(*args, **kwargs)
  File "/opt/airflow/dbt_files/run_dbt.py", line 22, in transform_data
    raise RuntimeError("dbt run failed")
RuntimeError: dbt run failed
[2025-06-10T19:47:18.699+0000] {local_task_job_runner.py:266} INFO - Task exited with return code 1
[2025-06-10T19:47:18.743+0000] {taskinstance.py:3895} INFO - 0 downstream tasks scheduled from follow-on schedule check
[2025-06-10T19:47:18.747+0000] {local_task_job_runner.py:245} INFO - ::endgroup::
