[2025-06-05T17:53:03.668+0000] {local_task_job_runner.py:123} INFO - ::group::Pre task execution logs
[2025-06-05T17:53:03.686+0000] {taskinstance.py:2613} INFO - Dependencies all met for dep_context=non-requeueable deps ti=<TaskInstance: 04_transform_data.run_dbt manual__2025-06-05T17:52:53.853270+00:00 [queued]>
[2025-06-05T17:53:03.695+0000] {taskinstance.py:2613} INFO - Dependencies all met for dep_context=requeueable deps ti=<TaskInstance: 04_transform_data.run_dbt manual__2025-06-05T17:52:53.853270+00:00 [queued]>
[2025-06-05T17:53:03.696+0000] {taskinstance.py:2866} INFO - Starting attempt 1 of 1
[2025-06-05T17:53:03.709+0000] {taskinstance.py:2889} INFO - Executing <Task(PythonOperator): run_dbt> on 2025-06-05 17:52:53.853270+00:00
[2025-06-05T17:53:03.713+0000] {standard_task_runner.py:72} INFO - Started process 590 to run task
[2025-06-05T17:53:03.716+0000] {standard_task_runner.py:104} INFO - Running: ['***', 'tasks', 'run', '04_transform_data', 'run_dbt', 'manual__2025-06-05T17:52:53.853270+00:00', '--job-id', '325', '--raw', '--subdir', 'DAGS_FOLDER/04_transform_data.py', '--cfg-path', '/tmp/tmpg_sc6j5j']
[2025-06-05T17:53:03.718+0000] {standard_task_runner.py:105} INFO - Job 325: Subtask run_dbt
[2025-06-05T17:53:03.770+0000] {task_command.py:467} INFO - Running <TaskInstance: 04_transform_data.run_dbt manual__2025-06-05T17:52:53.853270+00:00 [running]> on host 28e6a58e4107
[2025-06-05T17:53:03.854+0000] {taskinstance.py:3132} INFO - Exporting env vars: AIRFLOW_CTX_DAG_OWNER='***' AIRFLOW_CTX_DAG_ID='04_transform_data' AIRFLOW_CTX_TASK_ID='run_dbt' AIRFLOW_CTX_EXECUTION_DATE='2025-06-05T17:52:53.853270+00:00' AIRFLOW_CTX_TRY_NUMBER='1' AIRFLOW_CTX_DAG_RUN_ID='manual__2025-06-05T17:52:53.853270+00:00'
[2025-06-05T17:53:03.856+0000] {taskinstance.py:731} INFO - ::endgroup::
[2025-06-05T17:53:05.458+0000] {logging_mixin.py:190} INFO - 17:53:05  Running with dbt=1.9.5
[2025-06-05T17:53:05.850+0000] {logging_mixin.py:190} INFO - 17:53:05  Registered adapter: postgres=1.9.0
[2025-06-05T17:53:07.763+0000] {logging_mixin.py:190} INFO - 17:53:07  [WARNING]: Configuration paths exist in your dbt_project.yml file which do not apply to any resources.
There are 1 unused configuration paths:
- models.e_commerce_sales.example
[2025-06-05T17:53:07.979+0000] {logging_mixin.py:190} INFO - 17:53:07  Found 11 models, 12 sources, 549 macros, 1 unit test
[2025-06-05T17:53:07.984+0000] {logging_mixin.py:190} INFO - 17:53:07
[2025-06-05T17:53:07.986+0000] {logging_mixin.py:190} INFO - 17:53:07  Concurrency: 4 threads (target='dev')
[2025-06-05T17:53:07.988+0000] {logging_mixin.py:190} INFO - 17:53:07
[2025-06-05T17:53:08.123+0000] {logging_mixin.py:190} INFO - 17:53:08  1 of 11 START sql incremental model sales.mercadolivre_orders_results .......... [RUN]
[2025-06-05T17:53:08.124+0000] {logging_mixin.py:190} INFO - 17:53:08  2 of 11 START sql incremental model sales.shopee_new_id ........................ [RUN]
[2025-06-05T17:53:08.520+0000] {logging_mixin.py:190} INFO - 17:53:08  2 of 11 OK created sql incremental model sales.shopee_new_id ................... [MERGE 0 in 0.39s]
[2025-06-05T17:53:08.522+0000] {logging_mixin.py:190} INFO - 17:53:08  1 of 11 OK created sql incremental model sales.mercadolivre_orders_results ..... [MERGE 190 in 0.39s]
[2025-06-05T17:53:08.528+0000] {logging_mixin.py:190} INFO - 17:53:08  3 of 11 START sql incremental model sales.shopee_orders_results ................ [RUN]
[2025-06-05T17:53:08.533+0000] {logging_mixin.py:190} INFO - 17:53:08  4 of 11 START sql incremental model sales.dim_mercadolivre_buyer ............... [RUN]
[2025-06-05T17:53:08.535+0000] {logging_mixin.py:190} INFO - 17:53:08  5 of 11 START sql incremental model sales.dim_mercadolivre_date ................ [RUN]
[2025-06-05T17:53:08.537+0000] {logging_mixin.py:190} INFO - 17:53:08  6 of 11 START sql incremental model sales.dim_mercadolivre_orders_status ....... [RUN]
[2025-06-05T17:53:08.825+0000] {logging_mixin.py:190} INFO - 17:53:08  3 of 11 OK created sql incremental model sales.shopee_orders_results ........... [MERGE 0 in 0.29s]
[2025-06-05T17:53:08.842+0000] {logging_mixin.py:190} INFO - 17:53:08  7 of 11 START sql incremental model sales.dim_mercadolivre_product ............. [RUN]
[2025-06-05T17:53:08.855+0000] {logging_mixin.py:190} INFO - 17:53:08  4 of 11 OK created sql incremental model sales.dim_mercadolivre_buyer .......... [MERGE 188 in 0.31s]
[2025-06-05T17:53:08.872+0000] {logging_mixin.py:190} INFO - 17:53:08  6 of 11 OK created sql incremental model sales.dim_mercadolivre_orders_status .. [MERGE 190 in 0.30s]
[2025-06-05T17:53:08.874+0000] {logging_mixin.py:190} INFO - 17:53:08  5 of 11 OK created sql incremental model sales.dim_mercadolivre_date ........... [MERGE 190 in 0.32s]
[2025-06-05T17:53:08.881+0000] {logging_mixin.py:190} INFO - 17:53:08  8 of 11 START sql incremental model sales.dim_shopee_buyer ..................... [RUN]
[2025-06-05T17:53:08.893+0000] {logging_mixin.py:190} INFO - 17:53:08  9 of 11 START sql incremental model sales.dim_shopee_date ...................... [RUN]
[2025-06-05T17:53:08.896+0000] {logging_mixin.py:190} INFO - 17:53:08  10 of 11 START sql incremental model sales.dim_shopee_orders_status ............ [RUN]
[2025-06-05T17:53:08.977+0000] {logging_mixin.py:190} INFO - 17:53:08  7 of 11 ERROR creating sql incremental model sales.dim_mercadolivre_product .... [ERROR in 0.12s]
[2025-06-05T17:53:08.985+0000] {logging_mixin.py:190} INFO - 17:53:08  11 of 11 START sql incremental model sales.dim_shopee_product .................. [RUN]
[2025-06-05T17:53:09.183+0000] {logging_mixin.py:190} INFO - 17:53:09  8 of 11 OK created sql incremental model sales.dim_shopee_buyer ................ [MERGE 0 in 0.28s]
[2025-06-05T17:53:09.191+0000] {logging_mixin.py:190} INFO - 17:53:09  9 of 11 OK created sql incremental model sales.dim_shopee_date ................. [MERGE 0 in 0.29s]
[2025-06-05T17:53:09.193+0000] {logging_mixin.py:190} INFO - 17:53:09  10 of 11 OK created sql incremental model sales.dim_shopee_orders_status ....... [MERGE 0 in 0.29s]
[2025-06-05T17:53:09.208+0000] {logging_mixin.py:190} INFO - 17:53:09  11 of 11 OK created sql incremental model sales.dim_shopee_product ............. [MERGE 0 in 0.22s]
[2025-06-05T17:53:09.234+0000] {logging_mixin.py:190} INFO - 17:53:09
[2025-06-05T17:53:09.235+0000] {logging_mixin.py:190} INFO - 17:53:09  Finished running 11 incremental models in 0 hours 0 minutes and 1.24 seconds (1.24s).
[2025-06-05T17:53:09.317+0000] {logging_mixin.py:190} INFO - 17:53:09
[2025-06-05T17:53:09.319+0000] {logging_mixin.py:190} INFO - 17:53:09  Completed with 1 error, 0 partial successes, and 0 warnings:
[2025-06-05T17:53:09.321+0000] {logging_mixin.py:190} INFO - 17:53:09
[2025-06-05T17:53:09.323+0000] {logging_mixin.py:190} INFO - 17:53:09    Database Error in model dim_mercadolivre_product (models/core/dim_mercadolivre_product.sql)
  missing FROM-clause entry for table "new_data"
  LINE 66:             WHERE new_data.product_id IN (SELECT product_id ...
                             ^
[2025-06-05T17:53:09.324+0000] {logging_mixin.py:190} INFO - 17:53:09
[2025-06-05T17:53:09.326+0000] {logging_mixin.py:190} INFO - 17:53:09  Done. PASS=10 WARN=0 ERROR=1 SKIP=0 TOTAL=11
[2025-06-05T17:53:10.175+0000] {logging_mixin.py:190} INFO - dbt run failed!
[2025-06-05T17:53:10.179+0000] {logging_mixin.py:190} INFO - None
[2025-06-05T17:53:10.181+0000] {taskinstance.py:3311} ERROR - Task failed with exception
Traceback (most recent call last):
  File "/home/airflow/.local/lib/python3.9/site-packages/airflow/models/taskinstance.py", line 767, in _execute_task
    result = _execute_callable(context=context, **execute_callable_kwargs)
  File "/home/airflow/.local/lib/python3.9/site-packages/airflow/models/taskinstance.py", line 733, in _execute_callable
    return ExecutionCallableRunner(
  File "/home/airflow/.local/lib/python3.9/site-packages/airflow/utils/operator_helpers.py", line 252, in run
    return self.func(*args, **kwargs)
  File "/home/airflow/.local/lib/python3.9/site-packages/airflow/models/baseoperator.py", line 422, in wrapper
    return func(self, *args, **kwargs)
  File "/home/airflow/.local/lib/python3.9/site-packages/airflow/operators/python.py", line 238, in execute
    return_value = self.execute_callable()
  File "/home/airflow/.local/lib/python3.9/site-packages/airflow/operators/python.py", line 256, in execute_callable
    return runner.run(*self.op_args, **self.op_kwargs)
  File "/home/airflow/.local/lib/python3.9/site-packages/airflow/utils/operator_helpers.py", line 252, in run
    return self.func(*args, **kwargs)
  File "/opt/airflow/dbt_files/run_dbt.py", line 22, in transform_data
    raise RuntimeError("dbt run failed")
RuntimeError: dbt run failed
[2025-06-05T17:53:10.193+0000] {taskinstance.py:1225} INFO - Marking task as FAILED. dag_id=04_transform_data, task_id=run_dbt, run_id=manual__2025-06-05T17:52:53.853270+00:00, execution_date=20250605T175253, start_date=20250605T175303, end_date=20250605T175310
[2025-06-05T17:53:10.206+0000] {taskinstance.py:340} INFO - ::group::Post task execution logs
[2025-06-05T17:53:10.207+0000] {standard_task_runner.py:124} ERROR - Failed to execute job 325 for task run_dbt (dbt run failed; 590)
Traceback (most recent call last):
  File "/home/airflow/.local/lib/python3.9/site-packages/airflow/task/task_runner/standard_task_runner.py", line 117, in _start_by_fork
    ret = args.func(args, dag=self.dag)
  File "/home/airflow/.local/lib/python3.9/site-packages/airflow/cli/cli_config.py", line 49, in command
    return func(*args, **kwargs)
  File "/home/airflow/.local/lib/python3.9/site-packages/airflow/utils/cli.py", line 116, in wrapper
    return f(*args, **kwargs)
  File "/home/airflow/.local/lib/python3.9/site-packages/airflow/cli/commands/task_command.py", line 483, in task_run
    task_return_code = _run_task_by_selected_method(args, _dag, ti)
  File "/home/airflow/.local/lib/python3.9/site-packages/airflow/cli/commands/task_command.py", line 256, in _run_task_by_selected_method
    return _run_raw_task(args, ti)
  File "/home/airflow/.local/lib/python3.9/site-packages/airflow/cli/commands/task_command.py", line 341, in _run_raw_task
    return ti._run_raw_task(
  File "/home/airflow/.local/lib/python3.9/site-packages/airflow/utils/session.py", line 97, in wrapper
    return func(*args, session=session, **kwargs)
  File "/home/airflow/.local/lib/python3.9/site-packages/airflow/models/taskinstance.py", line 3005, in _run_raw_task
    return _run_raw_task(
  File "/home/airflow/.local/lib/python3.9/site-packages/airflow/models/taskinstance.py", line 273, in _run_raw_task
    TaskInstance._execute_task_with_callbacks(
  File "/home/airflow/.local/lib/python3.9/site-packages/airflow/models/taskinstance.py", line 3159, in _execute_task_with_callbacks
    result = self._execute_task(context, task_orig)
  File "/home/airflow/.local/lib/python3.9/site-packages/airflow/models/taskinstance.py", line 3183, in _execute_task
    return _execute_task(self, context, task_orig)
  File "/home/airflow/.local/lib/python3.9/site-packages/airflow/models/taskinstance.py", line 767, in _execute_task
    result = _execute_callable(context=context, **execute_callable_kwargs)
  File "/home/airflow/.local/lib/python3.9/site-packages/airflow/models/taskinstance.py", line 733, in _execute_callable
    return ExecutionCallableRunner(
  File "/home/airflow/.local/lib/python3.9/site-packages/airflow/utils/operator_helpers.py", line 252, in run
    return self.func(*args, **kwargs)
  File "/home/airflow/.local/lib/python3.9/site-packages/airflow/models/baseoperator.py", line 422, in wrapper
    return func(self, *args, **kwargs)
  File "/home/airflow/.local/lib/python3.9/site-packages/airflow/operators/python.py", line 238, in execute
    return_value = self.execute_callable()
  File "/home/airflow/.local/lib/python3.9/site-packages/airflow/operators/python.py", line 256, in execute_callable
    return runner.run(*self.op_args, **self.op_kwargs)
  File "/home/airflow/.local/lib/python3.9/site-packages/airflow/utils/operator_helpers.py", line 252, in run
    return self.func(*args, **kwargs)
  File "/opt/airflow/dbt_files/run_dbt.py", line 22, in transform_data
    raise RuntimeError("dbt run failed")
RuntimeError: dbt run failed
[2025-06-05T17:53:10.238+0000] {local_task_job_runner.py:266} INFO - Task exited with return code 1
[2025-06-05T17:53:10.256+0000] {taskinstance.py:3895} INFO - 0 downstream tasks scheduled from follow-on schedule check
[2025-06-05T17:53:10.259+0000] {local_task_job_runner.py:245} INFO - ::endgroup::
