[2025-06-06T20:54:22.831+0000] {local_task_job_runner.py:123} INFO - ::group::Pre task execution logs
[2025-06-06T20:54:22.849+0000] {taskinstance.py:2613} INFO - Dependencies all met for dep_context=non-requeueable deps ti=<TaskInstance: 05_transform_data.run_dbt manual__2025-06-06T20:54:12.927202+00:00 [queued]>
[2025-06-06T20:54:22.858+0000] {taskinstance.py:2613} INFO - Dependencies all met for dep_context=requeueable deps ti=<TaskInstance: 05_transform_data.run_dbt manual__2025-06-06T20:54:12.927202+00:00 [queued]>
[2025-06-06T20:54:22.860+0000] {taskinstance.py:2866} INFO - Starting attempt 1 of 1
[2025-06-06T20:54:22.874+0000] {taskinstance.py:2889} INFO - Executing <Task(PythonOperator): run_dbt> on 2025-06-06 20:54:12.927202+00:00
[2025-06-06T20:54:22.879+0000] {standard_task_runner.py:72} INFO - Started process 5205 to run task
[2025-06-06T20:54:22.882+0000] {standard_task_runner.py:104} INFO - Running: ['***', 'tasks', 'run', '05_transform_data', 'run_dbt', 'manual__2025-06-06T20:54:12.927202+00:00', '--job-id', '444', '--raw', '--subdir', 'DAGS_FOLDER/05_transform_data.py', '--cfg-path', '/tmp/tmpcnewvdjl']
[2025-06-06T20:54:22.884+0000] {standard_task_runner.py:105} INFO - Job 444: Subtask run_dbt
[2025-06-06T20:54:22.936+0000] {task_command.py:467} INFO - Running <TaskInstance: 05_transform_data.run_dbt manual__2025-06-06T20:54:12.927202+00:00 [running]> on host 28e6a58e4107
[2025-06-06T20:54:23.022+0000] {taskinstance.py:3132} INFO - Exporting env vars: AIRFLOW_CTX_DAG_OWNER='***' AIRFLOW_CTX_DAG_ID='05_transform_data' AIRFLOW_CTX_TASK_ID='run_dbt' AIRFLOW_CTX_EXECUTION_DATE='2025-06-06T20:54:12.927202+00:00' AIRFLOW_CTX_TRY_NUMBER='1' AIRFLOW_CTX_DAG_RUN_ID='manual__2025-06-06T20:54:12.927202+00:00'
[2025-06-06T20:54:23.024+0000] {taskinstance.py:731} INFO - ::endgroup::
[2025-06-06T20:54:24.619+0000] {logging_mixin.py:190} INFO - 20:54:24  Running with dbt=1.9.5
[2025-06-06T20:54:24.992+0000] {logging_mixin.py:190} INFO - 20:54:24  Registered adapter: postgres=1.9.0
[2025-06-06T20:54:26.996+0000] {logging_mixin.py:190} INFO - 20:54:26  [WARNING]: Configuration paths exist in your dbt_project.yml file which do not apply to any resources.
There are 1 unused configuration paths:
- models.e_commerce_sales.example
[2025-06-06T20:54:27.217+0000] {logging_mixin.py:190} INFO - 20:54:27  Found 15 models, 12 sources, 549 macros, 1 unit test
[2025-06-06T20:54:27.222+0000] {logging_mixin.py:190} INFO - 20:54:27
[2025-06-06T20:54:27.224+0000] {logging_mixin.py:190} INFO - 20:54:27  Concurrency: 4 threads (target='dev')
[2025-06-06T20:54:27.225+0000] {logging_mixin.py:190} INFO - 20:54:27
[2025-06-06T20:54:27.369+0000] {logging_mixin.py:190} INFO - 20:54:27  1 of 15 START sql incremental model sales.mercadolivre_orders_results .......... [RUN]
[2025-06-06T20:54:27.371+0000] {logging_mixin.py:190} INFO - 20:54:27  2 of 15 START sql incremental model sales.stg_shopee ........................... [RUN]
[2025-06-06T20:54:27.578+0000] {logging_mixin.py:190} INFO - 20:54:27  2 of 15 ERROR creating sql incremental model sales.stg_shopee .................. [ERROR in 0.20s]
[2025-06-06T20:54:27.584+0000] {logging_mixin.py:190} INFO - 20:54:27  3 of 15 SKIP relation sales.shopee_new_id ...................................... [SKIP]
[2025-06-06T20:54:27.588+0000] {logging_mixin.py:190} INFO - 20:54:27  4 of 15 SKIP relation sales.shopee_orders_results .............................. [SKIP]
[2025-06-06T20:54:27.594+0000] {logging_mixin.py:190} INFO - 20:54:27  5 of 15 SKIP relation sales.dim_shopee_buyer ................................... [SKIP]
[2025-06-06T20:54:27.596+0000] {logging_mixin.py:190} INFO - 20:54:27  6 of 15 SKIP relation sales.dim_shopee_date .................................... [SKIP]
[2025-06-06T20:54:27.598+0000] {logging_mixin.py:190} INFO - 20:54:27  7 of 15 SKIP relation sales.dim_shopee_orders_status ........................... [SKIP]
[2025-06-06T20:54:27.605+0000] {logging_mixin.py:190} INFO - 20:54:27  8 of 15 SKIP relation sales.dim_shopee_product ................................. [SKIP]
[2025-06-06T20:54:27.608+0000] {logging_mixin.py:190} INFO - 20:54:27  9 of 15 SKIP relation sales.sum_shopee_monthly_profit .......................... [SKIP]
[2025-06-06T20:54:27.610+0000] {logging_mixin.py:190} INFO - 20:54:27  10 of 15 SKIP relation sales.sum_shopee_monthly_revenue ........................ [SKIP]
[2025-06-06T20:54:27.615+0000] {logging_mixin.py:190} INFO - 20:54:27  11 of 15 SKIP relation sales.sum_shopee_products_sold .......................... [SKIP]
[2025-06-06T20:54:30.956+0000] {logging_mixin.py:190} INFO - 20:54:30  1 of 15 OK created sql incremental model sales.mercadolivre_orders_results ..... [MERGE 190 in 3.58s]
[2025-06-06T20:54:30.965+0000] {logging_mixin.py:190} INFO - 20:54:30  12 of 15 START sql incremental model sales.dim_mercadolivre_buyer .............. [RUN]
[2025-06-06T20:54:30.967+0000] {logging_mixin.py:190} INFO - 20:54:30  13 of 15 START sql incremental model sales.dim_mercadolivre_date ............... [RUN]
[2025-06-06T20:54:30.969+0000] {logging_mixin.py:190} INFO - 20:54:30  14 of 15 START sql incremental model sales.dim_mercadolivre_orders_status ...... [RUN]
[2025-06-06T20:54:30.970+0000] {logging_mixin.py:190} INFO - 20:54:30  15 of 15 START sql incremental model sales.dim_mercadolivre_product ............ [RUN]
[2025-06-06T20:54:31.217+0000] {logging_mixin.py:190} INFO - 20:54:31  14 of 15 OK created sql incremental model sales.dim_mercadolivre_orders_status . [MERGE 190 in 0.24s]
[2025-06-06T20:54:31.238+0000] {logging_mixin.py:190} INFO - 20:54:31  12 of 15 OK created sql incremental model sales.dim_mercadolivre_buyer ......... [MERGE 188 in 0.27s]
[2025-06-06T20:54:31.735+0000] {logging_mixin.py:190} INFO - 20:54:31  13 of 15 OK created sql incremental model sales.dim_mercadolivre_date .......... [MERGE 190 in 0.76s]
[2025-06-06T20:54:32.209+0000] {logging_mixin.py:190} INFO - 20:54:32  15 of 15 OK created sql incremental model sales.dim_mercadolivre_product ....... [MERGE 65 in 1.23s]
[2025-06-06T20:54:32.236+0000] {logging_mixin.py:190} INFO - 20:54:32
[2025-06-06T20:54:32.238+0000] {logging_mixin.py:190} INFO - 20:54:32  Finished running 12 incremental models, 3 view models in 0 hours 0 minutes and 5.01 seconds (5.01s).
[2025-06-06T20:54:32.317+0000] {logging_mixin.py:190} INFO - 20:54:32
[2025-06-06T20:54:32.319+0000] {logging_mixin.py:190} INFO - 20:54:32  Completed with 1 error, 0 partial successes, and 0 warnings:
[2025-06-06T20:54:32.320+0000] {logging_mixin.py:190} INFO - 20:54:32
[2025-06-06T20:54:32.322+0000] {logging_mixin.py:190} INFO - 20:54:32    Database Error in model stg_shopee (models/staging/stg_shopee.sql)
  relation "stg.entry_shopee" does not exist
  LINE 75:     FROM "sales_db"."stg"."entry_shopee"
                    ^
  compiled code at target/run/e_commerce_sales/models/staging/stg_shopee.sql
[2025-06-06T20:54:32.324+0000] {logging_mixin.py:190} INFO - 20:54:32
[2025-06-06T20:54:32.325+0000] {logging_mixin.py:190} INFO - 20:54:32  Done. PASS=5 WARN=0 ERROR=1 SKIP=9 TOTAL=15
[2025-06-06T20:54:33.183+0000] {logging_mixin.py:190} INFO - dbt run failed!
[2025-06-06T20:54:33.184+0000] {logging_mixin.py:190} INFO - None
[2025-06-06T20:54:33.185+0000] {taskinstance.py:3311} ERROR - Task failed with exception
Traceback (most recent call last):
  File "/home/airflow/.local/lib/python3.9/site-packages/airflow/models/taskinstance.py", line 767, in _execute_task
    result = _execute_callable(context=context, **execute_callable_kwargs)
  File "/home/airflow/.local/lib/python3.9/site-packages/airflow/models/taskinstance.py", line 733, in _execute_callable
    return ExecutionCallableRunner(
  File "/home/airflow/.local/lib/python3.9/site-packages/airflow/utils/operator_helpers.py", line 252, in run
    return self.func(*args, **kwargs)
  File "/home/airflow/.local/lib/python3.9/site-packages/airflow/models/baseoperator.py", line 422, in wrapper
    return func(self, *args, **kwargs)
  File "/home/airflow/.local/lib/python3.9/site-packages/airflow/operators/python.py", line 238, in execute
    return_value = self.execute_callable()
  File "/home/airflow/.local/lib/python3.9/site-packages/airflow/operators/python.py", line 256, in execute_callable
    return runner.run(*self.op_args, **self.op_kwargs)
  File "/home/airflow/.local/lib/python3.9/site-packages/airflow/utils/operator_helpers.py", line 252, in run
    return self.func(*args, **kwargs)
  File "/opt/airflow/dbt_files/run_dbt.py", line 22, in transform_data
    raise RuntimeError("dbt run failed")
RuntimeError: dbt run failed
[2025-06-06T20:54:33.195+0000] {taskinstance.py:1225} INFO - Marking task as FAILED. dag_id=05_transform_data, task_id=run_dbt, run_id=manual__2025-06-06T20:54:12.927202+00:00, execution_date=20250606T205412, start_date=20250606T205422, end_date=20250606T205433
[2025-06-06T20:54:33.216+0000] {taskinstance.py:340} INFO - ::group::Post task execution logs
[2025-06-06T20:54:33.217+0000] {standard_task_runner.py:124} ERROR - Failed to execute job 444 for task run_dbt (dbt run failed; 5205)
Traceback (most recent call last):
  File "/home/airflow/.local/lib/python3.9/site-packages/airflow/task/task_runner/standard_task_runner.py", line 117, in _start_by_fork
    ret = args.func(args, dag=self.dag)
  File "/home/airflow/.local/lib/python3.9/site-packages/airflow/cli/cli_config.py", line 49, in command
    return func(*args, **kwargs)
  File "/home/airflow/.local/lib/python3.9/site-packages/airflow/utils/cli.py", line 116, in wrapper
    return f(*args, **kwargs)
  File "/home/airflow/.local/lib/python3.9/site-packages/airflow/cli/commands/task_command.py", line 483, in task_run
    task_return_code = _run_task_by_selected_method(args, _dag, ti)
  File "/home/airflow/.local/lib/python3.9/site-packages/airflow/cli/commands/task_command.py", line 256, in _run_task_by_selected_method
    return _run_raw_task(args, ti)
  File "/home/airflow/.local/lib/python3.9/site-packages/airflow/cli/commands/task_command.py", line 341, in _run_raw_task
    return ti._run_raw_task(
  File "/home/airflow/.local/lib/python3.9/site-packages/airflow/utils/session.py", line 97, in wrapper
    return func(*args, session=session, **kwargs)
  File "/home/airflow/.local/lib/python3.9/site-packages/airflow/models/taskinstance.py", line 3005, in _run_raw_task
    return _run_raw_task(
  File "/home/airflow/.local/lib/python3.9/site-packages/airflow/models/taskinstance.py", line 273, in _run_raw_task
    TaskInstance._execute_task_with_callbacks(
  File "/home/airflow/.local/lib/python3.9/site-packages/airflow/models/taskinstance.py", line 3159, in _execute_task_with_callbacks
    result = self._execute_task(context, task_orig)
  File "/home/airflow/.local/lib/python3.9/site-packages/airflow/models/taskinstance.py", line 3183, in _execute_task
    return _execute_task(self, context, task_orig)
  File "/home/airflow/.local/lib/python3.9/site-packages/airflow/models/taskinstance.py", line 767, in _execute_task
    result = _execute_callable(context=context, **execute_callable_kwargs)
  File "/home/airflow/.local/lib/python3.9/site-packages/airflow/models/taskinstance.py", line 733, in _execute_callable
    return ExecutionCallableRunner(
  File "/home/airflow/.local/lib/python3.9/site-packages/airflow/utils/operator_helpers.py", line 252, in run
    return self.func(*args, **kwargs)
  File "/home/airflow/.local/lib/python3.9/site-packages/airflow/models/baseoperator.py", line 422, in wrapper
    return func(self, *args, **kwargs)
  File "/home/airflow/.local/lib/python3.9/site-packages/airflow/operators/python.py", line 238, in execute
    return_value = self.execute_callable()
  File "/home/airflow/.local/lib/python3.9/site-packages/airflow/operators/python.py", line 256, in execute_callable
    return runner.run(*self.op_args, **self.op_kwargs)
  File "/home/airflow/.local/lib/python3.9/site-packages/airflow/utils/operator_helpers.py", line 252, in run
    return self.func(*args, **kwargs)
  File "/opt/airflow/dbt_files/run_dbt.py", line 22, in transform_data
    raise RuntimeError("dbt run failed")
RuntimeError: dbt run failed
[2025-06-06T20:54:33.256+0000] {local_task_job_runner.py:266} INFO - Task exited with return code 1
[2025-06-06T20:54:33.273+0000] {taskinstance.py:3895} INFO - 0 downstream tasks scheduled from follow-on schedule check
[2025-06-06T20:54:33.290+0000] {local_task_job_runner.py:245} INFO - ::endgroup::
