[2025-06-06T19:59:16.682+0000] {local_task_job_runner.py:123} INFO - ::group::Pre task execution logs
[2025-06-06T19:59:16.699+0000] {taskinstance.py:2613} INFO - Dependencies all met for dep_context=non-requeueable deps ti=<TaskInstance: 05_transform_data.run_dbt manual__2025-06-06T19:59:08.146088+00:00 [queued]>
[2025-06-06T19:59:16.707+0000] {taskinstance.py:2613} INFO - Dependencies all met for dep_context=requeueable deps ti=<TaskInstance: 05_transform_data.run_dbt manual__2025-06-06T19:59:08.146088+00:00 [queued]>
[2025-06-06T19:59:16.709+0000] {taskinstance.py:2866} INFO - Starting attempt 1 of 1
[2025-06-06T19:59:16.720+0000] {taskinstance.py:2889} INFO - Executing <Task(PythonOperator): run_dbt> on 2025-06-06 19:59:08.146088+00:00
[2025-06-06T19:59:16.725+0000] {standard_task_runner.py:72} INFO - Started process 4229 to run task
[2025-06-06T19:59:16.728+0000] {standard_task_runner.py:104} INFO - Running: ['***', 'tasks', 'run', '05_transform_data', 'run_dbt', 'manual__2025-06-06T19:59:08.146088+00:00', '--job-id', '428', '--raw', '--subdir', 'DAGS_FOLDER/05_transform_data.py', '--cfg-path', '/tmp/tmp4n19357w']
[2025-06-06T19:59:16.731+0000] {standard_task_runner.py:105} INFO - Job 428: Subtask run_dbt
[2025-06-06T19:59:16.784+0000] {task_command.py:467} INFO - Running <TaskInstance: 05_transform_data.run_dbt manual__2025-06-06T19:59:08.146088+00:00 [running]> on host 28e6a58e4107
[2025-06-06T19:59:16.863+0000] {taskinstance.py:3132} INFO - Exporting env vars: AIRFLOW_CTX_DAG_OWNER='***' AIRFLOW_CTX_DAG_ID='05_transform_data' AIRFLOW_CTX_TASK_ID='run_dbt' AIRFLOW_CTX_EXECUTION_DATE='2025-06-06T19:59:08.146088+00:00' AIRFLOW_CTX_TRY_NUMBER='1' AIRFLOW_CTX_DAG_RUN_ID='manual__2025-06-06T19:59:08.146088+00:00'
[2025-06-06T19:59:16.865+0000] {taskinstance.py:731} INFO - ::endgroup::
[2025-06-06T19:59:18.472+0000] {logging_mixin.py:190} INFO - 19:59:18  Running with dbt=1.9.5
[2025-06-06T19:59:18.825+0000] {logging_mixin.py:190} INFO - 19:59:18  Registered adapter: postgres=1.9.0
[2025-06-06T19:59:20.090+0000] {logging_mixin.py:190} INFO - 19:59:20  [WARNING]: Configuration paths exist in your dbt_project.yml file which do not apply to any resources.
There are 1 unused configuration paths:
- models.e_commerce_sales.example
[2025-06-06T19:59:20.482+0000] {logging_mixin.py:190} INFO - 19:59:20  Found 15 models, 12 sources, 549 macros, 1 unit test
[2025-06-06T19:59:20.487+0000] {logging_mixin.py:190} INFO - 19:59:20
[2025-06-06T19:59:20.490+0000] {logging_mixin.py:190} INFO - 19:59:20  Concurrency: 4 threads (target='dev')
[2025-06-06T19:59:20.493+0000] {logging_mixin.py:190} INFO - 19:59:20
[2025-06-06T19:59:20.673+0000] {logging_mixin.py:190} INFO - 19:59:20  1 of 15 START sql incremental model sales.mercadolivre_orders_results .......... [RUN]
[2025-06-06T19:59:20.675+0000] {logging_mixin.py:190} INFO - 19:59:20  2 of 15 START sql incremental model sales.stg_shopee ........................... [RUN]
[2025-06-06T19:59:21.259+0000] {logging_mixin.py:190} INFO - 19:59:21  2 of 15 OK created sql incremental model sales.stg_shopee ...................... [MERGE 8625 in 0.58s]
[2025-06-06T19:59:21.265+0000] {logging_mixin.py:190} INFO - 19:59:21  3 of 15 START sql incremental model sales.shopee_new_id ........................ [RUN]
[2025-06-06T19:59:21.398+0000] {logging_mixin.py:190} INFO - 19:59:21  3 of 15 OK created sql incremental model sales.shopee_new_id ................... [MERGE 2875 in 0.13s]
[2025-06-06T19:59:21.405+0000] {logging_mixin.py:190} INFO - 19:59:21  4 of 15 START sql incremental model sales.shopee_orders_results ................ [RUN]
[2025-06-06T19:59:23.387+0000] {logging_mixin.py:190} INFO - 19:59:23  4 of 15 OK created sql incremental model sales.shopee_orders_results ........... [MERGE 2727 in 1.98s]
[2025-06-06T19:59:23.394+0000] {logging_mixin.py:190} INFO - 19:59:23  5 of 15 START sql incremental model sales.dim_shopee_buyer ..................... [RUN]
[2025-06-06T19:59:23.396+0000] {logging_mixin.py:190} INFO - 19:59:23  6 of 15 START sql incremental model sales.dim_shopee_date ...................... [RUN]
[2025-06-06T19:59:23.398+0000] {logging_mixin.py:190} INFO - 19:59:23  7 of 15 START sql incremental model sales.dim_shopee_orders_status ............. [RUN]
[2025-06-06T19:59:23.655+0000] {logging_mixin.py:190} INFO - 19:59:23  7 of 15 ERROR creating sql incremental model sales.dim_shopee_orders_status .... [ERROR in 0.25s]
[2025-06-06T19:59:23.660+0000] {logging_mixin.py:190} INFO - 19:59:23  8 of 15 START sql incremental model sales.dim_shopee_product ................... [RUN]
[2025-06-06T19:59:23.684+0000] {logging_mixin.py:190} INFO - 19:59:23  5 of 15 ERROR creating sql incremental model sales.dim_shopee_buyer ............ [ERROR in 0.28s]
[2025-06-06T19:59:23.707+0000] {logging_mixin.py:190} INFO - 19:59:23  6 of 15 OK created sql incremental model sales.dim_shopee_date ................. [MERGE 8181 in 0.30s]
[2025-06-06T19:59:23.713+0000] {logging_mixin.py:190} INFO - 19:59:23  9 of 15 START sql view model sales.sum_shopee_monthly_profit ................... [RUN]
[2025-06-06T19:59:23.715+0000] {logging_mixin.py:190} INFO - 19:59:23  10 of 15 START sql view model sales.sum_shopee_monthly_revenue ................. [RUN]
[2025-06-06T19:59:23.900+0000] {logging_mixin.py:190} INFO - 19:59:23  8 of 15 ERROR creating sql incremental model sales.dim_shopee_product .......... [ERROR in 0.23s]
[2025-06-06T19:59:23.915+0000] {logging_mixin.py:190} INFO - 19:59:23  9 of 15 OK created sql view model sales.sum_shopee_monthly_profit .............. [CREATE VIEW in 0.19s]
[2025-06-06T19:59:23.922+0000] {logging_mixin.py:190} INFO - 19:59:23  11 of 15 SKIP relation sales.sum_shopee_products_sold .......................... [SKIP]
[2025-06-06T19:59:23.929+0000] {logging_mixin.py:190} INFO - 19:59:23  10 of 15 OK created sql view model sales.sum_shopee_monthly_revenue ............ [CREATE VIEW in 0.21s]
[2025-06-06T19:59:24.231+0000] {logging_mixin.py:190} INFO - 19:59:24  1 of 15 OK created sql incremental model sales.mercadolivre_orders_results ..... [MERGE 190 in 3.55s]
[2025-06-06T19:59:24.238+0000] {logging_mixin.py:190} INFO - 19:59:24  12 of 15 START sql incremental model sales.dim_mercadolivre_buyer .............. [RUN]
[2025-06-06T19:59:24.240+0000] {logging_mixin.py:190} INFO - 19:59:24  13 of 15 START sql incremental model sales.dim_mercadolivre_date ............... [RUN]
[2025-06-06T19:59:24.242+0000] {logging_mixin.py:190} INFO - 19:59:24  14 of 15 START sql incremental model sales.dim_mercadolivre_orders_status ...... [RUN]
[2025-06-06T19:59:24.243+0000] {logging_mixin.py:190} INFO - 19:59:24  15 of 15 START sql incremental model sales.dim_mercadolivre_product ............ [RUN]
[2025-06-06T19:59:24.470+0000] {logging_mixin.py:190} INFO - 19:59:24  14 of 15 OK created sql incremental model sales.dim_mercadolivre_orders_status . [MERGE 190 in 0.22s]
[2025-06-06T19:59:24.472+0000] {logging_mixin.py:190} INFO - 19:59:24  12 of 15 OK created sql incremental model sales.dim_mercadolivre_buyer ......... [MERGE 188 in 0.22s]
[2025-06-06T19:59:24.771+0000] {logging_mixin.py:190} INFO - 19:59:24  13 of 15 OK created sql incremental model sales.dim_mercadolivre_date .......... [MERGE 190 in 0.52s]
[2025-06-06T19:59:24.883+0000] {logging_mixin.py:190} INFO - 19:59:24  15 of 15 OK created sql incremental model sales.dim_mercadolivre_product ....... [MERGE 65 in 0.63s]
[2025-06-06T19:59:24.907+0000] {logging_mixin.py:190} INFO - 19:59:24
[2025-06-06T19:59:24.908+0000] {logging_mixin.py:190} INFO - 19:59:24  Finished running 12 incremental models, 3 view models in 0 hours 0 minutes and 4.41 seconds (4.41s).
[2025-06-06T19:59:24.987+0000] {logging_mixin.py:190} INFO - 19:59:24
[2025-06-06T19:59:24.989+0000] {logging_mixin.py:190} INFO - 19:59:24  Completed with 3 errors, 0 partial successes, and 0 warnings:
[2025-06-06T19:59:24.991+0000] {logging_mixin.py:190} INFO - 19:59:24
[2025-06-06T19:59:24.993+0000] {logging_mixin.py:190} INFO - 19:59:24    Database Error in model dim_shopee_orders_status (models/core/dim_shopee_orders_status.sql)
  MERGE command cannot affect row a second time
  HINT:  Ensure that not more than one source row matches any one target row.
  compiled code at target/run/e_commerce_sales/models/core/dim_shopee_orders_status.sql
[2025-06-06T19:59:24.994+0000] {logging_mixin.py:190} INFO - 19:59:24
[2025-06-06T19:59:24.995+0000] {logging_mixin.py:190} INFO - 19:59:24    Database Error in model dim_shopee_buyer (models/core/dim_shopee_buyer.sql)
  MERGE command cannot affect row a second time
  HINT:  Ensure that not more than one source row matches any one target row.
  compiled code at target/run/e_commerce_sales/models/core/dim_shopee_buyer.sql
[2025-06-06T19:59:24.997+0000] {logging_mixin.py:190} INFO - 19:59:24
[2025-06-06T19:59:24.998+0000] {logging_mixin.py:190} INFO - 19:59:24    Database Error in model dim_shopee_product (models/core/dim_shopee_product.sql)
  MERGE command cannot affect row a second time
  HINT:  Ensure that not more than one source row matches any one target row.
  compiled code at target/run/e_commerce_sales/models/core/dim_shopee_product.sql
[2025-06-06T19:59:25.000+0000] {logging_mixin.py:190} INFO - 19:59:25
[2025-06-06T19:59:25.001+0000] {logging_mixin.py:190} INFO - 19:59:25  Done. PASS=11 WARN=0 ERROR=3 SKIP=1 TOTAL=15
[2025-06-06T19:59:25.884+0000] {logging_mixin.py:190} INFO - dbt run failed!
[2025-06-06T19:59:25.885+0000] {logging_mixin.py:190} INFO - None
[2025-06-06T19:59:25.887+0000] {taskinstance.py:3311} ERROR - Task failed with exception
Traceback (most recent call last):
  File "/home/airflow/.local/lib/python3.9/site-packages/airflow/models/taskinstance.py", line 767, in _execute_task
    result = _execute_callable(context=context, **execute_callable_kwargs)
  File "/home/airflow/.local/lib/python3.9/site-packages/airflow/models/taskinstance.py", line 733, in _execute_callable
    return ExecutionCallableRunner(
  File "/home/airflow/.local/lib/python3.9/site-packages/airflow/utils/operator_helpers.py", line 252, in run
    return self.func(*args, **kwargs)
  File "/home/airflow/.local/lib/python3.9/site-packages/airflow/models/baseoperator.py", line 422, in wrapper
    return func(self, *args, **kwargs)
  File "/home/airflow/.local/lib/python3.9/site-packages/airflow/operators/python.py", line 238, in execute
    return_value = self.execute_callable()
  File "/home/airflow/.local/lib/python3.9/site-packages/airflow/operators/python.py", line 256, in execute_callable
    return runner.run(*self.op_args, **self.op_kwargs)
  File "/home/airflow/.local/lib/python3.9/site-packages/airflow/utils/operator_helpers.py", line 252, in run
    return self.func(*args, **kwargs)
  File "/opt/airflow/dbt_files/run_dbt.py", line 22, in transform_data
    raise RuntimeError("dbt run failed")
RuntimeError: dbt run failed
[2025-06-06T19:59:25.901+0000] {taskinstance.py:1225} INFO - Marking task as FAILED. dag_id=05_transform_data, task_id=run_dbt, run_id=manual__2025-06-06T19:59:08.146088+00:00, execution_date=20250606T195908, start_date=20250606T195916, end_date=20250606T195925
[2025-06-06T19:59:25.915+0000] {taskinstance.py:340} INFO - ::group::Post task execution logs
[2025-06-06T19:59:25.917+0000] {standard_task_runner.py:124} ERROR - Failed to execute job 428 for task run_dbt (dbt run failed; 4229)
Traceback (most recent call last):
  File "/home/airflow/.local/lib/python3.9/site-packages/airflow/task/task_runner/standard_task_runner.py", line 117, in _start_by_fork
    ret = args.func(args, dag=self.dag)
  File "/home/airflow/.local/lib/python3.9/site-packages/airflow/cli/cli_config.py", line 49, in command
    return func(*args, **kwargs)
  File "/home/airflow/.local/lib/python3.9/site-packages/airflow/utils/cli.py", line 116, in wrapper
    return f(*args, **kwargs)
  File "/home/airflow/.local/lib/python3.9/site-packages/airflow/cli/commands/task_command.py", line 483, in task_run
    task_return_code = _run_task_by_selected_method(args, _dag, ti)
  File "/home/airflow/.local/lib/python3.9/site-packages/airflow/cli/commands/task_command.py", line 256, in _run_task_by_selected_method
    return _run_raw_task(args, ti)
  File "/home/airflow/.local/lib/python3.9/site-packages/airflow/cli/commands/task_command.py", line 341, in _run_raw_task
    return ti._run_raw_task(
  File "/home/airflow/.local/lib/python3.9/site-packages/airflow/utils/session.py", line 97, in wrapper
    return func(*args, session=session, **kwargs)
  File "/home/airflow/.local/lib/python3.9/site-packages/airflow/models/taskinstance.py", line 3005, in _run_raw_task
    return _run_raw_task(
  File "/home/airflow/.local/lib/python3.9/site-packages/airflow/models/taskinstance.py", line 273, in _run_raw_task
    TaskInstance._execute_task_with_callbacks(
  File "/home/airflow/.local/lib/python3.9/site-packages/airflow/models/taskinstance.py", line 3159, in _execute_task_with_callbacks
    result = self._execute_task(context, task_orig)
  File "/home/airflow/.local/lib/python3.9/site-packages/airflow/models/taskinstance.py", line 3183, in _execute_task
    return _execute_task(self, context, task_orig)
  File "/home/airflow/.local/lib/python3.9/site-packages/airflow/models/taskinstance.py", line 767, in _execute_task
    result = _execute_callable(context=context, **execute_callable_kwargs)
  File "/home/airflow/.local/lib/python3.9/site-packages/airflow/models/taskinstance.py", line 733, in _execute_callable
    return ExecutionCallableRunner(
  File "/home/airflow/.local/lib/python3.9/site-packages/airflow/utils/operator_helpers.py", line 252, in run
    return self.func(*args, **kwargs)
  File "/home/airflow/.local/lib/python3.9/site-packages/airflow/models/baseoperator.py", line 422, in wrapper
    return func(self, *args, **kwargs)
  File "/home/airflow/.local/lib/python3.9/site-packages/airflow/operators/python.py", line 238, in execute
    return_value = self.execute_callable()
  File "/home/airflow/.local/lib/python3.9/site-packages/airflow/operators/python.py", line 256, in execute_callable
    return runner.run(*self.op_args, **self.op_kwargs)
  File "/home/airflow/.local/lib/python3.9/site-packages/airflow/utils/operator_helpers.py", line 252, in run
    return self.func(*args, **kwargs)
  File "/opt/airflow/dbt_files/run_dbt.py", line 22, in transform_data
    raise RuntimeError("dbt run failed")
RuntimeError: dbt run failed
[2025-06-06T19:59:25.944+0000] {local_task_job_runner.py:266} INFO - Task exited with return code 1
[2025-06-06T19:59:25.965+0000] {taskinstance.py:3895} INFO - 0 downstream tasks scheduled from follow-on schedule check
[2025-06-06T19:59:25.968+0000] {local_task_job_runner.py:245} INFO - ::endgroup::
