[2025-05-19T17:47:15.684+0000] {local_task_job_runner.py:123} INFO - ::group::Pre task execution logs
[2025-05-19T17:47:15.701+0000] {taskinstance.py:2613} INFO - Dependencies all met for dep_context=non-requeueable deps ti=<TaskInstance: 04_transform_data.run_dbt manual__2025-05-19T17:47:13.619255+00:00 [queued]>
[2025-05-19T17:47:15.709+0000] {taskinstance.py:2613} INFO - Dependencies all met for dep_context=requeueable deps ti=<TaskInstance: 04_transform_data.run_dbt manual__2025-05-19T17:47:13.619255+00:00 [queued]>
[2025-05-19T17:47:15.710+0000] {taskinstance.py:2866} INFO - Starting attempt 1 of 1
[2025-05-19T17:47:15.721+0000] {taskinstance.py:2889} INFO - Executing <Task(PythonOperator): run_dbt> on 2025-05-19 17:47:13.619255+00:00
[2025-05-19T17:47:15.725+0000] {standard_task_runner.py:72} INFO - Started process 1323 to run task
[2025-05-19T17:47:15.728+0000] {standard_task_runner.py:104} INFO - Running: ['***', 'tasks', 'run', '04_transform_data', 'run_dbt', 'manual__2025-05-19T17:47:13.619255+00:00', '--job-id', '22', '--raw', '--subdir', 'DAGS_FOLDER/04_transform_data.py', '--cfg-path', '/tmp/tmpt6p5gr9m']
[2025-05-19T17:47:15.730+0000] {standard_task_runner.py:105} INFO - Job 22: Subtask run_dbt
[2025-05-19T17:47:15.781+0000] {task_command.py:467} INFO - Running <TaskInstance: 04_transform_data.run_dbt manual__2025-05-19T17:47:13.619255+00:00 [running]> on host 68e8d748c575
[2025-05-19T17:47:15.866+0000] {taskinstance.py:3132} INFO - Exporting env vars: AIRFLOW_CTX_DAG_OWNER='***' AIRFLOW_CTX_DAG_ID='04_transform_data' AIRFLOW_CTX_TASK_ID='run_dbt' AIRFLOW_CTX_EXECUTION_DATE='2025-05-19T17:47:13.619255+00:00' AIRFLOW_CTX_TRY_NUMBER='1' AIRFLOW_CTX_DAG_RUN_ID='manual__2025-05-19T17:47:13.619255+00:00'
[2025-05-19T17:47:15.868+0000] {taskinstance.py:731} INFO - ::endgroup::
[2025-05-19T17:47:17.405+0000] {logging_mixin.py:190} INFO - 17:47:17  Running with dbt=1.9.4
[2025-05-19T17:47:17.743+0000] {logging_mixin.py:190} INFO - 17:47:17  Registered adapter: postgres=1.9.0
[2025-05-19T17:47:18.299+0000] {logging_mixin.py:190} INFO - 17:47:18  [WARNING]: Configuration paths exist in your dbt_project.yml file which do not apply to any resources.
There are 1 unused configuration paths:
- models.e_commerce_sales.example
[2025-05-19T17:47:18.650+0000] {logging_mixin.py:190} INFO - 17:47:18  Found 6 models, 12 sources, 433 macros
[2025-05-19T17:47:18.653+0000] {logging_mixin.py:190} INFO - 17:47:18
[2025-05-19T17:47:18.655+0000] {logging_mixin.py:190} INFO - 17:47:18  Concurrency: 4 threads (target='dev')
[2025-05-19T17:47:18.656+0000] {logging_mixin.py:190} INFO - 17:47:18
[2025-05-19T17:47:18.783+0000] {logging_mixin.py:190} INFO - 17:47:18  1 of 6 START sql incremental model sales.mercadolivre_orders_results ........... [RUN]
[2025-05-19T17:47:18.785+0000] {logging_mixin.py:190} INFO - 17:47:18  2 of 6 START sql incremental model sales.shopee_new_id ......................... [RUN]
[2025-05-19T17:47:19.116+0000] {logging_mixin.py:190} INFO - 17:47:19  2 of 6 OK created sql incremental model sales.shopee_new_id .................... [MERGE 0 in 0.32s]
[2025-05-19T17:47:19.119+0000] {logging_mixin.py:190} INFO - 17:47:19  1 of 6 OK created sql incremental model sales.mercadolivre_orders_results ...... [MERGE 255 in 0.33s]
[2025-05-19T17:47:19.127+0000] {logging_mixin.py:190} INFO - 17:47:19  3 of 6 START sql incremental model sales.shopee_orders_results ................. [RUN]
[2025-05-19T17:47:19.128+0000] {logging_mixin.py:190} INFO - 17:47:19  4 of 6 START sql incremental model sales.mercadolivre_profits .................. [RUN]
[2025-05-19T17:47:19.275+0000] {logging_mixin.py:190} INFO - 17:47:19  3 of 6 OK created sql incremental model sales.shopee_orders_results ............ [MERGE 0 in 0.14s]
[2025-05-19T17:47:19.280+0000] {logging_mixin.py:190} INFO - 17:47:19  4 of 6 OK created sql incremental model sales.mercadolivre_profits ............. [MERGE 250 in 0.15s]
[2025-05-19T17:47:19.285+0000] {logging_mixin.py:190} INFO - 17:47:19  5 of 6 START sql incremental model sales.dim_shopee_orders ..................... [RUN]
[2025-05-19T17:47:19.287+0000] {logging_mixin.py:190} INFO - 17:47:19  6 of 6 START sql incremental model sales.shopee_profits ........................ [RUN]
[2025-05-19T17:47:19.362+0000] {logging_mixin.py:190} INFO - 17:47:19  5 of 6 ERROR creating sql incremental model sales.dim_shopee_orders ............ [ERROR in 0.07s]
[2025-05-19T17:47:19.434+0000] {logging_mixin.py:190} INFO - 17:47:19  6 of 6 OK created sql incremental model sales.shopee_profits ................... [MERGE 2727 in 0.14s]
[2025-05-19T17:47:19.460+0000] {logging_mixin.py:190} INFO - 17:47:19
[2025-05-19T17:47:19.461+0000] {logging_mixin.py:190} INFO - 17:47:19  Finished running 6 incremental models in 0 hours 0 minutes and 0.80 seconds (0.80s).
[2025-05-19T17:47:19.521+0000] {logging_mixin.py:190} INFO - 17:47:19
[2025-05-19T17:47:19.523+0000] {logging_mixin.py:190} INFO - 17:47:19  Completed with 1 error, 0 partial successes, and 0 warnings:
[2025-05-19T17:47:19.524+0000] {logging_mixin.py:190} INFO - 17:47:19
[2025-05-19T17:47:19.526+0000] {logging_mixin.py:190} INFO - 17:47:19    Database Error in model dim_shopee_orders (models/core/dim_shopee_orders.sql)
  column orders_results.date_id does not exist
  LINE 16:     SELECT orders_results.date_id,
                      ^
  HINT:  Perhaps you meant to reference the column "orders_results.main_id".
  compiled code at target/run/e_commerce_sales/models/core/dim_shopee_orders.sql
[2025-05-19T17:47:19.527+0000] {logging_mixin.py:190} INFO - 17:47:19
[2025-05-19T17:47:19.529+0000] {logging_mixin.py:190} INFO - 17:47:19  Done. PASS=5 WARN=0 ERROR=1 SKIP=0 TOTAL=6
[2025-05-19T17:47:20.386+0000] {logging_mixin.py:190} INFO - dbt run failed!
[2025-05-19T17:47:20.387+0000] {logging_mixin.py:190} INFO - None
[2025-05-19T17:47:20.389+0000] {taskinstance.py:3311} ERROR - Task failed with exception
Traceback (most recent call last):
  File "/home/airflow/.local/lib/python3.9/site-packages/airflow/models/taskinstance.py", line 767, in _execute_task
    result = _execute_callable(context=context, **execute_callable_kwargs)
  File "/home/airflow/.local/lib/python3.9/site-packages/airflow/models/taskinstance.py", line 733, in _execute_callable
    return ExecutionCallableRunner(
  File "/home/airflow/.local/lib/python3.9/site-packages/airflow/utils/operator_helpers.py", line 252, in run
    return self.func(*args, **kwargs)
  File "/home/airflow/.local/lib/python3.9/site-packages/airflow/models/baseoperator.py", line 422, in wrapper
    return func(self, *args, **kwargs)
  File "/home/airflow/.local/lib/python3.9/site-packages/airflow/operators/python.py", line 238, in execute
    return_value = self.execute_callable()
  File "/home/airflow/.local/lib/python3.9/site-packages/airflow/operators/python.py", line 256, in execute_callable
    return runner.run(*self.op_args, **self.op_kwargs)
  File "/home/airflow/.local/lib/python3.9/site-packages/airflow/utils/operator_helpers.py", line 252, in run
    return self.func(*args, **kwargs)
  File "/opt/airflow/dbt/run_dbt.py", line 22, in transform_data
    raise RuntimeError("dbt run failed")
RuntimeError: dbt run failed
[2025-05-19T17:47:20.400+0000] {taskinstance.py:1225} INFO - Marking task as FAILED. dag_id=04_transform_data, task_id=run_dbt, run_id=manual__2025-05-19T17:47:13.619255+00:00, execution_date=20250519T174713, start_date=20250519T174715, end_date=20250519T174720
[2025-05-19T17:47:20.413+0000] {taskinstance.py:340} INFO - ::group::Post task execution logs
[2025-05-19T17:47:20.414+0000] {standard_task_runner.py:124} ERROR - Failed to execute job 22 for task run_dbt (dbt run failed; 1323)
Traceback (most recent call last):
  File "/home/airflow/.local/lib/python3.9/site-packages/airflow/task/task_runner/standard_task_runner.py", line 117, in _start_by_fork
    ret = args.func(args, dag=self.dag)
  File "/home/airflow/.local/lib/python3.9/site-packages/airflow/cli/cli_config.py", line 49, in command
    return func(*args, **kwargs)
  File "/home/airflow/.local/lib/python3.9/site-packages/airflow/utils/cli.py", line 116, in wrapper
    return f(*args, **kwargs)
  File "/home/airflow/.local/lib/python3.9/site-packages/airflow/cli/commands/task_command.py", line 483, in task_run
    task_return_code = _run_task_by_selected_method(args, _dag, ti)
  File "/home/airflow/.local/lib/python3.9/site-packages/airflow/cli/commands/task_command.py", line 256, in _run_task_by_selected_method
    return _run_raw_task(args, ti)
  File "/home/airflow/.local/lib/python3.9/site-packages/airflow/cli/commands/task_command.py", line 341, in _run_raw_task
    return ti._run_raw_task(
  File "/home/airflow/.local/lib/python3.9/site-packages/airflow/utils/session.py", line 97, in wrapper
    return func(*args, session=session, **kwargs)
  File "/home/airflow/.local/lib/python3.9/site-packages/airflow/models/taskinstance.py", line 3005, in _run_raw_task
    return _run_raw_task(
  File "/home/airflow/.local/lib/python3.9/site-packages/airflow/models/taskinstance.py", line 273, in _run_raw_task
    TaskInstance._execute_task_with_callbacks(
  File "/home/airflow/.local/lib/python3.9/site-packages/airflow/models/taskinstance.py", line 3159, in _execute_task_with_callbacks
    result = self._execute_task(context, task_orig)
  File "/home/airflow/.local/lib/python3.9/site-packages/airflow/models/taskinstance.py", line 3183, in _execute_task
    return _execute_task(self, context, task_orig)
  File "/home/airflow/.local/lib/python3.9/site-packages/airflow/models/taskinstance.py", line 767, in _execute_task
    result = _execute_callable(context=context, **execute_callable_kwargs)
  File "/home/airflow/.local/lib/python3.9/site-packages/airflow/models/taskinstance.py", line 733, in _execute_callable
    return ExecutionCallableRunner(
  File "/home/airflow/.local/lib/python3.9/site-packages/airflow/utils/operator_helpers.py", line 252, in run
    return self.func(*args, **kwargs)
  File "/home/airflow/.local/lib/python3.9/site-packages/airflow/models/baseoperator.py", line 422, in wrapper
    return func(self, *args, **kwargs)
  File "/home/airflow/.local/lib/python3.9/site-packages/airflow/operators/python.py", line 238, in execute
    return_value = self.execute_callable()
  File "/home/airflow/.local/lib/python3.9/site-packages/airflow/operators/python.py", line 256, in execute_callable
    return runner.run(*self.op_args, **self.op_kwargs)
  File "/home/airflow/.local/lib/python3.9/site-packages/airflow/utils/operator_helpers.py", line 252, in run
    return self.func(*args, **kwargs)
  File "/opt/airflow/dbt/run_dbt.py", line 22, in transform_data
    raise RuntimeError("dbt run failed")
RuntimeError: dbt run failed
[2025-05-19T17:47:20.440+0000] {local_task_job_runner.py:266} INFO - Task exited with return code 1
[2025-05-19T17:47:20.463+0000] {taskinstance.py:3895} INFO - 0 downstream tasks scheduled from follow-on schedule check
[2025-05-19T17:47:20.467+0000] {local_task_job_runner.py:245} INFO - ::endgroup::
