[2025-06-09T22:53:41.730+0000] {local_task_job_runner.py:123} INFO - ::group::Pre task execution logs
[2025-06-09T22:53:41.748+0000] {taskinstance.py:2613} INFO - Dependencies all met for dep_context=non-requeueable deps ti=<TaskInstance: 05_transform_data.run_dbt manual__2025-06-09T22:53:33.554500+00:00 [queued]>
[2025-06-09T22:53:41.755+0000] {taskinstance.py:2613} INFO - Dependencies all met for dep_context=requeueable deps ti=<TaskInstance: 05_transform_data.run_dbt manual__2025-06-09T22:53:33.554500+00:00 [queued]>
[2025-06-09T22:53:41.757+0000] {taskinstance.py:2866} INFO - Starting attempt 1 of 1
[2025-06-09T22:53:41.769+0000] {taskinstance.py:2889} INFO - Executing <Task(PythonOperator): run_dbt> on 2025-06-09 22:53:33.554500+00:00
[2025-06-09T22:53:41.773+0000] {standard_task_runner.py:72} INFO - Started process 9004 to run task
[2025-06-09T22:53:41.776+0000] {standard_task_runner.py:104} INFO - Running: ['***', 'tasks', 'run', '05_transform_data', 'run_dbt', 'manual__2025-06-09T22:53:33.554500+00:00', '--job-id', '660', '--raw', '--subdir', 'DAGS_FOLDER/05_transform_data.py', '--cfg-path', '/tmp/tmpy0pwg5s0']
[2025-06-09T22:53:41.778+0000] {standard_task_runner.py:105} INFO - Job 660: Subtask run_dbt
[2025-06-09T22:53:41.829+0000] {task_command.py:467} INFO - Running <TaskInstance: 05_transform_data.run_dbt manual__2025-06-09T22:53:33.554500+00:00 [running]> on host 28e6a58e4107
[2025-06-09T22:53:41.908+0000] {taskinstance.py:3132} INFO - Exporting env vars: AIRFLOW_CTX_DAG_OWNER='***' AIRFLOW_CTX_DAG_ID='05_transform_data' AIRFLOW_CTX_TASK_ID='run_dbt' AIRFLOW_CTX_EXECUTION_DATE='2025-06-09T22:53:33.554500+00:00' AIRFLOW_CTX_TRY_NUMBER='1' AIRFLOW_CTX_DAG_RUN_ID='manual__2025-06-09T22:53:33.554500+00:00'
[2025-06-09T22:53:41.909+0000] {taskinstance.py:731} INFO - ::endgroup::
[2025-06-09T22:53:43.406+0000] {logging_mixin.py:190} INFO - 22:53:43  Running with dbt=1.9.5
[2025-06-09T22:53:43.772+0000] {logging_mixin.py:190} INFO - 22:53:43  Registered adapter: postgres=1.9.0
[2025-06-09T22:53:45.053+0000] {logging_mixin.py:190} INFO - 22:53:45  [WARNING]: Configuration paths exist in your dbt_project.yml file which do not apply to any resources.
There are 1 unused configuration paths:
- models.e_commerce_sales.example
[2025-06-09T22:53:45.407+0000] {logging_mixin.py:190} INFO - 22:53:45  Found 18 models, 12 sources, 549 macros, 1 unit test
[2025-06-09T22:53:45.411+0000] {logging_mixin.py:190} INFO - 22:53:45
[2025-06-09T22:53:45.413+0000] {logging_mixin.py:190} INFO - 22:53:45  Concurrency: 4 threads (target='dev')
[2025-06-09T22:53:45.414+0000] {logging_mixin.py:190} INFO - 22:53:45
[2025-06-09T22:53:45.561+0000] {logging_mixin.py:190} INFO - 22:53:45  1 of 18 START sql incremental model sales_stg.stg_mercadolivre ................. [RUN]
[2025-06-09T22:53:45.563+0000] {logging_mixin.py:190} INFO - 22:53:45  2 of 18 START sql incremental model sales_stg.stg_mercadolivre__order_items .... [RUN]
[2025-06-09T22:53:45.565+0000] {logging_mixin.py:190} INFO - 22:53:45  3 of 18 START sql incremental model sales_stg.stg_mercadolivre__payments ....... [RUN]
[2025-06-09T22:53:45.567+0000] {logging_mixin.py:190} INFO - 22:53:45  4 of 18 START sql incremental model sales_stg.stg_mercadolivre_sh .............. [RUN]
[2025-06-09T22:53:46.014+0000] {logging_mixin.py:190} INFO - 22:53:46  4 of 18 OK created sql incremental model sales_stg.stg_mercadolivre_sh ......... [SELECT 284 in 0.40s]
[2025-06-09T22:53:46.039+0000] {logging_mixin.py:190} INFO - 22:53:46  5 of 18 START sql incremental model sales_stg.stg_shopee ....................... [RUN]
[2025-06-09T22:53:46.094+0000] {logging_mixin.py:190} INFO - 22:53:46  1 of 18 ERROR creating sql incremental model sales_stg.stg_mercadolivre ........ [ERROR in 0.52s]
[2025-06-09T22:53:46.098+0000] {logging_mixin.py:190} INFO - 22:53:46  3 of 18 ERROR creating sql incremental model sales_stg.stg_mercadolivre__payments  [ERROR in 0.52s]
[2025-06-09T22:53:46.106+0000] {logging_mixin.py:190} INFO - 22:53:46  2 of 18 OK created sql incremental model sales_stg.stg_mercadolivre__order_items  [MERGE 415 in 0.53s]
[2025-06-09T22:53:46.114+0000] {logging_mixin.py:190} INFO - 22:53:46  6 of 18 SKIP relation sales.mercadolivre_orders_results ........................ [SKIP]
[2025-06-09T22:53:46.120+0000] {logging_mixin.py:190} INFO - 22:53:46  7 of 18 SKIP relation sales.dim_mercadolivre_buyer ............................. [SKIP]
[2025-06-09T22:53:46.121+0000] {logging_mixin.py:190} INFO - 22:53:46  8 of 18 SKIP relation sales.dim_mercadolivre_date .............................. [SKIP]
[2025-06-09T22:53:46.123+0000] {logging_mixin.py:190} INFO - 22:53:46  9 of 18 SKIP relation sales.dim_mercadolivre_orders_status ..................... [SKIP]
[2025-06-09T22:53:46.130+0000] {logging_mixin.py:190} INFO - 22:53:46  10 of 18 SKIP relation sales.dim_mercadolivre_product .......................... [SKIP]
[2025-06-09T22:53:46.286+0000] {logging_mixin.py:190} INFO - 22:53:46  5 of 18 OK created sql incremental model sales_stg.stg_shopee .................. [MERGE 2875 in 0.24s]
[2025-06-09T22:53:46.292+0000] {logging_mixin.py:190} INFO - 22:53:46  11 of 18 START sql incremental model sales.shopee_orders_results ............... [RUN]
[2025-06-09T22:53:46.395+0000] {logging_mixin.py:190} INFO - 22:53:46  11 of 18 OK created sql incremental model sales.shopee_orders_results .......... [SELECT 0 in 0.10s]
[2025-06-09T22:53:46.402+0000] {logging_mixin.py:190} INFO - 22:53:46  12 of 18 START sql incremental model sales.dim_shopee_buyer .................... [RUN]
[2025-06-09T22:53:46.403+0000] {logging_mixin.py:190} INFO - 22:53:46  13 of 18 START sql incremental model sales.dim_shopee_date ..................... [RUN]
[2025-06-09T22:53:46.405+0000] {logging_mixin.py:190} INFO - 22:53:46  14 of 18 START sql incremental model sales.dim_shopee_orders_status ............ [RUN]
[2025-06-09T22:53:46.407+0000] {logging_mixin.py:190} INFO - 22:53:46  15 of 18 START sql incremental model sales.dim_shopee_product .................. [RUN]
[2025-06-09T22:53:46.557+0000] {logging_mixin.py:190} INFO - 22:53:46  12 of 18 OK created sql incremental model sales.dim_shopee_buyer ............... [SELECT 0 in 0.14s]
[2025-06-09T22:53:46.566+0000] {logging_mixin.py:190} INFO - 22:53:46  13 of 18 OK created sql incremental model sales.dim_shopee_date ................ [SELECT 0 in 0.15s]
[2025-06-09T22:53:46.568+0000] {logging_mixin.py:190} INFO - 22:53:46  14 of 18 OK created sql incremental model sales.dim_shopee_orders_status ....... [SELECT 0 in 0.15s]
[2025-06-09T22:53:46.570+0000] {logging_mixin.py:190} INFO - 22:53:46  15 of 18 OK created sql incremental model sales.dim_shopee_product ............. [SELECT 0 in 0.15s]
[2025-06-09T22:53:46.579+0000] {logging_mixin.py:190} INFO - 22:53:46  16 of 18 START sql view model sales.sum_shopee_monthly_profit .................. [RUN]
[2025-06-09T22:53:46.581+0000] {logging_mixin.py:190} INFO - 22:53:46  17 of 18 START sql view model sales.sum_shopee_monthly_revenue ................. [RUN]
[2025-06-09T22:53:46.583+0000] {logging_mixin.py:190} INFO - 22:53:46  18 of 18 START sql view model sales.sum_shopee_products_sold ................... [RUN]
[2025-06-09T22:53:46.788+0000] {logging_mixin.py:190} INFO - 22:53:46  18 of 18 OK created sql view model sales.sum_shopee_products_sold .............. [CREATE VIEW in 0.20s]
[2025-06-09T22:53:46.790+0000] {logging_mixin.py:190} INFO - 22:53:46  16 of 18 OK created sql view model sales.sum_shopee_monthly_profit ............. [CREATE VIEW in 0.20s]
[2025-06-09T22:53:46.792+0000] {logging_mixin.py:190} INFO - 22:53:46  17 of 18 OK created sql view model sales.sum_shopee_monthly_revenue ............ [CREATE VIEW in 0.20s]
[2025-06-09T22:53:46.820+0000] {logging_mixin.py:190} INFO - 22:53:46
[2025-06-09T22:53:46.822+0000] {logging_mixin.py:190} INFO - 22:53:46  Finished running 15 incremental models, 3 view models in 0 hours 0 minutes and 1.40 seconds (1.40s).
[2025-06-09T22:53:46.900+0000] {logging_mixin.py:190} INFO - 22:53:46
[2025-06-09T22:53:46.902+0000] {logging_mixin.py:190} INFO - 22:53:46  Completed with 2 errors, 0 partial successes, and 0 warnings:
[2025-06-09T22:53:46.903+0000] {logging_mixin.py:190} INFO - 22:53:46
[2025-06-09T22:53:46.904+0000] {logging_mixin.py:190} INFO - 22:53:46    Database Error in model stg_mercadolivre (models/staging/stg_mercadolivre.sql)
  MERGE command cannot affect row a second time
  HINT:  Ensure that not more than one source row matches any one target row.
  compiled code at target/run/e_commerce_sales/models/staging/stg_mercadolivre.sql
[2025-06-09T22:53:46.906+0000] {logging_mixin.py:190} INFO - 22:53:46
[2025-06-09T22:53:46.907+0000] {logging_mixin.py:190} INFO - 22:53:46    Database Error in model stg_mercadolivre__payments (models/staging/stg_mercadolivre__payments.sql)
  MERGE command cannot affect row a second time
  HINT:  Ensure that not more than one source row matches any one target row.
  compiled code at target/run/e_commerce_sales/models/staging/stg_mercadolivre__payments.sql
[2025-06-09T22:53:46.909+0000] {logging_mixin.py:190} INFO - 22:53:46
[2025-06-09T22:53:46.910+0000] {logging_mixin.py:190} INFO - 22:53:46  Done. PASS=11 WARN=0 ERROR=2 SKIP=5 TOTAL=18
[2025-06-09T22:53:47.740+0000] {logging_mixin.py:190} INFO - dbt run failed!
[2025-06-09T22:53:47.741+0000] {logging_mixin.py:190} INFO - None
[2025-06-09T22:53:47.742+0000] {taskinstance.py:3311} ERROR - Task failed with exception
Traceback (most recent call last):
  File "/home/airflow/.local/lib/python3.9/site-packages/airflow/models/taskinstance.py", line 767, in _execute_task
    result = _execute_callable(context=context, **execute_callable_kwargs)
  File "/home/airflow/.local/lib/python3.9/site-packages/airflow/models/taskinstance.py", line 733, in _execute_callable
    return ExecutionCallableRunner(
  File "/home/airflow/.local/lib/python3.9/site-packages/airflow/utils/operator_helpers.py", line 252, in run
    return self.func(*args, **kwargs)
  File "/home/airflow/.local/lib/python3.9/site-packages/airflow/models/baseoperator.py", line 422, in wrapper
    return func(self, *args, **kwargs)
  File "/home/airflow/.local/lib/python3.9/site-packages/airflow/operators/python.py", line 238, in execute
    return_value = self.execute_callable()
  File "/home/airflow/.local/lib/python3.9/site-packages/airflow/operators/python.py", line 256, in execute_callable
    return runner.run(*self.op_args, **self.op_kwargs)
  File "/home/airflow/.local/lib/python3.9/site-packages/airflow/utils/operator_helpers.py", line 252, in run
    return self.func(*args, **kwargs)
  File "/opt/airflow/dbt_files/run_dbt.py", line 22, in transform_data
    raise RuntimeError("dbt run failed")
RuntimeError: dbt run failed
[2025-06-09T22:53:47.754+0000] {taskinstance.py:1225} INFO - Marking task as FAILED. dag_id=05_transform_data, task_id=run_dbt, run_id=manual__2025-06-09T22:53:33.554500+00:00, execution_date=20250609T225333, start_date=20250609T225341, end_date=20250609T225347
[2025-06-09T22:53:47.766+0000] {taskinstance.py:340} INFO - ::group::Post task execution logs
[2025-06-09T22:53:47.768+0000] {standard_task_runner.py:124} ERROR - Failed to execute job 660 for task run_dbt (dbt run failed; 9004)
Traceback (most recent call last):
  File "/home/airflow/.local/lib/python3.9/site-packages/airflow/task/task_runner/standard_task_runner.py", line 117, in _start_by_fork
    ret = args.func(args, dag=self.dag)
  File "/home/airflow/.local/lib/python3.9/site-packages/airflow/cli/cli_config.py", line 49, in command
    return func(*args, **kwargs)
  File "/home/airflow/.local/lib/python3.9/site-packages/airflow/utils/cli.py", line 116, in wrapper
    return f(*args, **kwargs)
  File "/home/airflow/.local/lib/python3.9/site-packages/airflow/cli/commands/task_command.py", line 483, in task_run
    task_return_code = _run_task_by_selected_method(args, _dag, ti)
  File "/home/airflow/.local/lib/python3.9/site-packages/airflow/cli/commands/task_command.py", line 256, in _run_task_by_selected_method
    return _run_raw_task(args, ti)
  File "/home/airflow/.local/lib/python3.9/site-packages/airflow/cli/commands/task_command.py", line 341, in _run_raw_task
    return ti._run_raw_task(
  File "/home/airflow/.local/lib/python3.9/site-packages/airflow/utils/session.py", line 97, in wrapper
    return func(*args, session=session, **kwargs)
  File "/home/airflow/.local/lib/python3.9/site-packages/airflow/models/taskinstance.py", line 3005, in _run_raw_task
    return _run_raw_task(
  File "/home/airflow/.local/lib/python3.9/site-packages/airflow/models/taskinstance.py", line 273, in _run_raw_task
    TaskInstance._execute_task_with_callbacks(
  File "/home/airflow/.local/lib/python3.9/site-packages/airflow/models/taskinstance.py", line 3159, in _execute_task_with_callbacks
    result = self._execute_task(context, task_orig)
  File "/home/airflow/.local/lib/python3.9/site-packages/airflow/models/taskinstance.py", line 3183, in _execute_task
    return _execute_task(self, context, task_orig)
  File "/home/airflow/.local/lib/python3.9/site-packages/airflow/models/taskinstance.py", line 767, in _execute_task
    result = _execute_callable(context=context, **execute_callable_kwargs)
  File "/home/airflow/.local/lib/python3.9/site-packages/airflow/models/taskinstance.py", line 733, in _execute_callable
    return ExecutionCallableRunner(
  File "/home/airflow/.local/lib/python3.9/site-packages/airflow/utils/operator_helpers.py", line 252, in run
    return self.func(*args, **kwargs)
  File "/home/airflow/.local/lib/python3.9/site-packages/airflow/models/baseoperator.py", line 422, in wrapper
    return func(self, *args, **kwargs)
  File "/home/airflow/.local/lib/python3.9/site-packages/airflow/operators/python.py", line 238, in execute
    return_value = self.execute_callable()
  File "/home/airflow/.local/lib/python3.9/site-packages/airflow/operators/python.py", line 256, in execute_callable
    return runner.run(*self.op_args, **self.op_kwargs)
  File "/home/airflow/.local/lib/python3.9/site-packages/airflow/utils/operator_helpers.py", line 252, in run
    return self.func(*args, **kwargs)
  File "/opt/airflow/dbt_files/run_dbt.py", line 22, in transform_data
    raise RuntimeError("dbt run failed")
RuntimeError: dbt run failed
[2025-06-09T22:53:47.808+0000] {local_task_job_runner.py:266} INFO - Task exited with return code 1
[2025-06-09T22:53:47.826+0000] {taskinstance.py:3895} INFO - 0 downstream tasks scheduled from follow-on schedule check
[2025-06-09T22:53:47.829+0000] {local_task_job_runner.py:245} INFO - ::endgroup::
