[2025-06-10T19:50:05.382+0000] {local_task_job_runner.py:123} INFO - ::group::Pre task execution logs
[2025-06-10T19:50:05.400+0000] {taskinstance.py:2613} INFO - Dependencies all met for dep_context=non-requeueable deps ti=<TaskInstance: 05_transform_data.run_dbt manual__2025-06-10T19:49:56.430385+00:00 [queued]>
[2025-06-10T19:50:05.409+0000] {taskinstance.py:2613} INFO - Dependencies all met for dep_context=requeueable deps ti=<TaskInstance: 05_transform_data.run_dbt manual__2025-06-10T19:49:56.430385+00:00 [queued]>
[2025-06-10T19:50:05.411+0000] {taskinstance.py:2866} INFO - Starting attempt 1 of 1
[2025-06-10T19:50:05.424+0000] {taskinstance.py:2889} INFO - Executing <Task(PythonOperator): run_dbt> on 2025-06-10 19:49:56.430385+00:00
[2025-06-10T19:50:05.430+0000] {standard_task_runner.py:72} INFO - Started process 3900 to run task
[2025-06-10T19:50:05.432+0000] {standard_task_runner.py:104} INFO - Running: ['***', 'tasks', 'run', '05_transform_data', 'run_dbt', 'manual__2025-06-10T19:49:56.430385+00:00', '--job-id', '717', '--raw', '--subdir', 'DAGS_FOLDER/05_transform_data.py', '--cfg-path', '/tmp/tmpgb7e2rp4']
[2025-06-10T19:50:05.434+0000] {standard_task_runner.py:105} INFO - Job 717: Subtask run_dbt
[2025-06-10T19:50:05.488+0000] {task_command.py:467} INFO - Running <TaskInstance: 05_transform_data.run_dbt manual__2025-06-10T19:49:56.430385+00:00 [running]> on host 28e6a58e4107
[2025-06-10T19:50:05.570+0000] {taskinstance.py:3132} INFO - Exporting env vars: AIRFLOW_CTX_DAG_OWNER='***' AIRFLOW_CTX_DAG_ID='05_transform_data' AIRFLOW_CTX_TASK_ID='run_dbt' AIRFLOW_CTX_EXECUTION_DATE='2025-06-10T19:49:56.430385+00:00' AIRFLOW_CTX_TRY_NUMBER='1' AIRFLOW_CTX_DAG_RUN_ID='manual__2025-06-10T19:49:56.430385+00:00'
[2025-06-10T19:50:05.571+0000] {taskinstance.py:731} INFO - ::endgroup::
[2025-06-10T19:50:07.133+0000] {logging_mixin.py:190} INFO - 19:50:07  Running with dbt=1.9.5
[2025-06-10T19:50:07.507+0000] {logging_mixin.py:190} INFO - 19:50:07  Registered adapter: postgres=1.9.0
[2025-06-10T19:50:09.487+0000] {logging_mixin.py:190} INFO - 19:50:09  [WARNING]: Configuration paths exist in your dbt_project.yml file which do not apply to any resources.
There are 1 unused configuration paths:
- models.e_commerce_sales.example
[2025-06-10T19:50:09.737+0000] {logging_mixin.py:190} INFO - 19:50:09  Found 18 models, 12 sources, 549 macros, 1 unit test
[2025-06-10T19:50:09.742+0000] {logging_mixin.py:190} INFO - 19:50:09
[2025-06-10T19:50:09.744+0000] {logging_mixin.py:190} INFO - 19:50:09  Concurrency: 4 threads (target='dev')
[2025-06-10T19:50:09.746+0000] {logging_mixin.py:190} INFO - 19:50:09
[2025-06-10T19:50:09.913+0000] {logging_mixin.py:190} INFO - 19:50:09  1 of 18 START sql incremental model sales_stg.stg_mercadolivre ................. [RUN]
[2025-06-10T19:50:09.915+0000] {logging_mixin.py:190} INFO - 19:50:09  2 of 18 START sql incremental model sales_stg.stg_mercadolivre__order_items .... [RUN]
[2025-06-10T19:50:09.917+0000] {logging_mixin.py:190} INFO - 19:50:09  3 of 18 START sql incremental model sales_stg.stg_mercadolivre__payments ....... [RUN]
[2025-06-10T19:50:09.919+0000] {logging_mixin.py:190} INFO - 19:50:09  4 of 18 START sql incremental model sales_stg.stg_mercadolivre_sh .............. [RUN]
[2025-06-10T19:50:10.423+0000] {logging_mixin.py:190} INFO - 19:50:10  1 of 18 OK created sql incremental model sales_stg.stg_mercadolivre ............ [MERGE 285 in 0.50s]
[2025-06-10T19:50:10.427+0000] {logging_mixin.py:190} INFO - 19:50:10  2 of 18 OK created sql incremental model sales_stg.stg_mercadolivre__order_items  [MERGE 285 in 0.50s]
[2025-06-10T19:50:10.429+0000] {logging_mixin.py:190} INFO - 19:50:10  4 of 18 OK created sql incremental model sales_stg.stg_mercadolivre_sh ......... [MERGE 263 in 0.50s]
[2025-06-10T19:50:10.432+0000] {logging_mixin.py:190} INFO - 19:50:10  3 of 18 OK created sql incremental model sales_stg.stg_mercadolivre__payments .. [MERGE 301 in 0.50s]
[2025-06-10T19:50:10.439+0000] {logging_mixin.py:190} INFO - 19:50:10  5 of 18 START sql incremental model sales_stg.stg_shopee ....................... [RUN]
[2025-06-10T19:50:10.443+0000] {logging_mixin.py:190} INFO - 19:50:10  6 of 18 START sql incremental model sales.mercadolivre_orders_results .......... [RUN]
[2025-06-10T19:50:10.620+0000] {logging_mixin.py:190} INFO - 19:50:10  5 of 18 OK created sql incremental model sales_stg.stg_shopee .................. [MERGE 0 in 0.17s]
[2025-06-10T19:50:10.625+0000] {logging_mixin.py:190} INFO - 19:50:10  7 of 18 START sql incremental model sales.shopee_orders_results ................ [RUN]
[2025-06-10T19:50:10.671+0000] {logging_mixin.py:190} INFO - 19:50:10  6 of 18 OK created sql incremental model sales.mercadolivre_orders_results ..... [MERGE 190 in 0.21s]
[2025-06-10T19:50:10.679+0000] {logging_mixin.py:190} INFO - 19:50:10  8 of 18 START sql incremental model sales.dim_mercadolivre_buyer ............... [RUN]
[2025-06-10T19:50:10.681+0000] {logging_mixin.py:190} INFO - 19:50:10  9 of 18 START sql incremental model sales.dim_mercadolivre_date ................ [RUN]
[2025-06-10T19:50:10.684+0000] {logging_mixin.py:190} INFO - 19:50:10  10 of 18 START sql incremental model sales.dim_mercadolivre_orders_status ...... [RUN]
[2025-06-10T19:50:10.851+0000] {logging_mixin.py:190} INFO - 19:50:10  8 of 18 ERROR creating sql incremental model sales.dim_mercadolivre_buyer ...... [ERROR in 0.15s]
[2025-06-10T19:50:10.877+0000] {logging_mixin.py:190} INFO - 19:50:10  11 of 18 START sql incremental model sales.dim_mercadolivre_product ............ [RUN]
[2025-06-10T19:50:10.891+0000] {logging_mixin.py:190} INFO - 19:50:10  7 of 18 OK created sql incremental model sales.shopee_orders_results ........... [MERGE 0 in 0.26s]
[2025-06-10T19:50:10.921+0000] {logging_mixin.py:190} INFO - 19:50:10  12 of 18 START sql incremental model sales.dim_shopee_buyer .................... [RUN]
[2025-06-10T19:50:10.992+0000] {logging_mixin.py:190} INFO - 19:50:10  9 of 18 OK created sql incremental model sales.dim_mercadolivre_date ........... [MERGE 190 in 0.29s]
[2025-06-10T19:50:10.996+0000] {logging_mixin.py:190} INFO - 19:50:10  10 of 18 OK created sql incremental model sales.dim_mercadolivre_orders_status . [MERGE 190 in 0.30s]
[2025-06-10T19:50:11.004+0000] {logging_mixin.py:190} INFO - 19:50:11  13 of 18 START sql incremental model sales.dim_shopee_date ..................... [RUN]
[2025-06-10T19:50:11.008+0000] {logging_mixin.py:190} INFO - 19:50:11  14 of 18 START sql incremental model sales.dim_shopee_orders_status ............ [RUN]
[2025-06-10T19:50:11.187+0000] {logging_mixin.py:190} INFO - 19:50:11  11 of 18 OK created sql incremental model sales.dim_mercadolivre_product ....... [MERGE 65 in 0.30s]
[2025-06-10T19:50:11.209+0000] {logging_mixin.py:190} INFO - 19:50:11  12 of 18 OK created sql incremental model sales.dim_shopee_buyer ............... [MERGE 0 in 0.27s]
[2025-06-10T19:50:11.212+0000] {logging_mixin.py:190} INFO - 19:50:11  15 of 18 START sql incremental model sales.dim_shopee_product .................. [RUN]
[2025-06-10T19:50:11.261+0000] {logging_mixin.py:190} INFO - 19:50:11  13 of 18 OK created sql incremental model sales.dim_shopee_date ................ [MERGE 0 in 0.24s]
[2025-06-10T19:50:11.271+0000] {logging_mixin.py:190} INFO - 19:50:11  16 of 18 START sql view model sales.sum_shopee_monthly_profit .................. [RUN]
[2025-06-10T19:50:11.273+0000] {logging_mixin.py:190} INFO - 19:50:11  17 of 18 START sql view model sales.sum_shopee_monthly_revenue ................. [RUN]
[2025-06-10T19:50:11.278+0000] {logging_mixin.py:190} INFO - 19:50:11  14 of 18 OK created sql incremental model sales.dim_shopee_orders_status ....... [MERGE 0 in 0.26s]
[2025-06-10T19:50:11.445+0000] {logging_mixin.py:190} INFO - 19:50:11  15 of 18 OK created sql incremental model sales.dim_shopee_product ............. [MERGE 0 in 0.22s]
[2025-06-10T19:50:11.466+0000] {logging_mixin.py:190} INFO - 19:50:11  18 of 18 START sql view model sales.sum_shopee_products_sold ................... [RUN]
[2025-06-10T19:50:11.499+0000] {logging_mixin.py:190} INFO - 19:50:11  17 of 18 OK created sql view model sales.sum_shopee_monthly_revenue ............ [CREATE VIEW in 0.22s]
[2025-06-10T19:50:11.507+0000] {logging_mixin.py:190} INFO - 19:50:11  16 of 18 OK created sql view model sales.sum_shopee_monthly_profit ............. [CREATE VIEW in 0.22s]
[2025-06-10T19:50:11.570+0000] {logging_mixin.py:190} INFO - 19:50:11  18 of 18 OK created sql view model sales.sum_shopee_products_sold .............. [CREATE VIEW in 0.09s]
[2025-06-10T19:50:11.597+0000] {logging_mixin.py:190} INFO - 19:50:11
[2025-06-10T19:50:11.598+0000] {logging_mixin.py:190} INFO - 19:50:11  Finished running 15 incremental models, 3 view models in 0 hours 0 minutes and 1.85 seconds (1.85s).
[2025-06-10T19:50:11.831+0000] {logging_mixin.py:190} INFO - 19:50:11
[2025-06-10T19:50:11.833+0000] {logging_mixin.py:190} INFO - 19:50:11  Completed with 1 error, 0 partial successes, and 0 warnings:
[2025-06-10T19:50:11.834+0000] {logging_mixin.py:190} INFO - 19:50:11
[2025-06-10T19:50:11.836+0000] {logging_mixin.py:190} INFO - 19:50:11    Database Error in model dim_mercadolivre_buyer (models/core/dim_mercadolivre_buyer.sql)
  relation "stg_mercadolivre_sh" does not exist
  LINE 41:         LEFT JOIN stg_mercadolivre_sh AS stg_mercadolivre_sh
                             ^
  compiled code at target/run/e_commerce_sales/models/core/dim_mercadolivre_buyer.sql
[2025-06-10T19:50:11.838+0000] {logging_mixin.py:190} INFO - 19:50:11
[2025-06-10T19:50:11.839+0000] {logging_mixin.py:190} INFO - 19:50:11  Done. PASS=17 WARN=0 ERROR=1 SKIP=0 TOTAL=18
[2025-06-10T19:50:12.701+0000] {logging_mixin.py:190} INFO - dbt run failed!
[2025-06-10T19:50:12.702+0000] {logging_mixin.py:190} INFO - None
[2025-06-10T19:50:12.703+0000] {taskinstance.py:3311} ERROR - Task failed with exception
Traceback (most recent call last):
  File "/home/airflow/.local/lib/python3.9/site-packages/airflow/models/taskinstance.py", line 767, in _execute_task
    result = _execute_callable(context=context, **execute_callable_kwargs)
  File "/home/airflow/.local/lib/python3.9/site-packages/airflow/models/taskinstance.py", line 733, in _execute_callable
    return ExecutionCallableRunner(
  File "/home/airflow/.local/lib/python3.9/site-packages/airflow/utils/operator_helpers.py", line 252, in run
    return self.func(*args, **kwargs)
  File "/home/airflow/.local/lib/python3.9/site-packages/airflow/models/baseoperator.py", line 422, in wrapper
    return func(self, *args, **kwargs)
  File "/home/airflow/.local/lib/python3.9/site-packages/airflow/operators/python.py", line 238, in execute
    return_value = self.execute_callable()
  File "/home/airflow/.local/lib/python3.9/site-packages/airflow/operators/python.py", line 256, in execute_callable
    return runner.run(*self.op_args, **self.op_kwargs)
  File "/home/airflow/.local/lib/python3.9/site-packages/airflow/utils/operator_helpers.py", line 252, in run
    return self.func(*args, **kwargs)
  File "/opt/airflow/dbt_files/run_dbt.py", line 22, in transform_data
    raise RuntimeError("dbt run failed")
RuntimeError: dbt run failed
[2025-06-10T19:50:12.715+0000] {taskinstance.py:1225} INFO - Marking task as FAILED. dag_id=05_transform_data, task_id=run_dbt, run_id=manual__2025-06-10T19:49:56.430385+00:00, execution_date=20250610T194956, start_date=20250610T195005, end_date=20250610T195012
[2025-06-10T19:50:12.727+0000] {taskinstance.py:340} INFO - ::group::Post task execution logs
[2025-06-10T19:50:12.728+0000] {standard_task_runner.py:124} ERROR - Failed to execute job 717 for task run_dbt (dbt run failed; 3900)
Traceback (most recent call last):
  File "/home/airflow/.local/lib/python3.9/site-packages/airflow/task/task_runner/standard_task_runner.py", line 117, in _start_by_fork
    ret = args.func(args, dag=self.dag)
  File "/home/airflow/.local/lib/python3.9/site-packages/airflow/cli/cli_config.py", line 49, in command
    return func(*args, **kwargs)
  File "/home/airflow/.local/lib/python3.9/site-packages/airflow/utils/cli.py", line 116, in wrapper
    return f(*args, **kwargs)
  File "/home/airflow/.local/lib/python3.9/site-packages/airflow/cli/commands/task_command.py", line 483, in task_run
    task_return_code = _run_task_by_selected_method(args, _dag, ti)
  File "/home/airflow/.local/lib/python3.9/site-packages/airflow/cli/commands/task_command.py", line 256, in _run_task_by_selected_method
    return _run_raw_task(args, ti)
  File "/home/airflow/.local/lib/python3.9/site-packages/airflow/cli/commands/task_command.py", line 341, in _run_raw_task
    return ti._run_raw_task(
  File "/home/airflow/.local/lib/python3.9/site-packages/airflow/utils/session.py", line 97, in wrapper
    return func(*args, session=session, **kwargs)
  File "/home/airflow/.local/lib/python3.9/site-packages/airflow/models/taskinstance.py", line 3005, in _run_raw_task
    return _run_raw_task(
  File "/home/airflow/.local/lib/python3.9/site-packages/airflow/models/taskinstance.py", line 273, in _run_raw_task
    TaskInstance._execute_task_with_callbacks(
  File "/home/airflow/.local/lib/python3.9/site-packages/airflow/models/taskinstance.py", line 3159, in _execute_task_with_callbacks
    result = self._execute_task(context, task_orig)
  File "/home/airflow/.local/lib/python3.9/site-packages/airflow/models/taskinstance.py", line 3183, in _execute_task
    return _execute_task(self, context, task_orig)
  File "/home/airflow/.local/lib/python3.9/site-packages/airflow/models/taskinstance.py", line 767, in _execute_task
    result = _execute_callable(context=context, **execute_callable_kwargs)
  File "/home/airflow/.local/lib/python3.9/site-packages/airflow/models/taskinstance.py", line 733, in _execute_callable
    return ExecutionCallableRunner(
  File "/home/airflow/.local/lib/python3.9/site-packages/airflow/utils/operator_helpers.py", line 252, in run
    return self.func(*args, **kwargs)
  File "/home/airflow/.local/lib/python3.9/site-packages/airflow/models/baseoperator.py", line 422, in wrapper
    return func(self, *args, **kwargs)
  File "/home/airflow/.local/lib/python3.9/site-packages/airflow/operators/python.py", line 238, in execute
    return_value = self.execute_callable()
  File "/home/airflow/.local/lib/python3.9/site-packages/airflow/operators/python.py", line 256, in execute_callable
    return runner.run(*self.op_args, **self.op_kwargs)
  File "/home/airflow/.local/lib/python3.9/site-packages/airflow/utils/operator_helpers.py", line 252, in run
    return self.func(*args, **kwargs)
  File "/opt/airflow/dbt_files/run_dbt.py", line 22, in transform_data
    raise RuntimeError("dbt run failed")
RuntimeError: dbt run failed
[2025-06-10T19:50:12.757+0000] {local_task_job_runner.py:266} INFO - Task exited with return code 1
[2025-06-10T19:50:12.776+0000] {taskinstance.py:3895} INFO - 0 downstream tasks scheduled from follow-on schedule check
[2025-06-10T19:50:12.778+0000] {local_task_job_runner.py:245} INFO - ::endgroup::
