[2025-05-20T17:59:04.488+0000] {local_task_job_runner.py:123} INFO - ::group::Pre task execution logs
[2025-05-20T17:59:04.506+0000] {taskinstance.py:2613} INFO - Dependencies all met for dep_context=non-requeueable deps ti=<TaskInstance: 04_transform_data.run_dbt manual__2025-05-20T17:59:02.854383+00:00 [queued]>
[2025-05-20T17:59:04.515+0000] {taskinstance.py:2613} INFO - Dependencies all met for dep_context=requeueable deps ti=<TaskInstance: 04_transform_data.run_dbt manual__2025-05-20T17:59:02.854383+00:00 [queued]>
[2025-05-20T17:59:04.517+0000] {taskinstance.py:2866} INFO - Starting attempt 1 of 1
[2025-05-20T17:59:04.530+0000] {taskinstance.py:2889} INFO - Executing <Task(PythonOperator): run_dbt> on 2025-05-20 17:59:02.854383+00:00
[2025-05-20T17:59:04.534+0000] {standard_task_runner.py:72} INFO - Started process 2437 to run task
[2025-05-20T17:59:04.537+0000] {standard_task_runner.py:104} INFO - Running: ['***', 'tasks', 'run', '04_transform_data', 'run_dbt', 'manual__2025-05-20T17:59:02.854383+00:00', '--job-id', '25', '--raw', '--subdir', 'DAGS_FOLDER/04_transform_data.py', '--cfg-path', '/tmp/tmpek4xv5y5']
[2025-05-20T17:59:04.539+0000] {standard_task_runner.py:105} INFO - Job 25: Subtask run_dbt
[2025-05-20T17:59:04.594+0000] {task_command.py:467} INFO - Running <TaskInstance: 04_transform_data.run_dbt manual__2025-05-20T17:59:02.854383+00:00 [running]> on host e27e96d1841a
[2025-05-20T17:59:04.684+0000] {taskinstance.py:3132} INFO - Exporting env vars: AIRFLOW_CTX_DAG_OWNER='***' AIRFLOW_CTX_DAG_ID='04_transform_data' AIRFLOW_CTX_TASK_ID='run_dbt' AIRFLOW_CTX_EXECUTION_DATE='2025-05-20T17:59:02.854383+00:00' AIRFLOW_CTX_TRY_NUMBER='1' AIRFLOW_CTX_DAG_RUN_ID='manual__2025-05-20T17:59:02.854383+00:00'
[2025-05-20T17:59:04.686+0000] {taskinstance.py:731} INFO - ::endgroup::
[2025-05-20T17:59:06.360+0000] {logging_mixin.py:190} INFO - 17:59:06  Running with dbt=1.9.4
[2025-05-20T17:59:06.706+0000] {logging_mixin.py:190} INFO - 17:59:06  Registered adapter: postgres=1.9.0
[2025-05-20T17:59:07.817+0000] {logging_mixin.py:190} INFO - 17:59:07  [WARNING]: Configuration paths exist in your dbt_project.yml file which do not apply to any resources.
There are 1 unused configuration paths:
- models.e_commerce_sales.example
[2025-05-20T17:59:07.992+0000] {logging_mixin.py:190} INFO - 17:59:07  Found 6 models, 12 sources, 433 macros
[2025-05-20T17:59:07.996+0000] {logging_mixin.py:190} INFO - 17:59:07
[2025-05-20T17:59:07.998+0000] {logging_mixin.py:190} INFO - 17:59:07  Concurrency: 4 threads (target='dev')
[2025-05-20T17:59:08.000+0000] {logging_mixin.py:190} INFO - 17:59:08
[2025-05-20T17:59:08.138+0000] {logging_mixin.py:190} INFO - 17:59:08  1 of 6 START sql incremental model sales.mercadolivre_orders_results ........... [RUN]
[2025-05-20T17:59:08.140+0000] {logging_mixin.py:190} INFO - 17:59:08  2 of 6 START sql incremental model sales.shopee_new_id ......................... [RUN]
[2025-05-20T17:59:08.521+0000] {logging_mixin.py:190} INFO - 17:59:08  2 of 6 OK created sql incremental model sales.shopee_new_id .................... [MERGE 0 in 0.37s]
[2025-05-20T17:59:08.523+0000] {logging_mixin.py:190} INFO - 17:59:08  1 of 6 OK created sql incremental model sales.mercadolivre_orders_results ...... [MERGE 255 in 0.38s]
[2025-05-20T17:59:08.529+0000] {logging_mixin.py:190} INFO - 17:59:08  3 of 6 START sql incremental model sales.shopee_orders_results ................. [RUN]
[2025-05-20T17:59:08.531+0000] {logging_mixin.py:190} INFO - 17:59:08  4 of 6 START sql incremental model sales.mercadolivre_profits .................. [RUN]
[2025-05-20T17:59:08.620+0000] {logging_mixin.py:190} INFO - 17:59:08  3 of 6 ERROR creating sql incremental model sales.shopee_orders_results ........ [ERROR in 0.09s]
[2025-05-20T17:59:08.633+0000] {logging_mixin.py:190} INFO - 17:59:08  5 of 6 SKIP relation sales.dim_shopee_orders ................................... [SKIP]
[2025-05-20T17:59:08.634+0000] {logging_mixin.py:190} INFO - 17:59:08  6 of 6 SKIP relation sales.dim_shopee_product .................................. [SKIP]
[2025-05-20T17:59:08.679+0000] {logging_mixin.py:190} INFO - 17:59:08  4 of 6 OK created sql incremental model sales.mercadolivre_profits ............. [MERGE 250 in 0.14s]
[2025-05-20T17:59:08.704+0000] {logging_mixin.py:190} INFO - 17:59:08
[2025-05-20T17:59:08.706+0000] {logging_mixin.py:190} INFO - 17:59:08  Finished running 6 incremental models in 0 hours 0 minutes and 0.70 seconds (0.70s).
[2025-05-20T17:59:08.771+0000] {logging_mixin.py:190} INFO - 17:59:08
[2025-05-20T17:59:08.773+0000] {logging_mixin.py:190} INFO - 17:59:08  Completed with 1 error, 0 partial successes, and 0 warnings:
[2025-05-20T17:59:08.775+0000] {logging_mixin.py:190} INFO - 17:59:08
[2025-05-20T17:59:08.777+0000] {logging_mixin.py:190} INFO - 17:59:08    Database Error in model shopee_orders_results (models/core/shopee_orders_results.sql)
  missing FROM-clause entry for table "costs"
  LINE 71: ...         AND (id_buyer_sku_price.date_approved <= costs.end_...
                                                                ^
  compiled code at target/run/e_commerce_sales/models/core/shopee_orders_results.sql
[2025-05-20T17:59:08.778+0000] {logging_mixin.py:190} INFO - 17:59:08
[2025-05-20T17:59:08.780+0000] {logging_mixin.py:190} INFO - 17:59:08  Done. PASS=3 WARN=0 ERROR=1 SKIP=2 TOTAL=6
[2025-05-20T17:59:09.525+0000] {logging_mixin.py:190} INFO - dbt run failed!
[2025-05-20T17:59:09.526+0000] {logging_mixin.py:190} INFO - None
[2025-05-20T17:59:09.527+0000] {taskinstance.py:3311} ERROR - Task failed with exception
Traceback (most recent call last):
  File "/home/airflow/.local/lib/python3.9/site-packages/airflow/models/taskinstance.py", line 767, in _execute_task
    result = _execute_callable(context=context, **execute_callable_kwargs)
  File "/home/airflow/.local/lib/python3.9/site-packages/airflow/models/taskinstance.py", line 733, in _execute_callable
    return ExecutionCallableRunner(
  File "/home/airflow/.local/lib/python3.9/site-packages/airflow/utils/operator_helpers.py", line 252, in run
    return self.func(*args, **kwargs)
  File "/home/airflow/.local/lib/python3.9/site-packages/airflow/models/baseoperator.py", line 422, in wrapper
    return func(self, *args, **kwargs)
  File "/home/airflow/.local/lib/python3.9/site-packages/airflow/operators/python.py", line 238, in execute
    return_value = self.execute_callable()
  File "/home/airflow/.local/lib/python3.9/site-packages/airflow/operators/python.py", line 256, in execute_callable
    return runner.run(*self.op_args, **self.op_kwargs)
  File "/home/airflow/.local/lib/python3.9/site-packages/airflow/utils/operator_helpers.py", line 252, in run
    return self.func(*args, **kwargs)
  File "/opt/airflow/dbt/run_dbt.py", line 22, in transform_data
    raise RuntimeError("dbt run failed")
RuntimeError: dbt run failed
[2025-05-20T17:59:09.550+0000] {taskinstance.py:1225} INFO - Marking task as FAILED. dag_id=04_transform_data, task_id=run_dbt, run_id=manual__2025-05-20T17:59:02.854383+00:00, execution_date=20250520T175902, start_date=20250520T175904, end_date=20250520T175909
[2025-05-20T17:59:09.569+0000] {taskinstance.py:340} INFO - ::group::Post task execution logs
[2025-05-20T17:59:09.571+0000] {standard_task_runner.py:124} ERROR - Failed to execute job 25 for task run_dbt (dbt run failed; 2437)
Traceback (most recent call last):
  File "/home/airflow/.local/lib/python3.9/site-packages/airflow/task/task_runner/standard_task_runner.py", line 117, in _start_by_fork
    ret = args.func(args, dag=self.dag)
  File "/home/airflow/.local/lib/python3.9/site-packages/airflow/cli/cli_config.py", line 49, in command
    return func(*args, **kwargs)
  File "/home/airflow/.local/lib/python3.9/site-packages/airflow/utils/cli.py", line 116, in wrapper
    return f(*args, **kwargs)
  File "/home/airflow/.local/lib/python3.9/site-packages/airflow/cli/commands/task_command.py", line 483, in task_run
    task_return_code = _run_task_by_selected_method(args, _dag, ti)
  File "/home/airflow/.local/lib/python3.9/site-packages/airflow/cli/commands/task_command.py", line 256, in _run_task_by_selected_method
    return _run_raw_task(args, ti)
  File "/home/airflow/.local/lib/python3.9/site-packages/airflow/cli/commands/task_command.py", line 341, in _run_raw_task
    return ti._run_raw_task(
  File "/home/airflow/.local/lib/python3.9/site-packages/airflow/utils/session.py", line 97, in wrapper
    return func(*args, session=session, **kwargs)
  File "/home/airflow/.local/lib/python3.9/site-packages/airflow/models/taskinstance.py", line 3005, in _run_raw_task
    return _run_raw_task(
  File "/home/airflow/.local/lib/python3.9/site-packages/airflow/models/taskinstance.py", line 273, in _run_raw_task
    TaskInstance._execute_task_with_callbacks(
  File "/home/airflow/.local/lib/python3.9/site-packages/airflow/models/taskinstance.py", line 3159, in _execute_task_with_callbacks
    result = self._execute_task(context, task_orig)
  File "/home/airflow/.local/lib/python3.9/site-packages/airflow/models/taskinstance.py", line 3183, in _execute_task
    return _execute_task(self, context, task_orig)
  File "/home/airflow/.local/lib/python3.9/site-packages/airflow/models/taskinstance.py", line 767, in _execute_task
    result = _execute_callable(context=context, **execute_callable_kwargs)
  File "/home/airflow/.local/lib/python3.9/site-packages/airflow/models/taskinstance.py", line 733, in _execute_callable
    return ExecutionCallableRunner(
  File "/home/airflow/.local/lib/python3.9/site-packages/airflow/utils/operator_helpers.py", line 252, in run
    return self.func(*args, **kwargs)
  File "/home/airflow/.local/lib/python3.9/site-packages/airflow/models/baseoperator.py", line 422, in wrapper
    return func(self, *args, **kwargs)
  File "/home/airflow/.local/lib/python3.9/site-packages/airflow/operators/python.py", line 238, in execute
    return_value = self.execute_callable()
  File "/home/airflow/.local/lib/python3.9/site-packages/airflow/operators/python.py", line 256, in execute_callable
    return runner.run(*self.op_args, **self.op_kwargs)
  File "/home/airflow/.local/lib/python3.9/site-packages/airflow/utils/operator_helpers.py", line 252, in run
    return self.func(*args, **kwargs)
  File "/opt/airflow/dbt/run_dbt.py", line 22, in transform_data
    raise RuntimeError("dbt run failed")
RuntimeError: dbt run failed
[2025-05-20T17:59:09.612+0000] {local_task_job_runner.py:266} INFO - Task exited with return code 1
[2025-05-20T17:59:09.637+0000] {taskinstance.py:3895} INFO - 0 downstream tasks scheduled from follow-on schedule check
[2025-05-20T17:59:09.640+0000] {local_task_job_runner.py:245} INFO - ::endgroup::
